Change Component Designator: Old Designator=A1 New Designator=A5
Change Component Designator: Old Designator=A2 New Designator=A6
Change Component Designator: Old Designator=A3 New Designator=A7
Change Component Designator: Old Designator=A4 New Designator=A8
Change Component Designator: Old Designator=C1 New Designator=C134
Change Component Designator: Old Designator=C2 New Designator=C135
Change Component Designator: Old Designator=C3 New Designator=C136
Change Component Designator: Old Designator=C4 New Designator=C137
Change Component Designator: Old Designator=C5 New Designator=C138
Change Component Designator: Old Designator=C6 New Designator=C139
Change Component Designator: Old Designator=C7 New Designator=C140
Change Component Designator: Old Designator=C8 New Designator=C141
Change Component Designator: Old Designator=C9 New Designator=C142
Change Component Designator: Old Designator=C10 New Designator=C143
Change Component Designator: Old Designator=C11 New Designator=C144
Change Component Designator: Old Designator=C12 New Designator=C145
Change Component Designator: Old Designator=C15 New Designator=C146
Change Component Designator: Old Designator=C16 New Designator=C147
Change Component Designator: Old Designator=C17 New Designator=C148
Change Component Designator: Old Designator=C18 New Designator=C149
Change Component Designator: Old Designator=C29 New Designator=C150
Change Component Designator: Old Designator=C30 New Designator=C151
Change Component Designator: Old Designator=C31 New Designator=C152
Change Component Designator: Old Designator=C32 New Designator=C153
Change Component Designator: Old Designator=R1 New Designator=R106
Change Component Designator: Old Designator=R2 New Designator=R107
Change Component Designator: Old Designator=R3 New Designator=R108
Change Component Designator: Old Designator=R4 New Designator=R109
Change Component Designator: Old Designator=R5 New Designator=R110
Change Component Designator: Old Designator=R6 New Designator=R111
Change Component Designator: Old Designator=R9 New Designator=R112
Change Component Designator: Old Designator=R10 New Designator=R113
Change Component Designator: Old Designator=R11 New Designator=R114
Change Component Designator: Old Designator=R12 New Designator=R115
Change Component Designator: Old Designator=R13 New Designator=R116
Change Component Designator: Old Designator=R23 New Designator=R117
Change Component Designator: Old Designator=SW1 New Designator=SW2
Change Component Designator: Old Designator=U1 New Designator=U27
Change Component Designator: Old Designator=U10 New Designator=U28
Change Component Designator: Old Designator=U11 New Designator=U29
