Change Component Designator: Old Designator=C33 New Designator=C50
Change Component Designator: Old Designator=C34 New Designator=C35
Change Component Designator: Old Designator=C34 New Designator=C37
Change Component Designator: Old Designator=C34 New Designator=C38
Change Component Designator: Old Designator=C34 New Designator=C51
Change Component Designator: Old Designator=C35 New Designator=C52
Change Component Designator: Old Designator=C36 New Designator=C53
Change Component Designator: Old Designator=C37 New Designator=C54
Change Component Designator: Old Designator=C38 New Designator=C55
Change Component Designator: Old Designator=C39 New Designator=C56
Change Component Designator: Old Designator=C40 New Designator=C57
Change Component Designator: Old Designator=C41 New Designator=C58
Change Component Designator: Old Designator=C42 New Designator=C33
Change Component Designator: Old Designator=C44 New Designator=C48
Change Component Designator: Old Designator=C45 New Designator=C40
Change Component Designator: Old Designator=C45 New Designator=C41
Change Component Designator: Old Designator=C45 New Designator=C42
Change Component Designator: Old Designator=C45 New Designator=C43
Change Component Designator: Old Designator=C45 New Designator=C44
Change Component Designator: Old Designator=C45 New Designator=C46
Change Component Designator: Old Designator=C45 New Designator=C47
Change Component Designator: Old Designator=C45 New Designator=C49
Change Component Designator: Old Designator=C? New Designator=C36
Change Component Designator: Old Designator=C? New Designator=C39
Change Component Designator: Old Designator=D2 New Designator=D4
Change Component Designator: Old Designator=D3 New Designator=D5
Change Component Designator: Old Designator=D4 New Designator=D6
Change Component Designator: Old Designator=D5 New Designator=D7
Change Component Designator: Old Designator=D6 New Designator=D3
Change Component Designator: Old Designator=D? New Designator=D2
Change Component Designator: Old Designator=F? New Designator=F1
Change Component Designator: Old Designator=J? New Designator=J1
Change Component Designator: Old Designator=L1 New Designator=L4
Change Component Designator: Old Designator=L2 New Designator=L5
Change Component Designator: Old Designator=L3 New Designator=L2
Change Component Designator: Old Designator=L? New Designator=L1
Change Component Designator: Old Designator=L? New Designator=L3
Change Component Designator: Old Designator=R24 New Designator=R29
Change Component Designator: Old Designator=R25 New Designator=R30
Change Component Designator: Old Designator=R26 New Designator=R31
Change Component Designator: Old Designator=R27 New Designator=R32
Change Component Designator: Old Designator=R28 New Designator=R33
Change Component Designator: Old Designator=R29 New Designator=R25
Change Component Designator: Old Designator=R30 New Designator=R26
Change Component Designator: Old Designator=R31 New Designator=R27
Change Component Designator: Old Designator=R32 New Designator=R28
Change Component Designator: Old Designator=U12 New Designator=U16
Change Component Designator: Old Designator=U13 New Designator=U14
Change Component Designator: Old Designator=U14 New Designator=U15
Change Component Designator: Old Designator=U15 New Designator=U13
Change Component Designator: Old Designator=U16 New Designator=U12
