Change Component Designator: Old Designator=C33 New Designator=C94
Change Component Designator: Old Designator=C34 New Designator=C95
Change Component Designator: Old Designator=C35 New Designator=C96
Change Component Designator: Old Designator=C36 New Designator=C97
Change Component Designator: Old Designator=C38 New Designator=C100
Change Component Designator: Old Designator=C39 New Designator=C108
Change Component Designator: Old Designator=C40 New Designator=C104
Change Component Designator: Old Designator=C41 New Designator=C105
Change Component Designator: Old Designator=C56 New Designator=C98
Change Component Designator: Old Designator=C61 New Designator=C106
Change Component Designator: Old Designator=C62 New Designator=C107
Change Component Designator: Old Designator=C63 New Designator=C99
Change Component Designator: Old Designator=C64 New Designator=C101
Change Component Designator: Old Designator=C65 New Designator=C102
Change Component Designator: Old Designator=C66 New Designator=C103
Change Component Designator: Old Designator=C67 New Designator=C112
Change Component Designator: Old Designator=C68 New Designator=C113
Change Component Designator: Old Designator=C69 New Designator=C114
Change Component Designator: Old Designator=C70 New Designator=C111
Change Component Designator: Old Designator=C71 New Designator=C109
Change Component Designator: Old Designator=C72 New Designator=C110
Change Component Designator: Old Designator=D2 New Designator=D12
Change Component Designator: Old Designator=D3 New Designator=D10
Change Component Designator: Old Designator=D4 New Designator=D11
Change Component Designator: Old Designator=D7 New Designator=D8
Change Component Designator: Old Designator=L1 New Designator=L4
Change Component Designator: Old Designator=L2 New Designator=L5
Change Component Designator: Old Designator=R25 New Designator=R38
Change Component Designator: Old Designator=R26 New Designator=R40
Change Component Designator: Old Designator=R27 New Designator=R41
Change Component Designator: Old Designator=R28 New Designator=R42
Change Component Designator: Old Designator=R29 New Designator=R37
Change Component Designator: Old Designator=R30 New Designator=R39
Change Component Designator: Old Designator=R35 New Designator=R44
Change Component Designator: Old Designator=R36 New Designator=R43
Change Component Designator: Old Designator=T1 New Designator=T2
Change Component Designator: Old Designator=U12 New Designator=U21
Change Component Designator: Old Designator=U13 New Designator=U20
Change Component Designator: Old Designator=U14 New Designator=U22
