Change Component Designator: Old Designator=A? New Designator=A1
Change Component Designator: Old Designator=A? New Designator=A2
Change Component Designator: Old Designator=A? New Designator=A3
Change Component Designator: Old Designator=A? New Designator=A4
Change Component Designator: Old Designator=C1 New Designator=C13
Change Component Designator: Old Designator=C2 New Designator=C14
Change Component Designator: Old Designator=C6 New Designator=C1
Change Component Designator: Old Designator=C6 New Designator=C2
Change Component Designator: Old Designator=C6 New Designator=C3
Change Component Designator: Old Designator=C6 New Designator=C4
Change Component Designator: Old Designator=C6 New Designator=C5
Change Component Designator: Old Designator=C6 New Designator=C7
Change Component Designator: Old Designator=C6 New Designator=C8
Change Component Designator: Old Designator=C? New Designator=C9
Change Component Designator: Old Designator=C? New Designator=C10
Change Component Designator: Old Designator=C? New Designator=C11
Change Component Designator: Old Designator=C? New Designator=C12
Change Component Designator: Old Designator=C? New Designator=C15
Change Component Designator: Old Designator=C? New Designator=C16
Change Component Designator: Old Designator=C? New Designator=C17
Change Component Designator: Old Designator=C? New Designator=C18
Change Component Designator: Old Designator=R1 New Designator=R2
Change Component Designator: Old Designator=R1 New Designator=R3
Change Component Designator: Old Designator=R1 New Designator=R4
Change Component Designator: Old Designator=R1 New Designator=R5
Change Component Designator: Old Designator=R1 New Designator=R6
Change Component Designator: Old Designator=R1 New Designator=R7
Change Component Designator: Old Designator=R1 New Designator=R8
Change Component Designator: Old Designator=R1 New Designator=R9
Change Component Designator: Old Designator=R1 New Designator=R10
Change Component Designator: Old Designator=R1 New Designator=R11
Change Component Designator: Old Designator=R1 New Designator=R12
Change Component Designator: Old Designator=R1 New Designator=R13
Change Component Designator: Old Designator=R1 New Designator=R14
Change Component Designator: Old Designator=R1 New Designator=R15
Change Component Designator: Old Designator=R1 New Designator=R16
Change Component Designator: Old Designator=R1 New Designator=R17
Change Component Designator: Old Designator=U1 New Designator=U2
Change Component Designator: Old Designator=U2 New Designator=U6
Change Component Designator: Old Designator=U4 New Designator=U7
Change Component Designator: Old Designator=U5 New Designator=U4
Change Component Designator: Old Designator=U6 New Designator=U8
Change Component Designator: Old Designator=U7 New Designator=U5
Change Component Designator: Old Designator=U8 New Designator=U9
Change Component Designator: Old Designator=U? New Designator=U1
