Change Component Designator: Old Designator=C2 New Designator=C45
Change Component Designator: Old Designator=C4 New Designator=C43
Change Component Designator: Old Designator=C8 New Designator=C44
Change Component Designator: Old Designator=C13 New Designator=C33
Change Component Designator: Old Designator=C13 New Designator=C34
Change Component Designator: Old Designator=C13 New Designator=C35
Change Component Designator: Old Designator=C13 New Designator=C36
Change Component Designator: Old Designator=C13 New Designator=C37
Change Component Designator: Old Designator=C13 New Designator=C38
Change Component Designator: Old Designator=C13 New Designator=C39
Change Component Designator: Old Designator=C13 New Designator=C40
Change Component Designator: Old Designator=C13 New Designator=C41
Change Component Designator: Old Designator=C13 New Designator=C42
Change Component Designator: Old Designator=D? New Designator=D2
Change Component Designator: Old Designator=D? New Designator=D3
Change Component Designator: Old Designator=D? New Designator=D4
Change Component Designator: Old Designator=D? New Designator=D5
Change Component Designator: Old Designator=D? New Designator=D6
Change Component Designator: Old Designator=L1 New Designator=L3
Change Component Designator: Old Designator=L? New Designator=L1
Change Component Designator: Old Designator=L? New Designator=L2
Change Component Designator: Old Designator=R1 New Designator=R24
Change Component Designator: Old Designator=R1 New Designator=R25
Change Component Designator: Old Designator=R1 New Designator=R26
Change Component Designator: Old Designator=R1 New Designator=R27
Change Component Designator: Old Designator=R1 New Designator=R28
Change Component Designator: Old Designator=R1 New Designator=R34
Change Component Designator: Old Designator=R2 New Designator=R32
Change Component Designator: Old Designator=R3 New Designator=R31
Change Component Designator: Old Designator=R4 New Designator=R33
Change Component Designator: Old Designator=R7 New Designator=R29
Change Component Designator: Old Designator=R8 New Designator=R30
Change Component Designator: Old Designator=U1 New Designator=U12
Change Component Designator: Old Designator=U1 New Designator=U13
Change Component Designator: Old Designator=U1 New Designator=U14
Change Component Designator: Old Designator=U1 New Designator=U15
Change Component Designator: Old Designator=U1 New Designator=U16
