Removed Pin From Net: NetName=5V_0 Pin=C61-1
Removed Pin From Net: NetName=GND Pin=C61-2
Removed Pin From Net: NetName=5V_0 Pin=C62-1
Removed Pin From Net: NetName=GND Pin=C62-2
Removed Pin From Net: NetName=+5V_1 Pin=U13-5
Removed Pin From Net: NetName=-5V_1 Pin=U14-5
Added Component: Designator=C61(0805C)
Added Component: Designator=C62(0805C)
Added Component: Designator=C63(0805C)
Added Component: Designator=C64(3216)
Added Component: Designator=C65(3216)
Added Component: Designator=C66(0805C)
Added Component: Designator=C67(3216)
Added Component: Designator=C68(3216)
Added Component: Designator=C69(0805C)
Added Component: Designator=C70(0805C)
Added Component: Designator=R30(FB1206)
Added Component: Designator=R35(FB1206)
Added Pin To Net: NetName=5V_0 Pin=C61-1
Added Pin To Net: NetName=GND Pin=C61-2
Added Pin To Net: NetName=5V_0 Pin=C62-1
Added Pin To Net: NetName=GND Pin=C62-2
Added Pin To Net: NetName=GND_1 Pin=C63-1
Added Pin To Net: NetName=+6V_1 Pin=C63-2
Added Pin To Net: NetName=GND_1 Pin=C64-2
Added Pin To Net: NetName=+5V_1 Pin=C65-1
Added Pin To Net: NetName=GND_1 Pin=C65-2
Added Pin To Net: NetName=+5V_1 Pin=C66-1
Added Pin To Net: NetName=GND_1 Pin=C66-2
Added Pin To Net: NetName=GND_1 Pin=C67-2
Added Pin To Net: NetName=-5V_1 Pin=C68-1
Added Pin To Net: NetName=GND_1 Pin=C68-2
Added Pin To Net: NetName=-5V_1 Pin=C69-1
Added Pin To Net: NetName=GND_1 Pin=C69-2
Added Pin To Net: NetName=-6V_1 Pin=C70-1
Added Pin To Net: NetName=GND_1 Pin=C70-2
Added Pin To Net: NetName=+5V_1 Pin=R30-2
Added Pin To Net: NetName=-5V_1 Pin=R35-2
Added Pin To Net: NetName=NetC64_1 Pin=C64-1
Added Pin To Net: NetName=NetC64_1 Pin=R30-1
Added Pin To Net: NetName=NetC64_1 Pin=U13-5
Added Net: Name=NetC64_1
Added Pin To Net: NetName=NetC67_1 Pin=C67-1
Added Pin To Net: NetName=NetC67_1 Pin=R35-1
Added Pin To Net: NetName=NetC67_1 Pin=U14-5
Added Net: Name=NetC67_1
Added Member To Class: ClassName=U_电源 Member=Component C63 1uF
Added Member To Class: ClassName=U_电源 Member=Component C64 Cap Pol1
Added Member To Class: ClassName=U_电源 Member=Component C65 Cap Pol1
Added Member To Class: ClassName=U_电源 Member=Component C66 1uF
Added Member To Class: ClassName=U_电源 Member=Component C67 Cap Pol1
Added Member To Class: ClassName=U_电源 Member=Component C68 Cap Pol1
Added Member To Class: ClassName=U_电源 Member=Component C69 1uF
Added Member To Class: ClassName=U_电源 Member=Component C70 1uF
Added Member To Class: ClassName=U_电源 Member=Component R30 Res2
Added Member To Class: ClassName=U_电源 Member=Component R35 Res2
Added Room: Name=U_电池电压检测
Added Room: Name=U_电源
