Removed Pin From Net: NetName=C2 Pin=U2_SW1-2
Removed Pin From Net: NetName=CH1 Pin=U2_SW1-3
Removed Pin From Net: NetName=C1 Pin=U2_SW1-4
Removed Pin From Net: NetName=S1_SW1 Pin=U2_SW1-5
Removed Pin From Net: NetName=S1_SW1 Pin=U2_SW1-6
Removed Pin From Net: NetName=C1 Pin=U2_SW1-7
Removed Pin From Net: NetName=CL1 Pin=U2_SW1-8
Removed Pin From Net: NetName=S1_SW1 Pin=U2_SW1-9
Removed Pin From Net: NetName=C2 Pin=U2_SW1-12
Removed Pin From Net: NetName=CL2 Pin=U2_SW1-13
Removed Pin From Net: NetName=C3 Pin=U2_SW1-15
Removed Pin From Net: NetName=40V Pin=U2_SW1-16
Removed Pin From Net: NetName=C3 Pin=U2_SW1-17
Removed Pin From Net: NetName=CH2 Pin=U2_SW1-18
Removed Pin From Net: NetName=C4 Pin=U2_SW1-20
Removed Pin From Net: NetName=C6 Pin=U2_SW2-2
Removed Pin From Net: NetName=CH3 Pin=U2_SW2-3
Removed Pin From Net: NetName=C5 Pin=U2_SW2-4
Removed Pin From Net: NetName=S1_SW1 Pin=U2_SW2-5
Removed Pin From Net: NetName=S1_SW1 Pin=U2_SW2-6
Removed Pin From Net: NetName=C5 Pin=U2_SW2-7
Removed Pin From Net: NetName=CL3 Pin=U2_SW2-8
Removed Pin From Net: NetName=C4 Pin=U2_SW2-9
Removed Pin From Net: NetName=C6 Pin=U2_SW2-12
Removed Pin From Net: NetName=CL4 Pin=U2_SW2-13
Removed Pin From Net: NetName=C7 Pin=U2_SW2-15
Removed Pin From Net: NetName=40V Pin=U2_SW2-16
Removed Pin From Net: NetName=C7 Pin=U2_SW2-17
Removed Pin From Net: NetName=CH4 Pin=U2_SW2-18
Removed Pin From Net: NetName=C8 Pin=U2_SW2-20
Removed Pin From Net: NetName=C10 Pin=U2_SW3-2
Removed Pin From Net: NetName=CH5 Pin=U2_SW3-3
Removed Pin From Net: NetName=C9 Pin=U2_SW3-4
Removed Pin From Net: NetName=S1_SW1 Pin=U2_SW3-5
Removed Pin From Net: NetName=S1_SW1 Pin=U2_SW3-6
Removed Pin From Net: NetName=C9 Pin=U2_SW3-7
Removed Pin From Net: NetName=CL5 Pin=U2_SW3-8
Removed Pin From Net: NetName=C8 Pin=U2_SW3-9
Removed Pin From Net: NetName=C10 Pin=U2_SW3-12
Removed Pin From Net: NetName=CL6 Pin=U2_SW3-13
Removed Pin From Net: NetName=C11 Pin=U2_SW3-15
Removed Pin From Net: NetName=40V Pin=U2_SW3-16
Removed Pin From Net: NetName=C11 Pin=U2_SW3-17
Removed Pin From Net: NetName=CH6 Pin=U2_SW3-18
Removed Pin From Net: NetName=C12 Pin=U2_SW3-20
Removed Pin From Net: NetName=C14 Pin=U2_SW4-2
Removed Pin From Net: NetName=CH7 Pin=U2_SW4-3
Removed Pin From Net: NetName=C13 Pin=U2_SW4-4
Removed Pin From Net: NetName=S1_SW1 Pin=U2_SW4-5
Removed Pin From Net: NetName=S1_SW1 Pin=U2_SW4-6
Removed Pin From Net: NetName=C13 Pin=U2_SW4-7
Removed Pin From Net: NetName=CL7 Pin=U2_SW4-8
Removed Pin From Net: NetName=C12 Pin=U2_SW4-9
Removed Pin From Net: NetName=C14 Pin=U2_SW4-12
Removed Pin From Net: NetName=CL8 Pin=U2_SW4-13
Removed Pin From Net: NetName=C15 Pin=U2_SW4-15
Removed Pin From Net: NetName=40V Pin=U2_SW4-16
Removed Pin From Net: NetName=C15 Pin=U2_SW4-17
Removed Pin From Net: NetName=CH8 Pin=U2_SW4-18
Removed Pin From Net: NetName=C16 Pin=U2_SW4-20
Removed Pin From Net: NetName=C18 Pin=U2_SW5-2
Removed Pin From Net: NetName=CH9 Pin=U2_SW5-3
Removed Pin From Net: NetName=C17 Pin=U2_SW5-4
Removed Pin From Net: NetName=S1_SW1 Pin=U2_SW5-5
Removed Pin From Net: NetName=S1_SW1 Pin=U2_SW5-6
Removed Pin From Net: NetName=C17 Pin=U2_SW5-7
Removed Pin From Net: NetName=CL9 Pin=U2_SW5-8
Removed Pin From Net: NetName=C16 Pin=U2_SW5-9
Removed Pin From Net: NetName=C18 Pin=U2_SW5-12
Removed Pin From Net: NetName=CL10 Pin=U2_SW5-13
Removed Pin From Net: NetName=C19 Pin=U2_SW5-15
Removed Pin From Net: NetName=40V Pin=U2_SW5-16
Removed Pin From Net: NetName=C19 Pin=U2_SW5-17
Removed Pin From Net: NetName=CH10 Pin=U2_SW5-18
Removed Pin From Net: NetName=C20 Pin=U2_SW5-20
Removed Pin From Net: NetName=C22 Pin=U2_SW6-2
Removed Pin From Net: NetName=CH11 Pin=U2_SW6-3
Removed Pin From Net: NetName=C21 Pin=U2_SW6-4
Removed Pin From Net: NetName=S1_SW1 Pin=U2_SW6-5
Removed Pin From Net: NetName=S1_SW1 Pin=U2_SW6-6
Removed Pin From Net: NetName=C21 Pin=U2_SW6-7
Removed Pin From Net: NetName=CL11 Pin=U2_SW6-8
Removed Pin From Net: NetName=C20 Pin=U2_SW6-9
Removed Pin From Net: NetName=C22 Pin=U2_SW6-12
Removed Pin From Net: NetName=CL12 Pin=U2_SW6-13
Removed Pin From Net: NetName=C23 Pin=U2_SW6-15
Removed Pin From Net: NetName=40V Pin=U2_SW6-16
Removed Pin From Net: NetName=C23 Pin=U2_SW6-17
Removed Pin From Net: NetName=CH12 Pin=U2_SW6-18
Removed Pin From Net: NetName=C24 Pin=U2_SW6-20
Removed Pin From Net: NetName=C26 Pin=U2_SW7-2
Removed Pin From Net: NetName=CH13 Pin=U2_SW7-3
Removed Pin From Net: NetName=C25 Pin=U2_SW7-4
Removed Pin From Net: NetName=S1_SW1 Pin=U2_SW7-5
Removed Pin From Net: NetName=S1_SW1 Pin=U2_SW7-6
Removed Pin From Net: NetName=C25 Pin=U2_SW7-7
Removed Pin From Net: NetName=CL13 Pin=U2_SW7-8
Removed Pin From Net: NetName=C24 Pin=U2_SW7-9
Removed Pin From Net: NetName=C26 Pin=U2_SW7-12
Removed Pin From Net: NetName=CL14 Pin=U2_SW7-13
Removed Pin From Net: NetName=C27 Pin=U2_SW7-15
Removed Pin From Net: NetName=40V Pin=U2_SW7-16
Removed Pin From Net: NetName=C27 Pin=U2_SW7-17
Removed Pin From Net: NetName=CH14 Pin=U2_SW7-18
Removed Pin From Net: NetName=C28 Pin=U2_SW7-20
Removed Pin From Net: NetName=C30 Pin=U2_SW8-2
Removed Pin From Net: NetName=CH15 Pin=U2_SW8-3
Removed Pin From Net: NetName=C29 Pin=U2_SW8-4
Removed Pin From Net: NetName=S1_SW1 Pin=U2_SW8-5
Removed Pin From Net: NetName=S1_SW1 Pin=U2_SW8-6
Removed Pin From Net: NetName=C29 Pin=U2_SW8-7
Removed Pin From Net: NetName=CL15 Pin=U2_SW8-8
Removed Pin From Net: NetName=C28 Pin=U2_SW8-9
Removed Pin From Net: NetName=C30 Pin=U2_SW8-12
Removed Pin From Net: NetName=CL16 Pin=U2_SW8-13
Removed Pin From Net: NetName=C31 Pin=U2_SW8-15
Removed Pin From Net: NetName=40V Pin=U2_SW8-16
Removed Pin From Net: NetName=C31 Pin=U2_SW8-17
Removed Pin From Net: NetName=CH16 Pin=U2_SW8-18
Removed Pin From Net: NetName=C32 Pin=U2_SW8-20
Added Component: Designator=U1(TSSOP16)
Added Component: Designator=U2(TSSOP16)
Added Component: Designator=U3(TSSOP16)
Added Component: Designator=U4(TSSOP16)
Change Net Name : Old Net Name=S1_SW1 New Net Name=GND_1
Added Member To Class: ClassName=µÁ≥ÿµÁ—πºÏ≤‚ Member=Component U1 ADI4-1SW
Added Member To Class: ClassName=µÁ≥ÿµÁ—πºÏ≤‚ Member=Component U2 ADI4-1SW
Added Member To Class: ClassName=µÁ≥ÿµÁ—πºÏ≤‚ Member=Component U3 ADI4-1SW
Added Member To Class: ClassName=µÁ≥ÿµÁ—πºÏ≤‚ Member=Component U4 ADI4-1SW
