Removed Pin From Net: NetName=GND_1 Pin=C1_DI3-2
Removed Pin From Net: NetName=GND_1 Pin=C1_DI4-2
Removed Pin From Net: NetName=GND_1 Pin=C1_DI5-2
Removed Pin From Net: NetName=GND_1 Pin=C1_DI6-2
Removed Pin From Net: NetName=GND_1 Pin=C1_DI7-2
Removed Pin From Net: NetName=GND_1 Pin=C1_DI8-2
Removed Pin From Net: NetName=GND_1 Pin=C1_DI9-2
Removed Pin From Net: NetName=GND_1 Pin=C1_DI10-2
Removed Pin From Net: NetName=GND_1 Pin=C1_DI11-2
Removed Pin From Net: NetName=GND_1 Pin=C1_DI12-2
Removed Pin From Net: NetName=GND_1 Pin=C1_DI13-2
Removed Pin From Net: NetName=GND_1 Pin=C1_DI14-2
Removed Pin From Net: NetName=GND_1 Pin=C1_DI15-2
Removed Pin From Net: NetName=GND_1 Pin=C1_DI16-2
Removed Pin From Net: NetName=GND_1 Pin=C1_DI17-2
Removed Pin From Net: NetName=GND_1 Pin=C1_DI18-2
Removed Pin From Net: NetName=GND_1 Pin=C1_DI19-2
Removed Pin From Net: NetName=GND_1 Pin=C1_DI20-2
Removed Pin From Net: NetName=GND_1 Pin=C1_DI21-2
Removed Pin From Net: NetName=GND_1 Pin=C1_DI22-2
Removed Pin From Net: NetName=GND_1 Pin=C1_DI23-2
Removed Pin From Net: NetName=GND_1 Pin=C1_DI24-2
Removed Pin From Net: NetName=GND_1 Pin=C1_DI25-2
Removed Pin From Net: NetName=GND_1 Pin=C1_DI26-2
Removed Pin From Net: NetName=GND_1 Pin=C1_DI27-2
Removed Pin From Net: NetName=GND_1 Pin=C1_DI28-2
Removed Pin From Net: NetName=GND_1 Pin=C1_DI29-2
Removed Pin From Net: NetName=GND_1 Pin=C1_DI30-2
Removed Pin From Net: NetName=GND_1 Pin=C1_DI31-2
Removed Pin From Net: NetName=GND_1 Pin=C1_DI32-2
Removed Pin From Net: NetName=GND_1 Pin=C5_DI3-1
Removed Pin From Net: NetName=GND_1 Pin=C5_DI4-1
Removed Pin From Net: NetName=GND_1 Pin=C5_DI5-1
Removed Pin From Net: NetName=GND_1 Pin=C5_DI6-1
Removed Pin From Net: NetName=GND_1 Pin=C5_DI7-1
Removed Pin From Net: NetName=GND_1 Pin=C5_DI8-1
Removed Pin From Net: NetName=GND_1 Pin=C5_DI9-1
Removed Pin From Net: NetName=GND_1 Pin=C5_DI10-1
Removed Pin From Net: NetName=GND_1 Pin=C5_DI11-1
Removed Pin From Net: NetName=GND_1 Pin=C5_DI12-1
Removed Pin From Net: NetName=GND_1 Pin=C5_DI13-1
Removed Pin From Net: NetName=GND_1 Pin=C5_DI14-1
Removed Pin From Net: NetName=GND_1 Pin=C5_DI15-1
Removed Pin From Net: NetName=GND_1 Pin=C5_DI16-1
Removed Pin From Net: NetName=GND_1 Pin=C5_DI17-1
Removed Pin From Net: NetName=GND_1 Pin=C5_DI18-1
Removed Pin From Net: NetName=GND_1 Pin=C5_DI19-1
Removed Pin From Net: NetName=GND_1 Pin=C5_DI20-1
Removed Pin From Net: NetName=GND_1 Pin=C5_DI21-1
Removed Pin From Net: NetName=GND_1 Pin=C5_DI22-1
Removed Pin From Net: NetName=GND_1 Pin=C5_DI23-1
Removed Pin From Net: NetName=GND_1 Pin=C5_DI24-1
Removed Pin From Net: NetName=GND_1 Pin=C5_DI25-1
Removed Pin From Net: NetName=GND_1 Pin=C5_DI26-1
Removed Pin From Net: NetName=GND_1 Pin=C5_DI27-1
Removed Pin From Net: NetName=GND_1 Pin=C5_DI28-1
Removed Pin From Net: NetName=GND_1 Pin=C5_DI29-1
Removed Pin From Net: NetName=GND_1 Pin=C5_DI30-1
Removed Pin From Net: NetName=GND_1 Pin=C5_DI31-1
Removed Pin From Net: NetName=GND_1 Pin=C5_DI32-1
Removed Pin From Net: NetName=GND_1 Pin=C6_DI3-1
Removed Pin From Net: NetName=-5V_1 Pin=C6_DI3-2
Removed Pin From Net: NetName=GND_1 Pin=C6_DI4-1
Removed Pin From Net: NetName=-5V_1 Pin=C6_DI4-2
Removed Pin From Net: NetName=GND_1 Pin=C6_DI5-1
Removed Pin From Net: NetName=-5V_1 Pin=C6_DI5-2
Removed Pin From Net: NetName=GND_1 Pin=C6_DI6-1
Removed Pin From Net: NetName=-5V_1 Pin=C6_DI6-2
Removed Pin From Net: NetName=GND_1 Pin=C6_DI7-1
Removed Pin From Net: NetName=-5V_1 Pin=C6_DI7-2
Removed Pin From Net: NetName=GND_1 Pin=C6_DI8-1
Removed Pin From Net: NetName=-5V_1 Pin=C6_DI8-2
Removed Pin From Net: NetName=GND_1 Pin=C6_DI9-1
Removed Pin From Net: NetName=-5V_1 Pin=C6_DI9-2
Removed Pin From Net: NetName=GND_1 Pin=C6_DI10-1
Removed Pin From Net: NetName=-5V_1 Pin=C6_DI10-2
Removed Pin From Net: NetName=GND_1 Pin=C6_DI11-1
Removed Pin From Net: NetName=-5V_1 Pin=C6_DI11-2
Removed Pin From Net: NetName=GND_1 Pin=C6_DI12-1
Removed Pin From Net: NetName=-5V_1 Pin=C6_DI12-2
Removed Pin From Net: NetName=GND_1 Pin=C6_DI13-1
Removed Pin From Net: NetName=-5V_1 Pin=C6_DI13-2
Removed Pin From Net: NetName=GND_1 Pin=C6_DI14-1
Removed Pin From Net: NetName=-5V_1 Pin=C6_DI14-2
Removed Pin From Net: NetName=GND_1 Pin=C6_DI15-1
Removed Pin From Net: NetName=-5V_1 Pin=C6_DI15-2
Removed Pin From Net: NetName=GND_1 Pin=C6_DI16-1
Removed Pin From Net: NetName=-5V_1 Pin=C6_DI16-2
Removed Pin From Net: NetName=GND_1 Pin=C6_DI17-1
Removed Pin From Net: NetName=-5V_1 Pin=C6_DI17-2
Removed Pin From Net: NetName=GND_1 Pin=C6_DI18-1
Removed Pin From Net: NetName=-5V_1 Pin=C6_DI18-2
Removed Pin From Net: NetName=GND_1 Pin=C6_DI19-1
Removed Pin From Net: NetName=-5V_1 Pin=C6_DI19-2
Removed Pin From Net: NetName=GND_1 Pin=C6_DI20-1
Removed Pin From Net: NetName=-5V_1 Pin=C6_DI20-2
Removed Pin From Net: NetName=GND_1 Pin=C6_DI21-1
Removed Pin From Net: NetName=-5V_1 Pin=C6_DI21-2
Removed Pin From Net: NetName=GND_1 Pin=C6_DI22-1
Removed Pin From Net: NetName=-5V_1 Pin=C6_DI22-2
Removed Pin From Net: NetName=GND_1 Pin=C6_DI23-1
Removed Pin From Net: NetName=-5V_1 Pin=C6_DI23-2
Removed Pin From Net: NetName=GND_1 Pin=C6_DI24-1
Removed Pin From Net: NetName=-5V_1 Pin=C6_DI24-2
Removed Pin From Net: NetName=GND_1 Pin=C6_DI25-1
Removed Pin From Net: NetName=-5V_1 Pin=C6_DI25-2
Removed Pin From Net: NetName=GND_1 Pin=C6_DI26-1
Removed Pin From Net: NetName=-5V_1 Pin=C6_DI26-2
Removed Pin From Net: NetName=GND_1 Pin=C6_DI27-1
Removed Pin From Net: NetName=-5V_1 Pin=C6_DI27-2
Removed Pin From Net: NetName=GND_1 Pin=C6_DI28-1
Removed Pin From Net: NetName=-5V_1 Pin=C6_DI28-2
Removed Pin From Net: NetName=GND_1 Pin=C6_DI29-1
Removed Pin From Net: NetName=-5V_1 Pin=C6_DI29-2
Removed Pin From Net: NetName=GND_1 Pin=C6_DI30-1
Removed Pin From Net: NetName=-5V_1 Pin=C6_DI30-2
Removed Pin From Net: NetName=GND_1 Pin=C6_DI31-1
Removed Pin From Net: NetName=-5V_1 Pin=C6_DI31-2
Removed Pin From Net: NetName=GND_1 Pin=C6_DI32-1
Removed Pin From Net: NetName=-5V_1 Pin=C6_DI32-2
Removed Pin From Net: NetName=GND_1 Pin=C8_DI3-1
Removed Pin From Net: NetName=GND_1 Pin=C8_DI4-1
Removed Pin From Net: NetName=GND_1 Pin=C8_DI5-1
Removed Pin From Net: NetName=GND_1 Pin=C8_DI6-1
Removed Pin From Net: NetName=GND_1 Pin=C8_DI7-1
Removed Pin From Net: NetName=GND_1 Pin=C8_DI8-1
Removed Pin From Net: NetName=GND_1 Pin=C8_DI9-1
Removed Pin From Net: NetName=GND_1 Pin=C8_DI10-1
Removed Pin From Net: NetName=GND_1 Pin=C8_DI11-1
Removed Pin From Net: NetName=GND_1 Pin=C8_DI12-1
Removed Pin From Net: NetName=GND_1 Pin=C8_DI13-1
Removed Pin From Net: NetName=GND_1 Pin=C8_DI14-1
Removed Pin From Net: NetName=GND_1 Pin=C8_DI15-1
Removed Pin From Net: NetName=GND_1 Pin=C8_DI16-1
Removed Pin From Net: NetName=GND_1 Pin=C8_DI17-1
Removed Pin From Net: NetName=GND_1 Pin=C8_DI18-1
Removed Pin From Net: NetName=GND_1 Pin=C8_DI19-1
Removed Pin From Net: NetName=GND_1 Pin=C8_DI20-1
Removed Pin From Net: NetName=GND_1 Pin=C8_DI21-1
Removed Pin From Net: NetName=GND_1 Pin=C8_DI22-1
Removed Pin From Net: NetName=GND_1 Pin=C8_DI23-1
Removed Pin From Net: NetName=GND_1 Pin=C8_DI24-1
Removed Pin From Net: NetName=GND_1 Pin=C8_DI25-1
Removed Pin From Net: NetName=GND_1 Pin=C8_DI26-1
Removed Pin From Net: NetName=GND_1 Pin=C8_DI27-1
Removed Pin From Net: NetName=GND_1 Pin=C8_DI28-1
Removed Pin From Net: NetName=GND_1 Pin=C8_DI29-1
Removed Pin From Net: NetName=GND_1 Pin=C8_DI30-1
Removed Pin From Net: NetName=GND_1 Pin=C8_DI31-1
Removed Pin From Net: NetName=GND_1 Pin=C8_DI32-1
Removed Pin From Net: NetName=GND_1 Pin=C9_DI3-1
Removed Pin From Net: NetName=GND_1 Pin=C9_DI4-1
Removed Pin From Net: NetName=GND_1 Pin=C9_DI5-1
Removed Pin From Net: NetName=GND_1 Pin=C9_DI6-1
Removed Pin From Net: NetName=GND_1 Pin=C9_DI7-1
Removed Pin From Net: NetName=GND_1 Pin=C9_DI8-1
Removed Pin From Net: NetName=GND_1 Pin=C9_DI9-1
Removed Pin From Net: NetName=GND_1 Pin=C9_DI10-1
Removed Pin From Net: NetName=GND_1 Pin=C9_DI11-1
Removed Pin From Net: NetName=GND_1 Pin=C9_DI12-1
Removed Pin From Net: NetName=GND_1 Pin=C9_DI13-1
Removed Pin From Net: NetName=GND_1 Pin=C9_DI14-1
Removed Pin From Net: NetName=GND_1 Pin=C9_DI15-1
Removed Pin From Net: NetName=GND_1 Pin=C9_DI16-1
Removed Pin From Net: NetName=GND_1 Pin=C9_DI17-1
Removed Pin From Net: NetName=GND_1 Pin=C9_DI18-1
Removed Pin From Net: NetName=GND_1 Pin=C9_DI19-1
Removed Pin From Net: NetName=GND_1 Pin=C9_DI20-1
Removed Pin From Net: NetName=GND_1 Pin=C9_DI21-1
Removed Pin From Net: NetName=GND_1 Pin=C9_DI22-1
Removed Pin From Net: NetName=GND_1 Pin=C9_DI23-1
Removed Pin From Net: NetName=GND_1 Pin=C9_DI24-1
Removed Pin From Net: NetName=GND_1 Pin=C9_DI25-1
Removed Pin From Net: NetName=GND_1 Pin=C9_DI26-1
Removed Pin From Net: NetName=GND_1 Pin=C9_DI27-1
Removed Pin From Net: NetName=GND_1 Pin=C9_DI28-1
Removed Pin From Net: NetName=GND_1 Pin=C9_DI29-1
Removed Pin From Net: NetName=GND_1 Pin=C9_DI30-1
Removed Pin From Net: NetName=GND_1 Pin=C9_DI31-1
Removed Pin From Net: NetName=GND_1 Pin=C9_DI32-1
Removed Pin From Net: NetName=GND_1 Pin=C10_DI3-1
Removed Pin From Net: NetName=+5V_1 Pin=C10_DI3-2
Removed Pin From Net: NetName=GND_1 Pin=C10_DI4-1
Removed Pin From Net: NetName=+5V_1 Pin=C10_DI4-2
Removed Pin From Net: NetName=GND_1 Pin=C10_DI5-1
Removed Pin From Net: NetName=+5V_1 Pin=C10_DI5-2
Removed Pin From Net: NetName=GND_1 Pin=C10_DI6-1
Removed Pin From Net: NetName=+5V_1 Pin=C10_DI6-2
Removed Pin From Net: NetName=GND_1 Pin=C10_DI7-1
Removed Pin From Net: NetName=+5V_1 Pin=C10_DI7-2
Removed Pin From Net: NetName=GND_1 Pin=C10_DI8-1
Removed Pin From Net: NetName=+5V_1 Pin=C10_DI8-2
Removed Pin From Net: NetName=GND_1 Pin=C10_DI9-1
Removed Pin From Net: NetName=+5V_1 Pin=C10_DI9-2
Removed Pin From Net: NetName=GND_1 Pin=C10_DI10-1
Removed Pin From Net: NetName=+5V_1 Pin=C10_DI10-2
Removed Pin From Net: NetName=GND_1 Pin=C10_DI11-1
Removed Pin From Net: NetName=+5V_1 Pin=C10_DI11-2
Removed Pin From Net: NetName=GND_1 Pin=C10_DI12-1
Removed Pin From Net: NetName=+5V_1 Pin=C10_DI12-2
Removed Pin From Net: NetName=GND_1 Pin=C10_DI13-1
Removed Pin From Net: NetName=+5V_1 Pin=C10_DI13-2
Removed Pin From Net: NetName=GND_1 Pin=C10_DI14-1
Removed Pin From Net: NetName=+5V_1 Pin=C10_DI14-2
Removed Pin From Net: NetName=GND_1 Pin=C10_DI15-1
Removed Pin From Net: NetName=+5V_1 Pin=C10_DI15-2
Removed Pin From Net: NetName=GND_1 Pin=C10_DI16-1
Removed Pin From Net: NetName=+5V_1 Pin=C10_DI16-2
Removed Pin From Net: NetName=GND_1 Pin=C10_DI17-1
Removed Pin From Net: NetName=+5V_1 Pin=C10_DI17-2
Removed Pin From Net: NetName=GND_1 Pin=C10_DI18-1
Removed Pin From Net: NetName=+5V_1 Pin=C10_DI18-2
Removed Pin From Net: NetName=GND_1 Pin=C10_DI19-1
Removed Pin From Net: NetName=+5V_1 Pin=C10_DI19-2
Removed Pin From Net: NetName=GND_1 Pin=C10_DI20-1
Removed Pin From Net: NetName=+5V_1 Pin=C10_DI20-2
Removed Pin From Net: NetName=GND_1 Pin=C10_DI21-1
Removed Pin From Net: NetName=+5V_1 Pin=C10_DI21-2
Removed Pin From Net: NetName=GND_1 Pin=C10_DI22-1
Removed Pin From Net: NetName=+5V_1 Pin=C10_DI22-2
Removed Pin From Net: NetName=GND_1 Pin=C10_DI23-1
Removed Pin From Net: NetName=+5V_1 Pin=C10_DI23-2
Removed Pin From Net: NetName=GND_1 Pin=C10_DI24-1
Removed Pin From Net: NetName=+5V_1 Pin=C10_DI24-2
Removed Pin From Net: NetName=GND_1 Pin=C10_DI25-1
Removed Pin From Net: NetName=+5V_1 Pin=C10_DI25-2
Removed Pin From Net: NetName=GND_1 Pin=C10_DI26-1
Removed Pin From Net: NetName=+5V_1 Pin=C10_DI26-2
Removed Pin From Net: NetName=GND_1 Pin=C10_DI27-1
Removed Pin From Net: NetName=+5V_1 Pin=C10_DI27-2
Removed Pin From Net: NetName=GND_1 Pin=C10_DI28-1
Removed Pin From Net: NetName=+5V_1 Pin=C10_DI28-2
Removed Pin From Net: NetName=GND_1 Pin=C10_DI29-1
Removed Pin From Net: NetName=+5V_1 Pin=C10_DI29-2
Removed Pin From Net: NetName=GND_1 Pin=C10_DI30-1
Removed Pin From Net: NetName=+5V_1 Pin=C10_DI30-2
Removed Pin From Net: NetName=GND_1 Pin=C10_DI31-1
Removed Pin From Net: NetName=+5V_1 Pin=C10_DI31-2
Removed Pin From Net: NetName=GND_1 Pin=C10_DI32-1
Removed Pin From Net: NetName=+5V_1 Pin=C10_DI32-2
Removed Pin From Net: NetName=GND_1 Pin=R7_DI3-1
Removed Pin From Net: NetName=GND_1 Pin=R7_DI4-1
Removed Pin From Net: NetName=GND_1 Pin=R7_DI5-1
Removed Pin From Net: NetName=GND_1 Pin=R7_DI6-1
Removed Pin From Net: NetName=GND_1 Pin=R7_DI7-1
Removed Pin From Net: NetName=GND_1 Pin=R7_DI8-1
Removed Pin From Net: NetName=GND_1 Pin=R7_DI9-1
Removed Pin From Net: NetName=GND_1 Pin=R7_DI10-1
Removed Pin From Net: NetName=GND_1 Pin=R7_DI11-1
Removed Pin From Net: NetName=GND_1 Pin=R7_DI12-1
Removed Pin From Net: NetName=GND_1 Pin=R7_DI13-1
Removed Pin From Net: NetName=GND_1 Pin=R7_DI14-1
Removed Pin From Net: NetName=GND_1 Pin=R7_DI15-1
Removed Pin From Net: NetName=GND_1 Pin=R7_DI16-1
Removed Pin From Net: NetName=GND_1 Pin=R7_DI17-1
Removed Pin From Net: NetName=GND_1 Pin=R7_DI18-1
Removed Pin From Net: NetName=GND_1 Pin=R7_DI19-1
Removed Pin From Net: NetName=GND_1 Pin=R7_DI20-1
Removed Pin From Net: NetName=GND_1 Pin=R7_DI21-1
Removed Pin From Net: NetName=GND_1 Pin=R7_DI22-1
Removed Pin From Net: NetName=GND_1 Pin=R7_DI23-1
Removed Pin From Net: NetName=GND_1 Pin=R7_DI24-1
Removed Pin From Net: NetName=GND_1 Pin=R7_DI25-1
Removed Pin From Net: NetName=GND_1 Pin=R7_DI26-1
Removed Pin From Net: NetName=GND_1 Pin=R7_DI27-1
Removed Pin From Net: NetName=GND_1 Pin=R7_DI28-1
Removed Pin From Net: NetName=GND_1 Pin=R7_DI29-1
Removed Pin From Net: NetName=GND_1 Pin=R7_DI30-1
Removed Pin From Net: NetName=GND_1 Pin=R7_DI31-1
Removed Pin From Net: NetName=GND_1 Pin=R7_DI32-1
Removed Pin From Net: NetName=-5V_1 Pin=U1_DI3-2
Removed Pin From Net: NetName=GND_1 Pin=U1_DI3-3
Removed Pin From Net: NetName=+5V_1 Pin=U1_DI3-7
Removed Pin From Net: NetName=-5V_1 Pin=U1_DI4-2
Removed Pin From Net: NetName=GND_1 Pin=U1_DI4-3
Removed Pin From Net: NetName=+5V_1 Pin=U1_DI4-7
Removed Pin From Net: NetName=-5V_1 Pin=U1_DI5-2
Removed Pin From Net: NetName=GND_1 Pin=U1_DI5-3
Removed Pin From Net: NetName=+5V_1 Pin=U1_DI5-7
Removed Pin From Net: NetName=-5V_1 Pin=U1_DI6-2
Removed Pin From Net: NetName=GND_1 Pin=U1_DI6-3
Removed Pin From Net: NetName=+5V_1 Pin=U1_DI6-7
Removed Pin From Net: NetName=-5V_1 Pin=U1_DI7-2
Removed Pin From Net: NetName=GND_1 Pin=U1_DI7-3
Removed Pin From Net: NetName=+5V_1 Pin=U1_DI7-7
Removed Pin From Net: NetName=-5V_1 Pin=U1_DI8-2
Removed Pin From Net: NetName=GND_1 Pin=U1_DI8-3
Removed Pin From Net: NetName=+5V_1 Pin=U1_DI8-7
Removed Pin From Net: NetName=-5V_1 Pin=U1_DI9-2
Removed Pin From Net: NetName=GND_1 Pin=U1_DI9-3
Removed Pin From Net: NetName=+5V_1 Pin=U1_DI9-7
Removed Pin From Net: NetName=-5V_1 Pin=U1_DI10-2
Removed Pin From Net: NetName=GND_1 Pin=U1_DI10-3
Removed Pin From Net: NetName=+5V_1 Pin=U1_DI10-7
Removed Pin From Net: NetName=-5V_1 Pin=U1_DI11-2
Removed Pin From Net: NetName=GND_1 Pin=U1_DI11-3
Removed Pin From Net: NetName=+5V_1 Pin=U1_DI11-7
Removed Pin From Net: NetName=-5V_1 Pin=U1_DI12-2
Removed Pin From Net: NetName=GND_1 Pin=U1_DI12-3
Removed Pin From Net: NetName=+5V_1 Pin=U1_DI12-7
Removed Pin From Net: NetName=-5V_1 Pin=U1_DI13-2
Removed Pin From Net: NetName=GND_1 Pin=U1_DI13-3
Removed Pin From Net: NetName=+5V_1 Pin=U1_DI13-7
Removed Pin From Net: NetName=-5V_1 Pin=U1_DI14-2
Removed Pin From Net: NetName=GND_1 Pin=U1_DI14-3
Removed Pin From Net: NetName=+5V_1 Pin=U1_DI14-7
Removed Pin From Net: NetName=-5V_1 Pin=U1_DI15-2
Removed Pin From Net: NetName=GND_1 Pin=U1_DI15-3
Removed Pin From Net: NetName=+5V_1 Pin=U1_DI15-7
Removed Pin From Net: NetName=-5V_1 Pin=U1_DI16-2
Removed Pin From Net: NetName=GND_1 Pin=U1_DI16-3
Removed Pin From Net: NetName=+5V_1 Pin=U1_DI16-7
Removed Pin From Net: NetName=-5V_1 Pin=U1_DI17-2
Removed Pin From Net: NetName=GND_1 Pin=U1_DI17-3
Removed Pin From Net: NetName=+5V_1 Pin=U1_DI17-7
Removed Pin From Net: NetName=-5V_1 Pin=U1_DI18-2
Removed Pin From Net: NetName=GND_1 Pin=U1_DI18-3
Removed Pin From Net: NetName=+5V_1 Pin=U1_DI18-7
Removed Pin From Net: NetName=-5V_1 Pin=U1_DI19-2
Removed Pin From Net: NetName=GND_1 Pin=U1_DI19-3
Removed Pin From Net: NetName=+5V_1 Pin=U1_DI19-7
Removed Pin From Net: NetName=-5V_1 Pin=U1_DI20-2
Removed Pin From Net: NetName=GND_1 Pin=U1_DI20-3
Removed Pin From Net: NetName=+5V_1 Pin=U1_DI20-7
Removed Pin From Net: NetName=-5V_1 Pin=U1_DI21-2
Removed Pin From Net: NetName=GND_1 Pin=U1_DI21-3
Removed Pin From Net: NetName=+5V_1 Pin=U1_DI21-7
Removed Pin From Net: NetName=-5V_1 Pin=U1_DI22-2
Removed Pin From Net: NetName=GND_1 Pin=U1_DI22-3
Removed Pin From Net: NetName=+5V_1 Pin=U1_DI22-7
Removed Pin From Net: NetName=-5V_1 Pin=U1_DI23-2
Removed Pin From Net: NetName=GND_1 Pin=U1_DI23-3
Removed Pin From Net: NetName=+5V_1 Pin=U1_DI23-7
Removed Pin From Net: NetName=-5V_1 Pin=U1_DI24-2
Removed Pin From Net: NetName=GND_1 Pin=U1_DI24-3
Removed Pin From Net: NetName=+5V_1 Pin=U1_DI24-7
Removed Pin From Net: NetName=-5V_1 Pin=U1_DI25-2
Removed Pin From Net: NetName=GND_1 Pin=U1_DI25-3
Removed Pin From Net: NetName=+5V_1 Pin=U1_DI25-7
Removed Pin From Net: NetName=-5V_1 Pin=U1_DI26-2
Removed Pin From Net: NetName=GND_1 Pin=U1_DI26-3
Removed Pin From Net: NetName=+5V_1 Pin=U1_DI26-7
Removed Pin From Net: NetName=-5V_1 Pin=U1_DI27-2
Removed Pin From Net: NetName=GND_1 Pin=U1_DI27-3
Removed Pin From Net: NetName=+5V_1 Pin=U1_DI27-7
Removed Pin From Net: NetName=-5V_1 Pin=U1_DI28-2
Removed Pin From Net: NetName=GND_1 Pin=U1_DI28-3
Removed Pin From Net: NetName=+5V_1 Pin=U1_DI28-7
Removed Pin From Net: NetName=-5V_1 Pin=U1_DI29-2
Removed Pin From Net: NetName=GND_1 Pin=U1_DI29-3
Removed Pin From Net: NetName=+5V_1 Pin=U1_DI29-7
Removed Pin From Net: NetName=-5V_1 Pin=U1_DI30-2
Removed Pin From Net: NetName=GND_1 Pin=U1_DI30-3
Removed Pin From Net: NetName=+5V_1 Pin=U1_DI30-7
Removed Pin From Net: NetName=-5V_1 Pin=U1_DI31-2
Removed Pin From Net: NetName=GND_1 Pin=U1_DI31-3
Removed Pin From Net: NetName=+5V_1 Pin=U1_DI31-7
Removed Pin From Net: NetName=-5V_1 Pin=U1_DI32-2
Removed Pin From Net: NetName=GND_1 Pin=U1_DI32-3
Removed Pin From Net: NetName=+5V_1 Pin=U1_DI32-7
Change Net Name : Old Net Name=NetC9_DI1_2 New Net Name=OUT1
Change Net Name : Old Net Name=NetC9_DI2_2 New Net Name=OUT2
Added Class: Name=CH[1..2]
Added Class: Name=CL[1..2]
Added Class: Name=OUT[1..2]
