Removed Pin From Net: NetName=GND_0 Pin=C42-1
Removed Pin From Net: NetName=6V_0 Pin=C42-2
Removed Pin From Net: NetName=GND_1 Pin=C58-1
Removed Pin From Net: NetName=5V_0 Pin=C62-1
Removed Pin From Net: NetName=GND_0 Pin=C62-2
Removed Pin From Net: NetName=NetR35_1 Pin=R35-1
Removed Pin From Net: NetName=GND_1 Pin=R35-2
Change Component Designator: OldDesignator=C59 NewDesignator=C58
Change Component Designator: OldDesignator=C60 NewDesignator=C59
Change Component Designator: OldDesignator=C61 NewDesignator=C60
Change Component Designator: OldDesignator=C63 NewDesignator=C62
Added Component: Designator=C42(SMD-EC-F8)
Added Component: Designator=C61(0805C)
Added Component: Designator=C63(3216)
Added Component: Designator=C64(3216)
Added Component: Designator=C65(0805C)
Added Component: Designator=C66(0805C)
Added Component: Designator=R35(0805R)
Added Component: Designator=R36(0805R)
Added Pin To Net: NetName=GND_0 Pin=C42-1
Added Pin To Net: NetName=6V_0 Pin=C42-2
Added Pin To Net: NetName=5V_0 Pin=C61-1
Added Pin To Net: NetName=GND_0 Pin=C61-2
Added Pin To Net: NetName=GND_1 Pin=C63-2
Added Pin To Net: NetName=DVCC_1 Pin=C64-1
Added Pin To Net: NetName=GND_1 Pin=C64-2
Added Pin To Net: NetName=GND_1 Pin=C65-2
Added Pin To Net: NetName=GND_1 Pin=C66-2
Added Pin To Net: NetName=NetR35_1 Pin=R35-1
Added Pin To Net: NetName=GND_1 Pin=R35-2
Added Pin To Net: NetName=DVCC_1 Pin=R36-2
Added Pin To Net: NetName=DVCC_1 Pin=U15-18
Change Net Name : Old Net Name=NetC59_1 New Net Name=NetC58_1
Added Pin To Net: NetName=NetC63_1 Pin=C63-1
Added Pin To Net: NetName=NetC63_1 Pin=C65-1
Added Pin To Net: NetName=NetC63_1 Pin=C66-1
Added Pin To Net: NetName=NetC63_1 Pin=R36-1
Added Net: Name=NetC63_1
Added Member To Class: ClassName=U_电源 Member=Component C42 Cap Pol1
Added Member To Class: ClassName=U_电源 Member=Component C61 Cap
Added Member To Class: ClassName=U_电源 Member=Component C63 Cap Pol1
Added Member To Class: ClassName=U_电源 Member=Component C64 Cap Pol1
Added Member To Class: ClassName=U_电源 Member=Component C65 1uF
Added Member To Class: ClassName=U_电源 Member=Component C66 1uF
Added Member To Class: ClassName=U_电源 Member=Component R35 Res2
Added Member To Class: ClassName=U_电源 Member=Component R36 Res2
Added Room: Name=U_电池电压检测
Added Room: Name=U_电源
