Removed Pin From Net: NetName=CONV_1 Pin=A1-4
Removed Pin From Net: NetName=REST_1 Pin=A1-6
Removed Pin From Net: NetName=BUSY_1 Pin=A1-8
Removed Pin From Net: NetName=CLK_1 Pin=A2-2
Removed Pin From Net: NetName=DO_1 Pin=A2-4
Removed Pin From Net: NetName=DI_1 Pin=A2-6
Removed Pin From Net: NetName=CS_1 Pin=A2-8
Removed Pin From Net: NetName=DGND_2 Pin=C151-1
Removed Pin From Net: NetName=+6V_2 Pin=C151-2
Removed Pin From Net: NetName=CS_2 Pin=R112-1
Removed Pin From Net: NetName=5V_0 Pin=U22-1
Removed Pin From Net: NetName=GND Pin=U22-2
Removed Pin From Net: NetName=GND Pin=U22-8
Removed Pin From Net: NetName=DGND_2 Pin=U22-9
Removed Pin From Net: NetName=+6V_2 Pin=U22-10
Removed Pin From Net: NetName=DGND_2 Pin=U22-15
Removed Pin From Net: NetName=+6V_2 Pin=U22-16
Removed Pin From Net: NetName=5V_0 Pin=U28-1
Removed Pin From Net: NetName=GND Pin=U28-2
Removed Pin From Net: NetName=DGND_2 Pin=U28-11
Removed Pin From Net: NetName=DGND_2 Pin=U28-19
Removed Pin From Net: NetName=+6V_2 Pin=U28-20
Removed Member From Class: ClassName=U_模拟量输入输出 Member=A1
Removed Member From Class: ClassName=U_模拟量输入输出 Member=A2
Removed Member From Class: ClassName=U_模拟量输入输出 Member=C151
Removed Member From Class: ClassName=U_模拟量输入输出 Member=R112
Removed Member From Class: ClassName=U_模拟量输入输出 Member=U22
Removed Member From Class: ClassName=U_模拟量输入输出 Member=U28
Added Pin To Net: NetName=CONV_1 Pin=A4-4
Added Pin To Net: NetName=REST_1 Pin=A4-6
Added Pin To Net: NetName=BUSY_1 Pin=A4-8
Added Pin To Net: NetName=CLK_1 Pin=A17-2
Added Pin To Net: NetName=DO_1 Pin=A17-4
Added Pin To Net: NetName=DI_1 Pin=A17-6
Added Pin To Net: NetName=CS_1 Pin=A17-8
Added Pin To Net: NetName=CS_2 Pin=R130-1
