Removed Pin From Net: NetName=CH1 Pin=C2_DI1-1
Removed Pin From Net: NetName=CH2 Pin=C2_DI2-1
Removed Pin From Net: NetName=CH3 Pin=C2_DI3-1
Removed Pin From Net: NetName=CH4 Pin=C2_DI4-1
Removed Pin From Net: NetName=CH5 Pin=C2_DI5-1
Removed Pin From Net: NetName=CH6 Pin=C2_DI6-1
Removed Pin From Net: NetName=CH7 Pin=C2_DI7-1
Removed Pin From Net: NetName=CH8 Pin=C2_DI8-1
Removed Pin From Net: NetName=CH9 Pin=C2_DI9-1
Removed Pin From Net: NetName=CH10 Pin=C2_DI10-1
Removed Pin From Net: NetName=CH11 Pin=C2_DI11-1
Removed Pin From Net: NetName=CH12 Pin=C2_DI12-1
Removed Pin From Net: NetName=CH13 Pin=C2_DI13-1
Removed Pin From Net: NetName=CH14 Pin=C2_DI14-1
Removed Pin From Net: NetName=CH15 Pin=C2_DI15-1
Removed Pin From Net: NetName=CH16 Pin=C2_DI16-1
Removed Pin From Net: NetName=CH17 Pin=C2_DI17-1
Removed Pin From Net: NetName=CH18 Pin=C2_DI18-1
Removed Pin From Net: NetName=CH19 Pin=C2_DI19-1
Removed Pin From Net: NetName=CH20 Pin=C2_DI20-1
Removed Pin From Net: NetName=CH21 Pin=C2_DI21-1
Removed Pin From Net: NetName=CH22 Pin=C2_DI22-1
Removed Pin From Net: NetName=CH23 Pin=C2_DI23-1
Removed Pin From Net: NetName=CH24 Pin=C2_DI24-1
Removed Pin From Net: NetName=CH25 Pin=C2_DI25-1
Removed Pin From Net: NetName=CH26 Pin=C2_DI26-1
Removed Pin From Net: NetName=CH27 Pin=C2_DI27-1
Removed Pin From Net: NetName=CH28 Pin=C2_DI28-1
Removed Pin From Net: NetName=CH29 Pin=C2_DI29-1
Removed Pin From Net: NetName=CH30 Pin=C2_DI30-1
Removed Pin From Net: NetName=CH31 Pin=C2_DI31-1
Removed Pin From Net: NetName=CH32 Pin=C2_DI32-1
Removed Pin From Net: NetName=CH1 Pin=R3_DI1-2
Removed Pin From Net: NetName=CH2 Pin=R3_DI2-2
Removed Pin From Net: NetName=CH3 Pin=R3_DI3-2
Removed Pin From Net: NetName=CH4 Pin=R3_DI4-2
Removed Pin From Net: NetName=CH5 Pin=R3_DI5-2
Removed Pin From Net: NetName=CH6 Pin=R3_DI6-2
Removed Pin From Net: NetName=CH7 Pin=R3_DI7-2
Removed Pin From Net: NetName=CH8 Pin=R3_DI8-2
Removed Pin From Net: NetName=CH9 Pin=R3_DI9-2
Removed Pin From Net: NetName=CH10 Pin=R3_DI10-2
Removed Pin From Net: NetName=CH11 Pin=R3_DI11-2
Removed Pin From Net: NetName=CH12 Pin=R3_DI12-2
Removed Pin From Net: NetName=CH13 Pin=R3_DI13-2
Removed Pin From Net: NetName=CH14 Pin=R3_DI14-2
Removed Pin From Net: NetName=CH15 Pin=R3_DI15-2
Removed Pin From Net: NetName=CH16 Pin=R3_DI16-2
Removed Pin From Net: NetName=CH17 Pin=R3_DI17-2
Removed Pin From Net: NetName=CH18 Pin=R3_DI18-2
Removed Pin From Net: NetName=CH19 Pin=R3_DI19-2
Removed Pin From Net: NetName=CH20 Pin=R3_DI20-2
Removed Pin From Net: NetName=CH21 Pin=R3_DI21-2
Removed Pin From Net: NetName=CH22 Pin=R3_DI22-2
Removed Pin From Net: NetName=CH23 Pin=R3_DI23-2
Removed Pin From Net: NetName=CH24 Pin=R3_DI24-2
Removed Pin From Net: NetName=CH25 Pin=R3_DI25-2
Removed Pin From Net: NetName=CH26 Pin=R3_DI26-2
Removed Pin From Net: NetName=CH27 Pin=R3_DI27-2
Removed Pin From Net: NetName=CH28 Pin=R3_DI28-2
Removed Pin From Net: NetName=CH29 Pin=R3_DI29-2
Removed Pin From Net: NetName=CH30 Pin=R3_DI30-2
Removed Pin From Net: NetName=CH31 Pin=R3_DI31-2
Removed Pin From Net: NetName=CH32 Pin=R3_DI32-2
Added Pin To Net: NetName=CL1 Pin=C2_DI1-1
Added Pin To Net: NetName=CH1 Pin=C2_DI2-1
Added Pin To Net: NetName=CH2 Pin=C2_DI3-1
Added Pin To Net: NetName=CH3 Pin=C2_DI4-1
Added Pin To Net: NetName=CH4 Pin=C2_DI5-1
Added Pin To Net: NetName=CH5 Pin=C2_DI6-1
Added Pin To Net: NetName=CH6 Pin=C2_DI7-1
Added Pin To Net: NetName=CH7 Pin=C2_DI8-1
Added Pin To Net: NetName=CH8 Pin=C2_DI9-1
Added Pin To Net: NetName=CH9 Pin=C2_DI10-1
Added Pin To Net: NetName=CH10 Pin=C2_DI11-1
Added Pin To Net: NetName=CH11 Pin=C2_DI12-1
Added Pin To Net: NetName=CH12 Pin=C2_DI13-1
Added Pin To Net: NetName=CH13 Pin=C2_DI14-1
Added Pin To Net: NetName=CH14 Pin=C2_DI15-1
Added Pin To Net: NetName=CH15 Pin=C2_DI16-1
Added Pin To Net: NetName=CH16 Pin=C2_DI17-1
Added Pin To Net: NetName=CH17 Pin=C2_DI18-1
Added Pin To Net: NetName=CH18 Pin=C2_DI19-1
Added Pin To Net: NetName=CH19 Pin=C2_DI20-1
Added Pin To Net: NetName=CH20 Pin=C2_DI21-1
Added Pin To Net: NetName=CH21 Pin=C2_DI22-1
Added Pin To Net: NetName=CH22 Pin=C2_DI23-1
Added Pin To Net: NetName=CH23 Pin=C2_DI24-1
Added Pin To Net: NetName=CH24 Pin=C2_DI25-1
Added Pin To Net: NetName=CH25 Pin=C2_DI26-1
Added Pin To Net: NetName=CH26 Pin=C2_DI27-1
Added Pin To Net: NetName=CH27 Pin=C2_DI28-1
Added Pin To Net: NetName=CH28 Pin=C2_DI29-1
Added Pin To Net: NetName=CH29 Pin=C2_DI30-1
Added Pin To Net: NetName=CH30 Pin=C2_DI31-1
Added Pin To Net: NetName=CH31 Pin=C2_DI32-1
Added Pin To Net: NetName=CL1 Pin=R3_DI1-2
Added Pin To Net: NetName=CH1 Pin=R3_DI2-2
Added Pin To Net: NetName=CH2 Pin=R3_DI3-2
Added Pin To Net: NetName=CH3 Pin=R3_DI4-2
Added Pin To Net: NetName=CH4 Pin=R3_DI5-2
Added Pin To Net: NetName=CH5 Pin=R3_DI6-2
Added Pin To Net: NetName=CH6 Pin=R3_DI7-2
Added Pin To Net: NetName=CH7 Pin=R3_DI8-2
Added Pin To Net: NetName=CH8 Pin=R3_DI9-2
Added Pin To Net: NetName=CH9 Pin=R3_DI10-2
Added Pin To Net: NetName=CH10 Pin=R3_DI11-2
Added Pin To Net: NetName=CH11 Pin=R3_DI12-2
Added Pin To Net: NetName=CH12 Pin=R3_DI13-2
Added Pin To Net: NetName=CH13 Pin=R3_DI14-2
Added Pin To Net: NetName=CH14 Pin=R3_DI15-2
Added Pin To Net: NetName=CH15 Pin=R3_DI16-2
Added Pin To Net: NetName=CH16 Pin=R3_DI17-2
Added Pin To Net: NetName=CH17 Pin=R3_DI18-2
Added Pin To Net: NetName=CH18 Pin=R3_DI19-2
Added Pin To Net: NetName=CH19 Pin=R3_DI20-2
Added Pin To Net: NetName=CH20 Pin=R3_DI21-2
Added Pin To Net: NetName=CH21 Pin=R3_DI22-2
Added Pin To Net: NetName=CH22 Pin=R3_DI23-2
Added Pin To Net: NetName=CH23 Pin=R3_DI24-2
Added Pin To Net: NetName=CH24 Pin=R3_DI25-2
Added Pin To Net: NetName=CH25 Pin=R3_DI26-2
Added Pin To Net: NetName=CH26 Pin=R3_DI27-2
Added Pin To Net: NetName=CH27 Pin=R3_DI28-2
Added Pin To Net: NetName=CH28 Pin=R3_DI29-2
Added Pin To Net: NetName=CH29 Pin=R3_DI30-2
Added Pin To Net: NetName=CH30 Pin=R3_DI31-2
Added Pin To Net: NetName=CH31 Pin=R3_DI32-2
