Removed Pin From Net: NetName=NetA9_1 Pin=DB1-1
Removed Pin From Net: NetName=NetA9_5 Pin=DB1-2
Removed Pin From Net: NetName=NetA10_1 Pin=DB1-3
Removed Pin From Net: NetName=NetA10_5 Pin=DB1-4
Removed Pin From Net: NetName=NetA11_1 Pin=DB1-5
Removed Pin From Net: NetName=NetA11_5 Pin=DB1-6
Removed Pin From Net: NetName=NetA12_1 Pin=DB1-7
Removed Pin From Net: NetName=NetA12_5 Pin=DB1-8
Removed Pin From Net: NetName=NetA13_1 Pin=DB1-9
Removed Pin From Net: NetName=NetA13_5 Pin=DB1-10
Removed Pin From Net: NetName=NetA14_1 Pin=DB1-11
Removed Pin From Net: NetName=NetA14_5 Pin=DB1-12
Removed Pin From Net: NetName=NetA15_1 Pin=DB1-13
Removed Pin From Net: NetName=NetA15_5 Pin=DB1-14
Removed Pin From Net: NetName=NetA16_1 Pin=DB1-15
Removed Pin From Net: NetName=NetA16_5 Pin=DB1-16
Removed Pin From Net: NetName=NetA9_3 Pin=DB1-20
Removed Pin From Net: NetName=NetA9_7 Pin=DB1-21
Removed Pin From Net: NetName=NetA10_3 Pin=DB1-22
Removed Pin From Net: NetName=NetA10_7 Pin=DB1-23
Removed Pin From Net: NetName=NetA11_3 Pin=DB1-24
Removed Pin From Net: NetName=NetA11_7 Pin=DB1-25
Removed Pin From Net: NetName=NetA12_3 Pin=DB1-26
Removed Pin From Net: NetName=NetA12_7 Pin=DB1-27
Removed Pin From Net: NetName=NetA13_3 Pin=DB1-28
Removed Pin From Net: NetName=NetA13_7 Pin=DB1-29
Removed Pin From Net: NetName=NetA14_3 Pin=DB1-30
Removed Pin From Net: NetName=NetA14_7 Pin=DB1-31
Removed Pin From Net: NetName=NetA15_3 Pin=DB1-32
Removed Pin From Net: NetName=NetA15_7 Pin=DB1-33
Removed Pin From Net: NetName=NetA16_3 Pin=DB1-34
Removed Pin From Net: NetName=NetA16_7 Pin=DB1-35
Added Pin To Net: NetName=NetA9_1 Pin=DB1-2
Added Pin To Net: NetName=NetA9_5 Pin=DB1-3
Added Pin To Net: NetName=NetA10_1 Pin=DB1-4
Added Pin To Net: NetName=NetA10_5 Pin=DB1-5
Added Pin To Net: NetName=NetA11_1 Pin=DB1-6
Added Pin To Net: NetName=NetA11_5 Pin=DB1-7
Added Pin To Net: NetName=NetA12_1 Pin=DB1-8
Added Pin To Net: NetName=NetA12_5 Pin=DB1-9
Added Pin To Net: NetName=NetA13_1 Pin=DB1-10
Added Pin To Net: NetName=NetA13_5 Pin=DB1-11
Added Pin To Net: NetName=NetA14_1 Pin=DB1-12
Added Pin To Net: NetName=NetA14_5 Pin=DB1-13
Added Pin To Net: NetName=NetA15_1 Pin=DB1-14
Added Pin To Net: NetName=NetA15_5 Pin=DB1-15
Added Pin To Net: NetName=NetA16_1 Pin=DB1-16
Added Pin To Net: NetName=NetA16_5 Pin=DB1-17
Added Pin To Net: NetName=NetA9_3 Pin=DB1-21
Added Pin To Net: NetName=NetA9_7 Pin=DB1-22
Added Pin To Net: NetName=NetA10_3 Pin=DB1-23
Added Pin To Net: NetName=NetA10_7 Pin=DB1-24
Added Pin To Net: NetName=NetA11_3 Pin=DB1-25
Added Pin To Net: NetName=NetA11_7 Pin=DB1-26
Added Pin To Net: NetName=NetA12_3 Pin=DB1-27
Added Pin To Net: NetName=NetA12_7 Pin=DB1-28
Added Pin To Net: NetName=NetA13_3 Pin=DB1-29
Added Pin To Net: NetName=NetA13_7 Pin=DB1-30
Added Pin To Net: NetName=NetA14_3 Pin=DB1-31
Added Pin To Net: NetName=NetA14_7 Pin=DB1-32
Added Pin To Net: NetName=NetA15_3 Pin=DB1-33
Added Pin To Net: NetName=NetA15_7 Pin=DB1-34
Added Pin To Net: NetName=NetA16_3 Pin=DB1-35
Added Pin To Net: NetName=NetA16_7 Pin=DB1-36
Added Pin To Net: NetName=NetDB1_18 Pin=DB1-18
Added Pin To Net: NetName=NetDB1_18 Pin=R118-2
Added Net: Name=NetDB1_18
Added Room: Name=U_数字部分
Added Room: Name=U_模拟量输入输出
Added Room: Name=U_电池电压检测
Added Room: Name=U_电源
Added Room: Name=采集卡
