Removed Pin From Net: NetName=GND_0 Pin=C42-1
Removed Pin From Net: NetName=6V_0 Pin=C42-2
Removed Pin From Net: NetName=GND_1 Pin=C58-2
Removed Pin From Net: NetName=-5V_1 Pin=C59-1
Removed Pin From Net: NetName=GND_1 Pin=C59-2
Removed Pin From Net: NetName=5V_0 Pin=C61-1
Removed Pin From Net: NetName=GND_0 Pin=C61-2
Removed Pin From Net: NetName=NetR35_1 Pin=R35-1
Removed Pin From Net: NetName=GND_1 Pin=R35-2
Change Component DesignItemId : Designator=C58 Old DesignItemId=Cap Pol1 New DesignItemId=Cap
Change Component DesignItemId : Designator=C59 Old DesignItemId=Cap Pol1 New DesignItemId=Cap
Change Component Footprint: Designator=C58 Old Footprint=3216 New Footprint=0805C
Change Component Footprint: Designator=C59 Old Footprint=3216 New Footprint=0805C
Change Component Comment : Designator=C58 Old Comment=Cap Pol1 New Comment=Cap
Change Component Comment : Designator=C59 Old Comment=Cap Pol1 New Comment=Cap
Change Component Designator: OldDesignator=C60 NewDesignator=C62
Change Component Designator: OldDesignator=C62 NewDesignator=C64
Change Component Designator: OldDesignator=C63 NewDesignator=C65
Change Component Designator: OldDesignator=C64 NewDesignator=C66
Change Component Designator: OldDesignator=C65 NewDesignator=C67
Change Component Designator: OldDesignator=C66 NewDesignator=C68
Added Component: Designator=C42(SMD-EC-F8)
Added Component: Designator=C60(3216)
Added Component: Designator=C61(3216)
Added Component: Designator=C63(0805C)
Added Component: Designator=R35(0805R)
Added Pin To Net: NetName=GND_0 Pin=C42-1
Added Pin To Net: NetName=6V_0 Pin=C42-2
Added Pin To Net: NetName=5V_0 Pin=C58-1
Added Pin To Net: NetName=GND_0 Pin=C58-2
Added Pin To Net: NetName=5V_0 Pin=C59-1
Added Pin To Net: NetName=GND_0 Pin=C59-2
Added Pin To Net: NetName=GND_1 Pin=C60-2
Added Pin To Net: NetName=-5V_1 Pin=C61-1
Added Pin To Net: NetName=GND_1 Pin=C61-2
Added Pin To Net: NetName=5V_0 Pin=C63-1
Added Pin To Net: NetName=GND_0 Pin=C63-2
Added Pin To Net: NetName=NetR35_1 Pin=R35-1
Added Pin To Net: NetName=GND_1 Pin=R35-2
Change Net Name : Old Net Name=NetC64_1 New Net Name=NetC66_1
Added Pin To Net: NetName=NetC60_1 Pin=C60-1
Added Pin To Net: NetName=NetC60_1 Pin=R33-1
Added Pin To Net: NetName=NetC60_1 Pin=U16-5
Added Net: Name=NetC60_1
Added Member To Class: ClassName=U_电源 Member=Component C42 Cap Pol1
Added Member To Class: ClassName=U_电源 Member=Component C61 Cap Pol1
Added Member To Class: ClassName=U_电源 Member=Component C67 1uF
Added Member To Class: ClassName=U_电源 Member=Component C68 1uF
Added Member To Class: ClassName=U_电源 Member=Component R35 Res2
Added Room: Name=U_电源
