Change Component Designator: OldDesignator=C3 NewDesignator=C5
Change Component Designator: OldDesignator=C4 NewDesignator=C6
Change Component Designator: OldDesignator=C5 NewDesignator=C7
Change Component Designator: OldDesignator=C6 NewDesignator=C8
Change Component Designator: OldDesignator=C7 NewDesignator=C11
Change Component Designator: OldDesignator=C8 NewDesignator=C12
Change Component Designator: OldDesignator=C9 NewDesignator=C15
Change Component Designator: OldDesignator=C10 NewDesignator=C16
Change Component Designator: OldDesignator=C11 NewDesignator=C19
Change Component Designator: OldDesignator=C12 NewDesignator=C20
Change Component Designator: OldDesignator=C13 NewDesignator=C25
Change Component Designator: OldDesignator=C14 NewDesignator=C26
Change Component Designator: OldDesignator=C15 NewDesignator=C23
Change Component Designator: OldDesignator=C16 NewDesignator=C24
Change Component Designator: OldDesignator=C17 NewDesignator=C29
Change Component Designator: OldDesignator=C18 NewDesignator=C30
Change Component Designator: OldDesignator=C19 NewDesignator=C33
Change Component Designator: OldDesignator=C20 NewDesignator=C34
Change Component Designator: OldDesignator=C21 NewDesignator=C37
Change Component Designator: OldDesignator=C22 NewDesignator=C38
Change Component Designator: OldDesignator=C23 NewDesignator=C41
Change Component Designator: OldDesignator=C24 NewDesignator=C42
Change Component Designator: OldDesignator=C25 NewDesignator=C43
Change Component Designator: OldDesignator=C26 NewDesignator=C44
Change Component Designator: OldDesignator=C27 NewDesignator=C45
Change Component Designator: OldDesignator=C28 NewDesignator=C46
Change Component Designator: OldDesignator=C29 NewDesignator=C51
Change Component Designator: OldDesignator=C30 NewDesignator=C52
Change Component Designator: OldDesignator=C31 NewDesignator=C49
Change Component Designator: OldDesignator=C32 NewDesignator=C50
Change Component Designator: OldDesignator=C33 NewDesignator=C55
Change Component Designator: OldDesignator=C34 NewDesignator=C56
Change Component Designator: OldDesignator=C35 NewDesignator=C59
Change Component Designator: OldDesignator=C36 NewDesignator=C60
Change Component Designator: OldDesignator=C37 NewDesignator=C63
Change Component Designator: OldDesignator=C38 NewDesignator=C64
Change Component Designator: OldDesignator=C39 NewDesignator=C69
Change Component Designator: OldDesignator=C40 NewDesignator=C70
Change Component Designator: OldDesignator=C41 NewDesignator=C67
Change Component Designator: OldDesignator=C42 NewDesignator=C68
Change Component Designator: OldDesignator=C43 NewDesignator=C73
Change Component Designator: OldDesignator=C44 NewDesignator=C74
Change Component Designator: OldDesignator=C45 NewDesignator=C75
Change Component Designator: OldDesignator=C46 NewDesignator=C76
Change Component Designator: OldDesignator=C47 NewDesignator=C77
Change Component Designator: OldDesignator=C48 NewDesignator=C78
Change Component Designator: OldDesignator=C49_DI1 NewDesignator=C81_DI1
Change Component Designator: OldDesignator=C49_DI2 NewDesignator=C81_DI2
Change Component Designator: OldDesignator=C49_DI3 NewDesignator=C81_DI3
Change Component Designator: OldDesignator=C49_DI4 NewDesignator=C81_DI4
Change Component Designator: OldDesignator=C49_DI5 NewDesignator=C81_DI5
Change Component Designator: OldDesignator=C49_DI6 NewDesignator=C81_DI6
Change Component Designator: OldDesignator=C49_DI7 NewDesignator=C81_DI7
Change Component Designator: OldDesignator=C49_DI8 NewDesignator=C81_DI8
Change Component Designator: OldDesignator=C49_DI9 NewDesignator=C81_DI9
Change Component Designator: OldDesignator=C49_DI10 NewDesignator=C81_DI10
Change Component Designator: OldDesignator=C49_DI11 NewDesignator=C81_DI11
Change Component Designator: OldDesignator=C49_DI12 NewDesignator=C81_DI12
Change Component Designator: OldDesignator=C49_DI13 NewDesignator=C81_DI13
Change Component Designator: OldDesignator=C49_DI14 NewDesignator=C81_DI14
Change Component Designator: OldDesignator=C49_DI15 NewDesignator=C81_DI15
Change Component Designator: OldDesignator=C49_DI16 NewDesignator=C81_DI16
Change Component Designator: OldDesignator=C50_DI1 NewDesignator=C82_DI1
Change Component Designator: OldDesignator=C50_DI2 NewDesignator=C82_DI2
Change Component Designator: OldDesignator=C50_DI3 NewDesignator=C82_DI3
Change Component Designator: OldDesignator=C50_DI4 NewDesignator=C82_DI4
Change Component Designator: OldDesignator=C50_DI5 NewDesignator=C82_DI5
Change Component Designator: OldDesignator=C50_DI6 NewDesignator=C82_DI6
Change Component Designator: OldDesignator=C50_DI7 NewDesignator=C82_DI7
Change Component Designator: OldDesignator=C50_DI8 NewDesignator=C82_DI8
Change Component Designator: OldDesignator=C50_DI9 NewDesignator=C82_DI9
Change Component Designator: OldDesignator=C50_DI10 NewDesignator=C82_DI10
Change Component Designator: OldDesignator=C50_DI11 NewDesignator=C82_DI11
Change Component Designator: OldDesignator=C50_DI12 NewDesignator=C82_DI12
Change Component Designator: OldDesignator=C50_DI13 NewDesignator=C82_DI13
Change Component Designator: OldDesignator=C50_DI14 NewDesignator=C82_DI14
Change Component Designator: OldDesignator=C50_DI15 NewDesignator=C82_DI15
Change Component Designator: OldDesignator=C50_DI16 NewDesignator=C82_DI16
Change Component Designator: OldDesignator=C51_DI1 NewDesignator=C83_DI1
Change Component Designator: OldDesignator=C51_DI2 NewDesignator=C83_DI2
Change Component Designator: OldDesignator=C51_DI3 NewDesignator=C83_DI3
Change Component Designator: OldDesignator=C51_DI4 NewDesignator=C83_DI4
Change Component Designator: OldDesignator=C51_DI5 NewDesignator=C83_DI5
Change Component Designator: OldDesignator=C51_DI6 NewDesignator=C83_DI6
Change Component Designator: OldDesignator=C51_DI7 NewDesignator=C83_DI7
Change Component Designator: OldDesignator=C51_DI8 NewDesignator=C83_DI8
Change Component Designator: OldDesignator=C51_DI9 NewDesignator=C83_DI9
Change Component Designator: OldDesignator=C51_DI10 NewDesignator=C83_DI10
Change Component Designator: OldDesignator=C51_DI11 NewDesignator=C83_DI11
Change Component Designator: OldDesignator=C51_DI12 NewDesignator=C83_DI12
Change Component Designator: OldDesignator=C51_DI13 NewDesignator=C83_DI13
Change Component Designator: OldDesignator=C51_DI14 NewDesignator=C83_DI14
Change Component Designator: OldDesignator=C51_DI15 NewDesignator=C83_DI15
Change Component Designator: OldDesignator=C51_DI16 NewDesignator=C83_DI16
Change Component Designator: OldDesignator=C52_DI1 NewDesignator=C84_DI1
Change Component Designator: OldDesignator=C52_DI2 NewDesignator=C84_DI2
Change Component Designator: OldDesignator=C52_DI3 NewDesignator=C84_DI3
Change Component Designator: OldDesignator=C52_DI4 NewDesignator=C84_DI4
Change Component Designator: OldDesignator=C52_DI5 NewDesignator=C84_DI5
Change Component Designator: OldDesignator=C52_DI6 NewDesignator=C84_DI6
Change Component Designator: OldDesignator=C52_DI7 NewDesignator=C84_DI7
Change Component Designator: OldDesignator=C52_DI8 NewDesignator=C84_DI8
Change Component Designator: OldDesignator=C52_DI9 NewDesignator=C84_DI9
Change Component Designator: OldDesignator=C52_DI10 NewDesignator=C84_DI10
Change Component Designator: OldDesignator=C52_DI11 NewDesignator=C84_DI11
Change Component Designator: OldDesignator=C52_DI12 NewDesignator=C84_DI12
Change Component Designator: OldDesignator=C52_DI13 NewDesignator=C84_DI13
Change Component Designator: OldDesignator=C52_DI14 NewDesignator=C84_DI14
Change Component Designator: OldDesignator=C52_DI15 NewDesignator=C84_DI15
Change Component Designator: OldDesignator=C52_DI16 NewDesignator=C84_DI16
Change Component Designator: OldDesignator=C53_DI1 NewDesignator=C85_DI1
Change Component Designator: OldDesignator=C53_DI2 NewDesignator=C85_DI2
Change Component Designator: OldDesignator=C53_DI3 NewDesignator=C85_DI3
Change Component Designator: OldDesignator=C53_DI4 NewDesignator=C85_DI4
Change Component Designator: OldDesignator=C53_DI5 NewDesignator=C85_DI5
Change Component Designator: OldDesignator=C53_DI6 NewDesignator=C85_DI6
Change Component Designator: OldDesignator=C53_DI7 NewDesignator=C85_DI7
Change Component Designator: OldDesignator=C53_DI8 NewDesignator=C85_DI8
Change Component Designator: OldDesignator=C53_DI9 NewDesignator=C85_DI9
Change Component Designator: OldDesignator=C53_DI10 NewDesignator=C85_DI10
Change Component Designator: OldDesignator=C53_DI11 NewDesignator=C85_DI11
Change Component Designator: OldDesignator=C53_DI12 NewDesignator=C85_DI12
Change Component Designator: OldDesignator=C53_DI13 NewDesignator=C85_DI13
Change Component Designator: OldDesignator=C53_DI14 NewDesignator=C85_DI14
Change Component Designator: OldDesignator=C53_DI15 NewDesignator=C85_DI15
Change Component Designator: OldDesignator=C53_DI16 NewDesignator=C85_DI16
Change Component Designator: OldDesignator=C54_DI1 NewDesignator=C86_DI1
Change Component Designator: OldDesignator=C54_DI2 NewDesignator=C86_DI2
Change Component Designator: OldDesignator=C54_DI3 NewDesignator=C86_DI3
Change Component Designator: OldDesignator=C54_DI4 NewDesignator=C86_DI4
Change Component Designator: OldDesignator=C54_DI5 NewDesignator=C86_DI5
Change Component Designator: OldDesignator=C54_DI6 NewDesignator=C86_DI6
Change Component Designator: OldDesignator=C54_DI7 NewDesignator=C86_DI7
Change Component Designator: OldDesignator=C54_DI8 NewDesignator=C86_DI8
Change Component Designator: OldDesignator=C54_DI9 NewDesignator=C86_DI9
Change Component Designator: OldDesignator=C54_DI10 NewDesignator=C86_DI10
Change Component Designator: OldDesignator=C54_DI11 NewDesignator=C86_DI11
Change Component Designator: OldDesignator=C54_DI12 NewDesignator=C86_DI12
Change Component Designator: OldDesignator=C54_DI13 NewDesignator=C86_DI13
Change Component Designator: OldDesignator=C54_DI14 NewDesignator=C86_DI14
Change Component Designator: OldDesignator=C54_DI15 NewDesignator=C86_DI15
Change Component Designator: OldDesignator=C54_DI16 NewDesignator=C86_DI16
Change Component Designator: OldDesignator=C55_DI1 NewDesignator=C87_DI1
Change Component Designator: OldDesignator=C55_DI2 NewDesignator=C87_DI2
Change Component Designator: OldDesignator=C55_DI3 NewDesignator=C87_DI3
Change Component Designator: OldDesignator=C55_DI4 NewDesignator=C87_DI4
Change Component Designator: OldDesignator=C55_DI5 NewDesignator=C87_DI5
Change Component Designator: OldDesignator=C55_DI6 NewDesignator=C87_DI6
Change Component Designator: OldDesignator=C55_DI7 NewDesignator=C87_DI7
Change Component Designator: OldDesignator=C55_DI8 NewDesignator=C87_DI8
Change Component Designator: OldDesignator=C55_DI9 NewDesignator=C87_DI9
Change Component Designator: OldDesignator=C55_DI10 NewDesignator=C87_DI10
Change Component Designator: OldDesignator=C55_DI11 NewDesignator=C87_DI11
Change Component Designator: OldDesignator=C55_DI12 NewDesignator=C87_DI12
Change Component Designator: OldDesignator=C55_DI13 NewDesignator=C87_DI13
Change Component Designator: OldDesignator=C55_DI14 NewDesignator=C87_DI14
Change Component Designator: OldDesignator=C55_DI15 NewDesignator=C87_DI15
Change Component Designator: OldDesignator=C55_DI16 NewDesignator=C87_DI16
Change Component Designator: OldDesignator=C56_DI1 NewDesignator=C88_DI1
Change Component Designator: OldDesignator=C56_DI2 NewDesignator=C88_DI2
Change Component Designator: OldDesignator=C56_DI3 NewDesignator=C88_DI3
Change Component Designator: OldDesignator=C56_DI4 NewDesignator=C88_DI4
Change Component Designator: OldDesignator=C56_DI5 NewDesignator=C88_DI5
Change Component Designator: OldDesignator=C56_DI6 NewDesignator=C88_DI6
Change Component Designator: OldDesignator=C56_DI7 NewDesignator=C88_DI7
Change Component Designator: OldDesignator=C56_DI8 NewDesignator=C88_DI8
Change Component Designator: OldDesignator=C56_DI9 NewDesignator=C88_DI9
Change Component Designator: OldDesignator=C56_DI10 NewDesignator=C88_DI10
Change Component Designator: OldDesignator=C56_DI11 NewDesignator=C88_DI11
Change Component Designator: OldDesignator=C56_DI12 NewDesignator=C88_DI12
Change Component Designator: OldDesignator=C56_DI13 NewDesignator=C88_DI13
Change Component Designator: OldDesignator=C56_DI14 NewDesignator=C88_DI14
Change Component Designator: OldDesignator=C56_DI15 NewDesignator=C88_DI15
Change Component Designator: OldDesignator=C56_DI16 NewDesignator=C88_DI16
Change Component Designator: OldDesignator=C57_DI1 NewDesignator=C89_DI1
Change Component Designator: OldDesignator=C57_DI2 NewDesignator=C89_DI2
Change Component Designator: OldDesignator=C57_DI3 NewDesignator=C89_DI3
Change Component Designator: OldDesignator=C57_DI4 NewDesignator=C89_DI4
Change Component Designator: OldDesignator=C57_DI5 NewDesignator=C89_DI5
Change Component Designator: OldDesignator=C57_DI6 NewDesignator=C89_DI6
Change Component Designator: OldDesignator=C57_DI7 NewDesignator=C89_DI7
Change Component Designator: OldDesignator=C57_DI8 NewDesignator=C89_DI8
Change Component Designator: OldDesignator=C57_DI9 NewDesignator=C89_DI9
Change Component Designator: OldDesignator=C57_DI10 NewDesignator=C89_DI10
Change Component Designator: OldDesignator=C57_DI11 NewDesignator=C89_DI11
Change Component Designator: OldDesignator=C57_DI12 NewDesignator=C89_DI12
Change Component Designator: OldDesignator=C57_DI13 NewDesignator=C89_DI13
Change Component Designator: OldDesignator=C57_DI14 NewDesignator=C89_DI14
Change Component Designator: OldDesignator=C57_DI15 NewDesignator=C89_DI15
Change Component Designator: OldDesignator=C57_DI16 NewDesignator=C89_DI16
Added Component: Designator=C3(0603AC)
Added Component: Designator=C4(0603AC)
Added Component: Designator=C9(0603AC)
Added Component: Designator=C10(0603AC)
Added Component: Designator=C13(0603AC)
Added Component: Designator=C14(0603AC)
Added Component: Designator=C17(0603AC)
Added Component: Designator=C18(0603AC)
Added Component: Designator=C21(0603AC)
Added Component: Designator=C22(0603AC)
Added Component: Designator=C27(0603AC)
Added Component: Designator=C28(0603AC)
Added Component: Designator=C31(0603AC)
Added Component: Designator=C32(0603AC)
Added Component: Designator=C35(0603AC)
Added Component: Designator=C36(0603AC)
Added Component: Designator=C39(0603AC)
Added Component: Designator=C40(0603AC)
Added Component: Designator=C47(0603AC)
Added Component: Designator=C48(0603AC)
Added Component: Designator=C53(0603AC)
Added Component: Designator=C54(0603AC)
Added Component: Designator=C57(0603AC)
Added Component: Designator=C58(0603AC)
Added Component: Designator=C61(0603AC)
Added Component: Designator=C62(0603AC)
Added Component: Designator=C65(0603AC)
Added Component: Designator=C66(0603AC)
Added Component: Designator=C71(0603AC)
Added Component: Designator=C72(0603AC)
Added Component: Designator=C79(0603AC)
Added Component: Designator=C80(0603AC)
Added Pin To Net: NetName=C17 Pin=C3-1
Added Pin To Net: NetName=C16 Pin=C3-2
Added Pin To Net: NetName=C17 Pin=C4-1
Added Pin To Net: NetName=C17 Pin=C4-2
Added Pin To Net: NetName=C17 Pin=C9-1
Added Pin To Net: NetName=C15 Pin=C9-2
Added Pin To Net: NetName=C17 Pin=C10-1
Added Pin To Net: NetName=C18 Pin=C10-2
Added Pin To Net: NetName=C17 Pin=C13-1
Added Pin To Net: NetName=C14 Pin=C13-2
Added Pin To Net: NetName=C17 Pin=C14-1
Added Pin To Net: NetName=C19 Pin=C14-2
Added Pin To Net: NetName=C17 Pin=C17-1
Added Pin To Net: NetName=C13 Pin=C17-2
Added Pin To Net: NetName=C17 Pin=C18-1
Added Pin To Net: NetName=C20 Pin=C18-2
Added Pin To Net: NetName=C17 Pin=C21-1
Added Pin To Net: NetName=C12 Pin=C21-2
Added Pin To Net: NetName=C17 Pin=C22-1
Added Pin To Net: NetName=C21 Pin=C22-2
Added Pin To Net: NetName=C17 Pin=C27-1
Added Pin To Net: NetName=C11 Pin=C27-2
Added Pin To Net: NetName=C17 Pin=C28-1
Added Pin To Net: NetName=C22 Pin=C28-2
Added Pin To Net: NetName=C17 Pin=C31-1
Added Pin To Net: NetName=C10 Pin=C31-2
Added Pin To Net: NetName=C17 Pin=C32-1
Added Pin To Net: NetName=C23 Pin=C32-2
Added Pin To Net: NetName=C17 Pin=C35-1
Added Pin To Net: NetName=C9 Pin=C35-2
Added Pin To Net: NetName=C17 Pin=C36-1
Added Pin To Net: NetName=C24 Pin=C36-2
Added Pin To Net: NetName=C17 Pin=C39-1
Added Pin To Net: NetName=C8 Pin=C39-2
Added Pin To Net: NetName=C17 Pin=C40-1
Added Pin To Net: NetName=C25 Pin=C40-2
Added Pin To Net: NetName=C17 Pin=C47-1
Added Pin To Net: NetName=C7 Pin=C47-2
Added Pin To Net: NetName=C17 Pin=C48-1
Added Pin To Net: NetName=C26 Pin=C48-2
Added Pin To Net: NetName=C17 Pin=C53-1
Added Pin To Net: NetName=C6 Pin=C53-2
Added Pin To Net: NetName=C17 Pin=C54-1
Added Pin To Net: NetName=C27 Pin=C54-2
Added Pin To Net: NetName=C17 Pin=C57-1
Added Pin To Net: NetName=C5 Pin=C57-2
Added Pin To Net: NetName=C17 Pin=C58-1
Added Pin To Net: NetName=C28 Pin=C58-2
Added Pin To Net: NetName=C17 Pin=C61-1
Added Pin To Net: NetName=C4 Pin=C61-2
Added Pin To Net: NetName=C17 Pin=C62-1
Added Pin To Net: NetName=C29 Pin=C62-2
Added Pin To Net: NetName=C17 Pin=C65-1
Added Pin To Net: NetName=C3 Pin=C65-2
Added Pin To Net: NetName=C17 Pin=C66-1
Added Pin To Net: NetName=C30 Pin=C66-2
Added Pin To Net: NetName=C17 Pin=C71-1
Added Pin To Net: NetName=C2 Pin=C71-2
Added Pin To Net: NetName=C17 Pin=C72-1
Added Pin To Net: NetName=C31 Pin=C72-2
Added Pin To Net: NetName=C17 Pin=C79-1
Added Pin To Net: NetName=C1 Pin=C79-2
Added Pin To Net: NetName=C17 Pin=C80-1
Added Pin To Net: NetName=C32 Pin=C80-2
Change Net Name : Old Net Name=NetC49_DI1_1 New Net Name=NetC81_DI1_1
Change Net Name : Old Net Name=NetC49_DI2_1 New Net Name=NetC81_DI2_1
Change Net Name : Old Net Name=NetC49_DI3_1 New Net Name=NetC81_DI3_1
Change Net Name : Old Net Name=NetC49_DI4_1 New Net Name=NetC81_DI4_1
Change Net Name : Old Net Name=NetC49_DI5_1 New Net Name=NetC81_DI5_1
Change Net Name : Old Net Name=NetC49_DI6_1 New Net Name=NetC81_DI6_1
Change Net Name : Old Net Name=NetC49_DI7_1 New Net Name=NetC81_DI7_1
Change Net Name : Old Net Name=NetC49_DI8_1 New Net Name=NetC81_DI8_1
Change Net Name : Old Net Name=NetC49_DI9_1 New Net Name=NetC81_DI9_1
Change Net Name : Old Net Name=NetC49_DI10_1 New Net Name=NetC81_DI10_1
Change Net Name : Old Net Name=NetC49_DI11_1 New Net Name=NetC81_DI11_1
Change Net Name : Old Net Name=NetC49_DI12_1 New Net Name=NetC81_DI12_1
Change Net Name : Old Net Name=NetC49_DI13_1 New Net Name=NetC81_DI13_1
Change Net Name : Old Net Name=NetC49_DI14_1 New Net Name=NetC81_DI14_1
Change Net Name : Old Net Name=NetC49_DI15_1 New Net Name=NetC81_DI15_1
Change Net Name : Old Net Name=NetC49_DI16_1 New Net Name=NetC81_DI16_1
Change Net Name : Old Net Name=NetC51_DI1_1 New Net Name=NetC83_DI1_1
Change Net Name : Old Net Name=NetC51_DI1_2 New Net Name=NetC83_DI1_2
Change Net Name : Old Net Name=NetC51_DI2_1 New Net Name=NetC83_DI2_1
Change Net Name : Old Net Name=NetC51_DI2_2 New Net Name=NetC83_DI2_2
Change Net Name : Old Net Name=NetC51_DI3_1 New Net Name=NetC83_DI3_1
Change Net Name : Old Net Name=NetC51_DI3_2 New Net Name=NetC83_DI3_2
Change Net Name : Old Net Name=NetC51_DI4_1 New Net Name=NetC83_DI4_1
Change Net Name : Old Net Name=NetC51_DI4_2 New Net Name=NetC83_DI4_2
Change Net Name : Old Net Name=NetC51_DI5_1 New Net Name=NetC83_DI5_1
Change Net Name : Old Net Name=NetC51_DI5_2 New Net Name=NetC83_DI5_2
Change Net Name : Old Net Name=NetC51_DI6_1 New Net Name=NetC83_DI6_1
Change Net Name : Old Net Name=NetC51_DI6_2 New Net Name=NetC83_DI6_2
Change Net Name : Old Net Name=NetC51_DI7_1 New Net Name=NetC83_DI7_1
Change Net Name : Old Net Name=NetC51_DI7_2 New Net Name=NetC83_DI7_2
Change Net Name : Old Net Name=NetC51_DI8_1 New Net Name=NetC83_DI8_1
Change Net Name : Old Net Name=NetC51_DI8_2 New Net Name=NetC83_DI8_2
Change Net Name : Old Net Name=NetC51_DI9_1 New Net Name=NetC83_DI9_1
Change Net Name : Old Net Name=NetC51_DI9_2 New Net Name=NetC83_DI9_2
Change Net Name : Old Net Name=NetC51_DI10_1 New Net Name=NetC83_DI10_1
Change Net Name : Old Net Name=NetC51_DI10_2 New Net Name=NetC83_DI10_2
Change Net Name : Old Net Name=NetC51_DI11_1 New Net Name=NetC83_DI11_1
Change Net Name : Old Net Name=NetC51_DI11_2 New Net Name=NetC83_DI11_2
Change Net Name : Old Net Name=NetC51_DI12_1 New Net Name=NetC83_DI12_1
Change Net Name : Old Net Name=NetC51_DI12_2 New Net Name=NetC83_DI12_2
Change Net Name : Old Net Name=NetC51_DI13_1 New Net Name=NetC83_DI13_1
Change Net Name : Old Net Name=NetC51_DI13_2 New Net Name=NetC83_DI13_2
Change Net Name : Old Net Name=NetC51_DI14_1 New Net Name=NetC83_DI14_1
Change Net Name : Old Net Name=NetC51_DI14_2 New Net Name=NetC83_DI14_2
Change Net Name : Old Net Name=NetC51_DI15_1 New Net Name=NetC83_DI15_1
Change Net Name : Old Net Name=NetC51_DI15_2 New Net Name=NetC83_DI15_2
Change Net Name : Old Net Name=NetC51_DI16_1 New Net Name=NetC83_DI16_1
Change Net Name : Old Net Name=NetC51_DI16_2 New Net Name=NetC83_DI16_2
Change Net Name : Old Net Name=NetC52_DI1_1 New Net Name=NetC84_DI1_1
Change Net Name : Old Net Name=NetC52_DI2_1 New Net Name=NetC84_DI2_1
Change Net Name : Old Net Name=NetC52_DI3_1 New Net Name=NetC84_DI3_1
Change Net Name : Old Net Name=NetC52_DI4_1 New Net Name=NetC84_DI4_1
Change Net Name : Old Net Name=NetC52_DI5_1 New Net Name=NetC84_DI5_1
Change Net Name : Old Net Name=NetC52_DI6_1 New Net Name=NetC84_DI6_1
Change Net Name : Old Net Name=NetC52_DI7_1 New Net Name=NetC84_DI7_1
Change Net Name : Old Net Name=NetC52_DI8_1 New Net Name=NetC84_DI8_1
Change Net Name : Old Net Name=NetC52_DI9_1 New Net Name=NetC84_DI9_1
Change Net Name : Old Net Name=NetC52_DI10_1 New Net Name=NetC84_DI10_1
Change Net Name : Old Net Name=NetC52_DI11_1 New Net Name=NetC84_DI11_1
Change Net Name : Old Net Name=NetC52_DI12_1 New Net Name=NetC84_DI12_1
Change Net Name : Old Net Name=NetC52_DI13_1 New Net Name=NetC84_DI13_1
Change Net Name : Old Net Name=NetC52_DI14_1 New Net Name=NetC84_DI14_1
Change Net Name : Old Net Name=NetC52_DI15_1 New Net Name=NetC84_DI15_1
Change Net Name : Old Net Name=NetC52_DI16_1 New Net Name=NetC84_DI16_1
Change Net Name : Old Net Name=NetC56_DI1_2 New Net Name=NetC88_DI1_2
Change Net Name : Old Net Name=NetC56_DI2_2 New Net Name=NetC88_DI2_2
Change Net Name : Old Net Name=NetC56_DI3_2 New Net Name=NetC88_DI3_2
Change Net Name : Old Net Name=NetC56_DI4_2 New Net Name=NetC88_DI4_2
Change Net Name : Old Net Name=NetC56_DI5_2 New Net Name=NetC88_DI5_2
Change Net Name : Old Net Name=NetC56_DI6_2 New Net Name=NetC88_DI6_2
Change Net Name : Old Net Name=NetC56_DI7_2 New Net Name=NetC88_DI7_2
Change Net Name : Old Net Name=NetC56_DI8_2 New Net Name=NetC88_DI8_2
Change Net Name : Old Net Name=NetC56_DI9_2 New Net Name=NetC88_DI9_2
Change Net Name : Old Net Name=NetC56_DI10_2 New Net Name=NetC88_DI10_2
Change Net Name : Old Net Name=NetC56_DI11_2 New Net Name=NetC88_DI11_2
Change Net Name : Old Net Name=NetC56_DI12_2 New Net Name=NetC88_DI12_2
Change Net Name : Old Net Name=NetC56_DI13_2 New Net Name=NetC88_DI13_2
Change Net Name : Old Net Name=NetC56_DI14_2 New Net Name=NetC88_DI14_2
Change Net Name : Old Net Name=NetC56_DI15_2 New Net Name=NetC88_DI15_2
Change Net Name : Old Net Name=NetC56_DI16_2 New Net Name=NetC88_DI16_2
Added Member To Class: ClassName=µÁ≥ÿµÁ—πºÏ≤‚ Member=Component C49 Cap
Added Member To Class: ClassName=µÁ≥ÿµÁ—πºÏ≤‚ Member=Component C50 Cap
Added Member To Class: ClassName=µÁ≥ÿµÁ—πºÏ≤‚ Member=Component C51 Cap
Added Member To Class: ClassName=µÁ≥ÿµÁ—πºÏ≤‚ Member=Component C52 Cap
Added Member To Class: ClassName=µÁ≥ÿµÁ—πºÏ≤‚ Member=Component C53 Cap
Added Member To Class: ClassName=µÁ≥ÿµÁ—πºÏ≤‚ Member=Component C54 Cap
Added Member To Class: ClassName=µÁ≥ÿµÁ—πºÏ≤‚ Member=Component C55 Cap
Added Member To Class: ClassName=µÁ≥ÿµÁ—πºÏ≤‚ Member=Component C56 Cap
Added Member To Class: ClassName=µÁ≥ÿµÁ—πºÏ≤‚ Member=Component C57 Cap
Added Member To Class: ClassName=µÁ≥ÿµÁ—πºÏ≤‚ Member=Component C58 Cap
Added Member To Class: ClassName=µÁ≥ÿµÁ—πºÏ≤‚ Member=Component C59 Cap
Added Member To Class: ClassName=µÁ≥ÿµÁ—πºÏ≤‚ Member=Component C60 Cap
Added Member To Class: ClassName=µÁ≥ÿµÁ—πºÏ≤‚ Member=Component C61 Cap
Added Member To Class: ClassName=µÁ≥ÿµÁ—πºÏ≤‚ Member=Component C62 Cap
Added Member To Class: ClassName=µÁ≥ÿµÁ—πºÏ≤‚ Member=Component C63 Cap
Added Member To Class: ClassName=µÁ≥ÿµÁ—πºÏ≤‚ Member=Component C64 Cap
Added Member To Class: ClassName=µÁ≥ÿµÁ—πºÏ≤‚ Member=Component C65 Cap
Added Member To Class: ClassName=µÁ≥ÿµÁ—πºÏ≤‚ Member=Component C66 Cap
Added Member To Class: ClassName=µÁ≥ÿµÁ—πºÏ≤‚ Member=Component C67 Cap
Added Member To Class: ClassName=µÁ≥ÿµÁ—πºÏ≤‚ Member=Component C68 Cap
Added Member To Class: ClassName=µÁ≥ÿµÁ—πºÏ≤‚ Member=Component C69 Cap
Added Member To Class: ClassName=µÁ≥ÿµÁ—πºÏ≤‚ Member=Component C70 Cap
Added Member To Class: ClassName=µÁ≥ÿµÁ—πºÏ≤‚ Member=Component C71 Cap
Added Member To Class: ClassName=µÁ≥ÿµÁ—πºÏ≤‚ Member=Component C72 Cap
Added Member To Class: ClassName=µÁ≥ÿµÁ—πºÏ≤‚ Member=Component C73 Cap
Added Member To Class: ClassName=µÁ≥ÿµÁ—πºÏ≤‚ Member=Component C74 Cap
Added Member To Class: ClassName=µÁ≥ÿµÁ—πºÏ≤‚ Member=Component C75 Cap
Added Member To Class: ClassName=µÁ≥ÿµÁ—πºÏ≤‚ Member=Component C76 Cap
Added Member To Class: ClassName=µÁ≥ÿµÁ—πºÏ≤‚ Member=Component C77 Cap
Added Member To Class: ClassName=µÁ≥ÿµÁ—πºÏ≤‚ Member=Component C78 Cap
Added Member To Class: ClassName=µÁ≥ÿµÁ—πºÏ≤‚ Member=Component C79 Cap
Added Member To Class: ClassName=µÁ≥ÿµÁ—πºÏ≤‚ Member=Component C80 Cap
Added Room: Name=µÁ≥ÿµÁ—πºÏ≤‚
