Removed Pin From Net: NetName=GND_1 Pin=C1_DI17-2
Removed Pin From Net: NetName=GND_1 Pin=C1_DI18-2
Removed Pin From Net: NetName=GND_1 Pin=C1_DI19-2
Removed Pin From Net: NetName=GND_1 Pin=C1_DI20-2
Removed Pin From Net: NetName=GND_1 Pin=C5_DI17-1
Removed Pin From Net: NetName=GND_1 Pin=C5_DI18-1
Removed Pin From Net: NetName=GND_1 Pin=C5_DI19-1
Removed Pin From Net: NetName=GND_1 Pin=C5_DI20-1
Removed Pin From Net: NetName=GND_1 Pin=C6_DI17-1
Removed Pin From Net: NetName=-5V_1 Pin=C6_DI17-2
Removed Pin From Net: NetName=GND_1 Pin=C6_DI18-1
Removed Pin From Net: NetName=-5V_1 Pin=C6_DI18-2
Removed Pin From Net: NetName=GND_1 Pin=C6_DI19-1
Removed Pin From Net: NetName=-5V_1 Pin=C6_DI19-2
Removed Pin From Net: NetName=GND_1 Pin=C6_DI20-1
Removed Pin From Net: NetName=-5V_1 Pin=C6_DI20-2
Removed Pin From Net: NetName=GND_1 Pin=C8_DI17-1
Removed Pin From Net: NetName=GND_1 Pin=C8_DI18-1
Removed Pin From Net: NetName=GND_1 Pin=C8_DI19-1
Removed Pin From Net: NetName=GND_1 Pin=C8_DI20-1
Removed Pin From Net: NetName=GND_1 Pin=C9_DI17-1
Removed Pin From Net: NetName=GND_1 Pin=C9_DI18-1
Removed Pin From Net: NetName=GND_1 Pin=C9_DI19-1
Removed Pin From Net: NetName=GND_1 Pin=C9_DI20-1
Removed Pin From Net: NetName=GND_1 Pin=C10_DI17-1
Removed Pin From Net: NetName=+5V_1 Pin=C10_DI17-2
Removed Pin From Net: NetName=GND_1 Pin=C10_DI18-1
Removed Pin From Net: NetName=+5V_1 Pin=C10_DI18-2
Removed Pin From Net: NetName=GND_1 Pin=C10_DI19-1
Removed Pin From Net: NetName=+5V_1 Pin=C10_DI19-2
Removed Pin From Net: NetName=GND_1 Pin=C10_DI20-1
Removed Pin From Net: NetName=+5V_1 Pin=C10_DI20-2
Removed Pin From Net: NetName=GND_1 Pin=R7_DI17-1
Removed Pin From Net: NetName=GND_1 Pin=R7_DI18-1
Removed Pin From Net: NetName=GND_1 Pin=R7_DI19-1
Removed Pin From Net: NetName=GND_1 Pin=R7_DI20-1
Removed Pin From Net: NetName=-5V_1 Pin=U1_DI17-2
Removed Pin From Net: NetName=GND_1 Pin=U1_DI17-3
Removed Pin From Net: NetName=+5V_1 Pin=U1_DI17-7
Removed Pin From Net: NetName=-5V_1 Pin=U1_DI18-2
Removed Pin From Net: NetName=GND_1 Pin=U1_DI18-3
Removed Pin From Net: NetName=+5V_1 Pin=U1_DI18-7
Removed Pin From Net: NetName=-5V_1 Pin=U1_DI19-2
Removed Pin From Net: NetName=GND_1 Pin=U1_DI19-3
Removed Pin From Net: NetName=+5V_1 Pin=U1_DI19-7
Removed Pin From Net: NetName=-5V_1 Pin=U1_DI20-2
Removed Pin From Net: NetName=GND_1 Pin=U1_DI20-3
Removed Pin From Net: NetName=+5V_1 Pin=U1_DI20-7
