Removed Pin From Net: NetName=40V Pin=C1_SW1-1
Removed Pin From Net: NetName=S1_SW1 Pin=C1_SW1-2
Removed Pin From Net: NetName=40V Pin=C1_SW2-1
Removed Pin From Net: NetName=S1_SW1 Pin=C1_SW2-2
Removed Pin From Net: NetName=40V Pin=C1_SW3-1
Removed Pin From Net: NetName=S1_SW1 Pin=C1_SW3-2
Removed Pin From Net: NetName=40V Pin=C1_SW4-1
Removed Pin From Net: NetName=S1_SW1 Pin=C1_SW4-2
Removed Pin From Net: NetName=40V Pin=C1_SW5-1
Removed Pin From Net: NetName=S1_SW1 Pin=C1_SW5-2
Removed Pin From Net: NetName=40V Pin=C1_SW6-1
Removed Pin From Net: NetName=S1_SW1 Pin=C1_SW6-2
Removed Pin From Net: NetName=40V Pin=C1_SW7-1
Removed Pin From Net: NetName=S1_SW1 Pin=C1_SW7-2
Removed Pin From Net: NetName=40V Pin=C1_SW8-1
Removed Pin From Net: NetName=S1_SW1 Pin=C1_SW8-2
Removed Pin From Net: NetName=40V Pin=C2_SW1-1
Removed Pin From Net: NetName=S1_SW1 Pin=C2_SW1-2
Removed Pin From Net: NetName=40V Pin=C2_SW2-1
Removed Pin From Net: NetName=S1_SW1 Pin=C2_SW2-2
Removed Pin From Net: NetName=40V Pin=C2_SW3-1
Removed Pin From Net: NetName=S1_SW1 Pin=C2_SW3-2
Removed Pin From Net: NetName=40V Pin=C2_SW4-1
Removed Pin From Net: NetName=S1_SW1 Pin=C2_SW4-2
Removed Pin From Net: NetName=40V Pin=C2_SW5-1
Removed Pin From Net: NetName=S1_SW1 Pin=C2_SW5-2
Removed Pin From Net: NetName=40V Pin=C2_SW6-1
Removed Pin From Net: NetName=S1_SW1 Pin=C2_SW6-2
Removed Pin From Net: NetName=40V Pin=C2_SW7-1
Removed Pin From Net: NetName=S1_SW1 Pin=C2_SW7-2
Removed Pin From Net: NetName=40V Pin=C2_SW8-1
Removed Pin From Net: NetName=S1_SW1 Pin=C2_SW8-2
Removed Member From Class: ClassName=SW1 Member=C1_SW1
Removed Member From Class: ClassName=SW2 Member=C1_SW2
Removed Member From Class: ClassName=SW3 Member=C1_SW3
Removed Member From Class: ClassName=SW4 Member=C1_SW4
Removed Member From Class: ClassName=SW5 Member=C1_SW5
Removed Member From Class: ClassName=SW6 Member=C1_SW6
Removed Member From Class: ClassName=SW7 Member=C1_SW7
Removed Member From Class: ClassName=SW8 Member=C1_SW8
Removed Member From Class: ClassName=SW1 Member=C2_SW1
Removed Member From Class: ClassName=SW2 Member=C2_SW2
Removed Member From Class: ClassName=SW3 Member=C2_SW3
Removed Member From Class: ClassName=SW4 Member=C2_SW4
Removed Member From Class: ClassName=SW5 Member=C2_SW5
Removed Member From Class: ClassName=SW6 Member=C2_SW6
Removed Member From Class: ClassName=SW7 Member=C2_SW7
Removed Member From Class: ClassName=SW8 Member=C2_SW8
Added Pin To Net: NetName=C14 Pin=U2_SW4-2
Added Pin To Net: NetName=C13 Pin=U2_SW4-4
Added Pin To Net: NetName=C13 Pin=U2_SW4-7
Added Pin To Net: NetName=C12 Pin=U2_SW4-9
Added Pin To Net: NetName=C14 Pin=U2_SW4-12
Added Pin To Net: NetName=C15 Pin=U2_SW4-15
Added Pin To Net: NetName=C15 Pin=U2_SW4-17
Added Pin To Net: NetName=C16 Pin=U2_SW4-20
Added Pin To Net: NetName=C18 Pin=U2_SW5-2
Added Pin To Net: NetName=C17 Pin=U2_SW5-4
Added Pin To Net: NetName=C17 Pin=U2_SW5-7
Added Pin To Net: NetName=C16 Pin=U2_SW5-9
Added Pin To Net: NetName=C18 Pin=U2_SW5-12
Added Pin To Net: NetName=C19 Pin=U2_SW5-15
Added Pin To Net: NetName=C19 Pin=U2_SW5-17
Added Pin To Net: NetName=C20 Pin=U2_SW5-20
Added Pin To Net: NetName=C22 Pin=U2_SW6-2
Added Pin To Net: NetName=C21 Pin=U2_SW6-4
Added Pin To Net: NetName=C21 Pin=U2_SW6-7
Added Pin To Net: NetName=C20 Pin=U2_SW6-9
Added Pin To Net: NetName=C22 Pin=U2_SW6-12
Added Pin To Net: NetName=C23 Pin=U2_SW6-15
Added Pin To Net: NetName=C23 Pin=U2_SW6-17
Added Pin To Net: NetName=C24 Pin=U2_SW6-20
Added Pin To Net: NetName=C26 Pin=U2_SW7-2
Added Pin To Net: NetName=C25 Pin=U2_SW7-4
Added Pin To Net: NetName=C25 Pin=U2_SW7-7
Added Pin To Net: NetName=C24 Pin=U2_SW7-9
Added Pin To Net: NetName=C26 Pin=U2_SW7-12
Added Pin To Net: NetName=C27 Pin=U2_SW7-15
Added Pin To Net: NetName=C27 Pin=U2_SW7-17
Added Pin To Net: NetName=C28 Pin=U2_SW7-20
Added Pin To Net: NetName=C30 Pin=U2_SW8-2
Added Pin To Net: NetName=C29 Pin=U2_SW8-4
Added Pin To Net: NetName=C29 Pin=U2_SW8-7
Added Pin To Net: NetName=C28 Pin=U2_SW8-9
Added Pin To Net: NetName=C30 Pin=U2_SW8-12
Added Pin To Net: NetName=C31 Pin=U2_SW8-15
Added Pin To Net: NetName=C31 Pin=U2_SW8-17
Added Pin To Net: NetName=C32 Pin=U2_SW8-20
Added Room: Name=µÁ≥ÿµÁ—πºÏ≤‚
