Removed Pin From Net: NetName=NetC19_DI1_1 Pin=C19_DI1-1
Removed Pin From Net: NetName=GND_1 Pin=C19_DI1-2
Removed Pin From Net: NetName=NetC19_DI2_1 Pin=C19_DI2-1
Removed Pin From Net: NetName=GND_1 Pin=C19_DI2-2
Removed Pin From Net: NetName=NetC19_DI3_1 Pin=C19_DI3-1
Removed Pin From Net: NetName=GND_1 Pin=C19_DI3-2
Removed Pin From Net: NetName=NetC19_DI4_1 Pin=C19_DI4-1
Removed Pin From Net: NetName=GND_1 Pin=C19_DI4-2
Removed Pin From Net: NetName=NetC19_DI5_1 Pin=C19_DI5-1
Removed Pin From Net: NetName=GND_1 Pin=C19_DI5-2
Removed Pin From Net: NetName=NetC19_DI6_1 Pin=C19_DI6-1
Removed Pin From Net: NetName=GND_1 Pin=C19_DI6-2
Removed Pin From Net: NetName=NetC19_DI7_1 Pin=C19_DI7-1
Removed Pin From Net: NetName=GND_1 Pin=C19_DI7-2
Removed Pin From Net: NetName=NetC19_DI8_1 Pin=C19_DI8-1
Removed Pin From Net: NetName=GND_1 Pin=C19_DI8-2
Removed Pin From Net: NetName=GND_1 Pin=C24_DI1-1
Removed Pin From Net: NetName=NetC23_DI1_1 Pin=C24_DI1-2
Removed Pin From Net: NetName=GND_1 Pin=C24_DI2-1
Removed Pin From Net: NetName=NetC23_DI2_1 Pin=C24_DI2-2
Removed Pin From Net: NetName=GND_1 Pin=C24_DI3-1
Removed Pin From Net: NetName=NetC23_DI3_1 Pin=C24_DI3-2
Removed Pin From Net: NetName=GND_1 Pin=C24_DI4-1
Removed Pin From Net: NetName=NetC23_DI4_1 Pin=C24_DI4-2
Removed Pin From Net: NetName=GND_1 Pin=C24_DI5-1
Removed Pin From Net: NetName=NetC23_DI5_1 Pin=C24_DI5-2
Removed Pin From Net: NetName=GND_1 Pin=C24_DI6-1
Removed Pin From Net: NetName=NetC23_DI6_1 Pin=C24_DI6-2
Removed Pin From Net: NetName=GND_1 Pin=C24_DI7-1
Removed Pin From Net: NetName=NetC23_DI7_1 Pin=C24_DI7-2
Removed Pin From Net: NetName=GND_1 Pin=C24_DI8-1
Removed Pin From Net: NetName=NetC23_DI8_1 Pin=C24_DI8-2
Removed Member From Class: ClassName=DI1 Member=C19_DI1
Removed Member From Class: ClassName=DI2 Member=C19_DI2
Removed Member From Class: ClassName=DI3 Member=C19_DI3
Removed Member From Class: ClassName=DI4 Member=C19_DI4
Removed Member From Class: ClassName=DI5 Member=C19_DI5
Removed Member From Class: ClassName=DI6 Member=C19_DI6
Removed Member From Class: ClassName=DI7 Member=C19_DI7
Removed Member From Class: ClassName=DI8 Member=C19_DI8
Removed Member From Class: ClassName=DI1 Member=C24_DI1
Removed Member From Class: ClassName=DI2 Member=C24_DI2
Removed Member From Class: ClassName=DI3 Member=C24_DI3
Removed Member From Class: ClassName=DI4 Member=C24_DI4
Removed Member From Class: ClassName=DI5 Member=C24_DI5
Removed Member From Class: ClassName=DI6 Member=C24_DI6
Removed Member From Class: ClassName=DI7 Member=C24_DI7
Removed Member From Class: ClassName=DI8 Member=C24_DI8
Change Net Name : Old Net Name=NetC19_DI1_1 New Net Name=NetC23_DI1_2
Change Net Name : Old Net Name=NetC19_DI2_1 New Net Name=NetC23_DI2_2
Change Net Name : Old Net Name=NetC19_DI3_1 New Net Name=NetC23_DI3_2
Change Net Name : Old Net Name=NetC19_DI4_1 New Net Name=NetC23_DI4_2
Change Net Name : Old Net Name=NetC19_DI5_1 New Net Name=NetC23_DI5_2
Change Net Name : Old Net Name=NetC19_DI6_1 New Net Name=NetC23_DI6_2
Change Net Name : Old Net Name=NetC19_DI7_1 New Net Name=NetC23_DI7_2
Change Net Name : Old Net Name=NetC19_DI8_1 New Net Name=NetC23_DI8_2
Added Member To Class: ClassName=CH[1..8] Member=Element[1]: CH
Added Member To Class: ClassName=CH[1..8] Member=Element[2]: CH
Added Member To Class: ClassName=CH[1..8] Member=Element[5]: CH
Added Member To Class: ClassName=CH[1..8] Member=Element[6]: CH
Added Member To Class: ClassName=CL[1..8] Member=Element[2]: CL
Added Member To Class: ClassName=CL[1..8] Member=Element[3]: CL
Added Member To Class: ClassName=CL[1..8] Member=Element[4]: CL
Added Member To Class: ClassName=CL[1..8] Member=Element[6]: CL
Added Member To Class: ClassName=CL[1..8] Member=Element[7]: CL
