Removed Pin From Net: NetName=GND_0 Pin=C42-1
Removed Pin From Net: NetName=6V_0 Pin=C42-2
Removed Pin From Net: NetName=5V_0 Pin=C61-1
Removed Pin From Net: NetName=GND_0 Pin=C61-2
Removed Pin From Net: NetName=DVCC_1 Pin=C64-1
Removed Pin From Net: NetName=NetR35_1 Pin=R35-1
Removed Pin From Net: NetName=GND_1 Pin=R35-2
Removed Pin From Net: NetName=DVCC_1 Pin=R36-2
Removed Pin From Net: NetName=DVCC_1 Pin=U15-18
Added Component: Designator=C42(SMD-EC-F8)
Added Component: Designator=C61(0805C)
Added Component: Designator=R35(0805R)
Added Pin To Net: NetName=GND_0 Pin=C42-1
Added Pin To Net: NetName=6V_0 Pin=C42-2
Added Pin To Net: NetName=5V_0 Pin=C61-1
Added Pin To Net: NetName=GND_0 Pin=C61-2
Added Pin To Net: NetName=DVCC_1 Pin=C63-1
Added Pin To Net: NetName=DVCC_1 Pin=C65-1
Added Pin To Net: NetName=DVCC_1 Pin=C66-1
Added Pin To Net: NetName=NetR35_1 Pin=R35-1
Added Pin To Net: NetName=GND_1 Pin=R35-2
Added Pin To Net: NetName=DVCC_1 Pin=R36-1
Added Pin To Net: NetName=NetC64_1 Pin=C64-1
Added Pin To Net: NetName=NetC64_1 Pin=R36-2
Added Pin To Net: NetName=NetC64_1 Pin=U15-18
Added Net: Name=NetC64_1
Added Member To Class: ClassName=U_电源 Member=Component C42 Cap Pol1
Added Member To Class: ClassName=U_电源 Member=Component C58 Cap Pol1
Added Member To Class: ClassName=U_电源 Member=Component C62 Cap
Added Member To Class: ClassName=U_电源 Member=Component R35 Res2
Added Room: Name=U_电池电压检测
Added Room: Name=U_电源
