Added Component: Designator=C110(0805C)
Added Component: Designator=C111(0805C)
Added Component: Designator=C112(0805C)
Added Component: Designator=C113(0805C)
Added Component: Designator=C114(0805C)
Added Component: Designator=C115(0805C)
Added Component: Designator=C116(0805C)
Added Component: Designator=C117(0805C)
Added Component: Designator=R58(0805R)
Added Component: Designator=R59(0805R)
Added Component: Designator=R60(0805R)
Added Component: Designator=R61(0805R)
Added Component: Designator=R62(0805R)
Added Component: Designator=R63(0805R)
Added Component: Designator=R64(0805R)
Added Component: Designator=R65(0805R)
Added Component: Designator=R66(0805R)
Added Component: Designator=R67(0805R)
Added Component: Designator=R68(0805R)
Added Component: Designator=R69(0805R)
Added Component: Designator=R70(0805R)
Added Component: Designator=R71(0805R)
Added Component: Designator=R72(0805R)
Added Component: Designator=R73(0805R)
Added Component: Designator=R74(0805R)
Added Component: Designator=R75(0805R)
Added Component: Designator=R76(0805R)
Added Component: Designator=R77(0805R)
Added Component: Designator=R78(0805R)
Added Component: Designator=R79(0805R)
Added Component: Designator=R80(0805R)
Added Component: Designator=R81(0805R)
Added Component: Designator=R82(0805R)
Added Component: Designator=R83(0805R)
Added Component: Designator=R84(0805R)
Added Component: Designator=R85(0805R)
Added Component: Designator=R86(0805R)
Added Component: Designator=R87(0805R)
Added Component: Designator=R88(0805R)
Added Component: Designator=R89(0805R)
Added Pin To Net: NetName=NetD8_2 Pin=C110-2
Added Pin To Net: NetName=NetD10_1 Pin=C111-1
Added Pin To Net: NetName=NetD10_2 Pin=C111-2
Added Pin To Net: NetName=NetD11_1 Pin=C112-1
Added Pin To Net: NetName=NetD11_2 Pin=C112-2
Added Pin To Net: NetName=NetD12_1 Pin=C113-1
Added Pin To Net: NetName=NetD12_2 Pin=C113-2
Added Pin To Net: NetName=NetD13_1 Pin=C114-1
Added Pin To Net: NetName=NetD13_2 Pin=C114-2
Added Pin To Net: NetName=NetD14_1 Pin=C115-1
Added Pin To Net: NetName=NetD14_2 Pin=C115-2
Added Pin To Net: NetName=NetD15_1 Pin=C116-1
Added Pin To Net: NetName=NetD15_2 Pin=C116-2
Added Pin To Net: NetName=NetD16_1 Pin=C117-1
Added Pin To Net: NetName=NetD16_2 Pin=C117-2
Added Pin To Net: NetName=NetD8_2 Pin=R58-2
Added Pin To Net: NetName=NetD10_2 Pin=R62-1
Added Pin To Net: NetName=NetD10_1 Pin=R64-1
Added Pin To Net: NetName=NetD11_2 Pin=R66-1
Added Pin To Net: NetName=NetD11_1 Pin=R68-1
Added Pin To Net: NetName=NetD12_2 Pin=R70-1
Added Pin To Net: NetName=NetD12_1 Pin=R72-1
Added Pin To Net: NetName=NetD13_2 Pin=R74-1
Added Pin To Net: NetName=NetD13_1 Pin=R76-1
Added Pin To Net: NetName=NetD14_2 Pin=R78-1
Added Pin To Net: NetName=NetD14_1 Pin=R80-1
Added Pin To Net: NetName=NetD15_2 Pin=R82-1
Added Pin To Net: NetName=NetD15_1 Pin=R84-1
Added Pin To Net: NetName=NetD16_2 Pin=R86-1
Added Pin To Net: NetName=NetD16_1 Pin=R88-1
Change Net Name : Old Net Name=NetD8_2 New Net Name=NetC110_2
Change Net Name : Old Net Name=NetD10_1 New Net Name=NetC111_1
Change Net Name : Old Net Name=NetD10_2 New Net Name=NetC111_2
Change Net Name : Old Net Name=NetD11_1 New Net Name=NetC112_1
Change Net Name : Old Net Name=NetD11_2 New Net Name=NetC112_2
Change Net Name : Old Net Name=NetD12_1 New Net Name=NetC113_1
Change Net Name : Old Net Name=NetD12_2 New Net Name=NetC113_2
Change Net Name : Old Net Name=NetD13_1 New Net Name=NetC114_1
Change Net Name : Old Net Name=NetD13_2 New Net Name=NetC114_2
Change Net Name : Old Net Name=NetD14_1 New Net Name=NetC115_1
Change Net Name : Old Net Name=NetD14_2 New Net Name=NetC115_2
Change Net Name : Old Net Name=NetD15_1 New Net Name=NetC116_1
Change Net Name : Old Net Name=NetD15_2 New Net Name=NetC116_2
Change Net Name : Old Net Name=NetD16_1 New Net Name=NetC117_1
Change Net Name : Old Net Name=NetD16_2 New Net Name=NetC117_2
Added Pin To Net: NetName=AGND_2 Pin=R61-1
Added Pin To Net: NetName=AGND_2 Pin=R65-1
Added Pin To Net: NetName=AGND_2 Pin=R69-1
Added Pin To Net: NetName=AGND_2 Pin=R73-1
Added Pin To Net: NetName=AGND_2 Pin=R77-1
Added Pin To Net: NetName=AGND_2 Pin=R81-1
Added Pin To Net: NetName=AGND_2 Pin=R85-1
Added Pin To Net: NetName=AGND_2 Pin=R89-1
Added Net: Name=AGND_2
Added Pin To Net: NetName=NetC110_1 Pin=C110-1
Added Pin To Net: NetName=NetC110_1 Pin=D8-1
Added Pin To Net: NetName=NetC110_1 Pin=R36-1
Added Pin To Net: NetName=NetC110_1 Pin=R58-1
Added Pin To Net: NetName=NetC110_1 Pin=R60-1
Added Net: Name=NetC110_1
Added Pin To Net: NetName=NetR35_2 Pin=R35-2
Added Pin To Net: NetName=NetR35_2 Pin=R59-1
Added Net: Name=NetR35_2
Added Pin To Net: NetName=NetR59_2 Pin=R59-2
Added Pin To Net: NetName=NetR59_2 Pin=R60-2
Added Pin To Net: NetName=NetR59_2 Pin=R61-2
Added Net: Name=NetR59_2
Added Pin To Net: NetName=NetR62_2 Pin=R62-2
Added Pin To Net: NetName=NetR62_2 Pin=R63-1
Added Net: Name=NetR62_2
Added Pin To Net: NetName=NetR63_2 Pin=R63-2
Added Pin To Net: NetName=NetR63_2 Pin=R64-2
Added Pin To Net: NetName=NetR63_2 Pin=R65-2
Added Net: Name=NetR63_2
Added Pin To Net: NetName=NetR66_2 Pin=R66-2
Added Pin To Net: NetName=NetR66_2 Pin=R67-1
Added Net: Name=NetR66_2
Added Pin To Net: NetName=NetR67_2 Pin=R67-2
Added Pin To Net: NetName=NetR67_2 Pin=R68-2
Added Pin To Net: NetName=NetR67_2 Pin=R69-2
Added Net: Name=NetR67_2
Added Pin To Net: NetName=NetR70_2 Pin=R70-2
Added Pin To Net: NetName=NetR70_2 Pin=R71-1
Added Net: Name=NetR70_2
Added Pin To Net: NetName=NetR71_2 Pin=R71-2
Added Pin To Net: NetName=NetR71_2 Pin=R72-2
Added Pin To Net: NetName=NetR71_2 Pin=R73-2
Added Net: Name=NetR71_2
Added Pin To Net: NetName=NetR74_2 Pin=R74-2
Added Pin To Net: NetName=NetR74_2 Pin=R75-1
Added Net: Name=NetR74_2
Added Pin To Net: NetName=NetR75_2 Pin=R75-2
Added Pin To Net: NetName=NetR75_2 Pin=R76-2
Added Pin To Net: NetName=NetR75_2 Pin=R77-2
Added Net: Name=NetR75_2
Added Pin To Net: NetName=NetR78_2 Pin=R78-2
Added Pin To Net: NetName=NetR78_2 Pin=R79-1
Added Net: Name=NetR78_2
Added Pin To Net: NetName=NetR79_2 Pin=R79-2
Added Pin To Net: NetName=NetR79_2 Pin=R80-2
Added Pin To Net: NetName=NetR79_2 Pin=R81-2
Added Net: Name=NetR79_2
Added Pin To Net: NetName=NetR82_2 Pin=R82-2
Added Pin To Net: NetName=NetR82_2 Pin=R83-1
Added Net: Name=NetR82_2
Added Pin To Net: NetName=NetR83_2 Pin=R83-2
Added Pin To Net: NetName=NetR83_2 Pin=R84-2
Added Pin To Net: NetName=NetR83_2 Pin=R85-2
Added Net: Name=NetR83_2
Added Pin To Net: NetName=NetR86_2 Pin=R86-2
Added Pin To Net: NetName=NetR86_2 Pin=R87-1
Added Net: Name=NetR86_2
Added Pin To Net: NetName=NetR87_2 Pin=R87-2
Added Pin To Net: NetName=NetR87_2 Pin=R88-2
Added Pin To Net: NetName=NetR87_2 Pin=R89-2
Added Net: Name=NetR87_2
Added Member To Class: ClassName=U_模拟量输入输出 Member=Component C110 Cap
Added Member To Class: ClassName=U_模拟量输入输出 Member=Component C111 Cap
Added Member To Class: ClassName=U_模拟量输入输出 Member=Component C112 Cap
Added Member To Class: ClassName=U_模拟量输入输出 Member=Component C113 Cap
Added Member To Class: ClassName=U_模拟量输入输出 Member=Component C114 Cap
Added Member To Class: ClassName=U_模拟量输入输出 Member=Component C115 Cap
Added Member To Class: ClassName=U_模拟量输入输出 Member=Component C116 Cap
Added Member To Class: ClassName=U_模拟量输入输出 Member=Component C117 Cap
Added Member To Class: ClassName=U_模拟量输入输出 Member=Component R58 Res2
Added Member To Class: ClassName=U_模拟量输入输出 Member=Component R59 Res2
Added Member To Class: ClassName=U_模拟量输入输出 Member=Component R60 Res2
Added Member To Class: ClassName=U_模拟量输入输出 Member=Component R61 Res2
Added Member To Class: ClassName=U_模拟量输入输出 Member=Component R62 Res2
Added Member To Class: ClassName=U_模拟量输入输出 Member=Component R63 Res2
Added Member To Class: ClassName=U_模拟量输入输出 Member=Component R64 Res2
Added Member To Class: ClassName=U_模拟量输入输出 Member=Component R65 Res2
Added Member To Class: ClassName=U_模拟量输入输出 Member=Component R66 Res2
Added Member To Class: ClassName=U_模拟量输入输出 Member=Component R67 Res2
Added Member To Class: ClassName=U_模拟量输入输出 Member=Component R68 Res2
Added Member To Class: ClassName=U_模拟量输入输出 Member=Component R69 Res2
Added Member To Class: ClassName=U_模拟量输入输出 Member=Component R70 Res2
Added Member To Class: ClassName=U_模拟量输入输出 Member=Component R71 Res2
Added Member To Class: ClassName=U_模拟量输入输出 Member=Component R72 Res2
Added Member To Class: ClassName=U_模拟量输入输出 Member=Component R73 Res2
Added Member To Class: ClassName=U_模拟量输入输出 Member=Component R74 Res2
Added Member To Class: ClassName=U_模拟量输入输出 Member=Component R75 Res2
Added Member To Class: ClassName=U_模拟量输入输出 Member=Component R76 Res2
Added Member To Class: ClassName=U_模拟量输入输出 Member=Component R77 Res2
Added Member To Class: ClassName=U_模拟量输入输出 Member=Component R78 Res2
Added Member To Class: ClassName=U_模拟量输入输出 Member=Component R79 Res2
Added Member To Class: ClassName=U_模拟量输入输出 Member=Component R80 Res2
Added Member To Class: ClassName=U_模拟量输入输出 Member=Component R81 Res2
Added Member To Class: ClassName=U_模拟量输入输出 Member=Component R82 Res2
Added Member To Class: ClassName=U_模拟量输入输出 Member=Component R83 Res2
Added Member To Class: ClassName=U_模拟量输入输出 Member=Component R84 Res2
Added Member To Class: ClassName=U_模拟量输入输出 Member=Component R85 Res2
Added Member To Class: ClassName=U_模拟量输入输出 Member=Component R86 Res2
Added Member To Class: ClassName=U_模拟量输入输出 Member=Component R87 Res2
Added Member To Class: ClassName=U_模拟量输入输出 Member=Component R88 Res2
Added Member To Class: ClassName=U_模拟量输入输出 Member=Component R89 Res2
Added Room: Name=U_数字部分
Added Room: Name=U_模拟量输入输出
Added Room: Name=U_电池电压检测
Added Room: Name=U_电源
Added Room: Name=采集卡
