Removed Pin From Net: NetName=GND_1 Pin=C28_DI1-1
Removed Pin From Net: NetName=GND_1 Pin=C28_DI2-1
Removed Pin From Net: NetName=GND_1 Pin=C28_DI3-1
Removed Pin From Net: NetName=GND_1 Pin=C28_DI4-1
Removed Pin From Net: NetName=GND_1 Pin=C28_DI5-1
Removed Pin From Net: NetName=GND_1 Pin=C28_DI6-1
Removed Pin From Net: NetName=GND_1 Pin=C28_DI7-1
Removed Pin From Net: NetName=GND_1 Pin=C28_DI8-1
Removed Pin From Net: NetName=NetR19_DI1_1 Pin=R20_DI1-2
Removed Pin From Net: NetName=NetR19_DI2_1 Pin=R20_DI2-2
Removed Pin From Net: NetName=NetR19_DI3_1 Pin=R20_DI3-2
Removed Pin From Net: NetName=NetR19_DI4_1 Pin=R20_DI4-2
Removed Pin From Net: NetName=NetR19_DI5_1 Pin=R20_DI5-2
Removed Pin From Net: NetName=NetR19_DI6_1 Pin=R20_DI6-2
Removed Pin From Net: NetName=NetR19_DI7_1 Pin=R20_DI7-2
Removed Pin From Net: NetName=NetR19_DI8_1 Pin=R20_DI8-2
Removed Member From Class: ClassName=DI1 Member=C28_DI1
Removed Member From Class: ClassName=DI2 Member=C28_DI2
Removed Member From Class: ClassName=DI3 Member=C28_DI3
Removed Member From Class: ClassName=DI4 Member=C28_DI4
Removed Member From Class: ClassName=DI5 Member=C28_DI5
Removed Member From Class: ClassName=DI6 Member=C28_DI6
Removed Member From Class: ClassName=DI7 Member=C28_DI7
Removed Member From Class: ClassName=DI8 Member=C28_DI8
Removed Member From Class: ClassName=DI1 Member=R20_DI1
Removed Member From Class: ClassName=DI2 Member=R20_DI2
Removed Member From Class: ClassName=DI3 Member=R20_DI3
Removed Member From Class: ClassName=DI4 Member=R20_DI4
Removed Member From Class: ClassName=DI5 Member=R20_DI5
Removed Member From Class: ClassName=DI6 Member=R20_DI6
Removed Member From Class: ClassName=DI7 Member=R20_DI7
Removed Member From Class: ClassName=DI8 Member=R20_DI8
Added Pin To Net: NetName=NetR19_DI8_1 Pin=U1-49
Added Pin To Net: NetName=NetR19_DI7_1 Pin=U1-51
Added Pin To Net: NetName=NetR19_DI6_1 Pin=U1-53
Added Pin To Net: NetName=NetR19_DI5_1 Pin=U1-55
Added Pin To Net: NetName=NetR19_DI4_1 Pin=U1-57
Added Pin To Net: NetName=NetR19_DI3_1 Pin=U1-59
Added Pin To Net: NetName=NetR19_DI2_1 Pin=U1-61
Added Pin To Net: NetName=NetR19_DI1_1 Pin=U1-63
Change Net Name : Old Net Name=NetR19_DI1_1 New Net Name=OUT1
Change Net Name : Old Net Name=NetR19_DI2_1 New Net Name=OUT2
Change Net Name : Old Net Name=NetR19_DI3_1 New Net Name=OUT3
Change Net Name : Old Net Name=NetR19_DI4_1 New Net Name=OUT4
Change Net Name : Old Net Name=NetR19_DI5_1 New Net Name=OUT5
Change Net Name : Old Net Name=NetR19_DI6_1 New Net Name=OUT6
Change Net Name : Old Net Name=NetR19_DI7_1 New Net Name=OUT7
Change Net Name : Old Net Name=NetR19_DI8_1 New Net Name=OUT8
