Added Pin To Net: NetName=C21 Pin=U3-4
Added Pin To Net: NetName=C22 Pin=U3-5
Added Pin To Net: NetName=C23 Pin=U3-6
Added Pin To Net: NetName=C24 Pin=U3-7
Added Pin To Net: NetName=C23 Pin=U3-10
Added Pin To Net: NetName=C22 Pin=U3-11
Added Pin To Net: NetName=C21 Pin=U3-12
Added Pin To Net: NetName=C20 Pin=U3-13
Added Pin To Net: NetName=C13 Pin=U4-4
Added Pin To Net: NetName=C14 Pin=U4-5
Added Pin To Net: NetName=C15 Pin=U4-6
Added Pin To Net: NetName=C16 Pin=U4-7
Added Pin To Net: NetName=C15 Pin=U4-10
Added Pin To Net: NetName=C14 Pin=U4-11
Added Pin To Net: NetName=C13 Pin=U4-12
Added Pin To Net: NetName=C12 Pin=U4-13
Added Pin To Net: NetName=C5 Pin=U5-4
Added Pin To Net: NetName=C6 Pin=U5-5
Added Pin To Net: NetName=C7 Pin=U5-6
Added Pin To Net: NetName=C8 Pin=U5-7
Added Pin To Net: NetName=C7 Pin=U5-10
Added Pin To Net: NetName=C6 Pin=U5-11
Added Pin To Net: NetName=C5 Pin=U5-12
Added Pin To Net: NetName=C4 Pin=U5-13
Added Pin To Net: NetName=C9 Pin=U6-4
Added Pin To Net: NetName=C10 Pin=U6-5
Added Pin To Net: NetName=C11 Pin=U6-6
Added Pin To Net: NetName=C12 Pin=U6-7
Added Pin To Net: NetName=C11 Pin=U6-10
Added Pin To Net: NetName=C10 Pin=U6-11
Added Pin To Net: NetName=C9 Pin=U6-12
Added Pin To Net: NetName=C8 Pin=U6-13
Added Pin To Net: NetName=C17 Pin=U7-4
Added Pin To Net: NetName=C18 Pin=U7-5
Added Pin To Net: NetName=C19 Pin=U7-6
Added Pin To Net: NetName=C20 Pin=U7-7
Added Pin To Net: NetName=C19 Pin=U7-10
Added Pin To Net: NetName=C18 Pin=U7-11
Added Pin To Net: NetName=C17 Pin=U7-12
Added Pin To Net: NetName=C16 Pin=U7-13
Added Pin To Net: NetName=C1 Pin=U9-4
Added Pin To Net: NetName=C2 Pin=U9-5
Added Pin To Net: NetName=C3 Pin=U9-6
Added Pin To Net: NetName=C4 Pin=U9-7
Added Pin To Net: NetName=C3 Pin=U9-10
Added Pin To Net: NetName=C2 Pin=U9-11
Added Pin To Net: NetName=C1 Pin=U9-12
Added Pin To Net: NetName=C0 Pin=U9-13
Added Room: Name=U_数字部分
Added Room: Name=U_模拟量输入输出
Added Room: Name=U_电池电压检测
Added Room: Name=U_电源
Added Room: Name=采集卡
