Removed Member From Class: ClassName=µÁ≥ÿµÁ—πºÏ≤‚ Member=U1
Removed Member From Class: ClassName=µÁ≥ÿµÁ—πºÏ≤‚ Member=U2
Removed Member From Class: ClassName=µÁ≥ÿµÁ—πºÏ≤‚ Member=U3
Removed Member From Class: ClassName=µÁ≥ÿµÁ—πºÏ≤‚ Member=U4
Removed Member From Class: ClassName=µÁ≥ÿµÁ—πºÏ≤‚ Member=U5
Removed Member From Class: ClassName=µÁ≥ÿµÁ—πºÏ≤‚ Member=U6
Removed Member From Class: ClassName=µÁ≥ÿµÁ—πºÏ≤‚ Member=U7
Removed Member From Class: ClassName=µÁ≥ÿµÁ—πºÏ≤‚ Member=U8
Added Component: Designator=C12_SW1(0603AC)
Added Component: Designator=C12_SW2(0603AC)
Added Component: Designator=C12_SW3(0603AC)
Added Component: Designator=C12_SW4(0603AC)
Added Component: Designator=C12_SW5(0603AC)
Added Component: Designator=C12_SW6(0603AC)
Added Component: Designator=C12_SW7(0603AC)
Added Component: Designator=C12_SW8(0603AC)
Added Component: Designator=C13_SW1(0603AC)
Added Component: Designator=C13_SW2(0603AC)
Added Component: Designator=C13_SW3(0603AC)
Added Component: Designator=C13_SW4(0603AC)
Added Component: Designator=C13_SW5(0603AC)
Added Component: Designator=C13_SW6(0603AC)
Added Component: Designator=C13_SW7(0603AC)
Added Component: Designator=C13_SW8(0603AC)
Added Component: Designator=C14_SW1(0603AC)
Added Component: Designator=C14_SW2(0603AC)
Added Component: Designator=C14_SW3(0603AC)
Added Component: Designator=C14_SW4(0603AC)
Added Component: Designator=C14_SW5(0603AC)
Added Component: Designator=C14_SW6(0603AC)
Added Component: Designator=C14_SW7(0603AC)
Added Component: Designator=C14_SW8(0603AC)
Added Component: Designator=C15_SW1(0603AC)
Added Component: Designator=C15_SW2(0603AC)
Added Component: Designator=C15_SW3(0603AC)
Added Component: Designator=C15_SW4(0603AC)
Added Component: Designator=C15_SW5(0603AC)
Added Component: Designator=C15_SW6(0603AC)
Added Component: Designator=C15_SW7(0603AC)
Added Component: Designator=C15_SW8(0603AC)
Added Component: Designator=C16_SW1(0603AC)
Added Component: Designator=C16_SW2(0603AC)
Added Component: Designator=C16_SW3(0603AC)
Added Component: Designator=C16_SW4(0603AC)
Added Component: Designator=C16_SW5(0603AC)
Added Component: Designator=C16_SW6(0603AC)
Added Component: Designator=C16_SW7(0603AC)
Added Component: Designator=C16_SW8(0603AC)
Added Component: Designator=S1_SW1(0603AC)
Added Component: Designator=S1_SW2(0603AC)
Added Component: Designator=S1_SW3(0603AC)
Added Component: Designator=S1_SW4(0603AC)
Added Component: Designator=S1_SW5(0603AC)
Added Component: Designator=S1_SW6(0603AC)
Added Component: Designator=S1_SW7(0603AC)
Added Component: Designator=S1_SW8(0603AC)
Added Component: Designator=U10_SW1(SSOP20)
Added Component: Designator=U10_SW2(SSOP20)
Added Component: Designator=U10_SW3(SSOP20)
Added Component: Designator=U10_SW4(SSOP20)
Added Component: Designator=U10_SW5(SSOP20)
Added Component: Designator=U10_SW6(SSOP20)
Added Component: Designator=U10_SW7(SSOP20)
Added Component: Designator=U10_SW8(SSOP20)
Added Pin To Net: NetName=GND_1 Pin=C12_SW1-2
Added Pin To Net: NetName=GND_1 Pin=C12_SW2-2
Added Pin To Net: NetName=GND_1 Pin=C12_SW3-2
Added Pin To Net: NetName=GND_1 Pin=C12_SW4-2
Added Pin To Net: NetName=GND_1 Pin=C12_SW5-2
Added Pin To Net: NetName=GND_1 Pin=C12_SW6-2
Added Pin To Net: NetName=GND_1 Pin=C12_SW7-2
Added Pin To Net: NetName=GND_1 Pin=C12_SW8-2
Added Pin To Net: NetName=GND_1 Pin=C13_SW1-2
Added Pin To Net: NetName=GND_1 Pin=C13_SW2-2
Added Pin To Net: NetName=GND_1 Pin=C13_SW3-2
Added Pin To Net: NetName=GND_1 Pin=C13_SW4-2
Added Pin To Net: NetName=GND_1 Pin=C13_SW5-2
Added Pin To Net: NetName=GND_1 Pin=C13_SW6-2
Added Pin To Net: NetName=GND_1 Pin=C13_SW7-2
Added Pin To Net: NetName=GND_1 Pin=C13_SW8-2
Added Pin To Net: NetName=GND_1 Pin=C14_SW1-2
Added Pin To Net: NetName=GND_1 Pin=C14_SW2-2
Added Pin To Net: NetName=GND_1 Pin=C14_SW3-2
Added Pin To Net: NetName=GND_1 Pin=C14_SW4-2
Added Pin To Net: NetName=GND_1 Pin=C14_SW5-2
Added Pin To Net: NetName=GND_1 Pin=C14_SW6-2
Added Pin To Net: NetName=GND_1 Pin=C14_SW7-2
Added Pin To Net: NetName=GND_1 Pin=C14_SW8-2
Added Pin To Net: NetName=GND_1 Pin=C15_SW1-2
Added Pin To Net: NetName=GND_1 Pin=C15_SW2-2
Added Pin To Net: NetName=GND_1 Pin=C15_SW3-2
Added Pin To Net: NetName=GND_1 Pin=C15_SW4-2
Added Pin To Net: NetName=GND_1 Pin=C15_SW5-2
Added Pin To Net: NetName=GND_1 Pin=C15_SW6-2
Added Pin To Net: NetName=GND_1 Pin=C15_SW7-2
Added Pin To Net: NetName=GND_1 Pin=C15_SW8-2
Added Pin To Net: NetName=GND_1 Pin=C16_SW1-2
Added Pin To Net: NetName=GND_1 Pin=C16_SW2-2
Added Pin To Net: NetName=GND_1 Pin=C16_SW3-2
Added Pin To Net: NetName=GND_1 Pin=C16_SW4-2
Added Pin To Net: NetName=GND_1 Pin=C16_SW5-2
Added Pin To Net: NetName=GND_1 Pin=C16_SW6-2
Added Pin To Net: NetName=GND_1 Pin=C16_SW7-2
Added Pin To Net: NetName=GND_1 Pin=C16_SW8-2
Added Pin To Net: NetName=40V Pin=S1_SW1-1
Added Pin To Net: NetName=GND_1 Pin=S1_SW1-2
Added Pin To Net: NetName=40V Pin=S1_SW2-1
Added Pin To Net: NetName=GND_1 Pin=S1_SW2-2
Added Pin To Net: NetName=40V Pin=S1_SW3-1
Added Pin To Net: NetName=GND_1 Pin=S1_SW3-2
Added Pin To Net: NetName=40V Pin=S1_SW4-1
Added Pin To Net: NetName=GND_1 Pin=S1_SW4-2
Added Pin To Net: NetName=40V Pin=S1_SW5-1
Added Pin To Net: NetName=GND_1 Pin=S1_SW5-2
Added Pin To Net: NetName=40V Pin=S1_SW6-1
Added Pin To Net: NetName=GND_1 Pin=S1_SW6-2
Added Pin To Net: NetName=40V Pin=S1_SW7-1
Added Pin To Net: NetName=GND_1 Pin=S1_SW7-2
Added Pin To Net: NetName=40V Pin=S1_SW8-1
Added Pin To Net: NetName=GND_1 Pin=S1_SW8-2
Added Pin To Net: NetName=GND_1 Pin=U10_SW1-5
Added Pin To Net: NetName=GND_1 Pin=U10_SW1-6
Added Pin To Net: NetName=40V Pin=U10_SW1-16
Added Pin To Net: NetName=GND_1 Pin=U10_SW2-5
Added Pin To Net: NetName=GND_1 Pin=U10_SW2-6
Added Pin To Net: NetName=40V Pin=U10_SW2-16
Added Pin To Net: NetName=GND_1 Pin=U10_SW3-5
Added Pin To Net: NetName=GND_1 Pin=U10_SW3-6
Added Pin To Net: NetName=40V Pin=U10_SW3-16
Added Pin To Net: NetName=GND_1 Pin=U10_SW4-5
Added Pin To Net: NetName=GND_1 Pin=U10_SW4-6
Added Pin To Net: NetName=40V Pin=U10_SW4-16
Added Pin To Net: NetName=GND_1 Pin=U10_SW5-5
Added Pin To Net: NetName=GND_1 Pin=U10_SW5-6
Added Pin To Net: NetName=40V Pin=U10_SW5-16
Added Pin To Net: NetName=GND_1 Pin=U10_SW6-5
Added Pin To Net: NetName=GND_1 Pin=U10_SW6-6
Added Pin To Net: NetName=40V Pin=U10_SW6-16
Added Pin To Net: NetName=GND_1 Pin=U10_SW7-5
Added Pin To Net: NetName=GND_1 Pin=U10_SW7-6
Added Pin To Net: NetName=40V Pin=U10_SW7-16
Added Pin To Net: NetName=GND_1 Pin=U10_SW8-5
Added Pin To Net: NetName=GND_1 Pin=U10_SW8-6
Added Pin To Net: NetName=40V Pin=U10_SW8-16
Added Pin To Net: NetName=D1_SW1 Pin=U10_SW1-3
Added Pin To Net: NetName=D1_SW1 Pin=U10_SW1-8
Added Net: Name=D1_SW1
Added Pin To Net: NetName=D1_SW2 Pin=U10_SW2-3
Added Pin To Net: NetName=D1_SW2 Pin=U10_SW2-8
Added Net: Name=D1_SW2
Added Pin To Net: NetName=D1_SW3 Pin=U10_SW3-3
Added Pin To Net: NetName=D1_SW3 Pin=U10_SW3-8
Added Net: Name=D1_SW3
Added Pin To Net: NetName=D1_SW4 Pin=U10_SW4-3
Added Pin To Net: NetName=D1_SW4 Pin=U10_SW4-8
Added Net: Name=D1_SW4
Added Pin To Net: NetName=D1_SW5 Pin=U10_SW5-3
Added Pin To Net: NetName=D1_SW5 Pin=U10_SW5-8
Added Net: Name=D1_SW5
Added Pin To Net: NetName=D1_SW6 Pin=U10_SW6-3
Added Pin To Net: NetName=D1_SW6 Pin=U10_SW6-8
Added Net: Name=D1_SW6
Added Pin To Net: NetName=D1_SW7 Pin=U10_SW7-3
Added Pin To Net: NetName=D1_SW7 Pin=U10_SW7-8
Added Net: Name=D1_SW7
Added Pin To Net: NetName=D1_SW8 Pin=U10_SW8-3
Added Pin To Net: NetName=D1_SW8 Pin=U10_SW8-8
Added Net: Name=D1_SW8
Added Pin To Net: NetName=D3_SW1 Pin=U10_SW1-18
Added Net: Name=D3_SW1
Added Pin To Net: NetName=D3_SW2 Pin=U10_SW2-18
Added Net: Name=D3_SW2
Added Pin To Net: NetName=D3_SW3 Pin=U10_SW3-18
Added Net: Name=D3_SW3
Added Pin To Net: NetName=D3_SW4 Pin=U10_SW4-18
Added Net: Name=D3_SW4
Added Pin To Net: NetName=D3_SW5 Pin=U10_SW5-18
Added Net: Name=D3_SW5
Added Pin To Net: NetName=D3_SW6 Pin=U10_SW6-18
Added Net: Name=D3_SW6
Added Pin To Net: NetName=D3_SW7 Pin=U10_SW7-18
Added Net: Name=D3_SW7
Added Pin To Net: NetName=D3_SW8 Pin=U10_SW8-18
Added Net: Name=D3_SW8
Added Pin To Net: NetName=D4_SW1 Pin=U10_SW1-13
Added Net: Name=D4_SW1
Added Pin To Net: NetName=D4_SW2 Pin=U10_SW2-13
Added Net: Name=D4_SW2
Added Pin To Net: NetName=D4_SW3 Pin=U10_SW3-13
Added Net: Name=D4_SW3
Added Pin To Net: NetName=D4_SW4 Pin=U10_SW4-13
Added Net: Name=D4_SW4
Added Pin To Net: NetName=D4_SW5 Pin=U10_SW5-13
Added Net: Name=D4_SW5
Added Pin To Net: NetName=D4_SW6 Pin=U10_SW6-13
Added Net: Name=D4_SW6
Added Pin To Net: NetName=D4_SW7 Pin=U10_SW7-13
Added Net: Name=D4_SW7
Added Pin To Net: NetName=D4_SW8 Pin=U10_SW8-13
Added Net: Name=D4_SW8
Added Pin To Net: NetName=S1_SW1 Pin=C12_SW1-1
Added Pin To Net: NetName=S1_SW1 Pin=U10_SW1-9
Added Net: Name=S1_SW1
Added Pin To Net: NetName=S1_SW2 Pin=C12_SW2-1
Added Pin To Net: NetName=S1_SW2 Pin=U10_SW2-9
Added Net: Name=S1_SW2
Added Pin To Net: NetName=S1_SW3 Pin=C12_SW3-1
Added Pin To Net: NetName=S1_SW3 Pin=U10_SW3-9
Added Net: Name=S1_SW3
Added Pin To Net: NetName=S1_SW4 Pin=C12_SW4-1
Added Pin To Net: NetName=S1_SW4 Pin=U10_SW4-9
Added Net: Name=S1_SW4
Added Pin To Net: NetName=S1_SW5 Pin=C12_SW5-1
Added Pin To Net: NetName=S1_SW5 Pin=U10_SW5-9
Added Net: Name=S1_SW5
Added Pin To Net: NetName=S1_SW6 Pin=C12_SW6-1
Added Pin To Net: NetName=S1_SW6 Pin=U10_SW6-9
Added Net: Name=S1_SW6
Added Pin To Net: NetName=S1_SW7 Pin=C12_SW7-1
Added Pin To Net: NetName=S1_SW7 Pin=U10_SW7-9
Added Net: Name=S1_SW7
Added Pin To Net: NetName=S1_SW8 Pin=C12_SW8-1
Added Pin To Net: NetName=S1_SW8 Pin=U10_SW8-9
Added Net: Name=S1_SW8
Added Pin To Net: NetName=S2_SW1 Pin=C13_SW1-1
Added Pin To Net: NetName=S2_SW1 Pin=U10_SW1-4
Added Pin To Net: NetName=S2_SW1 Pin=U10_SW1-7
Added Net: Name=S2_SW1
Added Pin To Net: NetName=S2_SW2 Pin=C13_SW2-1
Added Pin To Net: NetName=S2_SW2 Pin=U10_SW2-4
Added Pin To Net: NetName=S2_SW2 Pin=U10_SW2-7
Added Net: Name=S2_SW2
Added Pin To Net: NetName=S2_SW3 Pin=C13_SW3-1
Added Pin To Net: NetName=S2_SW3 Pin=U10_SW3-4
Added Pin To Net: NetName=S2_SW3 Pin=U10_SW3-7
Added Net: Name=S2_SW3
Added Pin To Net: NetName=S2_SW4 Pin=C13_SW4-1
Added Pin To Net: NetName=S2_SW4 Pin=U10_SW4-4
Added Pin To Net: NetName=S2_SW4 Pin=U10_SW4-7
Added Net: Name=S2_SW4
Added Pin To Net: NetName=S2_SW5 Pin=C13_SW5-1
Added Pin To Net: NetName=S2_SW5 Pin=U10_SW5-4
Added Pin To Net: NetName=S2_SW5 Pin=U10_SW5-7
Added Net: Name=S2_SW5
Added Pin To Net: NetName=S2_SW6 Pin=C13_SW6-1
Added Pin To Net: NetName=S2_SW6 Pin=U10_SW6-4
Added Pin To Net: NetName=S2_SW6 Pin=U10_SW6-7
Added Net: Name=S2_SW6
Added Pin To Net: NetName=S2_SW7 Pin=C13_SW7-1
Added Pin To Net: NetName=S2_SW7 Pin=U10_SW7-4
Added Pin To Net: NetName=S2_SW7 Pin=U10_SW7-7
Added Net: Name=S2_SW7
Added Pin To Net: NetName=S2_SW8 Pin=C13_SW8-1
Added Pin To Net: NetName=S2_SW8 Pin=U10_SW8-4
Added Pin To Net: NetName=S2_SW8 Pin=U10_SW8-7
Added Net: Name=S2_SW8
Added Pin To Net: NetName=S3_SW1 Pin=C14_SW1-1
Added Pin To Net: NetName=S3_SW1 Pin=U10_SW1-2
Added Pin To Net: NetName=S3_SW1 Pin=U10_SW1-19
Added Net: Name=S3_SW1
Added Pin To Net: NetName=S3_SW2 Pin=C14_SW2-1
Added Pin To Net: NetName=S3_SW2 Pin=U10_SW2-2
Added Pin To Net: NetName=S3_SW2 Pin=U10_SW2-19
Added Net: Name=S3_SW2
Added Pin To Net: NetName=S3_SW3 Pin=C14_SW3-1
Added Pin To Net: NetName=S3_SW3 Pin=U10_SW3-2
Added Pin To Net: NetName=S3_SW3 Pin=U10_SW3-19
Added Net: Name=S3_SW3
Added Pin To Net: NetName=S3_SW4 Pin=C14_SW4-1
Added Pin To Net: NetName=S3_SW4 Pin=U10_SW4-2
Added Pin To Net: NetName=S3_SW4 Pin=U10_SW4-19
Added Net: Name=S3_SW4
Added Pin To Net: NetName=S3_SW5 Pin=C14_SW5-1
Added Pin To Net: NetName=S3_SW5 Pin=U10_SW5-2
Added Pin To Net: NetName=S3_SW5 Pin=U10_SW5-19
Added Net: Name=S3_SW5
Added Pin To Net: NetName=S3_SW6 Pin=C14_SW6-1
Added Pin To Net: NetName=S3_SW6 Pin=U10_SW6-2
Added Pin To Net: NetName=S3_SW6 Pin=U10_SW6-19
Added Net: Name=S3_SW6
Added Pin To Net: NetName=S3_SW7 Pin=C14_SW7-1
Added Pin To Net: NetName=S3_SW7 Pin=U10_SW7-2
Added Pin To Net: NetName=S3_SW7 Pin=U10_SW7-19
Added Net: Name=S3_SW7
Added Pin To Net: NetName=S3_SW8 Pin=C14_SW8-1
Added Pin To Net: NetName=S3_SW8 Pin=U10_SW8-2
Added Pin To Net: NetName=S3_SW8 Pin=U10_SW8-19
Added Net: Name=S3_SW8
Added Pin To Net: NetName=S4_SW1 Pin=C15_SW1-1
Added Pin To Net: NetName=S4_SW1 Pin=U10_SW1-15
Added Pin To Net: NetName=S4_SW1 Pin=U10_SW1-17
Added Net: Name=S4_SW1
Added Pin To Net: NetName=S4_SW2 Pin=C15_SW2-1
Added Pin To Net: NetName=S4_SW2 Pin=U10_SW2-15
Added Pin To Net: NetName=S4_SW2 Pin=U10_SW2-17
Added Net: Name=S4_SW2
Added Pin To Net: NetName=S4_SW3 Pin=C15_SW3-1
Added Pin To Net: NetName=S4_SW3 Pin=U10_SW3-15
Added Pin To Net: NetName=S4_SW3 Pin=U10_SW3-17
Added Net: Name=S4_SW3
Added Pin To Net: NetName=S4_SW4 Pin=C15_SW4-1
Added Pin To Net: NetName=S4_SW4 Pin=U10_SW4-15
Added Pin To Net: NetName=S4_SW4 Pin=U10_SW4-17
Added Net: Name=S4_SW4
Added Pin To Net: NetName=S4_SW5 Pin=C15_SW5-1
Added Pin To Net: NetName=S4_SW5 Pin=U10_SW5-15
Added Pin To Net: NetName=S4_SW5 Pin=U10_SW5-17
Added Net: Name=S4_SW5
Added Pin To Net: NetName=S4_SW6 Pin=C15_SW6-1
Added Pin To Net: NetName=S4_SW6 Pin=U10_SW6-15
Added Pin To Net: NetName=S4_SW6 Pin=U10_SW6-17
Added Net: Name=S4_SW6
Added Pin To Net: NetName=S4_SW7 Pin=C15_SW7-1
Added Pin To Net: NetName=S4_SW7 Pin=U10_SW7-15
Added Pin To Net: NetName=S4_SW7 Pin=U10_SW7-17
Added Net: Name=S4_SW7
Added Pin To Net: NetName=S4_SW8 Pin=C15_SW8-1
Added Pin To Net: NetName=S4_SW8 Pin=U10_SW8-15
Added Pin To Net: NetName=S4_SW8 Pin=U10_SW8-17
Added Net: Name=S4_SW8
Added Pin To Net: NetName=S5_SW1 Pin=C16_SW1-1
Added Pin To Net: NetName=S5_SW1 Pin=U10_SW1-12
Added Net: Name=S5_SW1
Added Pin To Net: NetName=S5_SW2 Pin=C16_SW2-1
Added Pin To Net: NetName=S5_SW2 Pin=U10_SW2-12
Added Net: Name=S5_SW2
Added Pin To Net: NetName=S5_SW3 Pin=C16_SW3-1
Added Pin To Net: NetName=S5_SW3 Pin=U10_SW3-12
Added Net: Name=S5_SW3
Added Pin To Net: NetName=S5_SW4 Pin=C16_SW4-1
Added Pin To Net: NetName=S5_SW4 Pin=U10_SW4-12
Added Net: Name=S5_SW4
Added Pin To Net: NetName=S5_SW5 Pin=C16_SW5-1
Added Pin To Net: NetName=S5_SW5 Pin=U10_SW5-12
Added Net: Name=S5_SW5
Added Pin To Net: NetName=S5_SW6 Pin=C16_SW6-1
Added Pin To Net: NetName=S5_SW6 Pin=U10_SW6-12
Added Net: Name=S5_SW6
Added Pin To Net: NetName=S5_SW7 Pin=C16_SW7-1
Added Pin To Net: NetName=S5_SW7 Pin=U10_SW7-12
Added Net: Name=S5_SW7
Added Pin To Net: NetName=S5_SW8 Pin=C16_SW8-1
Added Pin To Net: NetName=S5_SW8 Pin=U10_SW8-12
Added Net: Name=S5_SW8
Added Class: Name=SW1
Added Class: Name=SW2
Added Class: Name=SW3
Added Class: Name=SW4
Added Class: Name=SW5
Added Class: Name=SW6
Added Class: Name=SW7
Added Class: Name=SW8
Added Class: Name=ƒ£ƒ‚ø™πÿ
Added Room: Name=SW1
Added Room: Name=SW2
Added Room: Name=SW3
Added Room: Name=SW4
Added Room: Name=SW5
Added Room: Name=SW6
Added Room: Name=SW7
Added Room: Name=SW8
Added Room: Name=µÁ≥ÿµÁ—πºÏ≤‚
