Removed Pin From Net: NetName=GND_0 Pin=C42-1
Removed Pin From Net: NetName=6V_0 Pin=C42-2
Removed Pin From Net: NetName=GND_1 Pin=C58-1
Removed Pin From Net: NetName=NetC58_2 Pin=C58-2
Removed Pin From Net: NetName=5V_0 Pin=C62-1
Removed Pin From Net: NetName=GND_0 Pin=C62-2
Removed Pin From Net: NetName=NetR35_1 Pin=R35-1
Removed Pin From Net: NetName=GND_1 Pin=R35-2
Change Component Footprint: Designator=R30 Old Footprint=C1206 New Footprint=0805R
Change Component Footprint: Designator=R33 Old Footprint=C1206 New Footprint=0805R
Added Component: Designator=C42(SMD-EC-F8)
Added Component: Designator=C58(0805C)
Added Component: Designator=C62(C1210)
Added Component: Designator=R35(0805R)
Added Pin To Net: NetName=GND_0 Pin=C42-1
Added Pin To Net: NetName=6V_0 Pin=C42-2
Added Pin To Net: NetName=GND_1 Pin=C58-1
Added Pin To Net: NetName=NetC58_2 Pin=C58-2
Added Pin To Net: NetName=5V_0 Pin=C62-1
Added Pin To Net: NetName=GND_0 Pin=C62-2
Added Pin To Net: NetName=NetR35_1 Pin=R35-1
Added Pin To Net: NetName=GND_1 Pin=R35-2
Added Member To Class: ClassName=U_电源 Member=Component C42 Cap Pol1
Added Member To Class: ClassName=U_电源 Member=Component C58 Cap
Added Member To Class: ClassName=U_电源 Member=Component C62 Cap
Added Member To Class: ClassName=U_电源 Member=Component R35 Res2
Added Room: Name=U_电源
