Removed Pin From Net: NetName=S1_SW1 Pin=C12_SW1-1
Removed Pin From Net: NetName=GND_1 Pin=C12_SW1-2
Removed Pin From Net: NetName=S1_SW2 Pin=C12_SW2-1
Removed Pin From Net: NetName=GND_1 Pin=C12_SW2-2
Removed Pin From Net: NetName=S1_SW3 Pin=C12_SW3-1
Removed Pin From Net: NetName=GND_1 Pin=C12_SW3-2
Removed Pin From Net: NetName=S1_SW4 Pin=C12_SW4-1
Removed Pin From Net: NetName=GND_1 Pin=C12_SW4-2
Removed Pin From Net: NetName=S1_SW5 Pin=C12_SW5-1
Removed Pin From Net: NetName=GND_1 Pin=C12_SW5-2
Removed Pin From Net: NetName=S1_SW6 Pin=C12_SW6-1
Removed Pin From Net: NetName=GND_1 Pin=C12_SW6-2
Removed Pin From Net: NetName=S1_SW7 Pin=C12_SW7-1
Removed Pin From Net: NetName=GND_1 Pin=C12_SW7-2
Removed Pin From Net: NetName=S1_SW8 Pin=C12_SW8-1
Removed Pin From Net: NetName=GND_1 Pin=C12_SW8-2
Removed Pin From Net: NetName=S2_SW1 Pin=C13_SW1-1
Removed Pin From Net: NetName=GND_1 Pin=C13_SW1-2
Removed Pin From Net: NetName=S2_SW2 Pin=C13_SW2-1
Removed Pin From Net: NetName=GND_1 Pin=C13_SW2-2
Removed Pin From Net: NetName=S2_SW3 Pin=C13_SW3-1
Removed Pin From Net: NetName=GND_1 Pin=C13_SW3-2
Removed Pin From Net: NetName=S2_SW4 Pin=C13_SW4-1
Removed Pin From Net: NetName=GND_1 Pin=C13_SW4-2
Removed Pin From Net: NetName=S2_SW5 Pin=C13_SW5-1
Removed Pin From Net: NetName=GND_1 Pin=C13_SW5-2
Removed Pin From Net: NetName=S2_SW6 Pin=C13_SW6-1
Removed Pin From Net: NetName=GND_1 Pin=C13_SW6-2
Removed Pin From Net: NetName=S2_SW7 Pin=C13_SW7-1
Removed Pin From Net: NetName=GND_1 Pin=C13_SW7-2
Removed Pin From Net: NetName=S2_SW8 Pin=C13_SW8-1
Removed Pin From Net: NetName=GND_1 Pin=C13_SW8-2
Removed Pin From Net: NetName=S3_SW1 Pin=C14_SW1-1
Removed Pin From Net: NetName=GND_1 Pin=C14_SW1-2
Removed Pin From Net: NetName=S3_SW2 Pin=C14_SW2-1
Removed Pin From Net: NetName=GND_1 Pin=C14_SW2-2
Removed Pin From Net: NetName=S3_SW3 Pin=C14_SW3-1
Removed Pin From Net: NetName=GND_1 Pin=C14_SW3-2
Removed Pin From Net: NetName=S3_SW4 Pin=C14_SW4-1
Removed Pin From Net: NetName=GND_1 Pin=C14_SW4-2
Removed Pin From Net: NetName=S3_SW5 Pin=C14_SW5-1
Removed Pin From Net: NetName=GND_1 Pin=C14_SW5-2
Removed Pin From Net: NetName=S3_SW6 Pin=C14_SW6-1
Removed Pin From Net: NetName=GND_1 Pin=C14_SW6-2
Removed Pin From Net: NetName=S3_SW7 Pin=C14_SW7-1
Removed Pin From Net: NetName=GND_1 Pin=C14_SW7-2
Removed Pin From Net: NetName=S3_SW8 Pin=C14_SW8-1
Removed Pin From Net: NetName=GND_1 Pin=C14_SW8-2
Removed Pin From Net: NetName=S4_SW1 Pin=C15_SW1-1
Removed Pin From Net: NetName=GND_1 Pin=C15_SW1-2
Removed Pin From Net: NetName=S4_SW2 Pin=C15_SW2-1
Removed Pin From Net: NetName=GND_1 Pin=C15_SW2-2
Removed Pin From Net: NetName=S4_SW3 Pin=C15_SW3-1
Removed Pin From Net: NetName=GND_1 Pin=C15_SW3-2
Removed Pin From Net: NetName=S4_SW4 Pin=C15_SW4-1
Removed Pin From Net: NetName=GND_1 Pin=C15_SW4-2
Removed Pin From Net: NetName=S4_SW5 Pin=C15_SW5-1
Removed Pin From Net: NetName=GND_1 Pin=C15_SW5-2
Removed Pin From Net: NetName=S4_SW6 Pin=C15_SW6-1
Removed Pin From Net: NetName=GND_1 Pin=C15_SW6-2
Removed Pin From Net: NetName=S4_SW7 Pin=C15_SW7-1
Removed Pin From Net: NetName=GND_1 Pin=C15_SW7-2
Removed Pin From Net: NetName=S4_SW8 Pin=C15_SW8-1
Removed Pin From Net: NetName=GND_1 Pin=C15_SW8-2
Removed Pin From Net: NetName=S5_SW1 Pin=C16_SW1-1
Removed Pin From Net: NetName=GND_1 Pin=C16_SW1-2
Removed Pin From Net: NetName=S5_SW2 Pin=C16_SW2-1
Removed Pin From Net: NetName=GND_1 Pin=C16_SW2-2
Removed Pin From Net: NetName=S5_SW3 Pin=C16_SW3-1
Removed Pin From Net: NetName=GND_1 Pin=C16_SW3-2
Removed Pin From Net: NetName=S5_SW4 Pin=C16_SW4-1
Removed Pin From Net: NetName=GND_1 Pin=C16_SW4-2
Removed Pin From Net: NetName=S5_SW5 Pin=C16_SW5-1
Removed Pin From Net: NetName=GND_1 Pin=C16_SW5-2
Removed Pin From Net: NetName=S5_SW6 Pin=C16_SW6-1
Removed Pin From Net: NetName=GND_1 Pin=C16_SW6-2
Removed Pin From Net: NetName=S5_SW7 Pin=C16_SW7-1
Removed Pin From Net: NetName=GND_1 Pin=C16_SW7-2
Removed Pin From Net: NetName=S5_SW8 Pin=C16_SW8-1
Removed Pin From Net: NetName=GND_1 Pin=C16_SW8-2
Removed Pin From Net: NetName=S2_SW1 Pin=C17_SW1-1
Removed Pin From Net: NetName=GND_1 Pin=C17_SW1-2
Removed Pin From Net: NetName=S2_SW2 Pin=C17_SW2-1
Removed Pin From Net: NetName=GND_1 Pin=C17_SW2-2
Removed Pin From Net: NetName=S2_SW3 Pin=C17_SW3-1
Removed Pin From Net: NetName=GND_1 Pin=C17_SW3-2
Removed Pin From Net: NetName=S2_SW4 Pin=C17_SW4-1
Removed Pin From Net: NetName=GND_1 Pin=C17_SW4-2
Removed Pin From Net: NetName=S2_SW5 Pin=C17_SW5-1
Removed Pin From Net: NetName=GND_1 Pin=C17_SW5-2
Removed Pin From Net: NetName=S2_SW6 Pin=C17_SW6-1
Removed Pin From Net: NetName=GND_1 Pin=C17_SW6-2
Removed Pin From Net: NetName=S2_SW7 Pin=C17_SW7-1
Removed Pin From Net: NetName=GND_1 Pin=C17_SW7-2
Removed Pin From Net: NetName=S2_SW8 Pin=C17_SW8-1
Removed Pin From Net: NetName=GND_1 Pin=C17_SW8-2
Removed Pin From Net: NetName=S3_SW1 Pin=C18_SW1-1
Removed Pin From Net: NetName=GND_1 Pin=C18_SW1-2
Removed Pin From Net: NetName=S3_SW2 Pin=C18_SW2-1
Removed Pin From Net: NetName=GND_1 Pin=C18_SW2-2
Removed Pin From Net: NetName=S3_SW3 Pin=C18_SW3-1
Removed Pin From Net: NetName=GND_1 Pin=C18_SW3-2
Removed Pin From Net: NetName=S3_SW4 Pin=C18_SW4-1
Removed Pin From Net: NetName=GND_1 Pin=C18_SW4-2
Removed Pin From Net: NetName=S3_SW5 Pin=C18_SW5-1
Removed Pin From Net: NetName=GND_1 Pin=C18_SW5-2
Removed Pin From Net: NetName=S3_SW6 Pin=C18_SW6-1
Removed Pin From Net: NetName=GND_1 Pin=C18_SW6-2
Removed Pin From Net: NetName=S3_SW7 Pin=C18_SW7-1
Removed Pin From Net: NetName=GND_1 Pin=C18_SW7-2
Removed Pin From Net: NetName=S3_SW8 Pin=C18_SW8-1
Removed Pin From Net: NetName=GND_1 Pin=C18_SW8-2
Removed Pin From Net: NetName=S4_SW1 Pin=C19_SW1-1
Removed Pin From Net: NetName=GND_1 Pin=C19_SW1-2
Removed Pin From Net: NetName=S4_SW2 Pin=C19_SW2-1
Removed Pin From Net: NetName=GND_1 Pin=C19_SW2-2
Removed Pin From Net: NetName=S4_SW3 Pin=C19_SW3-1
Removed Pin From Net: NetName=GND_1 Pin=C19_SW3-2
Removed Pin From Net: NetName=S4_SW4 Pin=C19_SW4-1
Removed Pin From Net: NetName=GND_1 Pin=C19_SW4-2
Removed Pin From Net: NetName=S4_SW5 Pin=C19_SW5-1
Removed Pin From Net: NetName=GND_1 Pin=C19_SW5-2
Removed Pin From Net: NetName=S4_SW6 Pin=C19_SW6-1
Removed Pin From Net: NetName=GND_1 Pin=C19_SW6-2
Removed Pin From Net: NetName=S4_SW7 Pin=C19_SW7-1
Removed Pin From Net: NetName=GND_1 Pin=C19_SW7-2
Removed Pin From Net: NetName=S4_SW8 Pin=C19_SW8-1
Removed Pin From Net: NetName=GND_1 Pin=C19_SW8-2
Removed Member From Class: ClassName=SW1 Member=C12_SW1
Removed Member From Class: ClassName=SW2 Member=C12_SW2
Removed Member From Class: ClassName=SW3 Member=C12_SW3
Removed Member From Class: ClassName=SW4 Member=C12_SW4
Removed Member From Class: ClassName=SW5 Member=C12_SW5
Removed Member From Class: ClassName=SW6 Member=C12_SW6
Removed Member From Class: ClassName=SW7 Member=C12_SW7
Removed Member From Class: ClassName=SW8 Member=C12_SW8
Removed Member From Class: ClassName=SW1 Member=C13_SW1
Removed Member From Class: ClassName=SW2 Member=C13_SW2
Removed Member From Class: ClassName=SW3 Member=C13_SW3
Removed Member From Class: ClassName=SW4 Member=C13_SW4
Removed Member From Class: ClassName=SW5 Member=C13_SW5
Removed Member From Class: ClassName=SW6 Member=C13_SW6
Removed Member From Class: ClassName=SW7 Member=C13_SW7
Removed Member From Class: ClassName=SW8 Member=C13_SW8
Removed Member From Class: ClassName=SW1 Member=C14_SW1
Removed Member From Class: ClassName=SW2 Member=C14_SW2
Removed Member From Class: ClassName=SW3 Member=C14_SW3
Removed Member From Class: ClassName=SW4 Member=C14_SW4
Removed Member From Class: ClassName=SW5 Member=C14_SW5
Removed Member From Class: ClassName=SW6 Member=C14_SW6
Removed Member From Class: ClassName=SW7 Member=C14_SW7
Removed Member From Class: ClassName=SW8 Member=C14_SW8
Removed Member From Class: ClassName=SW1 Member=C15_SW1
Removed Member From Class: ClassName=SW2 Member=C15_SW2
Removed Member From Class: ClassName=SW3 Member=C15_SW3
Removed Member From Class: ClassName=SW4 Member=C15_SW4
Removed Member From Class: ClassName=SW5 Member=C15_SW5
Removed Member From Class: ClassName=SW6 Member=C15_SW6
Removed Member From Class: ClassName=SW7 Member=C15_SW7
Removed Member From Class: ClassName=SW8 Member=C15_SW8
Removed Member From Class: ClassName=SW1 Member=C16_SW1
Removed Member From Class: ClassName=SW2 Member=C16_SW2
Removed Member From Class: ClassName=SW3 Member=C16_SW3
Removed Member From Class: ClassName=SW4 Member=C16_SW4
Removed Member From Class: ClassName=SW5 Member=C16_SW5
Removed Member From Class: ClassName=SW6 Member=C16_SW6
Removed Member From Class: ClassName=SW7 Member=C16_SW7
Removed Member From Class: ClassName=SW8 Member=C16_SW8
Removed Member From Class: ClassName=SW1 Member=C17_SW1
Removed Member From Class: ClassName=SW2 Member=C17_SW2
Removed Member From Class: ClassName=SW3 Member=C17_SW3
Removed Member From Class: ClassName=SW4 Member=C17_SW4
Removed Member From Class: ClassName=SW5 Member=C17_SW5
Removed Member From Class: ClassName=SW6 Member=C17_SW6
Removed Member From Class: ClassName=SW7 Member=C17_SW7
Removed Member From Class: ClassName=SW8 Member=C17_SW8
Removed Member From Class: ClassName=SW1 Member=C18_SW1
Removed Member From Class: ClassName=SW2 Member=C18_SW2
Removed Member From Class: ClassName=SW3 Member=C18_SW3
Removed Member From Class: ClassName=SW4 Member=C18_SW4
Removed Member From Class: ClassName=SW5 Member=C18_SW5
Removed Member From Class: ClassName=SW6 Member=C18_SW6
Removed Member From Class: ClassName=SW7 Member=C18_SW7
Removed Member From Class: ClassName=SW8 Member=C18_SW8
Removed Member From Class: ClassName=SW1 Member=C19_SW1
Removed Member From Class: ClassName=SW2 Member=C19_SW2
Removed Member From Class: ClassName=SW3 Member=C19_SW3
Removed Member From Class: ClassName=SW4 Member=C19_SW4
Removed Member From Class: ClassName=SW5 Member=C19_SW5
Removed Member From Class: ClassName=SW6 Member=C19_SW6
Removed Member From Class: ClassName=SW7 Member=C19_SW7
Removed Member From Class: ClassName=SW8 Member=C19_SW8
Added Component: Designator=C2_SW1(1812)
Added Component: Designator=C2_SW2(1812)
Added Component: Designator=C2_SW3(1812)
Added Component: Designator=C2_SW4(1812)
Added Component: Designator=C2_SW5(1812)
Added Component: Designator=C2_SW6(1812)
Added Component: Designator=C2_SW7(1812)
Added Component: Designator=C2_SW8(1812)
Added Pin To Net: NetName=40V Pin=C2_SW1-1
Added Pin To Net: NetName=GND_1 Pin=C2_SW1-2
Added Pin To Net: NetName=40V Pin=C2_SW2-1
Added Pin To Net: NetName=GND_1 Pin=C2_SW2-2
Added Pin To Net: NetName=40V Pin=C2_SW3-1
Added Pin To Net: NetName=GND_1 Pin=C2_SW3-2
Added Pin To Net: NetName=40V Pin=C2_SW4-1
Added Pin To Net: NetName=GND_1 Pin=C2_SW4-2
Added Pin To Net: NetName=40V Pin=C2_SW5-1
Added Pin To Net: NetName=GND_1 Pin=C2_SW5-2
Added Pin To Net: NetName=40V Pin=C2_SW6-1
Added Pin To Net: NetName=GND_1 Pin=C2_SW6-2
Added Pin To Net: NetName=40V Pin=C2_SW7-1
Added Pin To Net: NetName=GND_1 Pin=C2_SW7-2
Added Pin To Net: NetName=40V Pin=C2_SW8-1
Added Pin To Net: NetName=GND_1 Pin=C2_SW8-2
Added Member To Class: ClassName=SW1 Member=Component C2_SW1 (C2) Cap
Added Member To Class: ClassName=SW2 Member=Component C2_SW2 (C2) Cap
Added Member To Class: ClassName=SW3 Member=Component C2_SW3 (C2) Cap
Added Member To Class: ClassName=SW4 Member=Component C2_SW4 (C2) Cap
Added Member To Class: ClassName=SW5 Member=Component C2_SW5 (C2) Cap
Added Member To Class: ClassName=SW6 Member=Component C2_SW6 (C2) Cap
Added Member To Class: ClassName=SW7 Member=Component C2_SW7 (C2) Cap
Added Member To Class: ClassName=SW8 Member=Component C2_SW8 (C2) Cap
