Removed Pin From Net: NetName=40V Pin=DB1-1
Removed Pin From Net: NetName=NetA9_1 Pin=DB1-3
Removed Pin From Net: NetName=NetA9_5 Pin=DB1-4
Removed Pin From Net: NetName=NetA10_1 Pin=DB1-5
Removed Pin From Net: NetName=NetA10_5 Pin=DB1-6
Removed Pin From Net: NetName=NetA11_1 Pin=DB1-7
Removed Pin From Net: NetName=NetA11_5 Pin=DB1-8
Removed Pin From Net: NetName=NetA12_1 Pin=DB1-9
Removed Pin From Net: NetName=NetA12_5 Pin=DB1-10
Removed Pin From Net: NetName=NetA13_1 Pin=DB1-11
Removed Pin From Net: NetName=NetA13_5 Pin=DB1-12
Removed Pin From Net: NetName=NetA14_1 Pin=DB1-13
Removed Pin From Net: NetName=NetA14_5 Pin=DB1-14
Removed Pin From Net: NetName=NetA15_1 Pin=DB1-15
Removed Pin From Net: NetName=NetA15_5 Pin=DB1-16
Removed Pin From Net: NetName=NetA16_1 Pin=DB1-17
Removed Pin From Net: NetName=NetA16_5 Pin=DB1-18
Removed Pin From Net: NetName=NetA9_3 Pin=DB1-22
Removed Pin From Net: NetName=NetA9_7 Pin=DB1-23
Removed Pin From Net: NetName=NetA10_3 Pin=DB1-24
Removed Pin From Net: NetName=NetA10_7 Pin=DB1-25
Removed Pin From Net: NetName=NetA11_3 Pin=DB1-26
Removed Pin From Net: NetName=NetA11_7 Pin=DB1-27
Removed Pin From Net: NetName=NetA12_3 Pin=DB1-28
Removed Pin From Net: NetName=NetA12_7 Pin=DB1-29
Removed Pin From Net: NetName=NetA13_3 Pin=DB1-30
Removed Pin From Net: NetName=NetA13_7 Pin=DB1-31
Removed Pin From Net: NetName=NetA14_3 Pin=DB1-32
Removed Pin From Net: NetName=NetA14_7 Pin=DB1-33
Removed Pin From Net: NetName=NetA15_3 Pin=DB1-34
Removed Pin From Net: NetName=NetA15_7 Pin=DB1-35
Removed Pin From Net: NetName=NetA16_3 Pin=DB1-36
Removed Pin From Net: NetName=NetA16_7 Pin=DB1-37
Removed Member From Class: ClassName=CL[1..8] Member=CH1
Removed Member From Class: ClassName=CL[1..8] Member=CH2
Removed Member From Class: ClassName=CL[1..8] Member=CH3
Removed Member From Class: ClassName=CL[1..8] Member=CH4
Removed Member From Class: ClassName=CL[1..8] Member=CH5
Removed Member From Class: ClassName=CL[1..8] Member=CH6
Removed Member From Class: ClassName=CH[1..8] Member=CL7
Removed Member From Class: ClassName=CH[1..8] Member=CL8
Added Pin To Net: NetName=NetA9_1 Pin=DB1-1
Added Pin To Net: NetName=NetA9_5 Pin=DB1-2
Added Pin To Net: NetName=NetA10_1 Pin=DB1-3
Added Pin To Net: NetName=NetA10_5 Pin=DB1-4
Added Pin To Net: NetName=NetA11_1 Pin=DB1-5
Added Pin To Net: NetName=NetA11_5 Pin=DB1-6
Added Pin To Net: NetName=NetA12_1 Pin=DB1-7
Added Pin To Net: NetName=NetA12_5 Pin=DB1-8
Added Pin To Net: NetName=NetA13_1 Pin=DB1-9
Added Pin To Net: NetName=NetA13_5 Pin=DB1-10
Added Pin To Net: NetName=NetA14_1 Pin=DB1-11
Added Pin To Net: NetName=NetA14_5 Pin=DB1-12
Added Pin To Net: NetName=NetA15_1 Pin=DB1-13
Added Pin To Net: NetName=NetA15_5 Pin=DB1-14
Added Pin To Net: NetName=NetA16_1 Pin=DB1-15
Added Pin To Net: NetName=NetA16_5 Pin=DB1-16
Added Pin To Net: NetName=GND_1 Pin=DB1-19
Added Pin To Net: NetName=NetA9_3 Pin=DB1-20
Added Pin To Net: NetName=NetA9_7 Pin=DB1-21
Added Pin To Net: NetName=NetA10_3 Pin=DB1-22
Added Pin To Net: NetName=NetA10_7 Pin=DB1-23
Added Pin To Net: NetName=NetA11_3 Pin=DB1-24
Added Pin To Net: NetName=NetA11_7 Pin=DB1-25
Added Pin To Net: NetName=NetA12_3 Pin=DB1-26
Added Pin To Net: NetName=NetA12_7 Pin=DB1-27
Added Pin To Net: NetName=NetA13_3 Pin=DB1-28
Added Pin To Net: NetName=NetA13_7 Pin=DB1-29
Added Pin To Net: NetName=NetA14_3 Pin=DB1-30
Added Pin To Net: NetName=NetA14_7 Pin=DB1-31
Added Pin To Net: NetName=NetA15_3 Pin=DB1-32
Added Pin To Net: NetName=NetA15_7 Pin=DB1-33
Added Pin To Net: NetName=NetA16_3 Pin=DB1-34
Added Pin To Net: NetName=NetA16_7 Pin=DB1-35
Added Pin To Net: NetName=40V Pin=DB1-37
Added Pin To Net: NetName=NetA9_1 Pin=R14-2
Change Net Name : Old Net Name=C9 New Net Name=C23
Change Net Name : Old Net Name=C10 New Net Name=C22
Change Net Name : Old Net Name=C11 New Net Name=C21
Change Net Name : Old Net Name=C12 New Net Name=C20
Change Net Name : Old Net Name=C13 New Net Name=C19
Change Net Name : Old Net Name=C14 New Net Name=C18
Change Net Name : Old Net Name=C15 New Net Name=C17
Change Net Name : Old Net Name=C17 New Net Name=C15
Change Net Name : Old Net Name=C18 New Net Name=C14
Change Net Name : Old Net Name=C19 New Net Name=C13
Change Net Name : Old Net Name=C20 New Net Name=C12
Change Net Name : Old Net Name=C21 New Net Name=C11
Change Net Name : Old Net Name=C22 New Net Name=C10
Change Net Name : Old Net Name=C23 New Net Name=C9
Change Net Name : Old Net Name=C24 New Net Name=C8
Change Net Name : Old Net Name=C25 New Net Name=C7
Change Net Name : Old Net Name=C26 New Net Name=C6
Change Net Name : Old Net Name=C27 New Net Name=C5
Change Net Name : Old Net Name=C28 New Net Name=C4
Change Net Name : Old Net Name=C29 New Net Name=C3
Change Net Name : Old Net Name=C30 New Net Name=C2
Change Net Name : Old Net Name=C31 New Net Name=C1
Change Net Name : Old Net Name=C32 New Net Name=C0
Added Pin To Net: NetName=C24 Pin=A15-2
Added Pin To Net: NetName=C24 Pin=U2-13
Added Net: Name=C24
Added Pin To Net: NetName=C25 Pin=A15-4
Added Pin To Net: NetName=C25 Pin=U2-4
Added Pin To Net: NetName=C25 Pin=U2-12
Added Net: Name=C25
Added Pin To Net: NetName=C26 Pin=A15-6
Added Pin To Net: NetName=C26 Pin=U2-5
Added Pin To Net: NetName=C26 Pin=U2-11
Added Net: Name=C26
Added Pin To Net: NetName=C27 Pin=A15-8
Added Pin To Net: NetName=C27 Pin=U2-6
Added Pin To Net: NetName=C27 Pin=U2-10
Added Net: Name=C27
Added Pin To Net: NetName=C28 Pin=A16-2
Added Pin To Net: NetName=C28 Pin=U2-7
Added Pin To Net: NetName=C28 Pin=U8-13
Added Net: Name=C28
Added Pin To Net: NetName=C29 Pin=A16-4
Added Pin To Net: NetName=C29 Pin=U8-4
Added Pin To Net: NetName=C29 Pin=U8-12
Added Net: Name=C29
Added Pin To Net: NetName=C30 Pin=A16-6
Added Pin To Net: NetName=C30 Pin=U8-5
Added Pin To Net: NetName=C30 Pin=U8-11
Added Net: Name=C30
Added Pin To Net: NetName=C31 Pin=A16-8
Added Pin To Net: NetName=C31 Pin=U8-6
Added Pin To Net: NetName=C31 Pin=U8-10
Added Net: Name=C31
Added Pin To Net: NetName=C32 Pin=R118-1
Added Pin To Net: NetName=C32 Pin=U8-7
Added Net: Name=C32
Added Pin To Net: NetName=NetDB1_17 Pin=DB1-17
Added Pin To Net: NetName=NetDB1_17 Pin=R118-2
Added Net: Name=NetDB1_17
Added Member To Class: ClassName=CH[1..8] Member=Element[7]: CH
Added Member To Class: ClassName=CH[1..8] Member=Element[8]: CH
Added Member To Class: ClassName=CL[1..8] Member=Element[1]: CL
Added Member To Class: ClassName=CL[1..8] Member=Element[2]: CL
Added Member To Class: ClassName=CL[1..8] Member=Element[3]: CL
Added Member To Class: ClassName=CL[1..8] Member=Element[4]: CL
Added Member To Class: ClassName=CL[1..8] Member=Element[5]: CL
Added Member To Class: ClassName=CL[1..8] Member=Element[6]: CL
