Added Component: Designator=C10_DI1(0603AC)
Added Component: Designator=C10_DI2(0603AC)
Added Component: Designator=C10_DI3(0603AC)
Added Component: Designator=C10_DI4(0603AC)
Added Component: Designator=C10_DI5(0603AC)
Added Component: Designator=C10_DI6(0603AC)
Added Component: Designator=C10_DI7(0603AC)
Added Component: Designator=C10_DI8(0603AC)
Added Component: Designator=C10_DI9(0603AC)
Added Component: Designator=C10_DI10(0603AC)
Added Component: Designator=C10_DI11(0603AC)
Added Component: Designator=C10_DI12(0603AC)
Added Component: Designator=C10_DI13(0603AC)
Added Component: Designator=C10_DI14(0603AC)
Added Component: Designator=C10_DI15(0603AC)
Added Component: Designator=C10_DI16(0603AC)
Added Component: Designator=C10_DI17(0603AC)
Added Component: Designator=C10_DI18(0603AC)
Added Component: Designator=C10_DI19(0603AC)
Added Component: Designator=C10_DI20(0603AC)
Added Component: Designator=C10_DI21(0603AC)
Added Component: Designator=C10_DI22(0603AC)
Added Component: Designator=C10_DI23(0603AC)
Added Component: Designator=C10_DI24(0603AC)
Added Component: Designator=C10_DI25(0603AC)
Added Component: Designator=C10_DI26(0603AC)
Added Component: Designator=C10_DI27(0603AC)
Added Component: Designator=C10_DI28(0603AC)
Added Component: Designator=C10_DI29(0603AC)
Added Component: Designator=C10_DI30(0603AC)
Added Component: Designator=C10_DI31(0603AC)
Added Component: Designator=C10_DI32(0603AC)
Added Component: Designator=R7_DI1(0603AR)
Added Component: Designator=R7_DI2(0603AR)
Added Component: Designator=R7_DI3(0603AR)
Added Component: Designator=R7_DI4(0603AR)
Added Component: Designator=R7_DI5(0603AR)
Added Component: Designator=R7_DI6(0603AR)
Added Component: Designator=R7_DI7(0603AR)
Added Component: Designator=R7_DI8(0603AR)
Added Component: Designator=R7_DI9(0603AR)
Added Component: Designator=R7_DI10(0603AR)
Added Component: Designator=R7_DI11(0603AR)
Added Component: Designator=R7_DI12(0603AR)
Added Component: Designator=R7_DI13(0603AR)
Added Component: Designator=R7_DI14(0603AR)
Added Component: Designator=R7_DI15(0603AR)
Added Component: Designator=R7_DI16(0603AR)
Added Component: Designator=R7_DI17(0603AR)
Added Component: Designator=R7_DI18(0603AR)
Added Component: Designator=R7_DI19(0603AR)
Added Component: Designator=R7_DI20(0603AR)
Added Component: Designator=R7_DI21(0603AR)
Added Component: Designator=R7_DI22(0603AR)
Added Component: Designator=R7_DI23(0603AR)
Added Component: Designator=R7_DI24(0603AR)
Added Component: Designator=R7_DI25(0603AR)
Added Component: Designator=R7_DI26(0603AR)
Added Component: Designator=R7_DI27(0603AR)
Added Component: Designator=R7_DI28(0603AR)
Added Component: Designator=R7_DI29(0603AR)
Added Component: Designator=R7_DI30(0603AR)
Added Component: Designator=R7_DI31(0603AR)
Added Component: Designator=R7_DI32(0603AR)
Added Pin To Net: NetName=CL1 Pin=C10_DI1-1
Added Pin To Net: NetName=+5V_1 Pin=C10_DI1-2
Added Pin To Net: NetName=CL1 Pin=C10_DI2-1
Added Pin To Net: NetName=+5V_1 Pin=C10_DI2-2
Added Pin To Net: NetName=CL1 Pin=C10_DI3-1
Added Pin To Net: NetName=+5V_1 Pin=C10_DI3-2
Added Pin To Net: NetName=CL1 Pin=C10_DI4-1
Added Pin To Net: NetName=+5V_1 Pin=C10_DI4-2
Added Pin To Net: NetName=CL1 Pin=C10_DI5-1
Added Pin To Net: NetName=+5V_1 Pin=C10_DI5-2
Added Pin To Net: NetName=CL1 Pin=C10_DI6-1
Added Pin To Net: NetName=+5V_1 Pin=C10_DI6-2
Added Pin To Net: NetName=CL1 Pin=C10_DI7-1
Added Pin To Net: NetName=+5V_1 Pin=C10_DI7-2
Added Pin To Net: NetName=CL1 Pin=C10_DI8-1
Added Pin To Net: NetName=+5V_1 Pin=C10_DI8-2
Added Pin To Net: NetName=CL1 Pin=C10_DI9-1
Added Pin To Net: NetName=+5V_1 Pin=C10_DI9-2
Added Pin To Net: NetName=CL1 Pin=C10_DI10-1
Added Pin To Net: NetName=+5V_1 Pin=C10_DI10-2
Added Pin To Net: NetName=CL1 Pin=C10_DI11-1
Added Pin To Net: NetName=+5V_1 Pin=C10_DI11-2
Added Pin To Net: NetName=CL1 Pin=C10_DI12-1
Added Pin To Net: NetName=+5V_1 Pin=C10_DI12-2
Added Pin To Net: NetName=CL1 Pin=C10_DI13-1
Added Pin To Net: NetName=+5V_1 Pin=C10_DI13-2
Added Pin To Net: NetName=CL1 Pin=C10_DI14-1
Added Pin To Net: NetName=+5V_1 Pin=C10_DI14-2
Added Pin To Net: NetName=CL1 Pin=C10_DI15-1
Added Pin To Net: NetName=+5V_1 Pin=C10_DI15-2
Added Pin To Net: NetName=CL1 Pin=C10_DI16-1
Added Pin To Net: NetName=+5V_1 Pin=C10_DI16-2
Added Pin To Net: NetName=CL1 Pin=C10_DI17-1
Added Pin To Net: NetName=+5V_1 Pin=C10_DI17-2
Added Pin To Net: NetName=CL1 Pin=C10_DI18-1
Added Pin To Net: NetName=+5V_1 Pin=C10_DI18-2
Added Pin To Net: NetName=CL1 Pin=C10_DI19-1
Added Pin To Net: NetName=+5V_1 Pin=C10_DI19-2
Added Pin To Net: NetName=CL1 Pin=C10_DI20-1
Added Pin To Net: NetName=+5V_1 Pin=C10_DI20-2
Added Pin To Net: NetName=CL1 Pin=C10_DI21-1
Added Pin To Net: NetName=+5V_1 Pin=C10_DI21-2
Added Pin To Net: NetName=CL1 Pin=C10_DI22-1
Added Pin To Net: NetName=+5V_1 Pin=C10_DI22-2
Added Pin To Net: NetName=CL1 Pin=C10_DI23-1
Added Pin To Net: NetName=+5V_1 Pin=C10_DI23-2
Added Pin To Net: NetName=CL1 Pin=C10_DI24-1
Added Pin To Net: NetName=+5V_1 Pin=C10_DI24-2
Added Pin To Net: NetName=CL1 Pin=C10_DI25-1
Added Pin To Net: NetName=+5V_1 Pin=C10_DI25-2
Added Pin To Net: NetName=CL1 Pin=C10_DI26-1
Added Pin To Net: NetName=+5V_1 Pin=C10_DI26-2
Added Pin To Net: NetName=CL1 Pin=C10_DI27-1
Added Pin To Net: NetName=+5V_1 Pin=C10_DI27-2
Added Pin To Net: NetName=CL1 Pin=C10_DI28-1
Added Pin To Net: NetName=+5V_1 Pin=C10_DI28-2
Added Pin To Net: NetName=CL1 Pin=C10_DI29-1
Added Pin To Net: NetName=+5V_1 Pin=C10_DI29-2
Added Pin To Net: NetName=CL1 Pin=C10_DI30-1
Added Pin To Net: NetName=+5V_1 Pin=C10_DI30-2
Added Pin To Net: NetName=CL1 Pin=C10_DI31-1
Added Pin To Net: NetName=+5V_1 Pin=C10_DI31-2
Added Pin To Net: NetName=CL1 Pin=C10_DI32-1
Added Pin To Net: NetName=+5V_1 Pin=C10_DI32-2
Added Pin To Net: NetName=CL1 Pin=R7_DI1-1
Added Pin To Net: NetName=NetR5_DI1_1 Pin=R7_DI1-2
Added Pin To Net: NetName=CL1 Pin=R7_DI2-1
Added Pin To Net: NetName=NetR5_DI2_1 Pin=R7_DI2-2
Added Pin To Net: NetName=CL1 Pin=R7_DI3-1
Added Pin To Net: NetName=NetR5_DI3_1 Pin=R7_DI3-2
Added Pin To Net: NetName=CL1 Pin=R7_DI4-1
Added Pin To Net: NetName=NetR5_DI4_1 Pin=R7_DI4-2
Added Pin To Net: NetName=CL1 Pin=R7_DI5-1
Added Pin To Net: NetName=NetR5_DI5_1 Pin=R7_DI5-2
Added Pin To Net: NetName=CL1 Pin=R7_DI6-1
Added Pin To Net: NetName=NetR5_DI6_1 Pin=R7_DI6-2
Added Pin To Net: NetName=CL1 Pin=R7_DI7-1
Added Pin To Net: NetName=NetR5_DI7_1 Pin=R7_DI7-2
Added Pin To Net: NetName=CL1 Pin=R7_DI8-1
Added Pin To Net: NetName=NetR5_DI8_1 Pin=R7_DI8-2
Added Pin To Net: NetName=CL1 Pin=R7_DI9-1
Added Pin To Net: NetName=NetR5_DI9_1 Pin=R7_DI9-2
Added Pin To Net: NetName=CL1 Pin=R7_DI10-1
Added Pin To Net: NetName=NetR5_DI10_1 Pin=R7_DI10-2
Added Pin To Net: NetName=CL1 Pin=R7_DI11-1
Added Pin To Net: NetName=NetR5_DI11_1 Pin=R7_DI11-2
Added Pin To Net: NetName=CL1 Pin=R7_DI12-1
Added Pin To Net: NetName=NetR5_DI12_1 Pin=R7_DI12-2
Added Pin To Net: NetName=CL1 Pin=R7_DI13-1
Added Pin To Net: NetName=NetR5_DI13_1 Pin=R7_DI13-2
Added Pin To Net: NetName=CL1 Pin=R7_DI14-1
Added Pin To Net: NetName=NetR5_DI14_1 Pin=R7_DI14-2
Added Pin To Net: NetName=CL1 Pin=R7_DI15-1
Added Pin To Net: NetName=NetR5_DI15_1 Pin=R7_DI15-2
Added Pin To Net: NetName=CL1 Pin=R7_DI16-1
Added Pin To Net: NetName=NetR5_DI16_1 Pin=R7_DI16-2
Added Pin To Net: NetName=CL1 Pin=R7_DI17-1
Added Pin To Net: NetName=NetR5_DI17_1 Pin=R7_DI17-2
Added Pin To Net: NetName=CL1 Pin=R7_DI18-1
Added Pin To Net: NetName=NetR5_DI18_1 Pin=R7_DI18-2
Added Pin To Net: NetName=CL1 Pin=R7_DI19-1
Added Pin To Net: NetName=NetR5_DI19_1 Pin=R7_DI19-2
Added Pin To Net: NetName=CL1 Pin=R7_DI20-1
Added Pin To Net: NetName=NetR5_DI20_1 Pin=R7_DI20-2
Added Pin To Net: NetName=CL1 Pin=R7_DI21-1
Added Pin To Net: NetName=NetR5_DI21_1 Pin=R7_DI21-2
Added Pin To Net: NetName=CL1 Pin=R7_DI22-1
Added Pin To Net: NetName=NetR5_DI22_1 Pin=R7_DI22-2
Added Pin To Net: NetName=CL1 Pin=R7_DI23-1
Added Pin To Net: NetName=NetR5_DI23_1 Pin=R7_DI23-2
Added Pin To Net: NetName=CL1 Pin=R7_DI24-1
Added Pin To Net: NetName=NetR5_DI24_1 Pin=R7_DI24-2
Added Pin To Net: NetName=CL1 Pin=R7_DI25-1
Added Pin To Net: NetName=NetR5_DI25_1 Pin=R7_DI25-2
Added Pin To Net: NetName=CL1 Pin=R7_DI26-1
Added Pin To Net: NetName=NetR5_DI26_1 Pin=R7_DI26-2
Added Pin To Net: NetName=CL1 Pin=R7_DI27-1
Added Pin To Net: NetName=NetR5_DI27_1 Pin=R7_DI27-2
Added Pin To Net: NetName=CL1 Pin=R7_DI28-1
Added Pin To Net: NetName=NetR5_DI28_1 Pin=R7_DI28-2
Added Pin To Net: NetName=CL1 Pin=R7_DI29-1
Added Pin To Net: NetName=NetR5_DI29_1 Pin=R7_DI29-2
Added Pin To Net: NetName=CL1 Pin=R7_DI30-1
Added Pin To Net: NetName=NetR5_DI30_1 Pin=R7_DI30-2
Added Pin To Net: NetName=CL1 Pin=R7_DI31-1
Added Pin To Net: NetName=NetR5_DI31_1 Pin=R7_DI31-2
Added Pin To Net: NetName=CL1 Pin=R7_DI32-1
Added Pin To Net: NetName=NetR5_DI32_1 Pin=R7_DI32-2
Added Member To Class: ClassName=DI1 Member=Component C10_DI1 (C10) Cap
Added Member To Class: ClassName=DI2 Member=Component C10_DI2 (C10) Cap
Added Member To Class: ClassName=DI3 Member=Component C10_DI3 (C10) Cap
Added Member To Class: ClassName=DI4 Member=Component C10_DI4 (C10) Cap
Added Member To Class: ClassName=DI5 Member=Component C10_DI5 (C10) Cap
Added Member To Class: ClassName=DI6 Member=Component C10_DI6 (C10) Cap
Added Member To Class: ClassName=DI7 Member=Component C10_DI7 (C10) Cap
Added Member To Class: ClassName=DI8 Member=Component C10_DI8 (C10) Cap
Added Member To Class: ClassName=DI9 Member=Component C10_DI9 (C10) Cap
Added Member To Class: ClassName=DI10 Member=Component C10_DI10 (C10) Cap
Added Member To Class: ClassName=DI11 Member=Component C10_DI11 (C10) Cap
Added Member To Class: ClassName=DI12 Member=Component C10_DI12 (C10) Cap
Added Member To Class: ClassName=DI13 Member=Component C10_DI13 (C10) Cap
Added Member To Class: ClassName=DI14 Member=Component C10_DI14 (C10) Cap
Added Member To Class: ClassName=DI15 Member=Component C10_DI15 (C10) Cap
Added Member To Class: ClassName=DI16 Member=Component C10_DI16 (C10) Cap
Added Member To Class: ClassName=DI17 Member=Component C10_DI17 (C10) Cap
Added Member To Class: ClassName=DI18 Member=Component C10_DI18 (C10) Cap
Added Member To Class: ClassName=DI19 Member=Component C10_DI19 (C10) Cap
Added Member To Class: ClassName=DI20 Member=Component C10_DI20 (C10) Cap
Added Member To Class: ClassName=DI21 Member=Component C10_DI21 (C10) Cap
Added Member To Class: ClassName=DI22 Member=Component C10_DI22 (C10) Cap
Added Member To Class: ClassName=DI23 Member=Component C10_DI23 (C10) Cap
Added Member To Class: ClassName=DI24 Member=Component C10_DI24 (C10) Cap
Added Member To Class: ClassName=DI25 Member=Component C10_DI25 (C10) Cap
Added Member To Class: ClassName=DI26 Member=Component C10_DI26 (C10) Cap
Added Member To Class: ClassName=DI27 Member=Component C10_DI27 (C10) Cap
Added Member To Class: ClassName=DI28 Member=Component C10_DI28 (C10) Cap
Added Member To Class: ClassName=DI29 Member=Component C10_DI29 (C10) Cap
Added Member To Class: ClassName=DI30 Member=Component C10_DI30 (C10) Cap
Added Member To Class: ClassName=DI31 Member=Component C10_DI31 (C10) Cap
Added Member To Class: ClassName=DI32 Member=Component C10_DI32 (C10) Cap
Added Member To Class: ClassName=DI1 Member=Component R7_DI1 (R7) Res2
Added Member To Class: ClassName=DI2 Member=Component R7_DI2 (R7) Res2
Added Member To Class: ClassName=DI3 Member=Component R7_DI3 (R7) Res2
Added Member To Class: ClassName=DI4 Member=Component R7_DI4 (R7) Res2
Added Member To Class: ClassName=DI5 Member=Component R7_DI5 (R7) Res2
Added Member To Class: ClassName=DI6 Member=Component R7_DI6 (R7) Res2
Added Member To Class: ClassName=DI7 Member=Component R7_DI7 (R7) Res2
Added Member To Class: ClassName=DI8 Member=Component R7_DI8 (R7) Res2
Added Member To Class: ClassName=DI9 Member=Component R7_DI9 (R7) Res2
Added Member To Class: ClassName=DI10 Member=Component R7_DI10 (R7) Res2
Added Member To Class: ClassName=DI11 Member=Component R7_DI11 (R7) Res2
Added Member To Class: ClassName=DI12 Member=Component R7_DI12 (R7) Res2
Added Member To Class: ClassName=DI13 Member=Component R7_DI13 (R7) Res2
Added Member To Class: ClassName=DI14 Member=Component R7_DI14 (R7) Res2
Added Member To Class: ClassName=DI15 Member=Component R7_DI15 (R7) Res2
Added Member To Class: ClassName=DI16 Member=Component R7_DI16 (R7) Res2
Added Member To Class: ClassName=DI17 Member=Component R7_DI17 (R7) Res2
Added Member To Class: ClassName=DI18 Member=Component R7_DI18 (R7) Res2
Added Member To Class: ClassName=DI19 Member=Component R7_DI19 (R7) Res2
Added Member To Class: ClassName=DI20 Member=Component R7_DI20 (R7) Res2
Added Member To Class: ClassName=DI21 Member=Component R7_DI21 (R7) Res2
Added Member To Class: ClassName=DI22 Member=Component R7_DI22 (R7) Res2
Added Member To Class: ClassName=DI23 Member=Component R7_DI23 (R7) Res2
Added Member To Class: ClassName=DI24 Member=Component R7_DI24 (R7) Res2
Added Member To Class: ClassName=DI25 Member=Component R7_DI25 (R7) Res2
Added Member To Class: ClassName=DI26 Member=Component R7_DI26 (R7) Res2
Added Member To Class: ClassName=DI27 Member=Component R7_DI27 (R7) Res2
Added Member To Class: ClassName=DI28 Member=Component R7_DI28 (R7) Res2
Added Member To Class: ClassName=DI29 Member=Component R7_DI29 (R7) Res2
Added Member To Class: ClassName=DI30 Member=Component R7_DI30 (R7) Res2
Added Member To Class: ClassName=DI31 Member=Component R7_DI31 (R7) Res2
Added Member To Class: ClassName=DI32 Member=Component R7_DI32 (R7) Res2
