Removed Pin From Net: NetName=OS0 Pin=R1-1
Removed Pin From Net: NetName=DGND_1 Pin=R1-2
Removed Pin From Net: NetName=OS1 Pin=R3-1
Removed Pin From Net: NetName=DGND_1 Pin=R3-2
Removed Pin From Net: NetName=OS1 Pin=R4-2
Removed Pin From Net: NetName=OS2 Pin=R5-1
Removed Pin From Net: NetName=DGND_1 Pin=R5-2
Removed Pin From Net: NetName=OS2 Pin=R6-2
Removed Member From Class: ClassName=µÁ≥ÿµÁ—πºÏ≤‚ Member=R15
Removed Member From Class: ClassName=µÁ≥ÿµÁ—πºÏ≤‚ Member=R16
Removed Member From Class: ClassName=µÁ≥ÿµÁ—πºÏ≤‚ Member=R17
Change Component Designator: OldDesignator=R2 NewDesignator=R1
Change Component Designator: OldDesignator=R7 NewDesignator=R4
Change Component Designator: OldDesignator=R8 NewDesignator=R5
Change Component Designator: OldDesignator=R9 NewDesignator=R6
Change Component Designator: OldDesignator=R10 NewDesignator=R7
Change Component Designator: OldDesignator=R11 NewDesignator=R8
Change Component Designator: OldDesignator=R12 NewDesignator=R9
Change Component Designator: OldDesignator=R13 NewDesignator=R10
Change Component Designator: OldDesignator=R14 NewDesignator=R11
Change Component Designator: OldDesignator=R15 NewDesignator=R12
Change Component Designator: OldDesignator=R16 NewDesignator=R13
Change Component Designator: OldDesignator=R17 NewDesignator=R14
Change Component Designator: OldDesignator=R18_DI1 NewDesignator=R15_DI1
Change Component Designator: OldDesignator=R18_DI2 NewDesignator=R15_DI2
Change Component Designator: OldDesignator=R18_DI3 NewDesignator=R15_DI3
Change Component Designator: OldDesignator=R18_DI4 NewDesignator=R15_DI4
Change Component Designator: OldDesignator=R18_DI5 NewDesignator=R15_DI5
Change Component Designator: OldDesignator=R18_DI6 NewDesignator=R15_DI6
Change Component Designator: OldDesignator=R18_DI7 NewDesignator=R15_DI7
Change Component Designator: OldDesignator=R18_DI8 NewDesignator=R15_DI8
Change Component Designator: OldDesignator=R19_DI1 NewDesignator=R16_DI1
Change Component Designator: OldDesignator=R19_DI2 NewDesignator=R16_DI2
Change Component Designator: OldDesignator=R19_DI3 NewDesignator=R16_DI3
Change Component Designator: OldDesignator=R19_DI4 NewDesignator=R16_DI4
Change Component Designator: OldDesignator=R19_DI5 NewDesignator=R16_DI5
Change Component Designator: OldDesignator=R19_DI6 NewDesignator=R16_DI6
Change Component Designator: OldDesignator=R19_DI7 NewDesignator=R16_DI7
Change Component Designator: OldDesignator=R19_DI8 NewDesignator=R16_DI8
Change Component Designator: OldDesignator=R20_DI1 NewDesignator=R17_DI1
Change Component Designator: OldDesignator=R20_DI2 NewDesignator=R17_DI2
Change Component Designator: OldDesignator=R20_DI3 NewDesignator=R17_DI3
Change Component Designator: OldDesignator=R20_DI4 NewDesignator=R17_DI4
Change Component Designator: OldDesignator=R20_DI5 NewDesignator=R17_DI5
Change Component Designator: OldDesignator=R20_DI6 NewDesignator=R17_DI6
Change Component Designator: OldDesignator=R20_DI7 NewDesignator=R17_DI7
Change Component Designator: OldDesignator=R20_DI8 NewDesignator=R17_DI8
Change Component Designator: OldDesignator=R21_DI1 NewDesignator=R18_DI1
Change Component Designator: OldDesignator=R21_DI2 NewDesignator=R18_DI2
Change Component Designator: OldDesignator=R21_DI3 NewDesignator=R18_DI3
Change Component Designator: OldDesignator=R21_DI4 NewDesignator=R18_DI4
Change Component Designator: OldDesignator=R21_DI5 NewDesignator=R18_DI5
Change Component Designator: OldDesignator=R21_DI6 NewDesignator=R18_DI6
Change Component Designator: OldDesignator=R21_DI7 NewDesignator=R18_DI7
Change Component Designator: OldDesignator=R21_DI8 NewDesignator=R18_DI8
Change Component Designator: OldDesignator=R22_DI1 NewDesignator=R19_DI1
Change Component Designator: OldDesignator=R22_DI2 NewDesignator=R19_DI2
Change Component Designator: OldDesignator=R22_DI3 NewDesignator=R19_DI3
Change Component Designator: OldDesignator=R22_DI4 NewDesignator=R19_DI4
Change Component Designator: OldDesignator=R22_DI5 NewDesignator=R19_DI5
Change Component Designator: OldDesignator=R22_DI6 NewDesignator=R19_DI6
Change Component Designator: OldDesignator=R22_DI7 NewDesignator=R19_DI7
Change Component Designator: OldDesignator=R22_DI8 NewDesignator=R19_DI8
Change Component Designator: OldDesignator=R23_DI1 NewDesignator=R20_DI1
Change Component Designator: OldDesignator=R23_DI2 NewDesignator=R20_DI2
Change Component Designator: OldDesignator=R23_DI3 NewDesignator=R20_DI3
Change Component Designator: OldDesignator=R23_DI4 NewDesignator=R20_DI4
Change Component Designator: OldDesignator=R23_DI5 NewDesignator=R20_DI5
Change Component Designator: OldDesignator=R23_DI6 NewDesignator=R20_DI6
Change Component Designator: OldDesignator=R23_DI7 NewDesignator=R20_DI7
Change Component Designator: OldDesignator=R23_DI8 NewDesignator=R20_DI8
Change Component Designator: OldDesignator=R24_DI1 NewDesignator=R21_DI1
Change Component Designator: OldDesignator=R24_DI2 NewDesignator=R21_DI2
Change Component Designator: OldDesignator=R24_DI3 NewDesignator=R21_DI3
Change Component Designator: OldDesignator=R24_DI4 NewDesignator=R21_DI4
Change Component Designator: OldDesignator=R24_DI5 NewDesignator=R21_DI5
Change Component Designator: OldDesignator=R24_DI6 NewDesignator=R21_DI6
Change Component Designator: OldDesignator=R24_DI7 NewDesignator=R21_DI7
Change Component Designator: OldDesignator=R24_DI8 NewDesignator=R21_DI8
Added Component: Designator=R2(0805R)
Added Component: Designator=SW1(SW_6)
Added Component: Designator=U8(TSSOP16)
Added Pin To Net: NetName=DVCC_1 Pin=R1-1
Added Pin To Net: NetName=DVCC_1 Pin=R2-1
Added Pin To Net: NetName=OS1 Pin=R2-2
Added Pin To Net: NetName=DVCC_1 Pin=R3-1
Added Pin To Net: NetName=OS2 Pin=R3-2
Added Pin To Net: NetName=DGND_1 Pin=SW1-1
Added Pin To Net: NetName=OS0 Pin=SW1-2
Added Pin To Net: NetName=DGND_1 Pin=SW1-3
Added Pin To Net: NetName=OS1 Pin=SW1-4
Added Pin To Net: NetName=DGND_1 Pin=SW1-5
Added Pin To Net: NetName=OS2 Pin=SW1-6
Change Net Name : Old Net Name=NetR7_1 New Net Name=NetR4_1
Change Net Name : Old Net Name=NetR8_1 New Net Name=NetR5_1
Change Net Name : Old Net Name=NetR9_1 New Net Name=NetR6_1
Change Net Name : Old Net Name=NetR12_1 New Net Name=NetR9_1
Change Net Name : Old Net Name=NetR22_DI1_1 New Net Name=NetR19_DI1_1
Change Net Name : Old Net Name=NetR22_DI1_2 New Net Name=NetR19_DI1_2
Change Net Name : Old Net Name=NetR22_DI2_1 New Net Name=NetR19_DI2_1
Change Net Name : Old Net Name=NetR22_DI2_2 New Net Name=NetR19_DI2_2
Change Net Name : Old Net Name=NetR22_DI3_1 New Net Name=NetR19_DI3_1
Change Net Name : Old Net Name=NetR22_DI3_2 New Net Name=NetR19_DI3_2
Change Net Name : Old Net Name=NetR22_DI4_1 New Net Name=NetR19_DI4_1
Change Net Name : Old Net Name=NetR22_DI4_2 New Net Name=NetR19_DI4_2
Change Net Name : Old Net Name=NetR22_DI5_1 New Net Name=NetR19_DI5_1
Change Net Name : Old Net Name=NetR22_DI5_2 New Net Name=NetR19_DI5_2
Change Net Name : Old Net Name=NetR22_DI6_1 New Net Name=NetR19_DI6_1
Change Net Name : Old Net Name=NetR22_DI6_2 New Net Name=NetR19_DI6_2
Change Net Name : Old Net Name=NetR22_DI7_1 New Net Name=NetR19_DI7_1
Change Net Name : Old Net Name=NetR22_DI7_2 New Net Name=NetR19_DI7_2
Change Net Name : Old Net Name=NetR22_DI8_1 New Net Name=NetR19_DI8_1
Change Net Name : Old Net Name=NetR22_DI8_2 New Net Name=NetR19_DI8_2
Added Member To Class: ClassName=µÁ≥ÿµÁ—πºÏ≤‚ Member=Component SW1 Header 3X2
Added Member To Class: ClassName=µÁ≥ÿµÁ—πºÏ≤‚ Member=Component U8 ADI4-1SW
Added Room: Name=µÁ≥ÿµÁ—πºÏ≤‚
