Removed Pin From Net: NetName=GND_1 Pin=C1_U_AD628模块1-2
Removed Pin From Net: NetName=GND_1 Pin=C1_U_AD628模块2-2
Removed Pin From Net: NetName=GND_1 Pin=C1_U_AD628模块3-2
Removed Pin From Net: NetName=GND_1 Pin=C1_U_AD628模块4-2
Removed Pin From Net: NetName=GND_1 Pin=C1_U_AD628模块5-2
Removed Pin From Net: NetName=GND_1 Pin=C1_U_AD628模块6-2
Removed Pin From Net: NetName=GND_1 Pin=C1_U_AD628模块7-2
Removed Pin From Net: NetName=GND_1 Pin=C1_U_AD628模块8-2
Removed Pin From Net: NetName=GND_1 Pin=C1_U_AD628模块9-2
Removed Pin From Net: NetName=GND_1 Pin=C1_U_AD628模块10-2
Removed Pin From Net: NetName=GND_1 Pin=C1_U_AD628模块11-2
Removed Pin From Net: NetName=GND_1 Pin=C1_U_AD628模块12-2
Removed Pin From Net: NetName=GND_1 Pin=C1_U_AD628模块13-2
Removed Pin From Net: NetName=GND_1 Pin=C1_U_AD628模块14-2
Removed Pin From Net: NetName=GND_1 Pin=C1_U_AD628模块15-2
Removed Pin From Net: NetName=GND_1 Pin=C1_U_AD628模块16-2
Removed Pin From Net: NetName=GND_1 Pin=C1_U_AD628模块17-2
Removed Pin From Net: NetName=GND_1 Pin=C1_U_AD628模块18-2
Removed Pin From Net: NetName=GND_1 Pin=C1_U_AD628模块19-2
Removed Pin From Net: NetName=GND_1 Pin=C1_U_AD628模块20-2
Removed Pin From Net: NetName=GND_1 Pin=C1_U_AD628模块21-2
Removed Pin From Net: NetName=GND_1 Pin=C1_U_AD628模块22-2
Removed Pin From Net: NetName=GND_1 Pin=C1_U_AD628模块23-2
Removed Pin From Net: NetName=GND_1 Pin=C1_U_AD628模块24-2
Removed Pin From Net: NetName=GND_1 Pin=C1_U_AD628模块25-2
Removed Pin From Net: NetName=GND_1 Pin=C1_U_AD628模块26-2
Removed Pin From Net: NetName=GND_1 Pin=C1_U_AD628模块27-2
Removed Pin From Net: NetName=GND_1 Pin=C1_U_AD628模块28-2
Removed Pin From Net: NetName=GND_1 Pin=C1_U_AD628模块29-2
Removed Pin From Net: NetName=GND_1 Pin=C1_U_AD628模块30-2
Removed Pin From Net: NetName=GND_1 Pin=C1_U_AD628模块31-2
Removed Pin From Net: NetName=GND_1 Pin=C1_U_AD628模块32-2
Removed Pin From Net: NetName=GND_1 Pin=C5_U_AD628模块1-1
Removed Pin From Net: NetName=GND_1 Pin=C5_U_AD628模块2-1
Removed Pin From Net: NetName=GND_1 Pin=C5_U_AD628模块3-1
Removed Pin From Net: NetName=GND_1 Pin=C5_U_AD628模块4-1
Removed Pin From Net: NetName=GND_1 Pin=C5_U_AD628模块5-1
Removed Pin From Net: NetName=GND_1 Pin=C5_U_AD628模块6-1
Removed Pin From Net: NetName=GND_1 Pin=C5_U_AD628模块7-1
Removed Pin From Net: NetName=GND_1 Pin=C5_U_AD628模块8-1
Removed Pin From Net: NetName=GND_1 Pin=C5_U_AD628模块9-1
Removed Pin From Net: NetName=GND_1 Pin=C5_U_AD628模块10-1
Removed Pin From Net: NetName=GND_1 Pin=C5_U_AD628模块11-1
Removed Pin From Net: NetName=GND_1 Pin=C5_U_AD628模块12-1
Removed Pin From Net: NetName=GND_1 Pin=C5_U_AD628模块13-1
Removed Pin From Net: NetName=GND_1 Pin=C5_U_AD628模块14-1
Removed Pin From Net: NetName=GND_1 Pin=C5_U_AD628模块15-1
Removed Pin From Net: NetName=GND_1 Pin=C5_U_AD628模块16-1
Removed Pin From Net: NetName=GND_1 Pin=C5_U_AD628模块17-1
Removed Pin From Net: NetName=GND_1 Pin=C5_U_AD628模块18-1
Removed Pin From Net: NetName=GND_1 Pin=C5_U_AD628模块19-1
Removed Pin From Net: NetName=GND_1 Pin=C5_U_AD628模块20-1
Removed Pin From Net: NetName=GND_1 Pin=C5_U_AD628模块21-1
Removed Pin From Net: NetName=GND_1 Pin=C5_U_AD628模块22-1
Removed Pin From Net: NetName=GND_1 Pin=C5_U_AD628模块23-1
Removed Pin From Net: NetName=GND_1 Pin=C5_U_AD628模块24-1
Removed Pin From Net: NetName=GND_1 Pin=C5_U_AD628模块25-1
Removed Pin From Net: NetName=GND_1 Pin=C5_U_AD628模块26-1
Removed Pin From Net: NetName=GND_1 Pin=C5_U_AD628模块27-1
Removed Pin From Net: NetName=GND_1 Pin=C5_U_AD628模块28-1
Removed Pin From Net: NetName=GND_1 Pin=C5_U_AD628模块29-1
Removed Pin From Net: NetName=GND_1 Pin=C5_U_AD628模块30-1
Removed Pin From Net: NetName=GND_1 Pin=C5_U_AD628模块31-1
Removed Pin From Net: NetName=GND_1 Pin=C5_U_AD628模块32-1
Removed Pin From Net: NetName=GND_1 Pin=C6_U_AD628模块1-1
Removed Pin From Net: NetName=-5V_1 Pin=C6_U_AD628模块1-2
Removed Pin From Net: NetName=GND_1 Pin=C6_U_AD628模块2-1
Removed Pin From Net: NetName=-5V_1 Pin=C6_U_AD628模块2-2
Removed Pin From Net: NetName=GND_1 Pin=C6_U_AD628模块3-1
Removed Pin From Net: NetName=-5V_1 Pin=C6_U_AD628模块3-2
Removed Pin From Net: NetName=GND_1 Pin=C6_U_AD628模块4-1
Removed Pin From Net: NetName=-5V_1 Pin=C6_U_AD628模块4-2
Removed Pin From Net: NetName=GND_1 Pin=C6_U_AD628模块5-1
Removed Pin From Net: NetName=-5V_1 Pin=C6_U_AD628模块5-2
Removed Pin From Net: NetName=GND_1 Pin=C6_U_AD628模块6-1
Removed Pin From Net: NetName=-5V_1 Pin=C6_U_AD628模块6-2
Removed Pin From Net: NetName=GND_1 Pin=C6_U_AD628模块7-1
Removed Pin From Net: NetName=-5V_1 Pin=C6_U_AD628模块7-2
Removed Pin From Net: NetName=GND_1 Pin=C6_U_AD628模块8-1
Removed Pin From Net: NetName=-5V_1 Pin=C6_U_AD628模块8-2
Removed Pin From Net: NetName=GND_1 Pin=C6_U_AD628模块9-1
Removed Pin From Net: NetName=-5V_1 Pin=C6_U_AD628模块9-2
Removed Pin From Net: NetName=GND_1 Pin=C6_U_AD628模块10-1
Removed Pin From Net: NetName=-5V_1 Pin=C6_U_AD628模块10-2
Removed Pin From Net: NetName=GND_1 Pin=C6_U_AD628模块11-1
Removed Pin From Net: NetName=-5V_1 Pin=C6_U_AD628模块11-2
Removed Pin From Net: NetName=GND_1 Pin=C6_U_AD628模块12-1
Removed Pin From Net: NetName=-5V_1 Pin=C6_U_AD628模块12-2
Removed Pin From Net: NetName=GND_1 Pin=C6_U_AD628模块13-1
Removed Pin From Net: NetName=-5V_1 Pin=C6_U_AD628模块13-2
Removed Pin From Net: NetName=GND_1 Pin=C6_U_AD628模块14-1
Removed Pin From Net: NetName=-5V_1 Pin=C6_U_AD628模块14-2
Removed Pin From Net: NetName=GND_1 Pin=C6_U_AD628模块15-1
Removed Pin From Net: NetName=-5V_1 Pin=C6_U_AD628模块15-2
Removed Pin From Net: NetName=GND_1 Pin=C6_U_AD628模块16-1
Removed Pin From Net: NetName=-5V_1 Pin=C6_U_AD628模块16-2
Removed Pin From Net: NetName=GND_1 Pin=C6_U_AD628模块17-1
Removed Pin From Net: NetName=-5V_1 Pin=C6_U_AD628模块17-2
Removed Pin From Net: NetName=GND_1 Pin=C6_U_AD628模块18-1
Removed Pin From Net: NetName=-5V_1 Pin=C6_U_AD628模块18-2
Removed Pin From Net: NetName=GND_1 Pin=C6_U_AD628模块19-1
Removed Pin From Net: NetName=-5V_1 Pin=C6_U_AD628模块19-2
Removed Pin From Net: NetName=GND_1 Pin=C6_U_AD628模块20-1
Removed Pin From Net: NetName=-5V_1 Pin=C6_U_AD628模块20-2
Removed Pin From Net: NetName=GND_1 Pin=C6_U_AD628模块21-1
Removed Pin From Net: NetName=-5V_1 Pin=C6_U_AD628模块21-2
Removed Pin From Net: NetName=GND_1 Pin=C6_U_AD628模块22-1
Removed Pin From Net: NetName=-5V_1 Pin=C6_U_AD628模块22-2
Removed Pin From Net: NetName=GND_1 Pin=C6_U_AD628模块23-1
Removed Pin From Net: NetName=-5V_1 Pin=C6_U_AD628模块23-2
Removed Pin From Net: NetName=GND_1 Pin=C6_U_AD628模块24-1
Removed Pin From Net: NetName=-5V_1 Pin=C6_U_AD628模块24-2
Removed Pin From Net: NetName=GND_1 Pin=C6_U_AD628模块25-1
Removed Pin From Net: NetName=-5V_1 Pin=C6_U_AD628模块25-2
Removed Pin From Net: NetName=GND_1 Pin=C6_U_AD628模块26-1
Removed Pin From Net: NetName=-5V_1 Pin=C6_U_AD628模块26-2
Removed Pin From Net: NetName=GND_1 Pin=C6_U_AD628模块27-1
Removed Pin From Net: NetName=-5V_1 Pin=C6_U_AD628模块27-2
Removed Pin From Net: NetName=GND_1 Pin=C6_U_AD628模块28-1
Removed Pin From Net: NetName=-5V_1 Pin=C6_U_AD628模块28-2
Removed Pin From Net: NetName=GND_1 Pin=C6_U_AD628模块29-1
Removed Pin From Net: NetName=-5V_1 Pin=C6_U_AD628模块29-2
Removed Pin From Net: NetName=GND_1 Pin=C6_U_AD628模块30-1
Removed Pin From Net: NetName=-5V_1 Pin=C6_U_AD628模块30-2
Removed Pin From Net: NetName=GND_1 Pin=C6_U_AD628模块31-1
Removed Pin From Net: NetName=-5V_1 Pin=C6_U_AD628模块31-2
Removed Pin From Net: NetName=GND_1 Pin=C6_U_AD628模块32-1
Removed Pin From Net: NetName=-5V_1 Pin=C6_U_AD628模块32-2
Removed Pin From Net: NetName=GND_1 Pin=C7_U_AD628模块1-1
Removed Pin From Net: NetName=-5V_1 Pin=C7_U_AD628模块1-2
Removed Pin From Net: NetName=GND_1 Pin=C7_U_AD628模块2-1
Removed Pin From Net: NetName=-5V_1 Pin=C7_U_AD628模块2-2
Removed Pin From Net: NetName=GND_1 Pin=C7_U_AD628模块3-1
Removed Pin From Net: NetName=-5V_1 Pin=C7_U_AD628模块3-2
Removed Pin From Net: NetName=GND_1 Pin=C7_U_AD628模块4-1
Removed Pin From Net: NetName=-5V_1 Pin=C7_U_AD628模块4-2
Removed Pin From Net: NetName=GND_1 Pin=C7_U_AD628模块5-1
Removed Pin From Net: NetName=-5V_1 Pin=C7_U_AD628模块5-2
Removed Pin From Net: NetName=GND_1 Pin=C7_U_AD628模块6-1
Removed Pin From Net: NetName=-5V_1 Pin=C7_U_AD628模块6-2
Removed Pin From Net: NetName=GND_1 Pin=C7_U_AD628模块7-1
Removed Pin From Net: NetName=-5V_1 Pin=C7_U_AD628模块7-2
Removed Pin From Net: NetName=GND_1 Pin=C7_U_AD628模块8-1
Removed Pin From Net: NetName=-5V_1 Pin=C7_U_AD628模块8-2
Removed Pin From Net: NetName=GND_1 Pin=C7_U_AD628模块9-1
Removed Pin From Net: NetName=-5V_1 Pin=C7_U_AD628模块9-2
Removed Pin From Net: NetName=GND_1 Pin=C7_U_AD628模块10-1
Removed Pin From Net: NetName=-5V_1 Pin=C7_U_AD628模块10-2
Removed Pin From Net: NetName=GND_1 Pin=C7_U_AD628模块11-1
Removed Pin From Net: NetName=-5V_1 Pin=C7_U_AD628模块11-2
Removed Pin From Net: NetName=GND_1 Pin=C7_U_AD628模块12-1
Removed Pin From Net: NetName=-5V_1 Pin=C7_U_AD628模块12-2
Removed Pin From Net: NetName=GND_1 Pin=C7_U_AD628模块13-1
Removed Pin From Net: NetName=-5V_1 Pin=C7_U_AD628模块13-2
Removed Pin From Net: NetName=GND_1 Pin=C7_U_AD628模块14-1
Removed Pin From Net: NetName=-5V_1 Pin=C7_U_AD628模块14-2
Removed Pin From Net: NetName=GND_1 Pin=C7_U_AD628模块15-1
Removed Pin From Net: NetName=-5V_1 Pin=C7_U_AD628模块15-2
Removed Pin From Net: NetName=GND_1 Pin=C7_U_AD628模块16-1
Removed Pin From Net: NetName=-5V_1 Pin=C7_U_AD628模块16-2
Removed Pin From Net: NetName=GND_1 Pin=C7_U_AD628模块17-1
Removed Pin From Net: NetName=-5V_1 Pin=C7_U_AD628模块17-2
Removed Pin From Net: NetName=GND_1 Pin=C7_U_AD628模块18-1
Removed Pin From Net: NetName=-5V_1 Pin=C7_U_AD628模块18-2
Removed Pin From Net: NetName=GND_1 Pin=C7_U_AD628模块19-1
Removed Pin From Net: NetName=-5V_1 Pin=C7_U_AD628模块19-2
Removed Pin From Net: NetName=GND_1 Pin=C7_U_AD628模块20-1
Removed Pin From Net: NetName=-5V_1 Pin=C7_U_AD628模块20-2
Removed Pin From Net: NetName=GND_1 Pin=C7_U_AD628模块21-1
Removed Pin From Net: NetName=-5V_1 Pin=C7_U_AD628模块21-2
Removed Pin From Net: NetName=GND_1 Pin=C7_U_AD628模块22-1
Removed Pin From Net: NetName=-5V_1 Pin=C7_U_AD628模块22-2
Removed Pin From Net: NetName=GND_1 Pin=C7_U_AD628模块23-1
Removed Pin From Net: NetName=-5V_1 Pin=C7_U_AD628模块23-2
Removed Pin From Net: NetName=GND_1 Pin=C7_U_AD628模块24-1
Removed Pin From Net: NetName=-5V_1 Pin=C7_U_AD628模块24-2
Removed Pin From Net: NetName=GND_1 Pin=C7_U_AD628模块25-1
Removed Pin From Net: NetName=-5V_1 Pin=C7_U_AD628模块25-2
Removed Pin From Net: NetName=GND_1 Pin=C7_U_AD628模块26-1
Removed Pin From Net: NetName=-5V_1 Pin=C7_U_AD628模块26-2
Removed Pin From Net: NetName=GND_1 Pin=C7_U_AD628模块27-1
Removed Pin From Net: NetName=-5V_1 Pin=C7_U_AD628模块27-2
Removed Pin From Net: NetName=GND_1 Pin=C7_U_AD628模块28-1
Removed Pin From Net: NetName=-5V_1 Pin=C7_U_AD628模块28-2
Removed Pin From Net: NetName=GND_1 Pin=C7_U_AD628模块29-1
Removed Pin From Net: NetName=-5V_1 Pin=C7_U_AD628模块29-2
Removed Pin From Net: NetName=GND_1 Pin=C7_U_AD628模块30-1
Removed Pin From Net: NetName=-5V_1 Pin=C7_U_AD628模块30-2
Removed Pin From Net: NetName=GND_1 Pin=C7_U_AD628模块31-1
Removed Pin From Net: NetName=-5V_1 Pin=C7_U_AD628模块31-2
Removed Pin From Net: NetName=GND_1 Pin=C7_U_AD628模块32-1
Removed Pin From Net: NetName=-5V_1 Pin=C7_U_AD628模块32-2
Removed Pin From Net: NetName=GND_1 Pin=C8_U_AD628模块1-1
Removed Pin From Net: NetName=GND_1 Pin=C8_U_AD628模块2-1
Removed Pin From Net: NetName=GND_1 Pin=C8_U_AD628模块3-1
Removed Pin From Net: NetName=GND_1 Pin=C8_U_AD628模块4-1
Removed Pin From Net: NetName=GND_1 Pin=C8_U_AD628模块5-1
Removed Pin From Net: NetName=GND_1 Pin=C8_U_AD628模块6-1
Removed Pin From Net: NetName=GND_1 Pin=C8_U_AD628模块7-1
Removed Pin From Net: NetName=GND_1 Pin=C8_U_AD628模块8-1
Removed Pin From Net: NetName=GND_1 Pin=C8_U_AD628模块9-1
Removed Pin From Net: NetName=GND_1 Pin=C8_U_AD628模块10-1
Removed Pin From Net: NetName=GND_1 Pin=C8_U_AD628模块11-1
Removed Pin From Net: NetName=GND_1 Pin=C8_U_AD628模块12-1
Removed Pin From Net: NetName=GND_1 Pin=C8_U_AD628模块13-1
Removed Pin From Net: NetName=GND_1 Pin=C8_U_AD628模块14-1
Removed Pin From Net: NetName=GND_1 Pin=C8_U_AD628模块15-1
Removed Pin From Net: NetName=GND_1 Pin=C8_U_AD628模块16-1
Removed Pin From Net: NetName=GND_1 Pin=C8_U_AD628模块17-1
Removed Pin From Net: NetName=GND_1 Pin=C8_U_AD628模块18-1
Removed Pin From Net: NetName=GND_1 Pin=C8_U_AD628模块19-1
Removed Pin From Net: NetName=GND_1 Pin=C8_U_AD628模块20-1
Removed Pin From Net: NetName=GND_1 Pin=C8_U_AD628模块21-1
Removed Pin From Net: NetName=GND_1 Pin=C8_U_AD628模块22-1
Removed Pin From Net: NetName=GND_1 Pin=C8_U_AD628模块23-1
Removed Pin From Net: NetName=GND_1 Pin=C8_U_AD628模块24-1
Removed Pin From Net: NetName=GND_1 Pin=C8_U_AD628模块25-1
Removed Pin From Net: NetName=GND_1 Pin=C8_U_AD628模块26-1
Removed Pin From Net: NetName=GND_1 Pin=C8_U_AD628模块27-1
Removed Pin From Net: NetName=GND_1 Pin=C8_U_AD628模块28-1
Removed Pin From Net: NetName=GND_1 Pin=C8_U_AD628模块29-1
Removed Pin From Net: NetName=GND_1 Pin=C8_U_AD628模块30-1
Removed Pin From Net: NetName=GND_1 Pin=C8_U_AD628模块31-1
Removed Pin From Net: NetName=GND_1 Pin=C8_U_AD628模块32-1
Removed Pin From Net: NetName=GND_1 Pin=C9_U_AD628模块1-1
Removed Pin From Net: NetName=GND_1 Pin=C9_U_AD628模块2-1
Removed Pin From Net: NetName=GND_1 Pin=C9_U_AD628模块3-1
Removed Pin From Net: NetName=GND_1 Pin=C9_U_AD628模块4-1
Removed Pin From Net: NetName=GND_1 Pin=C9_U_AD628模块5-1
Removed Pin From Net: NetName=GND_1 Pin=C9_U_AD628模块6-1
Removed Pin From Net: NetName=GND_1 Pin=C9_U_AD628模块7-1
Removed Pin From Net: NetName=GND_1 Pin=C9_U_AD628模块8-1
Removed Pin From Net: NetName=GND_1 Pin=C9_U_AD628模块9-1
Removed Pin From Net: NetName=GND_1 Pin=C9_U_AD628模块10-1
Removed Pin From Net: NetName=GND_1 Pin=C9_U_AD628模块11-1
Removed Pin From Net: NetName=GND_1 Pin=C9_U_AD628模块12-1
Removed Pin From Net: NetName=GND_1 Pin=C9_U_AD628模块13-1
Removed Pin From Net: NetName=GND_1 Pin=C9_U_AD628模块14-1
Removed Pin From Net: NetName=GND_1 Pin=C9_U_AD628模块15-1
Removed Pin From Net: NetName=GND_1 Pin=C9_U_AD628模块16-1
Removed Pin From Net: NetName=GND_1 Pin=C9_U_AD628模块17-1
Removed Pin From Net: NetName=GND_1 Pin=C9_U_AD628模块18-1
Removed Pin From Net: NetName=GND_1 Pin=C9_U_AD628模块19-1
Removed Pin From Net: NetName=GND_1 Pin=C9_U_AD628模块20-1
Removed Pin From Net: NetName=GND_1 Pin=C9_U_AD628模块21-1
Removed Pin From Net: NetName=GND_1 Pin=C9_U_AD628模块22-1
Removed Pin From Net: NetName=GND_1 Pin=C9_U_AD628模块23-1
Removed Pin From Net: NetName=GND_1 Pin=C9_U_AD628模块24-1
Removed Pin From Net: NetName=GND_1 Pin=C9_U_AD628模块25-1
Removed Pin From Net: NetName=GND_1 Pin=C9_U_AD628模块26-1
Removed Pin From Net: NetName=GND_1 Pin=C9_U_AD628模块27-1
Removed Pin From Net: NetName=GND_1 Pin=C9_U_AD628模块28-1
Removed Pin From Net: NetName=GND_1 Pin=C9_U_AD628模块29-1
Removed Pin From Net: NetName=GND_1 Pin=C9_U_AD628模块30-1
Removed Pin From Net: NetName=GND_1 Pin=C9_U_AD628模块31-1
Removed Pin From Net: NetName=GND_1 Pin=C9_U_AD628模块32-1
Removed Pin From Net: NetName=GND_1 Pin=R7_U_AD628模块1-1
Removed Pin From Net: NetName=GND_1 Pin=R7_U_AD628模块2-1
Removed Pin From Net: NetName=GND_1 Pin=R7_U_AD628模块3-1
Removed Pin From Net: NetName=GND_1 Pin=R7_U_AD628模块4-1
Removed Pin From Net: NetName=GND_1 Pin=R7_U_AD628模块5-1
Removed Pin From Net: NetName=GND_1 Pin=R7_U_AD628模块6-1
Removed Pin From Net: NetName=GND_1 Pin=R7_U_AD628模块7-1
Removed Pin From Net: NetName=GND_1 Pin=R7_U_AD628模块8-1
Removed Pin From Net: NetName=GND_1 Pin=R7_U_AD628模块9-1
Removed Pin From Net: NetName=GND_1 Pin=R7_U_AD628模块10-1
Removed Pin From Net: NetName=GND_1 Pin=R7_U_AD628模块11-1
Removed Pin From Net: NetName=GND_1 Pin=R7_U_AD628模块12-1
Removed Pin From Net: NetName=GND_1 Pin=R7_U_AD628模块13-1
Removed Pin From Net: NetName=GND_1 Pin=R7_U_AD628模块14-1
Removed Pin From Net: NetName=GND_1 Pin=R7_U_AD628模块15-1
Removed Pin From Net: NetName=GND_1 Pin=R7_U_AD628模块16-1
Removed Pin From Net: NetName=GND_1 Pin=R7_U_AD628模块17-1
Removed Pin From Net: NetName=GND_1 Pin=R7_U_AD628模块18-1
Removed Pin From Net: NetName=GND_1 Pin=R7_U_AD628模块19-1
Removed Pin From Net: NetName=GND_1 Pin=R7_U_AD628模块20-1
Removed Pin From Net: NetName=GND_1 Pin=R7_U_AD628模块21-1
Removed Pin From Net: NetName=GND_1 Pin=R7_U_AD628模块22-1
Removed Pin From Net: NetName=GND_1 Pin=R7_U_AD628模块23-1
Removed Pin From Net: NetName=GND_1 Pin=R7_U_AD628模块24-1
Removed Pin From Net: NetName=GND_1 Pin=R7_U_AD628模块25-1
Removed Pin From Net: NetName=GND_1 Pin=R7_U_AD628模块26-1
Removed Pin From Net: NetName=GND_1 Pin=R7_U_AD628模块27-1
Removed Pin From Net: NetName=GND_1 Pin=R7_U_AD628模块28-1
Removed Pin From Net: NetName=GND_1 Pin=R7_U_AD628模块29-1
Removed Pin From Net: NetName=GND_1 Pin=R7_U_AD628模块30-1
Removed Pin From Net: NetName=GND_1 Pin=R7_U_AD628模块31-1
Removed Pin From Net: NetName=GND_1 Pin=R7_U_AD628模块32-1
Removed Pin From Net: NetName=-5V_1 Pin=U1_U_AD628模块1-2
Removed Pin From Net: NetName=GND_1 Pin=U1_U_AD628模块1-3
Removed Pin From Net: NetName=+5V_1 Pin=U1_U_AD628模块1-7
Removed Pin From Net: NetName=-5V_1 Pin=U1_U_AD628模块2-2
Removed Pin From Net: NetName=GND_1 Pin=U1_U_AD628模块2-3
Removed Pin From Net: NetName=+5V_1 Pin=U1_U_AD628模块2-7
Removed Pin From Net: NetName=-5V_1 Pin=U1_U_AD628模块3-2
Removed Pin From Net: NetName=GND_1 Pin=U1_U_AD628模块3-3
Removed Pin From Net: NetName=+5V_1 Pin=U1_U_AD628模块3-7
Removed Pin From Net: NetName=-5V_1 Pin=U1_U_AD628模块4-2
Removed Pin From Net: NetName=GND_1 Pin=U1_U_AD628模块4-3
Removed Pin From Net: NetName=+5V_1 Pin=U1_U_AD628模块4-7
Removed Pin From Net: NetName=-5V_1 Pin=U1_U_AD628模块5-2
Removed Pin From Net: NetName=GND_1 Pin=U1_U_AD628模块5-3
Removed Pin From Net: NetName=+5V_1 Pin=U1_U_AD628模块5-7
Removed Pin From Net: NetName=-5V_1 Pin=U1_U_AD628模块6-2
Removed Pin From Net: NetName=GND_1 Pin=U1_U_AD628模块6-3
Removed Pin From Net: NetName=+5V_1 Pin=U1_U_AD628模块6-7
Removed Pin From Net: NetName=-5V_1 Pin=U1_U_AD628模块7-2
Removed Pin From Net: NetName=GND_1 Pin=U1_U_AD628模块7-3
Removed Pin From Net: NetName=+5V_1 Pin=U1_U_AD628模块7-7
Removed Pin From Net: NetName=-5V_1 Pin=U1_U_AD628模块8-2
Removed Pin From Net: NetName=GND_1 Pin=U1_U_AD628模块8-3
Removed Pin From Net: NetName=+5V_1 Pin=U1_U_AD628模块8-7
Removed Pin From Net: NetName=-5V_1 Pin=U1_U_AD628模块9-2
Removed Pin From Net: NetName=GND_1 Pin=U1_U_AD628模块9-3
Removed Pin From Net: NetName=+5V_1 Pin=U1_U_AD628模块9-7
Removed Pin From Net: NetName=-5V_1 Pin=U1_U_AD628模块10-2
Removed Pin From Net: NetName=GND_1 Pin=U1_U_AD628模块10-3
Removed Pin From Net: NetName=+5V_1 Pin=U1_U_AD628模块10-7
Removed Pin From Net: NetName=-5V_1 Pin=U1_U_AD628模块11-2
Removed Pin From Net: NetName=GND_1 Pin=U1_U_AD628模块11-3
Removed Pin From Net: NetName=+5V_1 Pin=U1_U_AD628模块11-7
Removed Pin From Net: NetName=-5V_1 Pin=U1_U_AD628模块12-2
Removed Pin From Net: NetName=GND_1 Pin=U1_U_AD628模块12-3
Removed Pin From Net: NetName=+5V_1 Pin=U1_U_AD628模块12-7
Removed Pin From Net: NetName=-5V_1 Pin=U1_U_AD628模块13-2
Removed Pin From Net: NetName=GND_1 Pin=U1_U_AD628模块13-3
Removed Pin From Net: NetName=+5V_1 Pin=U1_U_AD628模块13-7
Removed Pin From Net: NetName=-5V_1 Pin=U1_U_AD628模块14-2
Removed Pin From Net: NetName=GND_1 Pin=U1_U_AD628模块14-3
Removed Pin From Net: NetName=+5V_1 Pin=U1_U_AD628模块14-7
Removed Pin From Net: NetName=-5V_1 Pin=U1_U_AD628模块15-2
Removed Pin From Net: NetName=GND_1 Pin=U1_U_AD628模块15-3
Removed Pin From Net: NetName=+5V_1 Pin=U1_U_AD628模块15-7
Removed Pin From Net: NetName=-5V_1 Pin=U1_U_AD628模块16-2
Removed Pin From Net: NetName=GND_1 Pin=U1_U_AD628模块16-3
Removed Pin From Net: NetName=+5V_1 Pin=U1_U_AD628模块16-7
Removed Pin From Net: NetName=-5V_1 Pin=U1_U_AD628模块17-2
Removed Pin From Net: NetName=GND_1 Pin=U1_U_AD628模块17-3
Removed Pin From Net: NetName=+5V_1 Pin=U1_U_AD628模块17-7
Removed Pin From Net: NetName=-5V_1 Pin=U1_U_AD628模块18-2
Removed Pin From Net: NetName=GND_1 Pin=U1_U_AD628模块18-3
Removed Pin From Net: NetName=+5V_1 Pin=U1_U_AD628模块18-7
Removed Pin From Net: NetName=-5V_1 Pin=U1_U_AD628模块19-2
Removed Pin From Net: NetName=GND_1 Pin=U1_U_AD628模块19-3
Removed Pin From Net: NetName=+5V_1 Pin=U1_U_AD628模块19-7
Removed Pin From Net: NetName=-5V_1 Pin=U1_U_AD628模块20-2
Removed Pin From Net: NetName=GND_1 Pin=U1_U_AD628模块20-3
Removed Pin From Net: NetName=+5V_1 Pin=U1_U_AD628模块20-7
Removed Pin From Net: NetName=-5V_1 Pin=U1_U_AD628模块21-2
Removed Pin From Net: NetName=GND_1 Pin=U1_U_AD628模块21-3
Removed Pin From Net: NetName=+5V_1 Pin=U1_U_AD628模块21-7
Removed Pin From Net: NetName=-5V_1 Pin=U1_U_AD628模块22-2
Removed Pin From Net: NetName=GND_1 Pin=U1_U_AD628模块22-3
Removed Pin From Net: NetName=+5V_1 Pin=U1_U_AD628模块22-7
Removed Pin From Net: NetName=-5V_1 Pin=U1_U_AD628模块23-2
Removed Pin From Net: NetName=GND_1 Pin=U1_U_AD628模块23-3
Removed Pin From Net: NetName=+5V_1 Pin=U1_U_AD628模块23-7
Removed Pin From Net: NetName=-5V_1 Pin=U1_U_AD628模块24-2
Removed Pin From Net: NetName=GND_1 Pin=U1_U_AD628模块24-3
Removed Pin From Net: NetName=+5V_1 Pin=U1_U_AD628模块24-7
Removed Pin From Net: NetName=-5V_1 Pin=U1_U_AD628模块25-2
Removed Pin From Net: NetName=GND_1 Pin=U1_U_AD628模块25-3
Removed Pin From Net: NetName=+5V_1 Pin=U1_U_AD628模块25-7
Removed Pin From Net: NetName=-5V_1 Pin=U1_U_AD628模块26-2
Removed Pin From Net: NetName=GND_1 Pin=U1_U_AD628模块26-3
Removed Pin From Net: NetName=+5V_1 Pin=U1_U_AD628模块26-7
Removed Pin From Net: NetName=-5V_1 Pin=U1_U_AD628模块27-2
Removed Pin From Net: NetName=GND_1 Pin=U1_U_AD628模块27-3
Removed Pin From Net: NetName=+5V_1 Pin=U1_U_AD628模块27-7
Removed Pin From Net: NetName=-5V_1 Pin=U1_U_AD628模块28-2
Removed Pin From Net: NetName=GND_1 Pin=U1_U_AD628模块28-3
Removed Pin From Net: NetName=+5V_1 Pin=U1_U_AD628模块28-7
Removed Pin From Net: NetName=-5V_1 Pin=U1_U_AD628模块29-2
Removed Pin From Net: NetName=GND_1 Pin=U1_U_AD628模块29-3
Removed Pin From Net: NetName=+5V_1 Pin=U1_U_AD628模块29-7
Removed Pin From Net: NetName=-5V_1 Pin=U1_U_AD628模块30-2
Removed Pin From Net: NetName=GND_1 Pin=U1_U_AD628模块30-3
Removed Pin From Net: NetName=+5V_1 Pin=U1_U_AD628模块30-7
Removed Pin From Net: NetName=-5V_1 Pin=U1_U_AD628模块31-2
Removed Pin From Net: NetName=GND_1 Pin=U1_U_AD628模块31-3
Removed Pin From Net: NetName=+5V_1 Pin=U1_U_AD628模块31-7
Removed Pin From Net: NetName=-5V_1 Pin=U1_U_AD628模块32-2
Removed Pin From Net: NetName=GND_1 Pin=U1_U_AD628模块32-3
Removed Pin From Net: NetName=+5V_1 Pin=U1_U_AD628模块32-7
Change Component DesignItemId : Designator=D1 Old DesignItemId=DB37 New DesignItemId=Diode
Change Component Footprint: Designator=D1 Old Footprint=DB37 New Footprint=SMA
Change Component Comment : Designator=D1 Old Comment=DB37 New Comment=Diode
Change Component Designator: OldDesignator=D2 NewDesignator=DB2
Added Component: Designator=C1(0603AC)
Added Component: Designator=C2(0603AC)
Added Component: Designator=C3(0603AC)
Added Component: Designator=C4(0603AC)
Added Component: Designator=C5(0603AC)
Added Component: Designator=C6(0603AC)
Added Component: Designator=C7(0603AC)
Added Component: Designator=C8(0603AC)
Added Component: Designator=C9(0603AC)
Added Component: Designator=DB1(DB37)
Added Component: Designator=R1(0603AR)
Added Component: Designator=R2(0603AR)
Added Component: Designator=R3(0603AR)
Added Component: Designator=R4(0603AR)
Added Component: Designator=R5(0603AR)
Added Component: Designator=R6(0603AR)
Added Component: Designator=R7(0603AR)
Added Component: Designator=U1(SO8_M)
Added Pin To Net: NetName=GND_1 Pin=C1-2
Added Pin To Net: NetName=GND_1 Pin=C5-1
Added Pin To Net: NetName=GND_1 Pin=C6-1
Added Pin To Net: NetName=-5V_1 Pin=C6-2
Added Pin To Net: NetName=GND_1 Pin=C7-1
Added Pin To Net: NetName=-5V_1 Pin=C7-2
Added Pin To Net: NetName=GND_1 Pin=C8-1
Added Pin To Net: NetName=GND_1 Pin=C9-1
Added Pin To Net: NetName=GND_1 Pin=R7-1
Added Pin To Net: NetName=-5V_1 Pin=U1-2
Added Pin To Net: NetName=GND_1 Pin=U1-3
Added Pin To Net: NetName=+5V_1 Pin=U1-7
Added Pin To Net: NetName=NetC1_1 Pin=C1-1
Added Pin To Net: NetName=NetC1_1 Pin=C4-2
Added Pin To Net: NetName=NetC1_1 Pin=R2-1
Added Pin To Net: NetName=NetC1_1 Pin=U1-8
Added Net: Name=NetC1_1
Added Pin To Net: NetName=NetC2_1 Pin=C2-1
Added Pin To Net: NetName=NetC2_1 Pin=R3-2
Added Net: Name=NetC2_1
Added Pin To Net: NetName=NetC2_2 Pin=C2-2
Added Pin To Net: NetName=NetC2_2 Pin=R1-2
Added Net: Name=NetC2_2
Added Pin To Net: NetName=NetC3_1 Pin=C3-1
Added Pin To Net: NetName=NetC3_1 Pin=D1-2
Added Pin To Net: NetName=NetC3_1 Pin=R3-1
Added Pin To Net: NetName=NetC3_1 Pin=R4-2
Added Net: Name=NetC3_1
Added Pin To Net: NetName=NetC3_2 Pin=C3-2
Added Pin To Net: NetName=NetC3_2 Pin=D1-1
Added Pin To Net: NetName=NetC3_2 Pin=R1-1
Added Pin To Net: NetName=NetC3_2 Pin=R2-2
Added Net: Name=NetC3_2
Added Pin To Net: NetName=NetC4_1 Pin=C4-1
Added Pin To Net: NetName=NetC4_1 Pin=C5-2
Added Pin To Net: NetName=NetC4_1 Pin=R4-1
Added Pin To Net: NetName=NetC4_1 Pin=U1-1
Added Net: Name=NetC4_1
Added Pin To Net: NetName=NetC8_2 Pin=C8-2
Added Pin To Net: NetName=NetC8_2 Pin=U1-4
Added Net: Name=NetC8_2
Added Pin To Net: NetName=NetC9_2 Pin=C9-2
Added Pin To Net: NetName=NetC9_2 Pin=R6-1
Added Net: Name=NetC9_2
Added Pin To Net: NetName=NetR5_1 Pin=R5-1
Added Pin To Net: NetName=NetR5_1 Pin=R6-2
Added Pin To Net: NetName=NetR5_1 Pin=R7-2
Added Pin To Net: NetName=NetR5_1 Pin=U1-5
Added Net: Name=NetR5_1
Added Pin To Net: NetName=NetR5_2 Pin=R5-2
Added Pin To Net: NetName=NetR5_2 Pin=U1-6
Added Net: Name=NetR5_2
Added Class: Name=AD628模块
Added Class: Name=OUT[1..32]
Change Room Name: Old Name=U_AD628模块23 New Name=AD628模块
Change Room Scope: Old Scope=InComponentClass('U_AD628模块23') New Scope=InComponentClass('AD628模块')
