Removed Pin From Net: NetName=CL1 Pin=C2_DI1-2
Removed Pin From Net: NetName=NetC9_DI1_2 Pin=C9_DI2-2
Removed Pin From Net: NetName=CL1 Pin=R1_DI1-2
Removed Pin From Net: NetName=NetC9_DI1_2 Pin=R6_DI2-1
Change Component Designator: OldDesignator=DB37 NewDesignator=DB
Added Component: Designator=C1_DI3(0603AC)
Added Component: Designator=C1_DI4(0603AC)
Added Component: Designator=C1_DI5(0603AC)
Added Component: Designator=C1_DI6(0603AC)
Added Component: Designator=C1_DI7(0603AC)
Added Component: Designator=C1_DI8(0603AC)
Added Component: Designator=C1_DI9(0603AC)
Added Component: Designator=C1_DI10(0603AC)
Added Component: Designator=C1_DI11(0603AC)
Added Component: Designator=C1_DI12(0603AC)
Added Component: Designator=C1_DI13(0603AC)
Added Component: Designator=C1_DI14(0603AC)
Added Component: Designator=C1_DI15(0603AC)
Added Component: Designator=C1_DI16(0603AC)
Added Component: Designator=C1_DI17(0603AC)
Added Component: Designator=C1_DI18(0603AC)
Added Component: Designator=C1_DI19(0603AC)
Added Component: Designator=C1_DI20(0603AC)
Added Component: Designator=C1_DI21(0603AC)
Added Component: Designator=C1_DI22(0603AC)
Added Component: Designator=C1_DI23(0603AC)
Added Component: Designator=C1_DI24(0603AC)
Added Component: Designator=C1_DI25(0603AC)
Added Component: Designator=C1_DI26(0603AC)
Added Component: Designator=C1_DI27(0603AC)
Added Component: Designator=C1_DI28(0603AC)
Added Component: Designator=C1_DI29(0603AC)
Added Component: Designator=C1_DI30(0603AC)
Added Component: Designator=C1_DI31(0603AC)
Added Component: Designator=C1_DI32(0603AC)
Added Component: Designator=C2_DI3(0603AC)
Added Component: Designator=C2_DI4(0603AC)
Added Component: Designator=C2_DI5(0603AC)
Added Component: Designator=C2_DI6(0603AC)
Added Component: Designator=C2_DI7(0603AC)
Added Component: Designator=C2_DI8(0603AC)
Added Component: Designator=C2_DI9(0603AC)
Added Component: Designator=C2_DI10(0603AC)
Added Component: Designator=C2_DI11(0603AC)
Added Component: Designator=C2_DI12(0603AC)
Added Component: Designator=C2_DI13(0603AC)
Added Component: Designator=C2_DI14(0603AC)
Added Component: Designator=C2_DI15(0603AC)
Added Component: Designator=C2_DI16(0603AC)
Added Component: Designator=C2_DI17(0603AC)
Added Component: Designator=C2_DI18(0603AC)
Added Component: Designator=C2_DI19(0603AC)
Added Component: Designator=C2_DI20(0603AC)
Added Component: Designator=C2_DI21(0603AC)
Added Component: Designator=C2_DI22(0603AC)
Added Component: Designator=C2_DI23(0603AC)
Added Component: Designator=C2_DI24(0603AC)
Added Component: Designator=C2_DI25(0603AC)
Added Component: Designator=C2_DI26(0603AC)
Added Component: Designator=C2_DI27(0603AC)
Added Component: Designator=C2_DI28(0603AC)
Added Component: Designator=C2_DI29(0603AC)
Added Component: Designator=C2_DI30(0603AC)
Added Component: Designator=C2_DI31(0603AC)
Added Component: Designator=C2_DI32(0603AC)
Added Component: Designator=C3_DI3(0603AC)
Added Component: Designator=C3_DI4(0603AC)
Added Component: Designator=C3_DI5(0603AC)
Added Component: Designator=C3_DI6(0603AC)
Added Component: Designator=C3_DI7(0603AC)
Added Component: Designator=C3_DI8(0603AC)
Added Component: Designator=C3_DI9(0603AC)
Added Component: Designator=C3_DI10(0603AC)
Added Component: Designator=C3_DI11(0603AC)
Added Component: Designator=C3_DI12(0603AC)
Added Component: Designator=C3_DI13(0603AC)
Added Component: Designator=C3_DI14(0603AC)
Added Component: Designator=C3_DI15(0603AC)
Added Component: Designator=C3_DI16(0603AC)
Added Component: Designator=C3_DI17(0603AC)
Added Component: Designator=C3_DI18(0603AC)
Added Component: Designator=C3_DI19(0603AC)
Added Component: Designator=C3_DI20(0603AC)
Added Component: Designator=C3_DI21(0603AC)
Added Component: Designator=C3_DI22(0603AC)
Added Component: Designator=C3_DI23(0603AC)
Added Component: Designator=C3_DI24(0603AC)
Added Component: Designator=C3_DI25(0603AC)
Added Component: Designator=C3_DI26(0603AC)
Added Component: Designator=C3_DI27(0603AC)
Added Component: Designator=C3_DI28(0603AC)
Added Component: Designator=C3_DI29(0603AC)
Added Component: Designator=C3_DI30(0603AC)
Added Component: Designator=C3_DI31(0603AC)
Added Component: Designator=C3_DI32(0603AC)
Added Component: Designator=C4_DI3(0603AC)
Added Component: Designator=C4_DI4(0603AC)
Added Component: Designator=C4_DI5(0603AC)
Added Component: Designator=C4_DI6(0603AC)
Added Component: Designator=C4_DI7(0603AC)
Added Component: Designator=C4_DI8(0603AC)
Added Component: Designator=C4_DI9(0603AC)
Added Component: Designator=C4_DI10(0603AC)
Added Component: Designator=C4_DI11(0603AC)
Added Component: Designator=C4_DI12(0603AC)
Added Component: Designator=C4_DI13(0603AC)
Added Component: Designator=C4_DI14(0603AC)
Added Component: Designator=C4_DI15(0603AC)
Added Component: Designator=C4_DI16(0603AC)
Added Component: Designator=C4_DI17(0603AC)
Added Component: Designator=C4_DI18(0603AC)
Added Component: Designator=C4_DI19(0603AC)
Added Component: Designator=C4_DI20(0603AC)
Added Component: Designator=C4_DI21(0603AC)
Added Component: Designator=C4_DI22(0603AC)
Added Component: Designator=C4_DI23(0603AC)
Added Component: Designator=C4_DI24(0603AC)
Added Component: Designator=C4_DI25(0603AC)
Added Component: Designator=C4_DI26(0603AC)
Added Component: Designator=C4_DI27(0603AC)
Added Component: Designator=C4_DI28(0603AC)
Added Component: Designator=C4_DI29(0603AC)
Added Component: Designator=C4_DI30(0603AC)
Added Component: Designator=C4_DI31(0603AC)
Added Component: Designator=C4_DI32(0603AC)
Added Component: Designator=C5_DI3(0603AC)
Added Component: Designator=C5_DI4(0603AC)
Added Component: Designator=C5_DI5(0603AC)
Added Component: Designator=C5_DI6(0603AC)
Added Component: Designator=C5_DI7(0603AC)
Added Component: Designator=C5_DI8(0603AC)
Added Component: Designator=C5_DI9(0603AC)
Added Component: Designator=C5_DI10(0603AC)
Added Component: Designator=C5_DI11(0603AC)
Added Component: Designator=C5_DI12(0603AC)
Added Component: Designator=C5_DI13(0603AC)
Added Component: Designator=C5_DI14(0603AC)
Added Component: Designator=C5_DI15(0603AC)
Added Component: Designator=C5_DI16(0603AC)
Added Component: Designator=C5_DI17(0603AC)
Added Component: Designator=C5_DI18(0603AC)
Added Component: Designator=C5_DI19(0603AC)
Added Component: Designator=C5_DI20(0603AC)
Added Component: Designator=C5_DI21(0603AC)
Added Component: Designator=C5_DI22(0603AC)
Added Component: Designator=C5_DI23(0603AC)
Added Component: Designator=C5_DI24(0603AC)
Added Component: Designator=C5_DI25(0603AC)
Added Component: Designator=C5_DI26(0603AC)
Added Component: Designator=C5_DI27(0603AC)
Added Component: Designator=C5_DI28(0603AC)
Added Component: Designator=C5_DI29(0603AC)
Added Component: Designator=C5_DI30(0603AC)
Added Component: Designator=C5_DI31(0603AC)
Added Component: Designator=C5_DI32(0603AC)
Added Component: Designator=C6_DI3(0603AC)
Added Component: Designator=C6_DI4(0603AC)
Added Component: Designator=C6_DI5(0603AC)
Added Component: Designator=C6_DI6(0603AC)
Added Component: Designator=C6_DI7(0603AC)
Added Component: Designator=C6_DI8(0603AC)
Added Component: Designator=C6_DI9(0603AC)
Added Component: Designator=C6_DI10(0603AC)
Added Component: Designator=C6_DI11(0603AC)
Added Component: Designator=C6_DI12(0603AC)
Added Component: Designator=C6_DI13(0603AC)
Added Component: Designator=C6_DI14(0603AC)
Added Component: Designator=C6_DI15(0603AC)
Added Component: Designator=C6_DI16(0603AC)
Added Component: Designator=C6_DI17(0603AC)
Added Component: Designator=C6_DI18(0603AC)
Added Component: Designator=C6_DI19(0603AC)
Added Component: Designator=C6_DI20(0603AC)
Added Component: Designator=C6_DI21(0603AC)
Added Component: Designator=C6_DI22(0603AC)
Added Component: Designator=C6_DI23(0603AC)
Added Component: Designator=C6_DI24(0603AC)
Added Component: Designator=C6_DI25(0603AC)
Added Component: Designator=C6_DI26(0603AC)
Added Component: Designator=C6_DI27(0603AC)
Added Component: Designator=C6_DI28(0603AC)
Added Component: Designator=C6_DI29(0603AC)
Added Component: Designator=C6_DI30(0603AC)
Added Component: Designator=C6_DI31(0603AC)
Added Component: Designator=C6_DI32(0603AC)
Added Component: Designator=C7_DI3(0603AC)
Added Component: Designator=C7_DI4(0603AC)
Added Component: Designator=C7_DI5(0603AC)
Added Component: Designator=C7_DI6(0603AC)
Added Component: Designator=C7_DI7(0603AC)
Added Component: Designator=C7_DI8(0603AC)
Added Component: Designator=C7_DI9(0603AC)
Added Component: Designator=C7_DI10(0603AC)
Added Component: Designator=C7_DI11(0603AC)
Added Component: Designator=C7_DI12(0603AC)
Added Component: Designator=C7_DI13(0603AC)
Added Component: Designator=C7_DI14(0603AC)
Added Component: Designator=C7_DI15(0603AC)
Added Component: Designator=C7_DI16(0603AC)
Added Component: Designator=C7_DI17(0603AC)
Added Component: Designator=C7_DI18(0603AC)
Added Component: Designator=C7_DI19(0603AC)
Added Component: Designator=C7_DI20(0603AC)
Added Component: Designator=C7_DI21(0603AC)
Added Component: Designator=C7_DI22(0603AC)
Added Component: Designator=C7_DI23(0603AC)
Added Component: Designator=C7_DI24(0603AC)
Added Component: Designator=C7_DI25(0603AC)
Added Component: Designator=C7_DI26(0603AC)
Added Component: Designator=C7_DI27(0603AC)
Added Component: Designator=C7_DI28(0603AC)
Added Component: Designator=C7_DI29(0603AC)
Added Component: Designator=C7_DI30(0603AC)
Added Component: Designator=C7_DI31(0603AC)
Added Component: Designator=C7_DI32(0603AC)
Added Component: Designator=C8_DI3(0603AC)
Added Component: Designator=C8_DI4(0603AC)
Added Component: Designator=C8_DI5(0603AC)
Added Component: Designator=C8_DI6(0603AC)
Added Component: Designator=C8_DI7(0603AC)
Added Component: Designator=C8_DI8(0603AC)
Added Component: Designator=C8_DI9(0603AC)
Added Component: Designator=C8_DI10(0603AC)
Added Component: Designator=C8_DI11(0603AC)
Added Component: Designator=C8_DI12(0603AC)
Added Component: Designator=C8_DI13(0603AC)
Added Component: Designator=C8_DI14(0603AC)
Added Component: Designator=C8_DI15(0603AC)
Added Component: Designator=C8_DI16(0603AC)
Added Component: Designator=C8_DI17(0603AC)
Added Component: Designator=C8_DI18(0603AC)
Added Component: Designator=C8_DI19(0603AC)
Added Component: Designator=C8_DI20(0603AC)
Added Component: Designator=C8_DI21(0603AC)
Added Component: Designator=C8_DI22(0603AC)
Added Component: Designator=C8_DI23(0603AC)
Added Component: Designator=C8_DI24(0603AC)
Added Component: Designator=C8_DI25(0603AC)
Added Component: Designator=C8_DI26(0603AC)
Added Component: Designator=C8_DI27(0603AC)
Added Component: Designator=C8_DI28(0603AC)
Added Component: Designator=C8_DI29(0603AC)
Added Component: Designator=C8_DI30(0603AC)
Added Component: Designator=C8_DI31(0603AC)
Added Component: Designator=C8_DI32(0603AC)
Added Component: Designator=C9_DI3(0603AC)
Added Component: Designator=C9_DI4(0603AC)
Added Component: Designator=C9_DI5(0603AC)
Added Component: Designator=C9_DI6(0603AC)
Added Component: Designator=C9_DI7(0603AC)
Added Component: Designator=C9_DI8(0603AC)
Added Component: Designator=C9_DI9(0603AC)
Added Component: Designator=C9_DI10(0603AC)
Added Component: Designator=C9_DI11(0603AC)
Added Component: Designator=C9_DI12(0603AC)
Added Component: Designator=C9_DI13(0603AC)
Added Component: Designator=C9_DI14(0603AC)
Added Component: Designator=C9_DI15(0603AC)
Added Component: Designator=C9_DI16(0603AC)
Added Component: Designator=C9_DI17(0603AC)
Added Component: Designator=C9_DI18(0603AC)
Added Component: Designator=C9_DI19(0603AC)
Added Component: Designator=C9_DI20(0603AC)
Added Component: Designator=C9_DI21(0603AC)
Added Component: Designator=C9_DI22(0603AC)
Added Component: Designator=C9_DI23(0603AC)
Added Component: Designator=C9_DI24(0603AC)
Added Component: Designator=C9_DI25(0603AC)
Added Component: Designator=C9_DI26(0603AC)
Added Component: Designator=C9_DI27(0603AC)
Added Component: Designator=C9_DI28(0603AC)
Added Component: Designator=C9_DI29(0603AC)
Added Component: Designator=C9_DI30(0603AC)
Added Component: Designator=C9_DI31(0603AC)
Added Component: Designator=C9_DI32(0603AC)
Added Component: Designator=D1_DI3(SMA)
Added Component: Designator=D1_DI4(SMA)
Added Component: Designator=D1_DI5(SMA)
Added Component: Designator=D1_DI6(SMA)
Added Component: Designator=D1_DI7(SMA)
Added Component: Designator=D1_DI8(SMA)
Added Component: Designator=D1_DI9(SMA)
Added Component: Designator=D1_DI10(SMA)
Added Component: Designator=D1_DI11(SMA)
Added Component: Designator=D1_DI12(SMA)
Added Component: Designator=D1_DI13(SMA)
Added Component: Designator=D1_DI14(SMA)
Added Component: Designator=D1_DI15(SMA)
Added Component: Designator=D1_DI16(SMA)
Added Component: Designator=D1_DI17(SMA)
Added Component: Designator=D1_DI18(SMA)
Added Component: Designator=D1_DI19(SMA)
Added Component: Designator=D1_DI20(SMA)
Added Component: Designator=D1_DI21(SMA)
Added Component: Designator=D1_DI22(SMA)
Added Component: Designator=D1_DI23(SMA)
Added Component: Designator=D1_DI24(SMA)
Added Component: Designator=D1_DI25(SMA)
Added Component: Designator=D1_DI26(SMA)
Added Component: Designator=D1_DI27(SMA)
Added Component: Designator=D1_DI28(SMA)
Added Component: Designator=D1_DI29(SMA)
Added Component: Designator=D1_DI30(SMA)
Added Component: Designator=D1_DI31(SMA)
Added Component: Designator=D1_DI32(SMA)
Added Component: Designator=R1_DI3(0603AR)
Added Component: Designator=R1_DI4(0603AR)
Added Component: Designator=R1_DI5(0603AR)
Added Component: Designator=R1_DI6(0603AR)
Added Component: Designator=R1_DI7(0603AR)
Added Component: Designator=R1_DI8(0603AR)
Added Component: Designator=R1_DI9(0603AR)
Added Component: Designator=R1_DI10(0603AR)
Added Component: Designator=R1_DI11(0603AR)
Added Component: Designator=R1_DI12(0603AR)
Added Component: Designator=R1_DI13(0603AR)
Added Component: Designator=R1_DI14(0603AR)
Added Component: Designator=R1_DI15(0603AR)
Added Component: Designator=R1_DI16(0603AR)
Added Component: Designator=R1_DI17(0603AR)
Added Component: Designator=R1_DI18(0603AR)
Added Component: Designator=R1_DI19(0603AR)
Added Component: Designator=R1_DI20(0603AR)
Added Component: Designator=R1_DI21(0603AR)
Added Component: Designator=R1_DI22(0603AR)
Added Component: Designator=R1_DI23(0603AR)
Added Component: Designator=R1_DI24(0603AR)
Added Component: Designator=R1_DI25(0603AR)
Added Component: Designator=R1_DI26(0603AR)
Added Component: Designator=R1_DI27(0603AR)
Added Component: Designator=R1_DI28(0603AR)
Added Component: Designator=R1_DI29(0603AR)
Added Component: Designator=R1_DI30(0603AR)
Added Component: Designator=R1_DI31(0603AR)
Added Component: Designator=R1_DI32(0603AR)
Added Component: Designator=R2_DI3(0603AR)
Added Component: Designator=R2_DI4(0603AR)
Added Component: Designator=R2_DI5(0603AR)
Added Component: Designator=R2_DI6(0603AR)
Added Component: Designator=R2_DI7(0603AR)
Added Component: Designator=R2_DI8(0603AR)
Added Component: Designator=R2_DI9(0603AR)
Added Component: Designator=R2_DI10(0603AR)
Added Component: Designator=R2_DI11(0603AR)
Added Component: Designator=R2_DI12(0603AR)
Added Component: Designator=R2_DI13(0603AR)
Added Component: Designator=R2_DI14(0603AR)
Added Component: Designator=R2_DI15(0603AR)
Added Component: Designator=R2_DI16(0603AR)
Added Component: Designator=R2_DI17(0603AR)
Added Component: Designator=R2_DI18(0603AR)
Added Component: Designator=R2_DI19(0603AR)
Added Component: Designator=R2_DI20(0603AR)
Added Component: Designator=R2_DI21(0603AR)
Added Component: Designator=R2_DI22(0603AR)
Added Component: Designator=R2_DI23(0603AR)
Added Component: Designator=R2_DI24(0603AR)
Added Component: Designator=R2_DI25(0603AR)
Added Component: Designator=R2_DI26(0603AR)
Added Component: Designator=R2_DI27(0603AR)
Added Component: Designator=R2_DI28(0603AR)
Added Component: Designator=R2_DI29(0603AR)
Added Component: Designator=R2_DI30(0603AR)
Added Component: Designator=R2_DI31(0603AR)
Added Component: Designator=R2_DI32(0603AR)
Added Component: Designator=R3_DI3(0603AR)
Added Component: Designator=R3_DI4(0603AR)
Added Component: Designator=R3_DI5(0603AR)
Added Component: Designator=R3_DI6(0603AR)
Added Component: Designator=R3_DI7(0603AR)
Added Component: Designator=R3_DI8(0603AR)
Added Component: Designator=R3_DI9(0603AR)
Added Component: Designator=R3_DI10(0603AR)
Added Component: Designator=R3_DI11(0603AR)
Added Component: Designator=R3_DI12(0603AR)
Added Component: Designator=R3_DI13(0603AR)
Added Component: Designator=R3_DI14(0603AR)
Added Component: Designator=R3_DI15(0603AR)
Added Component: Designator=R3_DI16(0603AR)
Added Component: Designator=R3_DI17(0603AR)
Added Component: Designator=R3_DI18(0603AR)
Added Component: Designator=R3_DI19(0603AR)
Added Component: Designator=R3_DI20(0603AR)
Added Component: Designator=R3_DI21(0603AR)
Added Component: Designator=R3_DI22(0603AR)
Added Component: Designator=R3_DI23(0603AR)
Added Component: Designator=R3_DI24(0603AR)
Added Component: Designator=R3_DI25(0603AR)
Added Component: Designator=R3_DI26(0603AR)
Added Component: Designator=R3_DI27(0603AR)
Added Component: Designator=R3_DI28(0603AR)
Added Component: Designator=R3_DI29(0603AR)
Added Component: Designator=R3_DI30(0603AR)
Added Component: Designator=R3_DI31(0603AR)
Added Component: Designator=R3_DI32(0603AR)
Added Component: Designator=R4_DI3(0603AR)
Added Component: Designator=R4_DI4(0603AR)
Added Component: Designator=R4_DI5(0603AR)
Added Component: Designator=R4_DI6(0603AR)
Added Component: Designator=R4_DI7(0603AR)
Added Component: Designator=R4_DI8(0603AR)
Added Component: Designator=R4_DI9(0603AR)
Added Component: Designator=R4_DI10(0603AR)
Added Component: Designator=R4_DI11(0603AR)
Added Component: Designator=R4_DI12(0603AR)
Added Component: Designator=R4_DI13(0603AR)
Added Component: Designator=R4_DI14(0603AR)
Added Component: Designator=R4_DI15(0603AR)
Added Component: Designator=R4_DI16(0603AR)
Added Component: Designator=R4_DI17(0603AR)
Added Component: Designator=R4_DI18(0603AR)
Added Component: Designator=R4_DI19(0603AR)
Added Component: Designator=R4_DI20(0603AR)
Added Component: Designator=R4_DI21(0603AR)
Added Component: Designator=R4_DI22(0603AR)
Added Component: Designator=R4_DI23(0603AR)
Added Component: Designator=R4_DI24(0603AR)
Added Component: Designator=R4_DI25(0603AR)
Added Component: Designator=R4_DI26(0603AR)
Added Component: Designator=R4_DI27(0603AR)
Added Component: Designator=R4_DI28(0603AR)
Added Component: Designator=R4_DI29(0603AR)
Added Component: Designator=R4_DI30(0603AR)
Added Component: Designator=R4_DI31(0603AR)
Added Component: Designator=R4_DI32(0603AR)
Added Component: Designator=R5_DI3(0603AR)
Added Component: Designator=R5_DI4(0603AR)
Added Component: Designator=R5_DI5(0603AR)
Added Component: Designator=R5_DI6(0603AR)
Added Component: Designator=R5_DI7(0603AR)
Added Component: Designator=R5_DI8(0603AR)
Added Component: Designator=R5_DI9(0603AR)
Added Component: Designator=R5_DI10(0603AR)
Added Component: Designator=R5_DI11(0603AR)
Added Component: Designator=R5_DI12(0603AR)
Added Component: Designator=R5_DI13(0603AR)
Added Component: Designator=R5_DI14(0603AR)
Added Component: Designator=R5_DI15(0603AR)
Added Component: Designator=R5_DI16(0603AR)
Added Component: Designator=R5_DI17(0603AR)
Added Component: Designator=R5_DI18(0603AR)
Added Component: Designator=R5_DI19(0603AR)
Added Component: Designator=R5_DI20(0603AR)
Added Component: Designator=R5_DI21(0603AR)
Added Component: Designator=R5_DI22(0603AR)
Added Component: Designator=R5_DI23(0603AR)
Added Component: Designator=R5_DI24(0603AR)
Added Component: Designator=R5_DI25(0603AR)
Added Component: Designator=R5_DI26(0603AR)
Added Component: Designator=R5_DI27(0603AR)
Added Component: Designator=R5_DI28(0603AR)
Added Component: Designator=R5_DI29(0603AR)
Added Component: Designator=R5_DI30(0603AR)
Added Component: Designator=R5_DI31(0603AR)
Added Component: Designator=R5_DI32(0603AR)
Added Component: Designator=R6_DI3(0603AR)
Added Component: Designator=R6_DI4(0603AR)
Added Component: Designator=R6_DI5(0603AR)
Added Component: Designator=R6_DI6(0603AR)
Added Component: Designator=R6_DI7(0603AR)
Added Component: Designator=R6_DI8(0603AR)
Added Component: Designator=R6_DI9(0603AR)
Added Component: Designator=R6_DI10(0603AR)
Added Component: Designator=R6_DI11(0603AR)
Added Component: Designator=R6_DI12(0603AR)
Added Component: Designator=R6_DI13(0603AR)
Added Component: Designator=R6_DI14(0603AR)
Added Component: Designator=R6_DI15(0603AR)
Added Component: Designator=R6_DI16(0603AR)
Added Component: Designator=R6_DI17(0603AR)
Added Component: Designator=R6_DI18(0603AR)
Added Component: Designator=R6_DI19(0603AR)
Added Component: Designator=R6_DI20(0603AR)
Added Component: Designator=R6_DI21(0603AR)
Added Component: Designator=R6_DI22(0603AR)
Added Component: Designator=R6_DI23(0603AR)
Added Component: Designator=R6_DI24(0603AR)
Added Component: Designator=R6_DI25(0603AR)
Added Component: Designator=R6_DI26(0603AR)
Added Component: Designator=R6_DI27(0603AR)
Added Component: Designator=R6_DI28(0603AR)
Added Component: Designator=R6_DI29(0603AR)
Added Component: Designator=R6_DI30(0603AR)
Added Component: Designator=R6_DI31(0603AR)
Added Component: Designator=R6_DI32(0603AR)
Added Component: Designator=R7_DI3(0603AR)
Added Component: Designator=R7_DI4(0603AR)
Added Component: Designator=R7_DI5(0603AR)
Added Component: Designator=R7_DI6(0603AR)
Added Component: Designator=R7_DI7(0603AR)
Added Component: Designator=R7_DI8(0603AR)
Added Component: Designator=R7_DI9(0603AR)
Added Component: Designator=R7_DI10(0603AR)
Added Component: Designator=R7_DI11(0603AR)
Added Component: Designator=R7_DI12(0603AR)
Added Component: Designator=R7_DI13(0603AR)
Added Component: Designator=R7_DI14(0603AR)
Added Component: Designator=R7_DI15(0603AR)
Added Component: Designator=R7_DI16(0603AR)
Added Component: Designator=R7_DI17(0603AR)
Added Component: Designator=R7_DI18(0603AR)
Added Component: Designator=R7_DI19(0603AR)
Added Component: Designator=R7_DI20(0603AR)
Added Component: Designator=R7_DI21(0603AR)
Added Component: Designator=R7_DI22(0603AR)
Added Component: Designator=R7_DI23(0603AR)
Added Component: Designator=R7_DI24(0603AR)
Added Component: Designator=R7_DI25(0603AR)
Added Component: Designator=R7_DI26(0603AR)
Added Component: Designator=R7_DI27(0603AR)
Added Component: Designator=R7_DI28(0603AR)
Added Component: Designator=R7_DI29(0603AR)
Added Component: Designator=R7_DI30(0603AR)
Added Component: Designator=R7_DI31(0603AR)
Added Component: Designator=R7_DI32(0603AR)
Added Component: Designator=U1_DI3(SO8_M)
Added Component: Designator=U1_DI4(SO8_M)
Added Component: Designator=U1_DI5(SO8_M)
Added Component: Designator=U1_DI6(SO8_M)
Added Component: Designator=U1_DI7(SO8_M)
Added Component: Designator=U1_DI8(SO8_M)
Added Component: Designator=U1_DI9(SO8_M)
Added Component: Designator=U1_DI10(SO8_M)
Added Component: Designator=U1_DI11(SO8_M)
Added Component: Designator=U1_DI12(SO8_M)
Added Component: Designator=U1_DI13(SO8_M)
Added Component: Designator=U1_DI14(SO8_M)
Added Component: Designator=U1_DI15(SO8_M)
Added Component: Designator=U1_DI16(SO8_M)
Added Component: Designator=U1_DI17(SO8_M)
Added Component: Designator=U1_DI18(SO8_M)
Added Component: Designator=U1_DI19(SO8_M)
Added Component: Designator=U1_DI20(SO8_M)
Added Component: Designator=U1_DI21(SO8_M)
Added Component: Designator=U1_DI22(SO8_M)
Added Component: Designator=U1_DI23(SO8_M)
Added Component: Designator=U1_DI24(SO8_M)
Added Component: Designator=U1_DI25(SO8_M)
Added Component: Designator=U1_DI26(SO8_M)
Added Component: Designator=U1_DI27(SO8_M)
Added Component: Designator=U1_DI28(SO8_M)
Added Component: Designator=U1_DI29(SO8_M)
Added Component: Designator=U1_DI30(SO8_M)
Added Component: Designator=U1_DI31(SO8_M)
Added Component: Designator=U1_DI32(SO8_M)
Added Pin To Net: NetName=GND_1 Pin=C1_DI3-2
Added Pin To Net: NetName=GND_1 Pin=C1_DI4-2
Added Pin To Net: NetName=GND_1 Pin=C1_DI5-2
Added Pin To Net: NetName=GND_1 Pin=C1_DI6-2
Added Pin To Net: NetName=GND_1 Pin=C1_DI7-2
Added Pin To Net: NetName=GND_1 Pin=C1_DI8-2
Added Pin To Net: NetName=GND_1 Pin=C1_DI9-2
Added Pin To Net: NetName=GND_1 Pin=C1_DI10-2
Added Pin To Net: NetName=GND_1 Pin=C1_DI11-2
Added Pin To Net: NetName=GND_1 Pin=C1_DI12-2
Added Pin To Net: NetName=GND_1 Pin=C1_DI13-2
Added Pin To Net: NetName=GND_1 Pin=C1_DI14-2
Added Pin To Net: NetName=GND_1 Pin=C1_DI15-2
Added Pin To Net: NetName=GND_1 Pin=C1_DI16-2
Added Pin To Net: NetName=GND_1 Pin=C1_DI17-2
Added Pin To Net: NetName=GND_1 Pin=C1_DI18-2
Added Pin To Net: NetName=GND_1 Pin=C1_DI19-2
Added Pin To Net: NetName=GND_1 Pin=C1_DI20-2
Added Pin To Net: NetName=GND_1 Pin=C1_DI21-2
Added Pin To Net: NetName=GND_1 Pin=C1_DI22-2
Added Pin To Net: NetName=GND_1 Pin=C1_DI23-2
Added Pin To Net: NetName=GND_1 Pin=C1_DI24-2
Added Pin To Net: NetName=GND_1 Pin=C1_DI25-2
Added Pin To Net: NetName=GND_1 Pin=C1_DI26-2
Added Pin To Net: NetName=GND_1 Pin=C1_DI27-2
Added Pin To Net: NetName=GND_1 Pin=C1_DI28-2
Added Pin To Net: NetName=GND_1 Pin=C1_DI29-2
Added Pin To Net: NetName=GND_1 Pin=C1_DI30-2
Added Pin To Net: NetName=GND_1 Pin=C1_DI31-2
Added Pin To Net: NetName=GND_1 Pin=C1_DI32-2
Added Pin To Net: NetName=GND_1 Pin=C5_DI3-1
Added Pin To Net: NetName=GND_1 Pin=C5_DI4-1
Added Pin To Net: NetName=GND_1 Pin=C5_DI5-1
Added Pin To Net: NetName=GND_1 Pin=C5_DI6-1
Added Pin To Net: NetName=GND_1 Pin=C5_DI7-1
Added Pin To Net: NetName=GND_1 Pin=C5_DI8-1
Added Pin To Net: NetName=GND_1 Pin=C5_DI9-1
Added Pin To Net: NetName=GND_1 Pin=C5_DI10-1
Added Pin To Net: NetName=GND_1 Pin=C5_DI11-1
Added Pin To Net: NetName=GND_1 Pin=C5_DI12-1
Added Pin To Net: NetName=GND_1 Pin=C5_DI13-1
Added Pin To Net: NetName=GND_1 Pin=C5_DI14-1
Added Pin To Net: NetName=GND_1 Pin=C5_DI15-1
Added Pin To Net: NetName=GND_1 Pin=C5_DI16-1
Added Pin To Net: NetName=GND_1 Pin=C5_DI17-1
Added Pin To Net: NetName=GND_1 Pin=C5_DI18-1
Added Pin To Net: NetName=GND_1 Pin=C5_DI19-1
Added Pin To Net: NetName=GND_1 Pin=C5_DI20-1
Added Pin To Net: NetName=GND_1 Pin=C5_DI21-1
Added Pin To Net: NetName=GND_1 Pin=C5_DI22-1
Added Pin To Net: NetName=GND_1 Pin=C5_DI23-1
Added Pin To Net: NetName=GND_1 Pin=C5_DI24-1
Added Pin To Net: NetName=GND_1 Pin=C5_DI25-1
Added Pin To Net: NetName=GND_1 Pin=C5_DI26-1
Added Pin To Net: NetName=GND_1 Pin=C5_DI27-1
Added Pin To Net: NetName=GND_1 Pin=C5_DI28-1
Added Pin To Net: NetName=GND_1 Pin=C5_DI29-1
Added Pin To Net: NetName=GND_1 Pin=C5_DI30-1
Added Pin To Net: NetName=GND_1 Pin=C5_DI31-1
Added Pin To Net: NetName=GND_1 Pin=C5_DI32-1
Added Pin To Net: NetName=GND_1 Pin=C6_DI3-1
Added Pin To Net: NetName=-5V_1 Pin=C6_DI3-2
Added Pin To Net: NetName=GND_1 Pin=C6_DI4-1
Added Pin To Net: NetName=-5V_1 Pin=C6_DI4-2
Added Pin To Net: NetName=GND_1 Pin=C6_DI5-1
Added Pin To Net: NetName=-5V_1 Pin=C6_DI5-2
Added Pin To Net: NetName=GND_1 Pin=C6_DI6-1
Added Pin To Net: NetName=-5V_1 Pin=C6_DI6-2
Added Pin To Net: NetName=GND_1 Pin=C6_DI7-1
Added Pin To Net: NetName=-5V_1 Pin=C6_DI7-2
Added Pin To Net: NetName=GND_1 Pin=C6_DI8-1
Added Pin To Net: NetName=-5V_1 Pin=C6_DI8-2
Added Pin To Net: NetName=GND_1 Pin=C6_DI9-1
Added Pin To Net: NetName=-5V_1 Pin=C6_DI9-2
Added Pin To Net: NetName=GND_1 Pin=C6_DI10-1
Added Pin To Net: NetName=-5V_1 Pin=C6_DI10-2
Added Pin To Net: NetName=GND_1 Pin=C6_DI11-1
Added Pin To Net: NetName=-5V_1 Pin=C6_DI11-2
Added Pin To Net: NetName=GND_1 Pin=C6_DI12-1
Added Pin To Net: NetName=-5V_1 Pin=C6_DI12-2
Added Pin To Net: NetName=GND_1 Pin=C6_DI13-1
Added Pin To Net: NetName=-5V_1 Pin=C6_DI13-2
Added Pin To Net: NetName=GND_1 Pin=C6_DI14-1
Added Pin To Net: NetName=-5V_1 Pin=C6_DI14-2
Added Pin To Net: NetName=GND_1 Pin=C6_DI15-1
Added Pin To Net: NetName=-5V_1 Pin=C6_DI15-2
Added Pin To Net: NetName=GND_1 Pin=C6_DI16-1
Added Pin To Net: NetName=-5V_1 Pin=C6_DI16-2
Added Pin To Net: NetName=GND_1 Pin=C6_DI17-1
Added Pin To Net: NetName=-5V_1 Pin=C6_DI17-2
Added Pin To Net: NetName=GND_1 Pin=C6_DI18-1
Added Pin To Net: NetName=-5V_1 Pin=C6_DI18-2
Added Pin To Net: NetName=GND_1 Pin=C6_DI19-1
Added Pin To Net: NetName=-5V_1 Pin=C6_DI19-2
Added Pin To Net: NetName=GND_1 Pin=C6_DI20-1
Added Pin To Net: NetName=-5V_1 Pin=C6_DI20-2
Added Pin To Net: NetName=GND_1 Pin=C6_DI21-1
Added Pin To Net: NetName=-5V_1 Pin=C6_DI21-2
Added Pin To Net: NetName=GND_1 Pin=C6_DI22-1
Added Pin To Net: NetName=-5V_1 Pin=C6_DI22-2
Added Pin To Net: NetName=GND_1 Pin=C6_DI23-1
Added Pin To Net: NetName=-5V_1 Pin=C6_DI23-2
Added Pin To Net: NetName=GND_1 Pin=C6_DI24-1
Added Pin To Net: NetName=-5V_1 Pin=C6_DI24-2
Added Pin To Net: NetName=GND_1 Pin=C6_DI25-1
Added Pin To Net: NetName=-5V_1 Pin=C6_DI25-2
Added Pin To Net: NetName=GND_1 Pin=C6_DI26-1
Added Pin To Net: NetName=-5V_1 Pin=C6_DI26-2
Added Pin To Net: NetName=GND_1 Pin=C6_DI27-1
Added Pin To Net: NetName=-5V_1 Pin=C6_DI27-2
Added Pin To Net: NetName=GND_1 Pin=C6_DI28-1
Added Pin To Net: NetName=-5V_1 Pin=C6_DI28-2
Added Pin To Net: NetName=GND_1 Pin=C6_DI29-1
Added Pin To Net: NetName=-5V_1 Pin=C6_DI29-2
Added Pin To Net: NetName=GND_1 Pin=C6_DI30-1
Added Pin To Net: NetName=-5V_1 Pin=C6_DI30-2
Added Pin To Net: NetName=GND_1 Pin=C6_DI31-1
Added Pin To Net: NetName=-5V_1 Pin=C6_DI31-2
Added Pin To Net: NetName=GND_1 Pin=C6_DI32-1
Added Pin To Net: NetName=-5V_1 Pin=C6_DI32-2
Added Pin To Net: NetName=GND_1 Pin=C7_DI3-1
Added Pin To Net: NetName=-5V_1 Pin=C7_DI3-2
Added Pin To Net: NetName=GND_1 Pin=C7_DI4-1
Added Pin To Net: NetName=-5V_1 Pin=C7_DI4-2
Added Pin To Net: NetName=GND_1 Pin=C7_DI5-1
Added Pin To Net: NetName=-5V_1 Pin=C7_DI5-2
Added Pin To Net: NetName=GND_1 Pin=C7_DI6-1
Added Pin To Net: NetName=-5V_1 Pin=C7_DI6-2
Added Pin To Net: NetName=GND_1 Pin=C7_DI7-1
Added Pin To Net: NetName=-5V_1 Pin=C7_DI7-2
Added Pin To Net: NetName=GND_1 Pin=C7_DI8-1
Added Pin To Net: NetName=-5V_1 Pin=C7_DI8-2
Added Pin To Net: NetName=GND_1 Pin=C7_DI9-1
Added Pin To Net: NetName=-5V_1 Pin=C7_DI9-2
Added Pin To Net: NetName=GND_1 Pin=C7_DI10-1
Added Pin To Net: NetName=-5V_1 Pin=C7_DI10-2
Added Pin To Net: NetName=GND_1 Pin=C7_DI11-1
Added Pin To Net: NetName=-5V_1 Pin=C7_DI11-2
Added Pin To Net: NetName=GND_1 Pin=C7_DI12-1
Added Pin To Net: NetName=-5V_1 Pin=C7_DI12-2
Added Pin To Net: NetName=GND_1 Pin=C7_DI13-1
Added Pin To Net: NetName=-5V_1 Pin=C7_DI13-2
Added Pin To Net: NetName=GND_1 Pin=C7_DI14-1
Added Pin To Net: NetName=-5V_1 Pin=C7_DI14-2
Added Pin To Net: NetName=GND_1 Pin=C7_DI15-1
Added Pin To Net: NetName=-5V_1 Pin=C7_DI15-2
Added Pin To Net: NetName=GND_1 Pin=C7_DI16-1
Added Pin To Net: NetName=-5V_1 Pin=C7_DI16-2
Added Pin To Net: NetName=GND_1 Pin=C7_DI17-1
Added Pin To Net: NetName=-5V_1 Pin=C7_DI17-2
Added Pin To Net: NetName=GND_1 Pin=C7_DI18-1
Added Pin To Net: NetName=-5V_1 Pin=C7_DI18-2
Added Pin To Net: NetName=GND_1 Pin=C7_DI19-1
Added Pin To Net: NetName=-5V_1 Pin=C7_DI19-2
Added Pin To Net: NetName=GND_1 Pin=C7_DI20-1
Added Pin To Net: NetName=-5V_1 Pin=C7_DI20-2
Added Pin To Net: NetName=GND_1 Pin=C7_DI21-1
Added Pin To Net: NetName=-5V_1 Pin=C7_DI21-2
Added Pin To Net: NetName=GND_1 Pin=C7_DI22-1
Added Pin To Net: NetName=-5V_1 Pin=C7_DI22-2
Added Pin To Net: NetName=GND_1 Pin=C7_DI23-1
Added Pin To Net: NetName=-5V_1 Pin=C7_DI23-2
Added Pin To Net: NetName=GND_1 Pin=C7_DI24-1
Added Pin To Net: NetName=-5V_1 Pin=C7_DI24-2
Added Pin To Net: NetName=GND_1 Pin=C7_DI25-1
Added Pin To Net: NetName=-5V_1 Pin=C7_DI25-2
Added Pin To Net: NetName=GND_1 Pin=C7_DI26-1
Added Pin To Net: NetName=-5V_1 Pin=C7_DI26-2
Added Pin To Net: NetName=GND_1 Pin=C7_DI27-1
Added Pin To Net: NetName=-5V_1 Pin=C7_DI27-2
Added Pin To Net: NetName=GND_1 Pin=C7_DI28-1
Added Pin To Net: NetName=-5V_1 Pin=C7_DI28-2
Added Pin To Net: NetName=GND_1 Pin=C7_DI29-1
Added Pin To Net: NetName=-5V_1 Pin=C7_DI29-2
Added Pin To Net: NetName=GND_1 Pin=C7_DI30-1
Added Pin To Net: NetName=-5V_1 Pin=C7_DI30-2
Added Pin To Net: NetName=GND_1 Pin=C7_DI31-1
Added Pin To Net: NetName=-5V_1 Pin=C7_DI31-2
Added Pin To Net: NetName=GND_1 Pin=C7_DI32-1
Added Pin To Net: NetName=-5V_1 Pin=C7_DI32-2
Added Pin To Net: NetName=GND_1 Pin=C8_DI3-1
Added Pin To Net: NetName=GND_1 Pin=C8_DI4-1
Added Pin To Net: NetName=GND_1 Pin=C8_DI5-1
Added Pin To Net: NetName=GND_1 Pin=C8_DI6-1
Added Pin To Net: NetName=GND_1 Pin=C8_DI7-1
Added Pin To Net: NetName=GND_1 Pin=C8_DI8-1
Added Pin To Net: NetName=GND_1 Pin=C8_DI9-1
Added Pin To Net: NetName=GND_1 Pin=C8_DI10-1
Added Pin To Net: NetName=GND_1 Pin=C8_DI11-1
Added Pin To Net: NetName=GND_1 Pin=C8_DI12-1
Added Pin To Net: NetName=GND_1 Pin=C8_DI13-1
Added Pin To Net: NetName=GND_1 Pin=C8_DI14-1
Added Pin To Net: NetName=GND_1 Pin=C8_DI15-1
Added Pin To Net: NetName=GND_1 Pin=C8_DI16-1
Added Pin To Net: NetName=GND_1 Pin=C8_DI17-1
Added Pin To Net: NetName=GND_1 Pin=C8_DI18-1
Added Pin To Net: NetName=GND_1 Pin=C8_DI19-1
Added Pin To Net: NetName=GND_1 Pin=C8_DI20-1
Added Pin To Net: NetName=GND_1 Pin=C8_DI21-1
Added Pin To Net: NetName=GND_1 Pin=C8_DI22-1
Added Pin To Net: NetName=GND_1 Pin=C8_DI23-1
Added Pin To Net: NetName=GND_1 Pin=C8_DI24-1
Added Pin To Net: NetName=GND_1 Pin=C8_DI25-1
Added Pin To Net: NetName=GND_1 Pin=C8_DI26-1
Added Pin To Net: NetName=GND_1 Pin=C8_DI27-1
Added Pin To Net: NetName=GND_1 Pin=C8_DI28-1
Added Pin To Net: NetName=GND_1 Pin=C8_DI29-1
Added Pin To Net: NetName=GND_1 Pin=C8_DI30-1
Added Pin To Net: NetName=GND_1 Pin=C8_DI31-1
Added Pin To Net: NetName=GND_1 Pin=C8_DI32-1
Added Pin To Net: NetName=GND_1 Pin=C9_DI3-1
Added Pin To Net: NetName=GND_1 Pin=C9_DI4-1
Added Pin To Net: NetName=GND_1 Pin=C9_DI5-1
Added Pin To Net: NetName=GND_1 Pin=C9_DI6-1
Added Pin To Net: NetName=GND_1 Pin=C9_DI7-1
Added Pin To Net: NetName=GND_1 Pin=C9_DI8-1
Added Pin To Net: NetName=GND_1 Pin=C9_DI9-1
Added Pin To Net: NetName=GND_1 Pin=C9_DI10-1
Added Pin To Net: NetName=GND_1 Pin=C9_DI11-1
Added Pin To Net: NetName=GND_1 Pin=C9_DI12-1
Added Pin To Net: NetName=GND_1 Pin=C9_DI13-1
Added Pin To Net: NetName=GND_1 Pin=C9_DI14-1
Added Pin To Net: NetName=GND_1 Pin=C9_DI15-1
Added Pin To Net: NetName=GND_1 Pin=C9_DI16-1
Added Pin To Net: NetName=GND_1 Pin=C9_DI17-1
Added Pin To Net: NetName=GND_1 Pin=C9_DI18-1
Added Pin To Net: NetName=GND_1 Pin=C9_DI19-1
Added Pin To Net: NetName=GND_1 Pin=C9_DI20-1
Added Pin To Net: NetName=GND_1 Pin=C9_DI21-1
Added Pin To Net: NetName=GND_1 Pin=C9_DI22-1
Added Pin To Net: NetName=GND_1 Pin=C9_DI23-1
Added Pin To Net: NetName=GND_1 Pin=C9_DI24-1
Added Pin To Net: NetName=GND_1 Pin=C9_DI25-1
Added Pin To Net: NetName=GND_1 Pin=C9_DI26-1
Added Pin To Net: NetName=GND_1 Pin=C9_DI27-1
Added Pin To Net: NetName=GND_1 Pin=C9_DI28-1
Added Pin To Net: NetName=GND_1 Pin=C9_DI29-1
Added Pin To Net: NetName=GND_1 Pin=C9_DI30-1
Added Pin To Net: NetName=GND_1 Pin=C9_DI31-1
Added Pin To Net: NetName=GND_1 Pin=C9_DI32-1
Added Pin To Net: NetName=CL1 Pin=DB-38
Added Pin To Net: NetName=CL1 Pin=DB-39
Added Pin To Net: NetName=GND_1 Pin=R7_DI3-1
Added Pin To Net: NetName=GND_1 Pin=R7_DI4-1
Added Pin To Net: NetName=GND_1 Pin=R7_DI5-1
Added Pin To Net: NetName=GND_1 Pin=R7_DI6-1
Added Pin To Net: NetName=GND_1 Pin=R7_DI7-1
Added Pin To Net: NetName=GND_1 Pin=R7_DI8-1
Added Pin To Net: NetName=GND_1 Pin=R7_DI9-1
Added Pin To Net: NetName=GND_1 Pin=R7_DI10-1
Added Pin To Net: NetName=GND_1 Pin=R7_DI11-1
Added Pin To Net: NetName=GND_1 Pin=R7_DI12-1
Added Pin To Net: NetName=GND_1 Pin=R7_DI13-1
Added Pin To Net: NetName=GND_1 Pin=R7_DI14-1
Added Pin To Net: NetName=GND_1 Pin=R7_DI15-1
Added Pin To Net: NetName=GND_1 Pin=R7_DI16-1
Added Pin To Net: NetName=GND_1 Pin=R7_DI17-1
Added Pin To Net: NetName=GND_1 Pin=R7_DI18-1
Added Pin To Net: NetName=GND_1 Pin=R7_DI19-1
Added Pin To Net: NetName=GND_1 Pin=R7_DI20-1
Added Pin To Net: NetName=GND_1 Pin=R7_DI21-1
Added Pin To Net: NetName=GND_1 Pin=R7_DI22-1
Added Pin To Net: NetName=GND_1 Pin=R7_DI23-1
Added Pin To Net: NetName=GND_1 Pin=R7_DI24-1
Added Pin To Net: NetName=GND_1 Pin=R7_DI25-1
Added Pin To Net: NetName=GND_1 Pin=R7_DI26-1
Added Pin To Net: NetName=GND_1 Pin=R7_DI27-1
Added Pin To Net: NetName=GND_1 Pin=R7_DI28-1
Added Pin To Net: NetName=GND_1 Pin=R7_DI29-1
Added Pin To Net: NetName=GND_1 Pin=R7_DI30-1
Added Pin To Net: NetName=GND_1 Pin=R7_DI31-1
Added Pin To Net: NetName=GND_1 Pin=R7_DI32-1
Added Pin To Net: NetName=-5V_1 Pin=U1_DI3-2
Added Pin To Net: NetName=GND_1 Pin=U1_DI3-3
Added Pin To Net: NetName=+5V_1 Pin=U1_DI3-7
Added Pin To Net: NetName=-5V_1 Pin=U1_DI4-2
Added Pin To Net: NetName=GND_1 Pin=U1_DI4-3
Added Pin To Net: NetName=+5V_1 Pin=U1_DI4-7
Added Pin To Net: NetName=-5V_1 Pin=U1_DI5-2
Added Pin To Net: NetName=GND_1 Pin=U1_DI5-3
Added Pin To Net: NetName=+5V_1 Pin=U1_DI5-7
Added Pin To Net: NetName=-5V_1 Pin=U1_DI6-2
Added Pin To Net: NetName=GND_1 Pin=U1_DI6-3
Added Pin To Net: NetName=+5V_1 Pin=U1_DI6-7
Added Pin To Net: NetName=-5V_1 Pin=U1_DI7-2
Added Pin To Net: NetName=GND_1 Pin=U1_DI7-3
Added Pin To Net: NetName=+5V_1 Pin=U1_DI7-7
Added Pin To Net: NetName=-5V_1 Pin=U1_DI8-2
Added Pin To Net: NetName=GND_1 Pin=U1_DI8-3
Added Pin To Net: NetName=+5V_1 Pin=U1_DI8-7
Added Pin To Net: NetName=-5V_1 Pin=U1_DI9-2
Added Pin To Net: NetName=GND_1 Pin=U1_DI9-3
Added Pin To Net: NetName=+5V_1 Pin=U1_DI9-7
Added Pin To Net: NetName=-5V_1 Pin=U1_DI10-2
Added Pin To Net: NetName=GND_1 Pin=U1_DI10-3
Added Pin To Net: NetName=+5V_1 Pin=U1_DI10-7
Added Pin To Net: NetName=-5V_1 Pin=U1_DI11-2
Added Pin To Net: NetName=GND_1 Pin=U1_DI11-3
Added Pin To Net: NetName=+5V_1 Pin=U1_DI11-7
Added Pin To Net: NetName=-5V_1 Pin=U1_DI12-2
Added Pin To Net: NetName=GND_1 Pin=U1_DI12-3
Added Pin To Net: NetName=+5V_1 Pin=U1_DI12-7
Added Pin To Net: NetName=-5V_1 Pin=U1_DI13-2
Added Pin To Net: NetName=GND_1 Pin=U1_DI13-3
Added Pin To Net: NetName=+5V_1 Pin=U1_DI13-7
Added Pin To Net: NetName=-5V_1 Pin=U1_DI14-2
Added Pin To Net: NetName=GND_1 Pin=U1_DI14-3
Added Pin To Net: NetName=+5V_1 Pin=U1_DI14-7
Added Pin To Net: NetName=-5V_1 Pin=U1_DI15-2
Added Pin To Net: NetName=GND_1 Pin=U1_DI15-3
Added Pin To Net: NetName=+5V_1 Pin=U1_DI15-7
Added Pin To Net: NetName=-5V_1 Pin=U1_DI16-2
Added Pin To Net: NetName=GND_1 Pin=U1_DI16-3
Added Pin To Net: NetName=+5V_1 Pin=U1_DI16-7
Added Pin To Net: NetName=-5V_1 Pin=U1_DI17-2
Added Pin To Net: NetName=GND_1 Pin=U1_DI17-3
Added Pin To Net: NetName=+5V_1 Pin=U1_DI17-7
Added Pin To Net: NetName=-5V_1 Pin=U1_DI18-2
Added Pin To Net: NetName=GND_1 Pin=U1_DI18-3
Added Pin To Net: NetName=+5V_1 Pin=U1_DI18-7
Added Pin To Net: NetName=-5V_1 Pin=U1_DI19-2
Added Pin To Net: NetName=GND_1 Pin=U1_DI19-3
Added Pin To Net: NetName=+5V_1 Pin=U1_DI19-7
Added Pin To Net: NetName=-5V_1 Pin=U1_DI20-2
Added Pin To Net: NetName=GND_1 Pin=U1_DI20-3
Added Pin To Net: NetName=+5V_1 Pin=U1_DI20-7
Added Pin To Net: NetName=-5V_1 Pin=U1_DI21-2
Added Pin To Net: NetName=GND_1 Pin=U1_DI21-3
Added Pin To Net: NetName=+5V_1 Pin=U1_DI21-7
Added Pin To Net: NetName=-5V_1 Pin=U1_DI22-2
Added Pin To Net: NetName=GND_1 Pin=U1_DI22-3
Added Pin To Net: NetName=+5V_1 Pin=U1_DI22-7
Added Pin To Net: NetName=-5V_1 Pin=U1_DI23-2
Added Pin To Net: NetName=GND_1 Pin=U1_DI23-3
Added Pin To Net: NetName=+5V_1 Pin=U1_DI23-7
Added Pin To Net: NetName=-5V_1 Pin=U1_DI24-2
Added Pin To Net: NetName=GND_1 Pin=U1_DI24-3
Added Pin To Net: NetName=+5V_1 Pin=U1_DI24-7
Added Pin To Net: NetName=-5V_1 Pin=U1_DI25-2
Added Pin To Net: NetName=GND_1 Pin=U1_DI25-3
Added Pin To Net: NetName=+5V_1 Pin=U1_DI25-7
Added Pin To Net: NetName=-5V_1 Pin=U1_DI26-2
Added Pin To Net: NetName=GND_1 Pin=U1_DI26-3
Added Pin To Net: NetName=+5V_1 Pin=U1_DI26-7
Added Pin To Net: NetName=-5V_1 Pin=U1_DI27-2
Added Pin To Net: NetName=GND_1 Pin=U1_DI27-3
Added Pin To Net: NetName=+5V_1 Pin=U1_DI27-7
Added Pin To Net: NetName=-5V_1 Pin=U1_DI28-2
Added Pin To Net: NetName=GND_1 Pin=U1_DI28-3
Added Pin To Net: NetName=+5V_1 Pin=U1_DI28-7
Added Pin To Net: NetName=-5V_1 Pin=U1_DI29-2
Added Pin To Net: NetName=GND_1 Pin=U1_DI29-3
Added Pin To Net: NetName=+5V_1 Pin=U1_DI29-7
Added Pin To Net: NetName=-5V_1 Pin=U1_DI30-2
Added Pin To Net: NetName=GND_1 Pin=U1_DI30-3
Added Pin To Net: NetName=+5V_1 Pin=U1_DI30-7
Added Pin To Net: NetName=-5V_1 Pin=U1_DI31-2
Added Pin To Net: NetName=GND_1 Pin=U1_DI31-3
Added Pin To Net: NetName=+5V_1 Pin=U1_DI31-7
Added Pin To Net: NetName=-5V_1 Pin=U1_DI32-2
Added Pin To Net: NetName=GND_1 Pin=U1_DI32-3
Added Pin To Net: NetName=+5V_1 Pin=U1_DI32-7
Added Pin To Net: NetName=CH1 Pin=C2_DI1-1
Added Pin To Net: NetName=CH1 Pin=C2_DI1-2
Added Pin To Net: NetName=CH1 Pin=DB-20
Added Pin To Net: NetName=CH1 Pin=R1_DI1-2
Added Pin To Net: NetName=CH1 Pin=R3_DI1-2
Added Net: Name=CH1
Added Pin To Net: NetName=CH2 Pin=C2_DI2-1
Added Pin To Net: NetName=CH2 Pin=C2_DI2-2
Added Pin To Net: NetName=CH2 Pin=DB-2
Added Pin To Net: NetName=CH2 Pin=R1_DI2-2
Added Pin To Net: NetName=CH2 Pin=R3_DI2-2
Added Net: Name=CH2
Added Pin To Net: NetName=CH3 Pin=C2_DI3-1
Added Pin To Net: NetName=CH3 Pin=C2_DI3-2
Added Pin To Net: NetName=CH3 Pin=DB-21
Added Pin To Net: NetName=CH3 Pin=R1_DI3-2
Added Pin To Net: NetName=CH3 Pin=R3_DI3-2
Added Net: Name=CH3
Added Pin To Net: NetName=CH4 Pin=C2_DI4-1
Added Pin To Net: NetName=CH4 Pin=C2_DI4-2
Added Pin To Net: NetName=CH4 Pin=DB-3
Added Pin To Net: NetName=CH4 Pin=R1_DI4-2
Added Pin To Net: NetName=CH4 Pin=R3_DI4-2
Added Net: Name=CH4
Added Pin To Net: NetName=CH5 Pin=C2_DI5-1
Added Pin To Net: NetName=CH5 Pin=C2_DI5-2
Added Pin To Net: NetName=CH5 Pin=DB-22
Added Pin To Net: NetName=CH5 Pin=R1_DI5-2
Added Pin To Net: NetName=CH5 Pin=R3_DI5-2
Added Net: Name=CH5
Added Pin To Net: NetName=CH6 Pin=C2_DI6-1
Added Pin To Net: NetName=CH6 Pin=C2_DI6-2
Added Pin To Net: NetName=CH6 Pin=DB-4
Added Pin To Net: NetName=CH6 Pin=R1_DI6-2
Added Pin To Net: NetName=CH6 Pin=R3_DI6-2
Added Net: Name=CH6
Added Pin To Net: NetName=CH7 Pin=C2_DI7-1
Added Pin To Net: NetName=CH7 Pin=C2_DI7-2
Added Pin To Net: NetName=CH7 Pin=DB-23
Added Pin To Net: NetName=CH7 Pin=R1_DI7-2
Added Pin To Net: NetName=CH7 Pin=R3_DI7-2
Added Net: Name=CH7
Added Pin To Net: NetName=CH8 Pin=C2_DI8-1
Added Pin To Net: NetName=CH8 Pin=C2_DI8-2
Added Pin To Net: NetName=CH8 Pin=DB-5
Added Pin To Net: NetName=CH8 Pin=R1_DI8-2
Added Pin To Net: NetName=CH8 Pin=R3_DI8-2
Added Net: Name=CH8
Added Pin To Net: NetName=CH9 Pin=C2_DI9-1
Added Pin To Net: NetName=CH9 Pin=C2_DI9-2
Added Pin To Net: NetName=CH9 Pin=DB-24
Added Pin To Net: NetName=CH9 Pin=R1_DI9-2
Added Pin To Net: NetName=CH9 Pin=R3_DI9-2
Added Net: Name=CH9
Added Pin To Net: NetName=CH10 Pin=C2_DI10-1
Added Pin To Net: NetName=CH10 Pin=C2_DI10-2
Added Pin To Net: NetName=CH10 Pin=DB-6
Added Pin To Net: NetName=CH10 Pin=R1_DI10-2
Added Pin To Net: NetName=CH10 Pin=R3_DI10-2
Added Net: Name=CH10
Added Pin To Net: NetName=CH11 Pin=C2_DI11-1
Added Pin To Net: NetName=CH11 Pin=C2_DI11-2
Added Pin To Net: NetName=CH11 Pin=DB-25
Added Pin To Net: NetName=CH11 Pin=R1_DI11-2
Added Pin To Net: NetName=CH11 Pin=R3_DI11-2
Added Net: Name=CH11
Added Pin To Net: NetName=CH12 Pin=C2_DI12-1
Added Pin To Net: NetName=CH12 Pin=C2_DI12-2
Added Pin To Net: NetName=CH12 Pin=DB-7
Added Pin To Net: NetName=CH12 Pin=R1_DI12-2
Added Pin To Net: NetName=CH12 Pin=R3_DI12-2
Added Net: Name=CH12
Added Pin To Net: NetName=CH13 Pin=C2_DI13-1
Added Pin To Net: NetName=CH13 Pin=C2_DI13-2
Added Pin To Net: NetName=CH13 Pin=DB-26
Added Pin To Net: NetName=CH13 Pin=R1_DI13-2
Added Pin To Net: NetName=CH13 Pin=R3_DI13-2
Added Net: Name=CH13
Added Pin To Net: NetName=CH14 Pin=C2_DI14-1
Added Pin To Net: NetName=CH14 Pin=C2_DI14-2
Added Pin To Net: NetName=CH14 Pin=DB-8
Added Pin To Net: NetName=CH14 Pin=R1_DI14-2
Added Pin To Net: NetName=CH14 Pin=R3_DI14-2
Added Net: Name=CH14
Added Pin To Net: NetName=CH15 Pin=C2_DI15-1
Added Pin To Net: NetName=CH15 Pin=C2_DI15-2
Added Pin To Net: NetName=CH15 Pin=DB-27
Added Pin To Net: NetName=CH15 Pin=R1_DI15-2
Added Pin To Net: NetName=CH15 Pin=R3_DI15-2
Added Net: Name=CH15
Added Pin To Net: NetName=CH16 Pin=C2_DI16-1
Added Pin To Net: NetName=CH16 Pin=C2_DI16-2
Added Pin To Net: NetName=CH16 Pin=DB-9
Added Pin To Net: NetName=CH16 Pin=R1_DI16-2
Added Pin To Net: NetName=CH16 Pin=R3_DI16-2
Added Net: Name=CH16
Added Pin To Net: NetName=CH17 Pin=C2_DI17-1
Added Pin To Net: NetName=CH17 Pin=C2_DI17-2
Added Pin To Net: NetName=CH17 Pin=DB-28
Added Pin To Net: NetName=CH17 Pin=R1_DI17-2
Added Pin To Net: NetName=CH17 Pin=R3_DI17-2
Added Net: Name=CH17
Added Pin To Net: NetName=CH18 Pin=C2_DI18-1
Added Pin To Net: NetName=CH18 Pin=C2_DI18-2
Added Pin To Net: NetName=CH18 Pin=DB-10
Added Pin To Net: NetName=CH18 Pin=R1_DI18-2
Added Pin To Net: NetName=CH18 Pin=R3_DI18-2
Added Net: Name=CH18
Added Pin To Net: NetName=CH19 Pin=C2_DI19-1
Added Pin To Net: NetName=CH19 Pin=C2_DI19-2
Added Pin To Net: NetName=CH19 Pin=DB-29
Added Pin To Net: NetName=CH19 Pin=R1_DI19-2
Added Pin To Net: NetName=CH19 Pin=R3_DI19-2
Added Net: Name=CH19
Added Pin To Net: NetName=CH20 Pin=C2_DI20-1
Added Pin To Net: NetName=CH20 Pin=C2_DI20-2
Added Pin To Net: NetName=CH20 Pin=DB-11
Added Pin To Net: NetName=CH20 Pin=R1_DI20-2
Added Pin To Net: NetName=CH20 Pin=R3_DI20-2
Added Net: Name=CH20
Added Pin To Net: NetName=CH21 Pin=C2_DI21-1
Added Pin To Net: NetName=CH21 Pin=C2_DI21-2
Added Pin To Net: NetName=CH21 Pin=DB-30
Added Pin To Net: NetName=CH21 Pin=R1_DI21-2
Added Pin To Net: NetName=CH21 Pin=R3_DI21-2
Added Net: Name=CH21
Added Pin To Net: NetName=CH22 Pin=C2_DI22-1
Added Pin To Net: NetName=CH22 Pin=C2_DI22-2
Added Pin To Net: NetName=CH22 Pin=DB-12
Added Pin To Net: NetName=CH22 Pin=R1_DI22-2
Added Pin To Net: NetName=CH22 Pin=R3_DI22-2
Added Net: Name=CH22
Added Pin To Net: NetName=CH23 Pin=C2_DI23-1
Added Pin To Net: NetName=CH23 Pin=C2_DI23-2
Added Pin To Net: NetName=CH23 Pin=DB-31
Added Pin To Net: NetName=CH23 Pin=R1_DI23-2
Added Pin To Net: NetName=CH23 Pin=R3_DI23-2
Added Net: Name=CH23
Added Pin To Net: NetName=CH24 Pin=C2_DI24-1
Added Pin To Net: NetName=CH24 Pin=C2_DI24-2
Added Pin To Net: NetName=CH24 Pin=DB-13
Added Pin To Net: NetName=CH24 Pin=R1_DI24-2
Added Pin To Net: NetName=CH24 Pin=R3_DI24-2
Added Net: Name=CH24
Added Pin To Net: NetName=CH25 Pin=C2_DI25-1
Added Pin To Net: NetName=CH25 Pin=C2_DI25-2
Added Pin To Net: NetName=CH25 Pin=DB-32
Added Pin To Net: NetName=CH25 Pin=R1_DI25-2
Added Pin To Net: NetName=CH25 Pin=R3_DI25-2
Added Net: Name=CH25
Added Pin To Net: NetName=CH26 Pin=C2_DI26-1
Added Pin To Net: NetName=CH26 Pin=C2_DI26-2
Added Pin To Net: NetName=CH26 Pin=DB-14
Added Pin To Net: NetName=CH26 Pin=R1_DI26-2
Added Pin To Net: NetName=CH26 Pin=R3_DI26-2
Added Net: Name=CH26
Added Pin To Net: NetName=CH27 Pin=C2_DI27-1
Added Pin To Net: NetName=CH27 Pin=C2_DI27-2
Added Pin To Net: NetName=CH27 Pin=DB-33
Added Pin To Net: NetName=CH27 Pin=R1_DI27-2
Added Pin To Net: NetName=CH27 Pin=R3_DI27-2
Added Net: Name=CH27
Added Pin To Net: NetName=CH28 Pin=C2_DI28-1
Added Pin To Net: NetName=CH28 Pin=C2_DI28-2
Added Pin To Net: NetName=CH28 Pin=DB-15
Added Pin To Net: NetName=CH28 Pin=R1_DI28-2
Added Pin To Net: NetName=CH28 Pin=R3_DI28-2
Added Net: Name=CH28
Added Pin To Net: NetName=CH29 Pin=C2_DI29-1
Added Pin To Net: NetName=CH29 Pin=C2_DI29-2
Added Pin To Net: NetName=CH29 Pin=DB-34
Added Pin To Net: NetName=CH29 Pin=R1_DI29-2
Added Pin To Net: NetName=CH29 Pin=R3_DI29-2
Added Net: Name=CH29
Added Pin To Net: NetName=CH30 Pin=C2_DI30-1
Added Pin To Net: NetName=CH30 Pin=C2_DI30-2
Added Pin To Net: NetName=CH30 Pin=DB-16
Added Pin To Net: NetName=CH30 Pin=R1_DI30-2
Added Pin To Net: NetName=CH30 Pin=R3_DI30-2
Added Net: Name=CH30
Added Pin To Net: NetName=CH31 Pin=C2_DI31-1
Added Pin To Net: NetName=CH31 Pin=C2_DI31-2
Added Pin To Net: NetName=CH31 Pin=DB-35
Added Pin To Net: NetName=CH31 Pin=R1_DI31-2
Added Pin To Net: NetName=CH31 Pin=R3_DI31-2
Added Net: Name=CH31
Added Pin To Net: NetName=CH32 Pin=C2_DI32-1
Added Pin To Net: NetName=CH32 Pin=C2_DI32-2
Added Pin To Net: NetName=CH32 Pin=DB-17
Added Pin To Net: NetName=CH32 Pin=R1_DI32-2
Added Pin To Net: NetName=CH32 Pin=R3_DI32-2
Added Net: Name=CH32
Added Pin To Net: NetName=NetC1_DI3_1 Pin=C1_DI3-1
Added Pin To Net: NetName=NetC1_DI3_1 Pin=C4_DI3-2
Added Pin To Net: NetName=NetC1_DI3_1 Pin=R2_DI3-1
Added Pin To Net: NetName=NetC1_DI3_1 Pin=U1_DI3-8
Added Net: Name=NetC1_DI3_1
Added Pin To Net: NetName=NetC1_DI4_1 Pin=C1_DI4-1
Added Pin To Net: NetName=NetC1_DI4_1 Pin=C4_DI4-2
Added Pin To Net: NetName=NetC1_DI4_1 Pin=R2_DI4-1
Added Pin To Net: NetName=NetC1_DI4_1 Pin=U1_DI4-8
Added Net: Name=NetC1_DI4_1
Added Pin To Net: NetName=NetC1_DI5_1 Pin=C1_DI5-1
Added Pin To Net: NetName=NetC1_DI5_1 Pin=C4_DI5-2
Added Pin To Net: NetName=NetC1_DI5_1 Pin=R2_DI5-1
Added Pin To Net: NetName=NetC1_DI5_1 Pin=U1_DI5-8
Added Net: Name=NetC1_DI5_1
Added Pin To Net: NetName=NetC1_DI6_1 Pin=C1_DI6-1
Added Pin To Net: NetName=NetC1_DI6_1 Pin=C4_DI6-2
Added Pin To Net: NetName=NetC1_DI6_1 Pin=R2_DI6-1
Added Pin To Net: NetName=NetC1_DI6_1 Pin=U1_DI6-8
Added Net: Name=NetC1_DI6_1
Added Pin To Net: NetName=NetC1_DI7_1 Pin=C1_DI7-1
Added Pin To Net: NetName=NetC1_DI7_1 Pin=C4_DI7-2
Added Pin To Net: NetName=NetC1_DI7_1 Pin=R2_DI7-1
Added Pin To Net: NetName=NetC1_DI7_1 Pin=U1_DI7-8
Added Net: Name=NetC1_DI7_1
Added Pin To Net: NetName=NetC1_DI8_1 Pin=C1_DI8-1
Added Pin To Net: NetName=NetC1_DI8_1 Pin=C4_DI8-2
Added Pin To Net: NetName=NetC1_DI8_1 Pin=R2_DI8-1
Added Pin To Net: NetName=NetC1_DI8_1 Pin=U1_DI8-8
Added Net: Name=NetC1_DI8_1
Added Pin To Net: NetName=NetC1_DI9_1 Pin=C1_DI9-1
Added Pin To Net: NetName=NetC1_DI9_1 Pin=C4_DI9-2
Added Pin To Net: NetName=NetC1_DI9_1 Pin=R2_DI9-1
Added Pin To Net: NetName=NetC1_DI9_1 Pin=U1_DI9-8
Added Net: Name=NetC1_DI9_1
Added Pin To Net: NetName=NetC1_DI10_1 Pin=C1_DI10-1
Added Pin To Net: NetName=NetC1_DI10_1 Pin=C4_DI10-2
Added Pin To Net: NetName=NetC1_DI10_1 Pin=R2_DI10-1
Added Pin To Net: NetName=NetC1_DI10_1 Pin=U1_DI10-8
Added Net: Name=NetC1_DI10_1
Added Pin To Net: NetName=NetC1_DI11_1 Pin=C1_DI11-1
Added Pin To Net: NetName=NetC1_DI11_1 Pin=C4_DI11-2
Added Pin To Net: NetName=NetC1_DI11_1 Pin=R2_DI11-1
Added Pin To Net: NetName=NetC1_DI11_1 Pin=U1_DI11-8
Added Net: Name=NetC1_DI11_1
Added Pin To Net: NetName=NetC1_DI12_1 Pin=C1_DI12-1
Added Pin To Net: NetName=NetC1_DI12_1 Pin=C4_DI12-2
Added Pin To Net: NetName=NetC1_DI12_1 Pin=R2_DI12-1
Added Pin To Net: NetName=NetC1_DI12_1 Pin=U1_DI12-8
Added Net: Name=NetC1_DI12_1
Added Pin To Net: NetName=NetC1_DI13_1 Pin=C1_DI13-1
Added Pin To Net: NetName=NetC1_DI13_1 Pin=C4_DI13-2
Added Pin To Net: NetName=NetC1_DI13_1 Pin=R2_DI13-1
Added Pin To Net: NetName=NetC1_DI13_1 Pin=U1_DI13-8
Added Net: Name=NetC1_DI13_1
Added Pin To Net: NetName=NetC1_DI14_1 Pin=C1_DI14-1
Added Pin To Net: NetName=NetC1_DI14_1 Pin=C4_DI14-2
Added Pin To Net: NetName=NetC1_DI14_1 Pin=R2_DI14-1
Added Pin To Net: NetName=NetC1_DI14_1 Pin=U1_DI14-8
Added Net: Name=NetC1_DI14_1
Added Pin To Net: NetName=NetC1_DI15_1 Pin=C1_DI15-1
Added Pin To Net: NetName=NetC1_DI15_1 Pin=C4_DI15-2
Added Pin To Net: NetName=NetC1_DI15_1 Pin=R2_DI15-1
Added Pin To Net: NetName=NetC1_DI15_1 Pin=U1_DI15-8
Added Net: Name=NetC1_DI15_1
Added Pin To Net: NetName=NetC1_DI16_1 Pin=C1_DI16-1
Added Pin To Net: NetName=NetC1_DI16_1 Pin=C4_DI16-2
Added Pin To Net: NetName=NetC1_DI16_1 Pin=R2_DI16-1
Added Pin To Net: NetName=NetC1_DI16_1 Pin=U1_DI16-8
Added Net: Name=NetC1_DI16_1
Added Pin To Net: NetName=NetC1_DI17_1 Pin=C1_DI17-1
Added Pin To Net: NetName=NetC1_DI17_1 Pin=C4_DI17-2
Added Pin To Net: NetName=NetC1_DI17_1 Pin=R2_DI17-1
Added Pin To Net: NetName=NetC1_DI17_1 Pin=U1_DI17-8
Added Net: Name=NetC1_DI17_1
Added Pin To Net: NetName=NetC1_DI18_1 Pin=C1_DI18-1
Added Pin To Net: NetName=NetC1_DI18_1 Pin=C4_DI18-2
Added Pin To Net: NetName=NetC1_DI18_1 Pin=R2_DI18-1
Added Pin To Net: NetName=NetC1_DI18_1 Pin=U1_DI18-8
Added Net: Name=NetC1_DI18_1
Added Pin To Net: NetName=NetC1_DI19_1 Pin=C1_DI19-1
Added Pin To Net: NetName=NetC1_DI19_1 Pin=C4_DI19-2
Added Pin To Net: NetName=NetC1_DI19_1 Pin=R2_DI19-1
Added Pin To Net: NetName=NetC1_DI19_1 Pin=U1_DI19-8
Added Net: Name=NetC1_DI19_1
Added Pin To Net: NetName=NetC1_DI20_1 Pin=C1_DI20-1
Added Pin To Net: NetName=NetC1_DI20_1 Pin=C4_DI20-2
Added Pin To Net: NetName=NetC1_DI20_1 Pin=R2_DI20-1
Added Pin To Net: NetName=NetC1_DI20_1 Pin=U1_DI20-8
Added Net: Name=NetC1_DI20_1
Added Pin To Net: NetName=NetC1_DI21_1 Pin=C1_DI21-1
Added Pin To Net: NetName=NetC1_DI21_1 Pin=C4_DI21-2
Added Pin To Net: NetName=NetC1_DI21_1 Pin=R2_DI21-1
Added Pin To Net: NetName=NetC1_DI21_1 Pin=U1_DI21-8
Added Net: Name=NetC1_DI21_1
Added Pin To Net: NetName=NetC1_DI22_1 Pin=C1_DI22-1
Added Pin To Net: NetName=NetC1_DI22_1 Pin=C4_DI22-2
Added Pin To Net: NetName=NetC1_DI22_1 Pin=R2_DI22-1
Added Pin To Net: NetName=NetC1_DI22_1 Pin=U1_DI22-8
Added Net: Name=NetC1_DI22_1
Added Pin To Net: NetName=NetC1_DI23_1 Pin=C1_DI23-1
Added Pin To Net: NetName=NetC1_DI23_1 Pin=C4_DI23-2
Added Pin To Net: NetName=NetC1_DI23_1 Pin=R2_DI23-1
Added Pin To Net: NetName=NetC1_DI23_1 Pin=U1_DI23-8
Added Net: Name=NetC1_DI23_1
Added Pin To Net: NetName=NetC1_DI24_1 Pin=C1_DI24-1
Added Pin To Net: NetName=NetC1_DI24_1 Pin=C4_DI24-2
Added Pin To Net: NetName=NetC1_DI24_1 Pin=R2_DI24-1
Added Pin To Net: NetName=NetC1_DI24_1 Pin=U1_DI24-8
Added Net: Name=NetC1_DI24_1
Added Pin To Net: NetName=NetC1_DI25_1 Pin=C1_DI25-1
Added Pin To Net: NetName=NetC1_DI25_1 Pin=C4_DI25-2
Added Pin To Net: NetName=NetC1_DI25_1 Pin=R2_DI25-1
Added Pin To Net: NetName=NetC1_DI25_1 Pin=U1_DI25-8
Added Net: Name=NetC1_DI25_1
Added Pin To Net: NetName=NetC1_DI26_1 Pin=C1_DI26-1
Added Pin To Net: NetName=NetC1_DI26_1 Pin=C4_DI26-2
Added Pin To Net: NetName=NetC1_DI26_1 Pin=R2_DI26-1
Added Pin To Net: NetName=NetC1_DI26_1 Pin=U1_DI26-8
Added Net: Name=NetC1_DI26_1
Added Pin To Net: NetName=NetC1_DI27_1 Pin=C1_DI27-1
Added Pin To Net: NetName=NetC1_DI27_1 Pin=C4_DI27-2
Added Pin To Net: NetName=NetC1_DI27_1 Pin=R2_DI27-1
Added Pin To Net: NetName=NetC1_DI27_1 Pin=U1_DI27-8
Added Net: Name=NetC1_DI27_1
Added Pin To Net: NetName=NetC1_DI28_1 Pin=C1_DI28-1
Added Pin To Net: NetName=NetC1_DI28_1 Pin=C4_DI28-2
Added Pin To Net: NetName=NetC1_DI28_1 Pin=R2_DI28-1
Added Pin To Net: NetName=NetC1_DI28_1 Pin=U1_DI28-8
Added Net: Name=NetC1_DI28_1
Added Pin To Net: NetName=NetC1_DI29_1 Pin=C1_DI29-1
Added Pin To Net: NetName=NetC1_DI29_1 Pin=C4_DI29-2
Added Pin To Net: NetName=NetC1_DI29_1 Pin=R2_DI29-1
Added Pin To Net: NetName=NetC1_DI29_1 Pin=U1_DI29-8
Added Net: Name=NetC1_DI29_1
Added Pin To Net: NetName=NetC1_DI30_1 Pin=C1_DI30-1
Added Pin To Net: NetName=NetC1_DI30_1 Pin=C4_DI30-2
Added Pin To Net: NetName=NetC1_DI30_1 Pin=R2_DI30-1
Added Pin To Net: NetName=NetC1_DI30_1 Pin=U1_DI30-8
Added Net: Name=NetC1_DI30_1
Added Pin To Net: NetName=NetC1_DI31_1 Pin=C1_DI31-1
Added Pin To Net: NetName=NetC1_DI31_1 Pin=C4_DI31-2
Added Pin To Net: NetName=NetC1_DI31_1 Pin=R2_DI31-1
Added Pin To Net: NetName=NetC1_DI31_1 Pin=U1_DI31-8
Added Net: Name=NetC1_DI31_1
Added Pin To Net: NetName=NetC1_DI32_1 Pin=C1_DI32-1
Added Pin To Net: NetName=NetC1_DI32_1 Pin=C4_DI32-2
Added Pin To Net: NetName=NetC1_DI32_1 Pin=R2_DI32-1
Added Pin To Net: NetName=NetC1_DI32_1 Pin=U1_DI32-8
Added Net: Name=NetC1_DI32_1
Added Pin To Net: NetName=NetC3_DI3_1 Pin=C3_DI3-1
Added Pin To Net: NetName=NetC3_DI3_1 Pin=D1_DI3-2
Added Pin To Net: NetName=NetC3_DI3_1 Pin=R3_DI3-1
Added Pin To Net: NetName=NetC3_DI3_1 Pin=R4_DI3-2
Added Net: Name=NetC3_DI3_1
Added Pin To Net: NetName=NetC3_DI3_2 Pin=C3_DI3-2
Added Pin To Net: NetName=NetC3_DI3_2 Pin=D1_DI3-1
Added Pin To Net: NetName=NetC3_DI3_2 Pin=R1_DI3-1
Added Pin To Net: NetName=NetC3_DI3_2 Pin=R2_DI3-2
Added Net: Name=NetC3_DI3_2
Added Pin To Net: NetName=NetC3_DI4_1 Pin=C3_DI4-1
Added Pin To Net: NetName=NetC3_DI4_1 Pin=D1_DI4-2
Added Pin To Net: NetName=NetC3_DI4_1 Pin=R3_DI4-1
Added Pin To Net: NetName=NetC3_DI4_1 Pin=R4_DI4-2
Added Net: Name=NetC3_DI4_1
Added Pin To Net: NetName=NetC3_DI4_2 Pin=C3_DI4-2
Added Pin To Net: NetName=NetC3_DI4_2 Pin=D1_DI4-1
Added Pin To Net: NetName=NetC3_DI4_2 Pin=R1_DI4-1
Added Pin To Net: NetName=NetC3_DI4_2 Pin=R2_DI4-2
Added Net: Name=NetC3_DI4_2
Added Pin To Net: NetName=NetC3_DI5_1 Pin=C3_DI5-1
Added Pin To Net: NetName=NetC3_DI5_1 Pin=D1_DI5-2
Added Pin To Net: NetName=NetC3_DI5_1 Pin=R3_DI5-1
Added Pin To Net: NetName=NetC3_DI5_1 Pin=R4_DI5-2
Added Net: Name=NetC3_DI5_1
Added Pin To Net: NetName=NetC3_DI5_2 Pin=C3_DI5-2
Added Pin To Net: NetName=NetC3_DI5_2 Pin=D1_DI5-1
Added Pin To Net: NetName=NetC3_DI5_2 Pin=R1_DI5-1
Added Pin To Net: NetName=NetC3_DI5_2 Pin=R2_DI5-2
Added Net: Name=NetC3_DI5_2
Added Pin To Net: NetName=NetC3_DI6_1 Pin=C3_DI6-1
Added Pin To Net: NetName=NetC3_DI6_1 Pin=D1_DI6-2
Added Pin To Net: NetName=NetC3_DI6_1 Pin=R3_DI6-1
Added Pin To Net: NetName=NetC3_DI6_1 Pin=R4_DI6-2
Added Net: Name=NetC3_DI6_1
Added Pin To Net: NetName=NetC3_DI6_2 Pin=C3_DI6-2
Added Pin To Net: NetName=NetC3_DI6_2 Pin=D1_DI6-1
Added Pin To Net: NetName=NetC3_DI6_2 Pin=R1_DI6-1
Added Pin To Net: NetName=NetC3_DI6_2 Pin=R2_DI6-2
Added Net: Name=NetC3_DI6_2
Added Pin To Net: NetName=NetC3_DI7_1 Pin=C3_DI7-1
Added Pin To Net: NetName=NetC3_DI7_1 Pin=D1_DI7-2
Added Pin To Net: NetName=NetC3_DI7_1 Pin=R3_DI7-1
Added Pin To Net: NetName=NetC3_DI7_1 Pin=R4_DI7-2
Added Net: Name=NetC3_DI7_1
Added Pin To Net: NetName=NetC3_DI7_2 Pin=C3_DI7-2
Added Pin To Net: NetName=NetC3_DI7_2 Pin=D1_DI7-1
Added Pin To Net: NetName=NetC3_DI7_2 Pin=R1_DI7-1
Added Pin To Net: NetName=NetC3_DI7_2 Pin=R2_DI7-2
Added Net: Name=NetC3_DI7_2
Added Pin To Net: NetName=NetC3_DI8_1 Pin=C3_DI8-1
Added Pin To Net: NetName=NetC3_DI8_1 Pin=D1_DI8-2
Added Pin To Net: NetName=NetC3_DI8_1 Pin=R3_DI8-1
Added Pin To Net: NetName=NetC3_DI8_1 Pin=R4_DI8-2
Added Net: Name=NetC3_DI8_1
Added Pin To Net: NetName=NetC3_DI8_2 Pin=C3_DI8-2
Added Pin To Net: NetName=NetC3_DI8_2 Pin=D1_DI8-1
Added Pin To Net: NetName=NetC3_DI8_2 Pin=R1_DI8-1
Added Pin To Net: NetName=NetC3_DI8_2 Pin=R2_DI8-2
Added Net: Name=NetC3_DI8_2
Added Pin To Net: NetName=NetC3_DI9_1 Pin=C3_DI9-1
Added Pin To Net: NetName=NetC3_DI9_1 Pin=D1_DI9-2
Added Pin To Net: NetName=NetC3_DI9_1 Pin=R3_DI9-1
Added Pin To Net: NetName=NetC3_DI9_1 Pin=R4_DI9-2
Added Net: Name=NetC3_DI9_1
Added Pin To Net: NetName=NetC3_DI9_2 Pin=C3_DI9-2
Added Pin To Net: NetName=NetC3_DI9_2 Pin=D1_DI9-1
Added Pin To Net: NetName=NetC3_DI9_2 Pin=R1_DI9-1
Added Pin To Net: NetName=NetC3_DI9_2 Pin=R2_DI9-2
Added Net: Name=NetC3_DI9_2
Added Pin To Net: NetName=NetC3_DI10_1 Pin=C3_DI10-1
Added Pin To Net: NetName=NetC3_DI10_1 Pin=D1_DI10-2
Added Pin To Net: NetName=NetC3_DI10_1 Pin=R3_DI10-1
Added Pin To Net: NetName=NetC3_DI10_1 Pin=R4_DI10-2
Added Net: Name=NetC3_DI10_1
Added Pin To Net: NetName=NetC3_DI10_2 Pin=C3_DI10-2
Added Pin To Net: NetName=NetC3_DI10_2 Pin=D1_DI10-1
Added Pin To Net: NetName=NetC3_DI10_2 Pin=R1_DI10-1
Added Pin To Net: NetName=NetC3_DI10_2 Pin=R2_DI10-2
Added Net: Name=NetC3_DI10_2
Added Pin To Net: NetName=NetC3_DI11_1 Pin=C3_DI11-1
Added Pin To Net: NetName=NetC3_DI11_1 Pin=D1_DI11-2
Added Pin To Net: NetName=NetC3_DI11_1 Pin=R3_DI11-1
Added Pin To Net: NetName=NetC3_DI11_1 Pin=R4_DI11-2
Added Net: Name=NetC3_DI11_1
Added Pin To Net: NetName=NetC3_DI11_2 Pin=C3_DI11-2
Added Pin To Net: NetName=NetC3_DI11_2 Pin=D1_DI11-1
Added Pin To Net: NetName=NetC3_DI11_2 Pin=R1_DI11-1
Added Pin To Net: NetName=NetC3_DI11_2 Pin=R2_DI11-2
Added Net: Name=NetC3_DI11_2
Added Pin To Net: NetName=NetC3_DI12_1 Pin=C3_DI12-1
Added Pin To Net: NetName=NetC3_DI12_1 Pin=D1_DI12-2
Added Pin To Net: NetName=NetC3_DI12_1 Pin=R3_DI12-1
Added Pin To Net: NetName=NetC3_DI12_1 Pin=R4_DI12-2
Added Net: Name=NetC3_DI12_1
Added Pin To Net: NetName=NetC3_DI12_2 Pin=C3_DI12-2
Added Pin To Net: NetName=NetC3_DI12_2 Pin=D1_DI12-1
Added Pin To Net: NetName=NetC3_DI12_2 Pin=R1_DI12-1
Added Pin To Net: NetName=NetC3_DI12_2 Pin=R2_DI12-2
Added Net: Name=NetC3_DI12_2
Added Pin To Net: NetName=NetC3_DI13_1 Pin=C3_DI13-1
Added Pin To Net: NetName=NetC3_DI13_1 Pin=D1_DI13-2
Added Pin To Net: NetName=NetC3_DI13_1 Pin=R3_DI13-1
Added Pin To Net: NetName=NetC3_DI13_1 Pin=R4_DI13-2
Added Net: Name=NetC3_DI13_1
Added Pin To Net: NetName=NetC3_DI13_2 Pin=C3_DI13-2
Added Pin To Net: NetName=NetC3_DI13_2 Pin=D1_DI13-1
Added Pin To Net: NetName=NetC3_DI13_2 Pin=R1_DI13-1
Added Pin To Net: NetName=NetC3_DI13_2 Pin=R2_DI13-2
Added Net: Name=NetC3_DI13_2
Added Pin To Net: NetName=NetC3_DI14_1 Pin=C3_DI14-1
Added Pin To Net: NetName=NetC3_DI14_1 Pin=D1_DI14-2
Added Pin To Net: NetName=NetC3_DI14_1 Pin=R3_DI14-1
Added Pin To Net: NetName=NetC3_DI14_1 Pin=R4_DI14-2
Added Net: Name=NetC3_DI14_1
Added Pin To Net: NetName=NetC3_DI14_2 Pin=C3_DI14-2
Added Pin To Net: NetName=NetC3_DI14_2 Pin=D1_DI14-1
Added Pin To Net: NetName=NetC3_DI14_2 Pin=R1_DI14-1
Added Pin To Net: NetName=NetC3_DI14_2 Pin=R2_DI14-2
Added Net: Name=NetC3_DI14_2
Added Pin To Net: NetName=NetC3_DI15_1 Pin=C3_DI15-1
Added Pin To Net: NetName=NetC3_DI15_1 Pin=D1_DI15-2
Added Pin To Net: NetName=NetC3_DI15_1 Pin=R3_DI15-1
Added Pin To Net: NetName=NetC3_DI15_1 Pin=R4_DI15-2
Added Net: Name=NetC3_DI15_1
Added Pin To Net: NetName=NetC3_DI15_2 Pin=C3_DI15-2
Added Pin To Net: NetName=NetC3_DI15_2 Pin=D1_DI15-1
Added Pin To Net: NetName=NetC3_DI15_2 Pin=R1_DI15-1
Added Pin To Net: NetName=NetC3_DI15_2 Pin=R2_DI15-2
Added Net: Name=NetC3_DI15_2
Added Pin To Net: NetName=NetC3_DI16_1 Pin=C3_DI16-1
Added Pin To Net: NetName=NetC3_DI16_1 Pin=D1_DI16-2
Added Pin To Net: NetName=NetC3_DI16_1 Pin=R3_DI16-1
Added Pin To Net: NetName=NetC3_DI16_1 Pin=R4_DI16-2
Added Net: Name=NetC3_DI16_1
Added Pin To Net: NetName=NetC3_DI16_2 Pin=C3_DI16-2
Added Pin To Net: NetName=NetC3_DI16_2 Pin=D1_DI16-1
Added Pin To Net: NetName=NetC3_DI16_2 Pin=R1_DI16-1
Added Pin To Net: NetName=NetC3_DI16_2 Pin=R2_DI16-2
Added Net: Name=NetC3_DI16_2
Added Pin To Net: NetName=NetC3_DI17_1 Pin=C3_DI17-1
Added Pin To Net: NetName=NetC3_DI17_1 Pin=D1_DI17-2
Added Pin To Net: NetName=NetC3_DI17_1 Pin=R3_DI17-1
Added Pin To Net: NetName=NetC3_DI17_1 Pin=R4_DI17-2
Added Net: Name=NetC3_DI17_1
Added Pin To Net: NetName=NetC3_DI17_2 Pin=C3_DI17-2
Added Pin To Net: NetName=NetC3_DI17_2 Pin=D1_DI17-1
Added Pin To Net: NetName=NetC3_DI17_2 Pin=R1_DI17-1
Added Pin To Net: NetName=NetC3_DI17_2 Pin=R2_DI17-2
Added Net: Name=NetC3_DI17_2
Added Pin To Net: NetName=NetC3_DI18_1 Pin=C3_DI18-1
Added Pin To Net: NetName=NetC3_DI18_1 Pin=D1_DI18-2
Added Pin To Net: NetName=NetC3_DI18_1 Pin=R3_DI18-1
Added Pin To Net: NetName=NetC3_DI18_1 Pin=R4_DI18-2
Added Net: Name=NetC3_DI18_1
Added Pin To Net: NetName=NetC3_DI18_2 Pin=C3_DI18-2
Added Pin To Net: NetName=NetC3_DI18_2 Pin=D1_DI18-1
Added Pin To Net: NetName=NetC3_DI18_2 Pin=R1_DI18-1
Added Pin To Net: NetName=NetC3_DI18_2 Pin=R2_DI18-2
Added Net: Name=NetC3_DI18_2
Added Pin To Net: NetName=NetC3_DI19_1 Pin=C3_DI19-1
Added Pin To Net: NetName=NetC3_DI19_1 Pin=D1_DI19-2
Added Pin To Net: NetName=NetC3_DI19_1 Pin=R3_DI19-1
Added Pin To Net: NetName=NetC3_DI19_1 Pin=R4_DI19-2
Added Net: Name=NetC3_DI19_1
Added Pin To Net: NetName=NetC3_DI19_2 Pin=C3_DI19-2
Added Pin To Net: NetName=NetC3_DI19_2 Pin=D1_DI19-1
Added Pin To Net: NetName=NetC3_DI19_2 Pin=R1_DI19-1
Added Pin To Net: NetName=NetC3_DI19_2 Pin=R2_DI19-2
Added Net: Name=NetC3_DI19_2
Added Pin To Net: NetName=NetC3_DI20_1 Pin=C3_DI20-1
Added Pin To Net: NetName=NetC3_DI20_1 Pin=D1_DI20-2
Added Pin To Net: NetName=NetC3_DI20_1 Pin=R3_DI20-1
Added Pin To Net: NetName=NetC3_DI20_1 Pin=R4_DI20-2
Added Net: Name=NetC3_DI20_1
Added Pin To Net: NetName=NetC3_DI20_2 Pin=C3_DI20-2
Added Pin To Net: NetName=NetC3_DI20_2 Pin=D1_DI20-1
Added Pin To Net: NetName=NetC3_DI20_2 Pin=R1_DI20-1
Added Pin To Net: NetName=NetC3_DI20_2 Pin=R2_DI20-2
Added Net: Name=NetC3_DI20_2
Added Pin To Net: NetName=NetC3_DI21_1 Pin=C3_DI21-1
Added Pin To Net: NetName=NetC3_DI21_1 Pin=D1_DI21-2
Added Pin To Net: NetName=NetC3_DI21_1 Pin=R3_DI21-1
Added Pin To Net: NetName=NetC3_DI21_1 Pin=R4_DI21-2
Added Net: Name=NetC3_DI21_1
Added Pin To Net: NetName=NetC3_DI21_2 Pin=C3_DI21-2
Added Pin To Net: NetName=NetC3_DI21_2 Pin=D1_DI21-1
Added Pin To Net: NetName=NetC3_DI21_2 Pin=R1_DI21-1
Added Pin To Net: NetName=NetC3_DI21_2 Pin=R2_DI21-2
Added Net: Name=NetC3_DI21_2
Added Pin To Net: NetName=NetC3_DI22_1 Pin=C3_DI22-1
Added Pin To Net: NetName=NetC3_DI22_1 Pin=D1_DI22-2
Added Pin To Net: NetName=NetC3_DI22_1 Pin=R3_DI22-1
Added Pin To Net: NetName=NetC3_DI22_1 Pin=R4_DI22-2
Added Net: Name=NetC3_DI22_1
Added Pin To Net: NetName=NetC3_DI22_2 Pin=C3_DI22-2
Added Pin To Net: NetName=NetC3_DI22_2 Pin=D1_DI22-1
Added Pin To Net: NetName=NetC3_DI22_2 Pin=R1_DI22-1
Added Pin To Net: NetName=NetC3_DI22_2 Pin=R2_DI22-2
Added Net: Name=NetC3_DI22_2
Added Pin To Net: NetName=NetC3_DI23_1 Pin=C3_DI23-1
Added Pin To Net: NetName=NetC3_DI23_1 Pin=D1_DI23-2
Added Pin To Net: NetName=NetC3_DI23_1 Pin=R3_DI23-1
Added Pin To Net: NetName=NetC3_DI23_1 Pin=R4_DI23-2
Added Net: Name=NetC3_DI23_1
Added Pin To Net: NetName=NetC3_DI23_2 Pin=C3_DI23-2
Added Pin To Net: NetName=NetC3_DI23_2 Pin=D1_DI23-1
Added Pin To Net: NetName=NetC3_DI23_2 Pin=R1_DI23-1
Added Pin To Net: NetName=NetC3_DI23_2 Pin=R2_DI23-2
Added Net: Name=NetC3_DI23_2
Added Pin To Net: NetName=NetC3_DI24_1 Pin=C3_DI24-1
Added Pin To Net: NetName=NetC3_DI24_1 Pin=D1_DI24-2
Added Pin To Net: NetName=NetC3_DI24_1 Pin=R3_DI24-1
Added Pin To Net: NetName=NetC3_DI24_1 Pin=R4_DI24-2
Added Net: Name=NetC3_DI24_1
Added Pin To Net: NetName=NetC3_DI24_2 Pin=C3_DI24-2
Added Pin To Net: NetName=NetC3_DI24_2 Pin=D1_DI24-1
Added Pin To Net: NetName=NetC3_DI24_2 Pin=R1_DI24-1
Added Pin To Net: NetName=NetC3_DI24_2 Pin=R2_DI24-2
Added Net: Name=NetC3_DI24_2
Added Pin To Net: NetName=NetC3_DI25_1 Pin=C3_DI25-1
Added Pin To Net: NetName=NetC3_DI25_1 Pin=D1_DI25-2
Added Pin To Net: NetName=NetC3_DI25_1 Pin=R3_DI25-1
Added Pin To Net: NetName=NetC3_DI25_1 Pin=R4_DI25-2
Added Net: Name=NetC3_DI25_1
Added Pin To Net: NetName=NetC3_DI25_2 Pin=C3_DI25-2
Added Pin To Net: NetName=NetC3_DI25_2 Pin=D1_DI25-1
Added Pin To Net: NetName=NetC3_DI25_2 Pin=R1_DI25-1
Added Pin To Net: NetName=NetC3_DI25_2 Pin=R2_DI25-2
Added Net: Name=NetC3_DI25_2
Added Pin To Net: NetName=NetC3_DI26_1 Pin=C3_DI26-1
Added Pin To Net: NetName=NetC3_DI26_1 Pin=D1_DI26-2
Added Pin To Net: NetName=NetC3_DI26_1 Pin=R3_DI26-1
Added Pin To Net: NetName=NetC3_DI26_1 Pin=R4_DI26-2
Added Net: Name=NetC3_DI26_1
Added Pin To Net: NetName=NetC3_DI26_2 Pin=C3_DI26-2
Added Pin To Net: NetName=NetC3_DI26_2 Pin=D1_DI26-1
Added Pin To Net: NetName=NetC3_DI26_2 Pin=R1_DI26-1
Added Pin To Net: NetName=NetC3_DI26_2 Pin=R2_DI26-2
Added Net: Name=NetC3_DI26_2
Added Pin To Net: NetName=NetC3_DI27_1 Pin=C3_DI27-1
Added Pin To Net: NetName=NetC3_DI27_1 Pin=D1_DI27-2
Added Pin To Net: NetName=NetC3_DI27_1 Pin=R3_DI27-1
Added Pin To Net: NetName=NetC3_DI27_1 Pin=R4_DI27-2
Added Net: Name=NetC3_DI27_1
Added Pin To Net: NetName=NetC3_DI27_2 Pin=C3_DI27-2
Added Pin To Net: NetName=NetC3_DI27_2 Pin=D1_DI27-1
Added Pin To Net: NetName=NetC3_DI27_2 Pin=R1_DI27-1
Added Pin To Net: NetName=NetC3_DI27_2 Pin=R2_DI27-2
Added Net: Name=NetC3_DI27_2
Added Pin To Net: NetName=NetC3_DI28_1 Pin=C3_DI28-1
Added Pin To Net: NetName=NetC3_DI28_1 Pin=D1_DI28-2
Added Pin To Net: NetName=NetC3_DI28_1 Pin=R3_DI28-1
Added Pin To Net: NetName=NetC3_DI28_1 Pin=R4_DI28-2
Added Net: Name=NetC3_DI28_1
Added Pin To Net: NetName=NetC3_DI28_2 Pin=C3_DI28-2
Added Pin To Net: NetName=NetC3_DI28_2 Pin=D1_DI28-1
Added Pin To Net: NetName=NetC3_DI28_2 Pin=R1_DI28-1
Added Pin To Net: NetName=NetC3_DI28_2 Pin=R2_DI28-2
Added Net: Name=NetC3_DI28_2
Added Pin To Net: NetName=NetC3_DI29_1 Pin=C3_DI29-1
Added Pin To Net: NetName=NetC3_DI29_1 Pin=D1_DI29-2
Added Pin To Net: NetName=NetC3_DI29_1 Pin=R3_DI29-1
Added Pin To Net: NetName=NetC3_DI29_1 Pin=R4_DI29-2
Added Net: Name=NetC3_DI29_1
Added Pin To Net: NetName=NetC3_DI29_2 Pin=C3_DI29-2
Added Pin To Net: NetName=NetC3_DI29_2 Pin=D1_DI29-1
Added Pin To Net: NetName=NetC3_DI29_2 Pin=R1_DI29-1
Added Pin To Net: NetName=NetC3_DI29_2 Pin=R2_DI29-2
Added Net: Name=NetC3_DI29_2
Added Pin To Net: NetName=NetC3_DI30_1 Pin=C3_DI30-1
Added Pin To Net: NetName=NetC3_DI30_1 Pin=D1_DI30-2
Added Pin To Net: NetName=NetC3_DI30_1 Pin=R3_DI30-1
Added Pin To Net: NetName=NetC3_DI30_1 Pin=R4_DI30-2
Added Net: Name=NetC3_DI30_1
Added Pin To Net: NetName=NetC3_DI30_2 Pin=C3_DI30-2
Added Pin To Net: NetName=NetC3_DI30_2 Pin=D1_DI30-1
Added Pin To Net: NetName=NetC3_DI30_2 Pin=R1_DI30-1
Added Pin To Net: NetName=NetC3_DI30_2 Pin=R2_DI30-2
Added Net: Name=NetC3_DI30_2
Added Pin To Net: NetName=NetC3_DI31_1 Pin=C3_DI31-1
Added Pin To Net: NetName=NetC3_DI31_1 Pin=D1_DI31-2
Added Pin To Net: NetName=NetC3_DI31_1 Pin=R3_DI31-1
Added Pin To Net: NetName=NetC3_DI31_1 Pin=R4_DI31-2
Added Net: Name=NetC3_DI31_1
Added Pin To Net: NetName=NetC3_DI31_2 Pin=C3_DI31-2
Added Pin To Net: NetName=NetC3_DI31_2 Pin=D1_DI31-1
Added Pin To Net: NetName=NetC3_DI31_2 Pin=R1_DI31-1
Added Pin To Net: NetName=NetC3_DI31_2 Pin=R2_DI31-2
Added Net: Name=NetC3_DI31_2
Added Pin To Net: NetName=NetC3_DI32_1 Pin=C3_DI32-1
Added Pin To Net: NetName=NetC3_DI32_1 Pin=D1_DI32-2
Added Pin To Net: NetName=NetC3_DI32_1 Pin=R3_DI32-1
Added Pin To Net: NetName=NetC3_DI32_1 Pin=R4_DI32-2
Added Net: Name=NetC3_DI32_1
Added Pin To Net: NetName=NetC3_DI32_2 Pin=C3_DI32-2
Added Pin To Net: NetName=NetC3_DI32_2 Pin=D1_DI32-1
Added Pin To Net: NetName=NetC3_DI32_2 Pin=R1_DI32-1
Added Pin To Net: NetName=NetC3_DI32_2 Pin=R2_DI32-2
Added Net: Name=NetC3_DI32_2
Added Pin To Net: NetName=NetC4_DI3_1 Pin=C4_DI3-1
Added Pin To Net: NetName=NetC4_DI3_1 Pin=C5_DI3-2
Added Pin To Net: NetName=NetC4_DI3_1 Pin=R4_DI3-1
Added Pin To Net: NetName=NetC4_DI3_1 Pin=U1_DI3-1
Added Net: Name=NetC4_DI3_1
Added Pin To Net: NetName=NetC4_DI4_1 Pin=C4_DI4-1
Added Pin To Net: NetName=NetC4_DI4_1 Pin=C5_DI4-2
Added Pin To Net: NetName=NetC4_DI4_1 Pin=R4_DI4-1
Added Pin To Net: NetName=NetC4_DI4_1 Pin=U1_DI4-1
Added Net: Name=NetC4_DI4_1
Added Pin To Net: NetName=NetC4_DI5_1 Pin=C4_DI5-1
Added Pin To Net: NetName=NetC4_DI5_1 Pin=C5_DI5-2
Added Pin To Net: NetName=NetC4_DI5_1 Pin=R4_DI5-1
Added Pin To Net: NetName=NetC4_DI5_1 Pin=U1_DI5-1
Added Net: Name=NetC4_DI5_1
Added Pin To Net: NetName=NetC4_DI6_1 Pin=C4_DI6-1
Added Pin To Net: NetName=NetC4_DI6_1 Pin=C5_DI6-2
Added Pin To Net: NetName=NetC4_DI6_1 Pin=R4_DI6-1
Added Pin To Net: NetName=NetC4_DI6_1 Pin=U1_DI6-1
Added Net: Name=NetC4_DI6_1
Added Pin To Net: NetName=NetC4_DI7_1 Pin=C4_DI7-1
Added Pin To Net: NetName=NetC4_DI7_1 Pin=C5_DI7-2
Added Pin To Net: NetName=NetC4_DI7_1 Pin=R4_DI7-1
Added Pin To Net: NetName=NetC4_DI7_1 Pin=U1_DI7-1
Added Net: Name=NetC4_DI7_1
Added Pin To Net: NetName=NetC4_DI8_1 Pin=C4_DI8-1
Added Pin To Net: NetName=NetC4_DI8_1 Pin=C5_DI8-2
Added Pin To Net: NetName=NetC4_DI8_1 Pin=R4_DI8-1
Added Pin To Net: NetName=NetC4_DI8_1 Pin=U1_DI8-1
Added Net: Name=NetC4_DI8_1
Added Pin To Net: NetName=NetC4_DI9_1 Pin=C4_DI9-1
Added Pin To Net: NetName=NetC4_DI9_1 Pin=C5_DI9-2
Added Pin To Net: NetName=NetC4_DI9_1 Pin=R4_DI9-1
Added Pin To Net: NetName=NetC4_DI9_1 Pin=U1_DI9-1
Added Net: Name=NetC4_DI9_1
Added Pin To Net: NetName=NetC4_DI10_1 Pin=C4_DI10-1
Added Pin To Net: NetName=NetC4_DI10_1 Pin=C5_DI10-2
Added Pin To Net: NetName=NetC4_DI10_1 Pin=R4_DI10-1
Added Pin To Net: NetName=NetC4_DI10_1 Pin=U1_DI10-1
Added Net: Name=NetC4_DI10_1
Added Pin To Net: NetName=NetC4_DI11_1 Pin=C4_DI11-1
Added Pin To Net: NetName=NetC4_DI11_1 Pin=C5_DI11-2
Added Pin To Net: NetName=NetC4_DI11_1 Pin=R4_DI11-1
Added Pin To Net: NetName=NetC4_DI11_1 Pin=U1_DI11-1
Added Net: Name=NetC4_DI11_1
Added Pin To Net: NetName=NetC4_DI12_1 Pin=C4_DI12-1
Added Pin To Net: NetName=NetC4_DI12_1 Pin=C5_DI12-2
Added Pin To Net: NetName=NetC4_DI12_1 Pin=R4_DI12-1
Added Pin To Net: NetName=NetC4_DI12_1 Pin=U1_DI12-1
Added Net: Name=NetC4_DI12_1
Added Pin To Net: NetName=NetC4_DI13_1 Pin=C4_DI13-1
Added Pin To Net: NetName=NetC4_DI13_1 Pin=C5_DI13-2
Added Pin To Net: NetName=NetC4_DI13_1 Pin=R4_DI13-1
Added Pin To Net: NetName=NetC4_DI13_1 Pin=U1_DI13-1
Added Net: Name=NetC4_DI13_1
Added Pin To Net: NetName=NetC4_DI14_1 Pin=C4_DI14-1
Added Pin To Net: NetName=NetC4_DI14_1 Pin=C5_DI14-2
Added Pin To Net: NetName=NetC4_DI14_1 Pin=R4_DI14-1
Added Pin To Net: NetName=NetC4_DI14_1 Pin=U1_DI14-1
Added Net: Name=NetC4_DI14_1
Added Pin To Net: NetName=NetC4_DI15_1 Pin=C4_DI15-1
Added Pin To Net: NetName=NetC4_DI15_1 Pin=C5_DI15-2
Added Pin To Net: NetName=NetC4_DI15_1 Pin=R4_DI15-1
Added Pin To Net: NetName=NetC4_DI15_1 Pin=U1_DI15-1
Added Net: Name=NetC4_DI15_1
Added Pin To Net: NetName=NetC4_DI16_1 Pin=C4_DI16-1
Added Pin To Net: NetName=NetC4_DI16_1 Pin=C5_DI16-2
Added Pin To Net: NetName=NetC4_DI16_1 Pin=R4_DI16-1
Added Pin To Net: NetName=NetC4_DI16_1 Pin=U1_DI16-1
Added Net: Name=NetC4_DI16_1
Added Pin To Net: NetName=NetC4_DI17_1 Pin=C4_DI17-1
Added Pin To Net: NetName=NetC4_DI17_1 Pin=C5_DI17-2
Added Pin To Net: NetName=NetC4_DI17_1 Pin=R4_DI17-1
Added Pin To Net: NetName=NetC4_DI17_1 Pin=U1_DI17-1
Added Net: Name=NetC4_DI17_1
Added Pin To Net: NetName=NetC4_DI18_1 Pin=C4_DI18-1
Added Pin To Net: NetName=NetC4_DI18_1 Pin=C5_DI18-2
Added Pin To Net: NetName=NetC4_DI18_1 Pin=R4_DI18-1
Added Pin To Net: NetName=NetC4_DI18_1 Pin=U1_DI18-1
Added Net: Name=NetC4_DI18_1
Added Pin To Net: NetName=NetC4_DI19_1 Pin=C4_DI19-1
Added Pin To Net: NetName=NetC4_DI19_1 Pin=C5_DI19-2
Added Pin To Net: NetName=NetC4_DI19_1 Pin=R4_DI19-1
Added Pin To Net: NetName=NetC4_DI19_1 Pin=U1_DI19-1
Added Net: Name=NetC4_DI19_1
Added Pin To Net: NetName=NetC4_DI20_1 Pin=C4_DI20-1
Added Pin To Net: NetName=NetC4_DI20_1 Pin=C5_DI20-2
Added Pin To Net: NetName=NetC4_DI20_1 Pin=R4_DI20-1
Added Pin To Net: NetName=NetC4_DI20_1 Pin=U1_DI20-1
Added Net: Name=NetC4_DI20_1
Added Pin To Net: NetName=NetC4_DI21_1 Pin=C4_DI21-1
Added Pin To Net: NetName=NetC4_DI21_1 Pin=C5_DI21-2
Added Pin To Net: NetName=NetC4_DI21_1 Pin=R4_DI21-1
Added Pin To Net: NetName=NetC4_DI21_1 Pin=U1_DI21-1
Added Net: Name=NetC4_DI21_1
Added Pin To Net: NetName=NetC4_DI22_1 Pin=C4_DI22-1
Added Pin To Net: NetName=NetC4_DI22_1 Pin=C5_DI22-2
Added Pin To Net: NetName=NetC4_DI22_1 Pin=R4_DI22-1
Added Pin To Net: NetName=NetC4_DI22_1 Pin=U1_DI22-1
Added Net: Name=NetC4_DI22_1
Added Pin To Net: NetName=NetC4_DI23_1 Pin=C4_DI23-1
Added Pin To Net: NetName=NetC4_DI23_1 Pin=C5_DI23-2
Added Pin To Net: NetName=NetC4_DI23_1 Pin=R4_DI23-1
Added Pin To Net: NetName=NetC4_DI23_1 Pin=U1_DI23-1
Added Net: Name=NetC4_DI23_1
Added Pin To Net: NetName=NetC4_DI24_1 Pin=C4_DI24-1
Added Pin To Net: NetName=NetC4_DI24_1 Pin=C5_DI24-2
Added Pin To Net: NetName=NetC4_DI24_1 Pin=R4_DI24-1
Added Pin To Net: NetName=NetC4_DI24_1 Pin=U1_DI24-1
Added Net: Name=NetC4_DI24_1
Added Pin To Net: NetName=NetC4_DI25_1 Pin=C4_DI25-1
Added Pin To Net: NetName=NetC4_DI25_1 Pin=C5_DI25-2
Added Pin To Net: NetName=NetC4_DI25_1 Pin=R4_DI25-1
Added Pin To Net: NetName=NetC4_DI25_1 Pin=U1_DI25-1
Added Net: Name=NetC4_DI25_1
Added Pin To Net: NetName=NetC4_DI26_1 Pin=C4_DI26-1
Added Pin To Net: NetName=NetC4_DI26_1 Pin=C5_DI26-2
Added Pin To Net: NetName=NetC4_DI26_1 Pin=R4_DI26-1
Added Pin To Net: NetName=NetC4_DI26_1 Pin=U1_DI26-1
Added Net: Name=NetC4_DI26_1
Added Pin To Net: NetName=NetC4_DI27_1 Pin=C4_DI27-1
Added Pin To Net: NetName=NetC4_DI27_1 Pin=C5_DI27-2
Added Pin To Net: NetName=NetC4_DI27_1 Pin=R4_DI27-1
Added Pin To Net: NetName=NetC4_DI27_1 Pin=U1_DI27-1
Added Net: Name=NetC4_DI27_1
Added Pin To Net: NetName=NetC4_DI28_1 Pin=C4_DI28-1
Added Pin To Net: NetName=NetC4_DI28_1 Pin=C5_DI28-2
Added Pin To Net: NetName=NetC4_DI28_1 Pin=R4_DI28-1
Added Pin To Net: NetName=NetC4_DI28_1 Pin=U1_DI28-1
Added Net: Name=NetC4_DI28_1
Added Pin To Net: NetName=NetC4_DI29_1 Pin=C4_DI29-1
Added Pin To Net: NetName=NetC4_DI29_1 Pin=C5_DI29-2
Added Pin To Net: NetName=NetC4_DI29_1 Pin=R4_DI29-1
Added Pin To Net: NetName=NetC4_DI29_1 Pin=U1_DI29-1
Added Net: Name=NetC4_DI29_1
Added Pin To Net: NetName=NetC4_DI30_1 Pin=C4_DI30-1
Added Pin To Net: NetName=NetC4_DI30_1 Pin=C5_DI30-2
Added Pin To Net: NetName=NetC4_DI30_1 Pin=R4_DI30-1
Added Pin To Net: NetName=NetC4_DI30_1 Pin=U1_DI30-1
Added Net: Name=NetC4_DI30_1
Added Pin To Net: NetName=NetC4_DI31_1 Pin=C4_DI31-1
Added Pin To Net: NetName=NetC4_DI31_1 Pin=C5_DI31-2
Added Pin To Net: NetName=NetC4_DI31_1 Pin=R4_DI31-1
Added Pin To Net: NetName=NetC4_DI31_1 Pin=U1_DI31-1
Added Net: Name=NetC4_DI31_1
Added Pin To Net: NetName=NetC4_DI32_1 Pin=C4_DI32-1
Added Pin To Net: NetName=NetC4_DI32_1 Pin=C5_DI32-2
Added Pin To Net: NetName=NetC4_DI32_1 Pin=R4_DI32-1
Added Pin To Net: NetName=NetC4_DI32_1 Pin=U1_DI32-1
Added Net: Name=NetC4_DI32_1
Added Pin To Net: NetName=NetC8_DI3_2 Pin=C8_DI3-2
Added Pin To Net: NetName=NetC8_DI3_2 Pin=U1_DI3-4
Added Net: Name=NetC8_DI3_2
Added Pin To Net: NetName=NetC8_DI4_2 Pin=C8_DI4-2
Added Pin To Net: NetName=NetC8_DI4_2 Pin=U1_DI4-4
Added Net: Name=NetC8_DI4_2
Added Pin To Net: NetName=NetC8_DI5_2 Pin=C8_DI5-2
Added Pin To Net: NetName=NetC8_DI5_2 Pin=U1_DI5-4
Added Net: Name=NetC8_DI5_2
Added Pin To Net: NetName=NetC8_DI6_2 Pin=C8_DI6-2
Added Pin To Net: NetName=NetC8_DI6_2 Pin=U1_DI6-4
Added Net: Name=NetC8_DI6_2
Added Pin To Net: NetName=NetC8_DI7_2 Pin=C8_DI7-2
Added Pin To Net: NetName=NetC8_DI7_2 Pin=U1_DI7-4
Added Net: Name=NetC8_DI7_2
Added Pin To Net: NetName=NetC8_DI8_2 Pin=C8_DI8-2
Added Pin To Net: NetName=NetC8_DI8_2 Pin=U1_DI8-4
Added Net: Name=NetC8_DI8_2
Added Pin To Net: NetName=NetC8_DI9_2 Pin=C8_DI9-2
Added Pin To Net: NetName=NetC8_DI9_2 Pin=U1_DI9-4
Added Net: Name=NetC8_DI9_2
Added Pin To Net: NetName=NetC8_DI10_2 Pin=C8_DI10-2
Added Pin To Net: NetName=NetC8_DI10_2 Pin=U1_DI10-4
Added Net: Name=NetC8_DI10_2
Added Pin To Net: NetName=NetC8_DI11_2 Pin=C8_DI11-2
Added Pin To Net: NetName=NetC8_DI11_2 Pin=U1_DI11-4
Added Net: Name=NetC8_DI11_2
Added Pin To Net: NetName=NetC8_DI12_2 Pin=C8_DI12-2
Added Pin To Net: NetName=NetC8_DI12_2 Pin=U1_DI12-4
Added Net: Name=NetC8_DI12_2
Added Pin To Net: NetName=NetC8_DI13_2 Pin=C8_DI13-2
Added Pin To Net: NetName=NetC8_DI13_2 Pin=U1_DI13-4
Added Net: Name=NetC8_DI13_2
Added Pin To Net: NetName=NetC8_DI14_2 Pin=C8_DI14-2
Added Pin To Net: NetName=NetC8_DI14_2 Pin=U1_DI14-4
Added Net: Name=NetC8_DI14_2
Added Pin To Net: NetName=NetC8_DI15_2 Pin=C8_DI15-2
Added Pin To Net: NetName=NetC8_DI15_2 Pin=U1_DI15-4
Added Net: Name=NetC8_DI15_2
Added Pin To Net: NetName=NetC8_DI16_2 Pin=C8_DI16-2
Added Pin To Net: NetName=NetC8_DI16_2 Pin=U1_DI16-4
Added Net: Name=NetC8_DI16_2
Added Pin To Net: NetName=NetC8_DI17_2 Pin=C8_DI17-2
Added Pin To Net: NetName=NetC8_DI17_2 Pin=U1_DI17-4
Added Net: Name=NetC8_DI17_2
Added Pin To Net: NetName=NetC8_DI18_2 Pin=C8_DI18-2
Added Pin To Net: NetName=NetC8_DI18_2 Pin=U1_DI18-4
Added Net: Name=NetC8_DI18_2
Added Pin To Net: NetName=NetC8_DI19_2 Pin=C8_DI19-2
Added Pin To Net: NetName=NetC8_DI19_2 Pin=U1_DI19-4
Added Net: Name=NetC8_DI19_2
Added Pin To Net: NetName=NetC8_DI20_2 Pin=C8_DI20-2
Added Pin To Net: NetName=NetC8_DI20_2 Pin=U1_DI20-4
Added Net: Name=NetC8_DI20_2
Added Pin To Net: NetName=NetC8_DI21_2 Pin=C8_DI21-2
Added Pin To Net: NetName=NetC8_DI21_2 Pin=U1_DI21-4
Added Net: Name=NetC8_DI21_2
Added Pin To Net: NetName=NetC8_DI22_2 Pin=C8_DI22-2
Added Pin To Net: NetName=NetC8_DI22_2 Pin=U1_DI22-4
Added Net: Name=NetC8_DI22_2
Added Pin To Net: NetName=NetC8_DI23_2 Pin=C8_DI23-2
Added Pin To Net: NetName=NetC8_DI23_2 Pin=U1_DI23-4
Added Net: Name=NetC8_DI23_2
Added Pin To Net: NetName=NetC8_DI24_2 Pin=C8_DI24-2
Added Pin To Net: NetName=NetC8_DI24_2 Pin=U1_DI24-4
Added Net: Name=NetC8_DI24_2
Added Pin To Net: NetName=NetC8_DI25_2 Pin=C8_DI25-2
Added Pin To Net: NetName=NetC8_DI25_2 Pin=U1_DI25-4
Added Net: Name=NetC8_DI25_2
Added Pin To Net: NetName=NetC8_DI26_2 Pin=C8_DI26-2
Added Pin To Net: NetName=NetC8_DI26_2 Pin=U1_DI26-4
Added Net: Name=NetC8_DI26_2
Added Pin To Net: NetName=NetC8_DI27_2 Pin=C8_DI27-2
Added Pin To Net: NetName=NetC8_DI27_2 Pin=U1_DI27-4
Added Net: Name=NetC8_DI27_2
Added Pin To Net: NetName=NetC8_DI28_2 Pin=C8_DI28-2
Added Pin To Net: NetName=NetC8_DI28_2 Pin=U1_DI28-4
Added Net: Name=NetC8_DI28_2
Added Pin To Net: NetName=NetC8_DI29_2 Pin=C8_DI29-2
Added Pin To Net: NetName=NetC8_DI29_2 Pin=U1_DI29-4
Added Net: Name=NetC8_DI29_2
Added Pin To Net: NetName=NetC8_DI30_2 Pin=C8_DI30-2
Added Pin To Net: NetName=NetC8_DI30_2 Pin=U1_DI30-4
Added Net: Name=NetC8_DI30_2
Added Pin To Net: NetName=NetC8_DI31_2 Pin=C8_DI31-2
Added Pin To Net: NetName=NetC8_DI31_2 Pin=U1_DI31-4
Added Net: Name=NetC8_DI31_2
Added Pin To Net: NetName=NetC8_DI32_2 Pin=C8_DI32-2
Added Pin To Net: NetName=NetC8_DI32_2 Pin=U1_DI32-4
Added Net: Name=NetC8_DI32_2
Added Pin To Net: NetName=NetC9_DI2_2 Pin=C9_DI2-2
Added Pin To Net: NetName=NetC9_DI2_2 Pin=R6_DI2-1
Added Net: Name=NetC9_DI2_2
Added Pin To Net: NetName=NetC9_DI3_2 Pin=C9_DI3-2
Added Pin To Net: NetName=NetC9_DI3_2 Pin=R6_DI3-1
Added Net: Name=NetC9_DI3_2
Added Pin To Net: NetName=NetC9_DI4_2 Pin=C9_DI4-2
Added Pin To Net: NetName=NetC9_DI4_2 Pin=R6_DI4-1
Added Net: Name=NetC9_DI4_2
Added Pin To Net: NetName=NetC9_DI5_2 Pin=C9_DI5-2
Added Pin To Net: NetName=NetC9_DI5_2 Pin=R6_DI5-1
Added Net: Name=NetC9_DI5_2
Added Pin To Net: NetName=NetC9_DI6_2 Pin=C9_DI6-2
Added Pin To Net: NetName=NetC9_DI6_2 Pin=R6_DI6-1
Added Net: Name=NetC9_DI6_2
Added Pin To Net: NetName=NetC9_DI7_2 Pin=C9_DI7-2
Added Pin To Net: NetName=NetC9_DI7_2 Pin=R6_DI7-1
Added Net: Name=NetC9_DI7_2
Added Pin To Net: NetName=NetC9_DI8_2 Pin=C9_DI8-2
Added Pin To Net: NetName=NetC9_DI8_2 Pin=R6_DI8-1
Added Net: Name=NetC9_DI8_2
Added Pin To Net: NetName=NetC9_DI9_2 Pin=C9_DI9-2
Added Pin To Net: NetName=NetC9_DI9_2 Pin=R6_DI9-1
Added Net: Name=NetC9_DI9_2
Added Pin To Net: NetName=NetC9_DI10_2 Pin=C9_DI10-2
Added Pin To Net: NetName=NetC9_DI10_2 Pin=R6_DI10-1
Added Net: Name=NetC9_DI10_2
Added Pin To Net: NetName=NetC9_DI11_2 Pin=C9_DI11-2
Added Pin To Net: NetName=NetC9_DI11_2 Pin=R6_DI11-1
Added Net: Name=NetC9_DI11_2
Added Pin To Net: NetName=NetC9_DI12_2 Pin=C9_DI12-2
Added Pin To Net: NetName=NetC9_DI12_2 Pin=R6_DI12-1
Added Net: Name=NetC9_DI12_2
Added Pin To Net: NetName=NetC9_DI13_2 Pin=C9_DI13-2
Added Pin To Net: NetName=NetC9_DI13_2 Pin=R6_DI13-1
Added Net: Name=NetC9_DI13_2
Added Pin To Net: NetName=NetC9_DI14_2 Pin=C9_DI14-2
Added Pin To Net: NetName=NetC9_DI14_2 Pin=R6_DI14-1
Added Net: Name=NetC9_DI14_2
Added Pin To Net: NetName=NetC9_DI15_2 Pin=C9_DI15-2
Added Pin To Net: NetName=NetC9_DI15_2 Pin=R6_DI15-1
Added Net: Name=NetC9_DI15_2
Added Pin To Net: NetName=NetC9_DI16_2 Pin=C9_DI16-2
Added Pin To Net: NetName=NetC9_DI16_2 Pin=R6_DI16-1
Added Net: Name=NetC9_DI16_2
Added Pin To Net: NetName=NetC9_DI17_2 Pin=C9_DI17-2
Added Pin To Net: NetName=NetC9_DI17_2 Pin=R6_DI17-1
Added Net: Name=NetC9_DI17_2
Added Pin To Net: NetName=NetC9_DI18_2 Pin=C9_DI18-2
Added Pin To Net: NetName=NetC9_DI18_2 Pin=R6_DI18-1
Added Net: Name=NetC9_DI18_2
Added Pin To Net: NetName=NetC9_DI19_2 Pin=C9_DI19-2
Added Pin To Net: NetName=NetC9_DI19_2 Pin=R6_DI19-1
Added Net: Name=NetC9_DI19_2
Added Pin To Net: NetName=NetC9_DI20_2 Pin=C9_DI20-2
Added Pin To Net: NetName=NetC9_DI20_2 Pin=R6_DI20-1
Added Net: Name=NetC9_DI20_2
Added Pin To Net: NetName=NetC9_DI21_2 Pin=C9_DI21-2
Added Pin To Net: NetName=NetC9_DI21_2 Pin=R6_DI21-1
Added Net: Name=NetC9_DI21_2
Added Pin To Net: NetName=NetC9_DI22_2 Pin=C9_DI22-2
Added Pin To Net: NetName=NetC9_DI22_2 Pin=R6_DI22-1
Added Net: Name=NetC9_DI22_2
Added Pin To Net: NetName=NetC9_DI23_2 Pin=C9_DI23-2
Added Pin To Net: NetName=NetC9_DI23_2 Pin=R6_DI23-1
Added Net: Name=NetC9_DI23_2
Added Pin To Net: NetName=NetC9_DI24_2 Pin=C9_DI24-2
Added Pin To Net: NetName=NetC9_DI24_2 Pin=R6_DI24-1
Added Net: Name=NetC9_DI24_2
Added Pin To Net: NetName=NetC9_DI25_2 Pin=C9_DI25-2
Added Pin To Net: NetName=NetC9_DI25_2 Pin=R6_DI25-1
Added Net: Name=NetC9_DI25_2
Added Pin To Net: NetName=NetC9_DI26_2 Pin=C9_DI26-2
Added Pin To Net: NetName=NetC9_DI26_2 Pin=R6_DI26-1
Added Net: Name=NetC9_DI26_2
Added Pin To Net: NetName=NetC9_DI27_2 Pin=C9_DI27-2
Added Pin To Net: NetName=NetC9_DI27_2 Pin=R6_DI27-1
Added Net: Name=NetC9_DI27_2
Added Pin To Net: NetName=NetC9_DI28_2 Pin=C9_DI28-2
Added Pin To Net: NetName=NetC9_DI28_2 Pin=R6_DI28-1
Added Net: Name=NetC9_DI28_2
Added Pin To Net: NetName=NetC9_DI29_2 Pin=C9_DI29-2
Added Pin To Net: NetName=NetC9_DI29_2 Pin=R6_DI29-1
Added Net: Name=NetC9_DI29_2
Added Pin To Net: NetName=NetC9_DI30_2 Pin=C9_DI30-2
Added Pin To Net: NetName=NetC9_DI30_2 Pin=R6_DI30-1
Added Net: Name=NetC9_DI30_2
Added Pin To Net: NetName=NetC9_DI31_2 Pin=C9_DI31-2
Added Pin To Net: NetName=NetC9_DI31_2 Pin=R6_DI31-1
Added Net: Name=NetC9_DI31_2
Added Pin To Net: NetName=NetC9_DI32_2 Pin=C9_DI32-2
Added Pin To Net: NetName=NetC9_DI32_2 Pin=R6_DI32-1
Added Net: Name=NetC9_DI32_2
Added Pin To Net: NetName=NetR5_DI3_1 Pin=R5_DI3-1
Added Pin To Net: NetName=NetR5_DI3_1 Pin=R6_DI3-2
Added Pin To Net: NetName=NetR5_DI3_1 Pin=R7_DI3-2
Added Pin To Net: NetName=NetR5_DI3_1 Pin=U1_DI3-5
Added Net: Name=NetR5_DI3_1
Added Pin To Net: NetName=NetR5_DI3_2 Pin=R5_DI3-2
Added Pin To Net: NetName=NetR5_DI3_2 Pin=U1_DI3-6
Added Net: Name=NetR5_DI3_2
Added Pin To Net: NetName=NetR5_DI4_1 Pin=R5_DI4-1
Added Pin To Net: NetName=NetR5_DI4_1 Pin=R6_DI4-2
Added Pin To Net: NetName=NetR5_DI4_1 Pin=R7_DI4-2
Added Pin To Net: NetName=NetR5_DI4_1 Pin=U1_DI4-5
Added Net: Name=NetR5_DI4_1
Added Pin To Net: NetName=NetR5_DI4_2 Pin=R5_DI4-2
Added Pin To Net: NetName=NetR5_DI4_2 Pin=U1_DI4-6
Added Net: Name=NetR5_DI4_2
Added Pin To Net: NetName=NetR5_DI5_1 Pin=R5_DI5-1
Added Pin To Net: NetName=NetR5_DI5_1 Pin=R6_DI5-2
Added Pin To Net: NetName=NetR5_DI5_1 Pin=R7_DI5-2
Added Pin To Net: NetName=NetR5_DI5_1 Pin=U1_DI5-5
Added Net: Name=NetR5_DI5_1
Added Pin To Net: NetName=NetR5_DI5_2 Pin=R5_DI5-2
Added Pin To Net: NetName=NetR5_DI5_2 Pin=U1_DI5-6
Added Net: Name=NetR5_DI5_2
Added Pin To Net: NetName=NetR5_DI6_1 Pin=R5_DI6-1
Added Pin To Net: NetName=NetR5_DI6_1 Pin=R6_DI6-2
Added Pin To Net: NetName=NetR5_DI6_1 Pin=R7_DI6-2
Added Pin To Net: NetName=NetR5_DI6_1 Pin=U1_DI6-5
Added Net: Name=NetR5_DI6_1
Added Pin To Net: NetName=NetR5_DI6_2 Pin=R5_DI6-2
Added Pin To Net: NetName=NetR5_DI6_2 Pin=U1_DI6-6
Added Net: Name=NetR5_DI6_2
Added Pin To Net: NetName=NetR5_DI7_1 Pin=R5_DI7-1
Added Pin To Net: NetName=NetR5_DI7_1 Pin=R6_DI7-2
Added Pin To Net: NetName=NetR5_DI7_1 Pin=R7_DI7-2
Added Pin To Net: NetName=NetR5_DI7_1 Pin=U1_DI7-5
Added Net: Name=NetR5_DI7_1
Added Pin To Net: NetName=NetR5_DI7_2 Pin=R5_DI7-2
Added Pin To Net: NetName=NetR5_DI7_2 Pin=U1_DI7-6
Added Net: Name=NetR5_DI7_2
Added Pin To Net: NetName=NetR5_DI8_1 Pin=R5_DI8-1
Added Pin To Net: NetName=NetR5_DI8_1 Pin=R6_DI8-2
Added Pin To Net: NetName=NetR5_DI8_1 Pin=R7_DI8-2
Added Pin To Net: NetName=NetR5_DI8_1 Pin=U1_DI8-5
Added Net: Name=NetR5_DI8_1
Added Pin To Net: NetName=NetR5_DI8_2 Pin=R5_DI8-2
Added Pin To Net: NetName=NetR5_DI8_2 Pin=U1_DI8-6
Added Net: Name=NetR5_DI8_2
Added Pin To Net: NetName=NetR5_DI9_1 Pin=R5_DI9-1
Added Pin To Net: NetName=NetR5_DI9_1 Pin=R6_DI9-2
Added Pin To Net: NetName=NetR5_DI9_1 Pin=R7_DI9-2
Added Pin To Net: NetName=NetR5_DI9_1 Pin=U1_DI9-5
Added Net: Name=NetR5_DI9_1
Added Pin To Net: NetName=NetR5_DI9_2 Pin=R5_DI9-2
Added Pin To Net: NetName=NetR5_DI9_2 Pin=U1_DI9-6
Added Net: Name=NetR5_DI9_2
Added Pin To Net: NetName=NetR5_DI10_1 Pin=R5_DI10-1
Added Pin To Net: NetName=NetR5_DI10_1 Pin=R6_DI10-2
Added Pin To Net: NetName=NetR5_DI10_1 Pin=R7_DI10-2
Added Pin To Net: NetName=NetR5_DI10_1 Pin=U1_DI10-5
Added Net: Name=NetR5_DI10_1
Added Pin To Net: NetName=NetR5_DI10_2 Pin=R5_DI10-2
Added Pin To Net: NetName=NetR5_DI10_2 Pin=U1_DI10-6
Added Net: Name=NetR5_DI10_2
Added Pin To Net: NetName=NetR5_DI11_1 Pin=R5_DI11-1
Added Pin To Net: NetName=NetR5_DI11_1 Pin=R6_DI11-2
Added Pin To Net: NetName=NetR5_DI11_1 Pin=R7_DI11-2
Added Pin To Net: NetName=NetR5_DI11_1 Pin=U1_DI11-5
Added Net: Name=NetR5_DI11_1
Added Pin To Net: NetName=NetR5_DI11_2 Pin=R5_DI11-2
Added Pin To Net: NetName=NetR5_DI11_2 Pin=U1_DI11-6
Added Net: Name=NetR5_DI11_2
Added Pin To Net: NetName=NetR5_DI12_1 Pin=R5_DI12-1
Added Pin To Net: NetName=NetR5_DI12_1 Pin=R6_DI12-2
Added Pin To Net: NetName=NetR5_DI12_1 Pin=R7_DI12-2
Added Pin To Net: NetName=NetR5_DI12_1 Pin=U1_DI12-5
Added Net: Name=NetR5_DI12_1
Added Pin To Net: NetName=NetR5_DI12_2 Pin=R5_DI12-2
Added Pin To Net: NetName=NetR5_DI12_2 Pin=U1_DI12-6
Added Net: Name=NetR5_DI12_2
Added Pin To Net: NetName=NetR5_DI13_1 Pin=R5_DI13-1
Added Pin To Net: NetName=NetR5_DI13_1 Pin=R6_DI13-2
Added Pin To Net: NetName=NetR5_DI13_1 Pin=R7_DI13-2
Added Pin To Net: NetName=NetR5_DI13_1 Pin=U1_DI13-5
Added Net: Name=NetR5_DI13_1
Added Pin To Net: NetName=NetR5_DI13_2 Pin=R5_DI13-2
Added Pin To Net: NetName=NetR5_DI13_2 Pin=U1_DI13-6
Added Net: Name=NetR5_DI13_2
Added Pin To Net: NetName=NetR5_DI14_1 Pin=R5_DI14-1
Added Pin To Net: NetName=NetR5_DI14_1 Pin=R6_DI14-2
Added Pin To Net: NetName=NetR5_DI14_1 Pin=R7_DI14-2
Added Pin To Net: NetName=NetR5_DI14_1 Pin=U1_DI14-5
Added Net: Name=NetR5_DI14_1
Added Pin To Net: NetName=NetR5_DI14_2 Pin=R5_DI14-2
Added Pin To Net: NetName=NetR5_DI14_2 Pin=U1_DI14-6
Added Net: Name=NetR5_DI14_2
Added Pin To Net: NetName=NetR5_DI15_1 Pin=R5_DI15-1
Added Pin To Net: NetName=NetR5_DI15_1 Pin=R6_DI15-2
Added Pin To Net: NetName=NetR5_DI15_1 Pin=R7_DI15-2
Added Pin To Net: NetName=NetR5_DI15_1 Pin=U1_DI15-5
Added Net: Name=NetR5_DI15_1
Added Pin To Net: NetName=NetR5_DI15_2 Pin=R5_DI15-2
Added Pin To Net: NetName=NetR5_DI15_2 Pin=U1_DI15-6
Added Net: Name=NetR5_DI15_2
Added Pin To Net: NetName=NetR5_DI16_1 Pin=R5_DI16-1
Added Pin To Net: NetName=NetR5_DI16_1 Pin=R6_DI16-2
Added Pin To Net: NetName=NetR5_DI16_1 Pin=R7_DI16-2
Added Pin To Net: NetName=NetR5_DI16_1 Pin=U1_DI16-5
Added Net: Name=NetR5_DI16_1
Added Pin To Net: NetName=NetR5_DI16_2 Pin=R5_DI16-2
Added Pin To Net: NetName=NetR5_DI16_2 Pin=U1_DI16-6
Added Net: Name=NetR5_DI16_2
Added Pin To Net: NetName=NetR5_DI17_1 Pin=R5_DI17-1
Added Pin To Net: NetName=NetR5_DI17_1 Pin=R6_DI17-2
Added Pin To Net: NetName=NetR5_DI17_1 Pin=R7_DI17-2
Added Pin To Net: NetName=NetR5_DI17_1 Pin=U1_DI17-5
Added Net: Name=NetR5_DI17_1
Added Pin To Net: NetName=NetR5_DI17_2 Pin=R5_DI17-2
Added Pin To Net: NetName=NetR5_DI17_2 Pin=U1_DI17-6
Added Net: Name=NetR5_DI17_2
Added Pin To Net: NetName=NetR5_DI18_1 Pin=R5_DI18-1
Added Pin To Net: NetName=NetR5_DI18_1 Pin=R6_DI18-2
Added Pin To Net: NetName=NetR5_DI18_1 Pin=R7_DI18-2
Added Pin To Net: NetName=NetR5_DI18_1 Pin=U1_DI18-5
Added Net: Name=NetR5_DI18_1
Added Pin To Net: NetName=NetR5_DI18_2 Pin=R5_DI18-2
Added Pin To Net: NetName=NetR5_DI18_2 Pin=U1_DI18-6
Added Net: Name=NetR5_DI18_2
Added Pin To Net: NetName=NetR5_DI19_1 Pin=R5_DI19-1
Added Pin To Net: NetName=NetR5_DI19_1 Pin=R6_DI19-2
Added Pin To Net: NetName=NetR5_DI19_1 Pin=R7_DI19-2
Added Pin To Net: NetName=NetR5_DI19_1 Pin=U1_DI19-5
Added Net: Name=NetR5_DI19_1
Added Pin To Net: NetName=NetR5_DI19_2 Pin=R5_DI19-2
Added Pin To Net: NetName=NetR5_DI19_2 Pin=U1_DI19-6
Added Net: Name=NetR5_DI19_2
Added Pin To Net: NetName=NetR5_DI20_1 Pin=R5_DI20-1
Added Pin To Net: NetName=NetR5_DI20_1 Pin=R6_DI20-2
Added Pin To Net: NetName=NetR5_DI20_1 Pin=R7_DI20-2
Added Pin To Net: NetName=NetR5_DI20_1 Pin=U1_DI20-5
Added Net: Name=NetR5_DI20_1
Added Pin To Net: NetName=NetR5_DI20_2 Pin=R5_DI20-2
Added Pin To Net: NetName=NetR5_DI20_2 Pin=U1_DI20-6
Added Net: Name=NetR5_DI20_2
Added Pin To Net: NetName=NetR5_DI21_1 Pin=R5_DI21-1
Added Pin To Net: NetName=NetR5_DI21_1 Pin=R6_DI21-2
Added Pin To Net: NetName=NetR5_DI21_1 Pin=R7_DI21-2
Added Pin To Net: NetName=NetR5_DI21_1 Pin=U1_DI21-5
Added Net: Name=NetR5_DI21_1
Added Pin To Net: NetName=NetR5_DI21_2 Pin=R5_DI21-2
Added Pin To Net: NetName=NetR5_DI21_2 Pin=U1_DI21-6
Added Net: Name=NetR5_DI21_2
Added Pin To Net: NetName=NetR5_DI22_1 Pin=R5_DI22-1
Added Pin To Net: NetName=NetR5_DI22_1 Pin=R6_DI22-2
Added Pin To Net: NetName=NetR5_DI22_1 Pin=R7_DI22-2
Added Pin To Net: NetName=NetR5_DI22_1 Pin=U1_DI22-5
Added Net: Name=NetR5_DI22_1
Added Pin To Net: NetName=NetR5_DI22_2 Pin=R5_DI22-2
Added Pin To Net: NetName=NetR5_DI22_2 Pin=U1_DI22-6
Added Net: Name=NetR5_DI22_2
Added Pin To Net: NetName=NetR5_DI23_1 Pin=R5_DI23-1
Added Pin To Net: NetName=NetR5_DI23_1 Pin=R6_DI23-2
Added Pin To Net: NetName=NetR5_DI23_1 Pin=R7_DI23-2
Added Pin To Net: NetName=NetR5_DI23_1 Pin=U1_DI23-5
Added Net: Name=NetR5_DI23_1
Added Pin To Net: NetName=NetR5_DI23_2 Pin=R5_DI23-2
Added Pin To Net: NetName=NetR5_DI23_2 Pin=U1_DI23-6
Added Net: Name=NetR5_DI23_2
Added Pin To Net: NetName=NetR5_DI24_1 Pin=R5_DI24-1
Added Pin To Net: NetName=NetR5_DI24_1 Pin=R6_DI24-2
Added Pin To Net: NetName=NetR5_DI24_1 Pin=R7_DI24-2
Added Pin To Net: NetName=NetR5_DI24_1 Pin=U1_DI24-5
Added Net: Name=NetR5_DI24_1
Added Pin To Net: NetName=NetR5_DI24_2 Pin=R5_DI24-2
Added Pin To Net: NetName=NetR5_DI24_2 Pin=U1_DI24-6
Added Net: Name=NetR5_DI24_2
Added Pin To Net: NetName=NetR5_DI25_1 Pin=R5_DI25-1
Added Pin To Net: NetName=NetR5_DI25_1 Pin=R6_DI25-2
Added Pin To Net: NetName=NetR5_DI25_1 Pin=R7_DI25-2
Added Pin To Net: NetName=NetR5_DI25_1 Pin=U1_DI25-5
Added Net: Name=NetR5_DI25_1
Added Pin To Net: NetName=NetR5_DI25_2 Pin=R5_DI25-2
Added Pin To Net: NetName=NetR5_DI25_2 Pin=U1_DI25-6
Added Net: Name=NetR5_DI25_2
Added Pin To Net: NetName=NetR5_DI26_1 Pin=R5_DI26-1
Added Pin To Net: NetName=NetR5_DI26_1 Pin=R6_DI26-2
Added Pin To Net: NetName=NetR5_DI26_1 Pin=R7_DI26-2
Added Pin To Net: NetName=NetR5_DI26_1 Pin=U1_DI26-5
Added Net: Name=NetR5_DI26_1
Added Pin To Net: NetName=NetR5_DI26_2 Pin=R5_DI26-2
Added Pin To Net: NetName=NetR5_DI26_2 Pin=U1_DI26-6
Added Net: Name=NetR5_DI26_2
Added Pin To Net: NetName=NetR5_DI27_1 Pin=R5_DI27-1
Added Pin To Net: NetName=NetR5_DI27_1 Pin=R6_DI27-2
Added Pin To Net: NetName=NetR5_DI27_1 Pin=R7_DI27-2
Added Pin To Net: NetName=NetR5_DI27_1 Pin=U1_DI27-5
Added Net: Name=NetR5_DI27_1
Added Pin To Net: NetName=NetR5_DI27_2 Pin=R5_DI27-2
Added Pin To Net: NetName=NetR5_DI27_2 Pin=U1_DI27-6
Added Net: Name=NetR5_DI27_2
Added Pin To Net: NetName=NetR5_DI28_1 Pin=R5_DI28-1
Added Pin To Net: NetName=NetR5_DI28_1 Pin=R6_DI28-2
Added Pin To Net: NetName=NetR5_DI28_1 Pin=R7_DI28-2
Added Pin To Net: NetName=NetR5_DI28_1 Pin=U1_DI28-5
Added Net: Name=NetR5_DI28_1
Added Pin To Net: NetName=NetR5_DI28_2 Pin=R5_DI28-2
Added Pin To Net: NetName=NetR5_DI28_2 Pin=U1_DI28-6
Added Net: Name=NetR5_DI28_2
Added Pin To Net: NetName=NetR5_DI29_1 Pin=R5_DI29-1
Added Pin To Net: NetName=NetR5_DI29_1 Pin=R6_DI29-2
Added Pin To Net: NetName=NetR5_DI29_1 Pin=R7_DI29-2
Added Pin To Net: NetName=NetR5_DI29_1 Pin=U1_DI29-5
Added Net: Name=NetR5_DI29_1
Added Pin To Net: NetName=NetR5_DI29_2 Pin=R5_DI29-2
Added Pin To Net: NetName=NetR5_DI29_2 Pin=U1_DI29-6
Added Net: Name=NetR5_DI29_2
Added Pin To Net: NetName=NetR5_DI30_1 Pin=R5_DI30-1
Added Pin To Net: NetName=NetR5_DI30_1 Pin=R6_DI30-2
Added Pin To Net: NetName=NetR5_DI30_1 Pin=R7_DI30-2
Added Pin To Net: NetName=NetR5_DI30_1 Pin=U1_DI30-5
Added Net: Name=NetR5_DI30_1
Added Pin To Net: NetName=NetR5_DI30_2 Pin=R5_DI30-2
Added Pin To Net: NetName=NetR5_DI30_2 Pin=U1_DI30-6
Added Net: Name=NetR5_DI30_2
Added Pin To Net: NetName=NetR5_DI31_1 Pin=R5_DI31-1
Added Pin To Net: NetName=NetR5_DI31_1 Pin=R6_DI31-2
Added Pin To Net: NetName=NetR5_DI31_1 Pin=R7_DI31-2
Added Pin To Net: NetName=NetR5_DI31_1 Pin=U1_DI31-5
Added Net: Name=NetR5_DI31_1
Added Pin To Net: NetName=NetR5_DI31_2 Pin=R5_DI31-2
Added Pin To Net: NetName=NetR5_DI31_2 Pin=U1_DI31-6
Added Net: Name=NetR5_DI31_2
Added Pin To Net: NetName=NetR5_DI32_1 Pin=R5_DI32-1
Added Pin To Net: NetName=NetR5_DI32_1 Pin=R6_DI32-2
Added Pin To Net: NetName=NetR5_DI32_1 Pin=R7_DI32-2
Added Pin To Net: NetName=NetR5_DI32_1 Pin=U1_DI32-5
Added Net: Name=NetR5_DI32_1
Added Pin To Net: NetName=NetR5_DI32_2 Pin=R5_DI32-2
Added Pin To Net: NetName=NetR5_DI32_2 Pin=U1_DI32-6
Added Net: Name=NetR5_DI32_2
Added Class: Name=DI3
Added Class: Name=DI4
Added Class: Name=DI5
Added Class: Name=DI6
Added Class: Name=DI7
Added Class: Name=DI8
Added Class: Name=DI9
Added Class: Name=DI10
Added Class: Name=DI11
Added Class: Name=DI12
Added Class: Name=DI13
Added Class: Name=DI14
Added Class: Name=DI15
Added Class: Name=DI16
Added Class: Name=DI17
Added Class: Name=DI18
Added Class: Name=DI19
Added Class: Name=DI20
Added Class: Name=DI21
Added Class: Name=DI22
Added Class: Name=DI23
Added Class: Name=DI24
Added Class: Name=DI25
Added Class: Name=DI26
Added Class: Name=DI27
Added Class: Name=DI28
Added Class: Name=DI29
Added Class: Name=DI30
Added Class: Name=DI31
Added Class: Name=DI32
Added Class: Name=CH[1..32]
Added Class: Name=CL[1..32]
Added Room: Name=DI3
Added Room: Name=DI4
Added Room: Name=DI5
Added Room: Name=DI6
Added Room: Name=DI7
Added Room: Name=DI8
Added Room: Name=DI9
Added Room: Name=DI10
Added Room: Name=DI11
Added Room: Name=DI12
Added Room: Name=DI13
Added Room: Name=DI14
Added Room: Name=DI15
Added Room: Name=DI16
Added Room: Name=DI17
Added Room: Name=DI18
Added Room: Name=DI19
Added Room: Name=DI20
Added Room: Name=DI21
Added Room: Name=DI22
Added Room: Name=DI23
Added Room: Name=DI24
Added Room: Name=DI25
Added Room: Name=DI26
Added Room: Name=DI27
Added Room: Name=DI28
Added Room: Name=DI29
Added Room: Name=DI30
Added Room: Name=DI31
Added Room: Name=DI32
