Removed Pin From Net: NetName=NetC23_DI1_1 Pin=U10_DI1-1
Removed Pin From Net: NetName=-5V_1 Pin=U10_DI1-2
Removed Pin From Net: NetName=GND_1 Pin=U10_DI1-3
Removed Pin From Net: NetName=NetC27_DI1_2 Pin=U10_DI1-4
Removed Pin From Net: NetName=NetR19_DI1_1 Pin=U10_DI1-5
Removed Pin From Net: NetName=NetR19_DI1_2 Pin=U10_DI1-6
Removed Pin From Net: NetName=+5V_1 Pin=U10_DI1-7
Removed Pin From Net: NetName=NetC19_DI1_1 Pin=U10_DI1-8
Removed Pin From Net: NetName=NetC23_DI2_1 Pin=U10_DI2-1
Removed Pin From Net: NetName=-5V_1 Pin=U10_DI2-2
Removed Pin From Net: NetName=GND_1 Pin=U10_DI2-3
Removed Pin From Net: NetName=NetC27_DI2_2 Pin=U10_DI2-4
Removed Pin From Net: NetName=NetR19_DI2_1 Pin=U10_DI2-5
Removed Pin From Net: NetName=NetR19_DI2_2 Pin=U10_DI2-6
Removed Pin From Net: NetName=+5V_1 Pin=U10_DI2-7
Removed Pin From Net: NetName=NetC19_DI2_1 Pin=U10_DI2-8
Removed Pin From Net: NetName=NetC23_DI3_1 Pin=U10_DI3-1
Removed Pin From Net: NetName=-5V_1 Pin=U10_DI3-2
Removed Pin From Net: NetName=GND_1 Pin=U10_DI3-3
Removed Pin From Net: NetName=NetC27_DI3_2 Pin=U10_DI3-4
Removed Pin From Net: NetName=NetR19_DI3_1 Pin=U10_DI3-5
Removed Pin From Net: NetName=NetR19_DI3_2 Pin=U10_DI3-6
Removed Pin From Net: NetName=+5V_1 Pin=U10_DI3-7
Removed Pin From Net: NetName=NetC19_DI3_1 Pin=U10_DI3-8
Removed Pin From Net: NetName=NetC23_DI4_1 Pin=U10_DI4-1
Removed Pin From Net: NetName=-5V_1 Pin=U10_DI4-2
Removed Pin From Net: NetName=GND_1 Pin=U10_DI4-3
Removed Pin From Net: NetName=NetC27_DI4_2 Pin=U10_DI4-4
Removed Pin From Net: NetName=NetR19_DI4_1 Pin=U10_DI4-5
Removed Pin From Net: NetName=NetR19_DI4_2 Pin=U10_DI4-6
Removed Pin From Net: NetName=+5V_1 Pin=U10_DI4-7
Removed Pin From Net: NetName=NetC19_DI4_1 Pin=U10_DI4-8
Removed Pin From Net: NetName=NetC23_DI5_1 Pin=U10_DI5-1
Removed Pin From Net: NetName=-5V_1 Pin=U10_DI5-2
Removed Pin From Net: NetName=GND_1 Pin=U10_DI5-3
Removed Pin From Net: NetName=NetC27_DI5_2 Pin=U10_DI5-4
Removed Pin From Net: NetName=NetR19_DI5_1 Pin=U10_DI5-5
Removed Pin From Net: NetName=NetR19_DI5_2 Pin=U10_DI5-6
Removed Pin From Net: NetName=+5V_1 Pin=U10_DI5-7
Removed Pin From Net: NetName=NetC19_DI5_1 Pin=U10_DI5-8
Removed Pin From Net: NetName=NetC23_DI6_1 Pin=U10_DI6-1
Removed Pin From Net: NetName=-5V_1 Pin=U10_DI6-2
Removed Pin From Net: NetName=GND_1 Pin=U10_DI6-3
Removed Pin From Net: NetName=NetC27_DI6_2 Pin=U10_DI6-4
Removed Pin From Net: NetName=NetR19_DI6_1 Pin=U10_DI6-5
Removed Pin From Net: NetName=NetR19_DI6_2 Pin=U10_DI6-6
Removed Pin From Net: NetName=+5V_1 Pin=U10_DI6-7
Removed Pin From Net: NetName=NetC19_DI6_1 Pin=U10_DI6-8
Removed Pin From Net: NetName=NetC23_DI7_1 Pin=U10_DI7-1
Removed Pin From Net: NetName=-5V_1 Pin=U10_DI7-2
Removed Pin From Net: NetName=GND_1 Pin=U10_DI7-3
Removed Pin From Net: NetName=NetC27_DI7_2 Pin=U10_DI7-4
Removed Pin From Net: NetName=NetR19_DI7_1 Pin=U10_DI7-5
Removed Pin From Net: NetName=NetR19_DI7_2 Pin=U10_DI7-6
Removed Pin From Net: NetName=+5V_1 Pin=U10_DI7-7
Removed Pin From Net: NetName=NetC19_DI7_1 Pin=U10_DI7-8
Removed Pin From Net: NetName=NetC23_DI8_1 Pin=U10_DI8-1
Removed Pin From Net: NetName=-5V_1 Pin=U10_DI8-2
Removed Pin From Net: NetName=GND_1 Pin=U10_DI8-3
Removed Pin From Net: NetName=NetC27_DI8_2 Pin=U10_DI8-4
Removed Pin From Net: NetName=NetR19_DI8_1 Pin=U10_DI8-5
Removed Pin From Net: NetName=NetR19_DI8_2 Pin=U10_DI8-6
Removed Pin From Net: NetName=+5V_1 Pin=U10_DI8-7
Removed Pin From Net: NetName=NetC19_DI8_1 Pin=U10_DI8-8
Removed Member From Class: ClassName=DI1 Member=U10_DI1
Removed Member From Class: ClassName=DI2 Member=U10_DI2
Removed Member From Class: ClassName=DI3 Member=U10_DI3
Removed Member From Class: ClassName=DI4 Member=U10_DI4
Removed Member From Class: ClassName=DI5 Member=U10_DI5
Removed Member From Class: ClassName=DI6 Member=U10_DI6
Removed Member From Class: ClassName=DI7 Member=U10_DI7
Removed Member From Class: ClassName=DI8 Member=U10_DI8
Added Component: Designator=4M(CAPC4532L)
Added Component: Designator=12M(CAPC4532L)
Added Component: Designator=C73(6-0805_N)
Added Component: Designator=C74(6-0805_N)
Added Component: Designator=C75(6-0805_N)
Added Component: Designator=C76(6-0805_N)
Added Component: Designator=C77(6-0805_N)
Added Component: Designator=C78(6-0805_N)
Added Component: Designator=C79(6-0805_N)
Added Component: Designator=C80(6-0805_N)
Added Component: Designator=C81(6-0805_N)
Added Component: Designator=C82(6-0805_N)
Added Component: Designator=C83(6-0805_N)
Added Component: Designator=C84(6-0805_N)
Added Component: Designator=C85(6-0805_N)
Added Component: Designator=C86(6-0805_N)
Added Component: Designator=C87(6-0805_N)
Added Component: Designator=IC1(TSSOP20)
Added Component: Designator=J3(HDR1X4)
Added Component: Designator=J4(HDR1X6)
Added Component: Designator=R7(6-0805_N)
Added Component: Designator=R8(6-0805_N)
Added Component: Designator=R22(6-0805_N)
Added Component: Designator=S1(SW-SMD1)
Added Component: Designator=U17_DI1(MSOP8)
Added Component: Designator=U17_DI2(MSOP8)
Added Component: Designator=U17_DI3(MSOP8)
Added Component: Designator=U17_DI4(MSOP8)
Added Component: Designator=U17_DI5(MSOP8)
Added Component: Designator=U17_DI6(MSOP8)
Added Component: Designator=U17_DI7(MSOP8)
Added Component: Designator=U17_DI8(MSOP8)
Added Component: Designator=U18(1117)
Added Component: Designator=U19(TQFP-14X14-100)
Added Component: Designator=USB(USB-MINI-B)
Added Pin To Net: NetName=GND Pin=C73-2
Added Pin To Net: NetName=GND Pin=C74-2
Added Pin To Net: NetName=GND Pin=C75-2
Added Pin To Net: NetName=GND Pin=C76-2
Added Pin To Net: NetName=GND Pin=C77-2
Added Pin To Net: NetName=GND Pin=C78-2
Added Pin To Net: NetName=GND Pin=C79-2
Added Pin To Net: NetName=GND Pin=C80-2
Added Pin To Net: NetName=GND Pin=C81-2
Added Pin To Net: NetName=GND Pin=C82-2
Added Pin To Net: NetName=GND Pin=C83-1
Added Pin To Net: NetName=GND Pin=C84-1
Added Pin To Net: NetName=GND Pin=C85-1
Added Pin To Net: NetName=GND Pin=C86-1
Added Pin To Net: NetName=GND Pin=C87-1
Added Pin To Net: NetName=GND Pin=IC1-8
Added Pin To Net: NetName=GND Pin=J3-4
Added Pin To Net: NetName=GND Pin=J4-3
Added Pin To Net: NetName=GND Pin=S1-2
Added Pin To Net: NetName=NetC23_DI1_1 Pin=U17_DI1-1
Added Pin To Net: NetName=-5V_1 Pin=U17_DI1-2
Added Pin To Net: NetName=GND_1 Pin=U17_DI1-3
Added Pin To Net: NetName=NetC27_DI1_2 Pin=U17_DI1-4
Added Pin To Net: NetName=NetR19_DI1_1 Pin=U17_DI1-5
Added Pin To Net: NetName=NetR19_DI1_2 Pin=U17_DI1-6
Added Pin To Net: NetName=+5V_1 Pin=U17_DI1-7
Added Pin To Net: NetName=NetC19_DI1_1 Pin=U17_DI1-8
Added Pin To Net: NetName=NetC23_DI2_1 Pin=U17_DI2-1
Added Pin To Net: NetName=-5V_1 Pin=U17_DI2-2
Added Pin To Net: NetName=GND_1 Pin=U17_DI2-3
Added Pin To Net: NetName=NetC27_DI2_2 Pin=U17_DI2-4
Added Pin To Net: NetName=NetR19_DI2_1 Pin=U17_DI2-5
Added Pin To Net: NetName=NetR19_DI2_2 Pin=U17_DI2-6
Added Pin To Net: NetName=+5V_1 Pin=U17_DI2-7
Added Pin To Net: NetName=NetC19_DI2_1 Pin=U17_DI2-8
Added Pin To Net: NetName=NetC23_DI3_1 Pin=U17_DI3-1
Added Pin To Net: NetName=-5V_1 Pin=U17_DI3-2
Added Pin To Net: NetName=GND_1 Pin=U17_DI3-3
Added Pin To Net: NetName=NetC27_DI3_2 Pin=U17_DI3-4
Added Pin To Net: NetName=NetR19_DI3_1 Pin=U17_DI3-5
Added Pin To Net: NetName=NetR19_DI3_2 Pin=U17_DI3-6
Added Pin To Net: NetName=+5V_1 Pin=U17_DI3-7
Added Pin To Net: NetName=NetC19_DI3_1 Pin=U17_DI3-8
Added Pin To Net: NetName=NetC23_DI4_1 Pin=U17_DI4-1
Added Pin To Net: NetName=-5V_1 Pin=U17_DI4-2
Added Pin To Net: NetName=GND_1 Pin=U17_DI4-3
Added Pin To Net: NetName=NetC27_DI4_2 Pin=U17_DI4-4
Added Pin To Net: NetName=NetR19_DI4_1 Pin=U17_DI4-5
Added Pin To Net: NetName=NetR19_DI4_2 Pin=U17_DI4-6
Added Pin To Net: NetName=+5V_1 Pin=U17_DI4-7
Added Pin To Net: NetName=NetC19_DI4_1 Pin=U17_DI4-8
Added Pin To Net: NetName=NetC23_DI5_1 Pin=U17_DI5-1
Added Pin To Net: NetName=-5V_1 Pin=U17_DI5-2
Added Pin To Net: NetName=GND_1 Pin=U17_DI5-3
Added Pin To Net: NetName=NetC27_DI5_2 Pin=U17_DI5-4
Added Pin To Net: NetName=NetR19_DI5_1 Pin=U17_DI5-5
Added Pin To Net: NetName=NetR19_DI5_2 Pin=U17_DI5-6
Added Pin To Net: NetName=+5V_1 Pin=U17_DI5-7
Added Pin To Net: NetName=NetC19_DI5_1 Pin=U17_DI5-8
Added Pin To Net: NetName=NetC23_DI6_1 Pin=U17_DI6-1
Added Pin To Net: NetName=-5V_1 Pin=U17_DI6-2
Added Pin To Net: NetName=GND_1 Pin=U17_DI6-3
Added Pin To Net: NetName=NetC27_DI6_2 Pin=U17_DI6-4
Added Pin To Net: NetName=NetR19_DI6_1 Pin=U17_DI6-5
Added Pin To Net: NetName=NetR19_DI6_2 Pin=U17_DI6-6
Added Pin To Net: NetName=+5V_1 Pin=U17_DI6-7
Added Pin To Net: NetName=NetC19_DI6_1 Pin=U17_DI6-8
Added Pin To Net: NetName=NetC23_DI7_1 Pin=U17_DI7-1
Added Pin To Net: NetName=-5V_1 Pin=U17_DI7-2
Added Pin To Net: NetName=GND_1 Pin=U17_DI7-3
Added Pin To Net: NetName=NetC27_DI7_2 Pin=U17_DI7-4
Added Pin To Net: NetName=NetR19_DI7_1 Pin=U17_DI7-5
Added Pin To Net: NetName=NetR19_DI7_2 Pin=U17_DI7-6
Added Pin To Net: NetName=+5V_1 Pin=U17_DI7-7
Added Pin To Net: NetName=NetC19_DI7_1 Pin=U17_DI7-8
Added Pin To Net: NetName=NetC23_DI8_1 Pin=U17_DI8-1
Added Pin To Net: NetName=-5V_1 Pin=U17_DI8-2
Added Pin To Net: NetName=GND_1 Pin=U17_DI8-3
Added Pin To Net: NetName=NetC27_DI8_2 Pin=U17_DI8-4
Added Pin To Net: NetName=NetR19_DI8_1 Pin=U17_DI8-5
Added Pin To Net: NetName=NetR19_DI8_2 Pin=U17_DI8-6
Added Pin To Net: NetName=+5V_1 Pin=U17_DI8-7
Added Pin To Net: NetName=NetC19_DI8_1 Pin=U17_DI8-8
Added Pin To Net: NetName=GND Pin=U18-1
Added Pin To Net: NetName=GND Pin=U19-15
Added Pin To Net: NetName=GND Pin=U19-45
Added Pin To Net: NetName=GND Pin=U19-65
Added Pin To Net: NetName=GND Pin=U19-75
Added Pin To Net: NetName=GND Pin=USB-4
Added Pin To Net: NetName=GND Pin=USB-6
Added Pin To Net: NetName=GND Pin=USB-7
Added Pin To Net: NetName=GND Pin=USB-8
Added Pin To Net: NetName=GND Pin=USB-9
Added Pin To Net: NetName=3.3V Pin=C76-1
Added Pin To Net: NetName=3.3V Pin=C77-1
Added Pin To Net: NetName=3.3V Pin=C78-1
Added Pin To Net: NetName=3.3V Pin=C84-2
Added Pin To Net: NetName=3.3V Pin=IC1-19
Added Pin To Net: NetName=3.3V Pin=R7-1
Added Pin To Net: NetName=3.3V Pin=R22-2
Added Pin To Net: NetName=3.3V Pin=U18-2
Added Pin To Net: NetName=3.3V Pin=U19-2
Added Pin To Net: NetName=3.3V Pin=U19-16
Added Pin To Net: NetName=3.3V Pin=U19-46
Added Pin To Net: NetName=3.3V Pin=U19-62
Added Pin To Net: NetName=3.3V Pin=U19-86
Added Net: Name=3.3V
Added Pin To Net: NetName=5V Pin=C73-1
Added Pin To Net: NetName=5V Pin=C74-1
Added Pin To Net: NetName=5V Pin=C75-1
Added Pin To Net: NetName=5V Pin=C85-2
Added Pin To Net: NetName=5V Pin=J3-1
Added Pin To Net: NetName=5V Pin=U18-3
Added Pin To Net: NetName=5V Pin=USB-1
Added Net: Name=5V
Added Pin To Net: NetName=CAN1_RX Pin=U19-87
Added Net: Name=CAN1_RX
Added Pin To Net: NetName=CAN1_TX Pin=U19-88
Added Net: Name=CAN1_TX
Added Pin To Net: NetName=CAN2_RX Pin=U19-90
Added Net: Name=CAN2_RX
Added Pin To Net: NetName=CAN2_TX Pin=U19-89
Added Net: Name=CAN2_TX
Added Pin To Net: NetName=D+ Pin=IC1-6
Added Pin To Net: NetName=D+ Pin=USB-3
Added Net: Name=D+
Added Pin To Net: NetName=D- Pin=IC1-7
Added Pin To Net: NetName=D- Pin=USB-2
Added Net: Name=D-
Added Pin To Net: NetName=MCLR Pin=J4-1
Added Pin To Net: NetName=MCLR Pin=R8-1
Added Pin To Net: NetName=MCLR Pin=U19-13
Added Net: Name=MCLR
Added Pin To Net: NetName=Net12M_1 Pin=12M-1
Added Pin To Net: NetName=Net12M_1 Pin=C86-2
Added Pin To Net: NetName=Net12M_1 Pin=IC1-9
Added Net: Name=Net12M_1
Added Pin To Net: NetName=Net12M_2 Pin=12M-2
Added Pin To Net: NetName=Net12M_2 Pin=C87-2
Added Pin To Net: NetName=Net12M_2 Pin=IC1-10
Added Net: Name=Net12M_2
Added Pin To Net: NetName=NetC79_1 Pin=C79-1
Added Pin To Net: NetName=NetC79_1 Pin=U19-85
Added Net: Name=NetC79_1
Added Pin To Net: NetName=NetC80_1 Pin=C80-1
Added Pin To Net: NetName=NetC80_1 Pin=R7-2
Added Pin To Net: NetName=NetC80_1 Pin=R8-2
Added Pin To Net: NetName=NetC80_1 Pin=S1-1
Added Net: Name=NetC80_1
Added Pin To Net: NetName=NetC83_2 Pin=C83-2
Added Pin To Net: NetName=NetC83_2 Pin=IC1-5
Added Net: Name=NetC83_2
Added Pin To Net: NetName=NetJ4_2 Pin=J4-2
Added Pin To Net: NetName=NetJ4_2 Pin=R22-1
Added Net: Name=NetJ4_2
Added Pin To Net: NetName=RB0 Pin=J4-4
Added Pin To Net: NetName=RB0 Pin=U19-25
Added Net: Name=RB0
Added Pin To Net: NetName=RB1 Pin=J4-5
Added Pin To Net: NetName=RB1 Pin=U19-24
Added Net: Name=RB1
Added Pin To Net: NetName=URX1 Pin=J3-3
Added Pin To Net: NetName=URX1 Pin=U19-52
Added Net: Name=URX1
Added Pin To Net: NetName=URX2 Pin=IC1-3
Added Pin To Net: NetName=URX2 Pin=U19-49
Added Net: Name=URX2
Added Pin To Net: NetName=URX3 Pin=U19-47
Added Net: Name=URX3
Added Pin To Net: NetName=UTX1 Pin=J3-2
Added Pin To Net: NetName=UTX1 Pin=U19-53
Added Net: Name=UTX1
Added Pin To Net: NetName=UTX2 Pin=IC1-4
Added Pin To Net: NetName=UTX2 Pin=U19-50
Added Net: Name=UTX2
Added Pin To Net: NetName=UTX3 Pin=U19-48
Added Net: Name=UTX3
Added Pin To Net: NetName=XTAL1 Pin=4M-1
Added Pin To Net: NetName=XTAL1 Pin=C81-1
Added Pin To Net: NetName=XTAL1 Pin=U19-64
Added Net: Name=XTAL1
Added Pin To Net: NetName=XTAL2 Pin=4M-2
Added Pin To Net: NetName=XTAL2 Pin=C82-1
Added Pin To Net: NetName=XTAL2 Pin=U19-63
Added Net: Name=XTAL2
Added Class: Name=U_数字部分
Added Member To Class: ClassName=DI1 Member=Component U17_DI1 (U17) AD628
Added Member To Class: ClassName=DI2 Member=Component U17_DI2 (U17) AD628
Added Member To Class: ClassName=DI3 Member=Component U17_DI3 (U17) AD628
Added Member To Class: ClassName=DI4 Member=Component U17_DI4 (U17) AD628
Added Member To Class: ClassName=DI5 Member=Component U17_DI5 (U17) AD628
Added Member To Class: ClassName=DI6 Member=Component U17_DI6 (U17) AD628
Added Member To Class: ClassName=DI7 Member=Component U17_DI7 (U17) AD628
Added Member To Class: ClassName=DI8 Member=Component U17_DI8 (U17) AD628
Added Room: Name=U_数字部分
Added Room: Name=U_电池电压检测
Added Room: Name=U_电源
