Removed Pin From Net: NetName=C0 Pin=A9-2
Removed Pin From Net: NetName=C1 Pin=A9-4
Removed Pin From Net: NetName=C2 Pin=A9-6
Removed Pin From Net: NetName=C3 Pin=A9-8
Removed Pin From Net: NetName=C4 Pin=A10-2
Removed Pin From Net: NetName=C5 Pin=A10-4
Removed Pin From Net: NetName=C6 Pin=A10-6
Removed Pin From Net: NetName=C7 Pin=A10-8
Removed Pin From Net: NetName=C8 Pin=A11-2
Removed Pin From Net: NetName=C9 Pin=A11-4
Removed Pin From Net: NetName=C10 Pin=A11-6
Removed Pin From Net: NetName=C11 Pin=A11-8
Removed Pin From Net: NetName=C12 Pin=A12-2
Removed Pin From Net: NetName=C13 Pin=A12-4
Removed Pin From Net: NetName=C14 Pin=A12-6
Removed Pin From Net: NetName=C15 Pin=A12-8
Removed Pin From Net: NetName=C16 Pin=A13-2
Removed Pin From Net: NetName=C17 Pin=A13-4
Removed Pin From Net: NetName=C18 Pin=A13-6
Removed Pin From Net: NetName=C19 Pin=A13-8
Removed Pin From Net: NetName=C20 Pin=A14-2
Removed Pin From Net: NetName=C21 Pin=A14-4
Removed Pin From Net: NetName=C22 Pin=A14-6
Removed Pin From Net: NetName=C23 Pin=A14-8
Removed Pin From Net: NetName=C24 Pin=A15-2
Removed Pin From Net: NetName=C25 Pin=A15-4
Removed Pin From Net: NetName=C26 Pin=A15-6
Removed Pin From Net: NetName=C27 Pin=A15-8
Removed Pin From Net: NetName=C28 Pin=A16-2
Removed Pin From Net: NetName=C29 Pin=A16-4
Removed Pin From Net: NetName=C30 Pin=A16-6
Removed Pin From Net: NetName=C31 Pin=A16-8
Removed Pin From Net: NetName=NetA9_1 Pin=DB1-3
Removed Pin From Net: NetName=NetA9_5 Pin=DB1-4
Removed Pin From Net: NetName=NetA10_1 Pin=DB1-5
Removed Pin From Net: NetName=NetA10_5 Pin=DB1-6
Removed Pin From Net: NetName=NetA11_1 Pin=DB1-7
Removed Pin From Net: NetName=NetA11_5 Pin=DB1-8
Removed Pin From Net: NetName=NetA12_1 Pin=DB1-9
Removed Pin From Net: NetName=NetA12_5 Pin=DB1-10
Removed Pin From Net: NetName=NetA13_1 Pin=DB1-11
Removed Pin From Net: NetName=NetA13_5 Pin=DB1-12
Removed Pin From Net: NetName=NetA14_1 Pin=DB1-13
Removed Pin From Net: NetName=NetA14_5 Pin=DB1-14
Removed Pin From Net: NetName=NetA15_1 Pin=DB1-15
Removed Pin From Net: NetName=NetA15_5 Pin=DB1-16
Removed Pin From Net: NetName=NetA16_1 Pin=DB1-17
Removed Pin From Net: NetName=NetA16_5 Pin=DB1-18
Removed Pin From Net: NetName=NetA9_3 Pin=DB1-22
Removed Pin From Net: NetName=NetA9_7 Pin=DB1-23
Removed Pin From Net: NetName=NetA10_3 Pin=DB1-24
Removed Pin From Net: NetName=NetA10_7 Pin=DB1-25
Removed Pin From Net: NetName=NetA11_3 Pin=DB1-26
Removed Pin From Net: NetName=NetA11_7 Pin=DB1-27
Removed Pin From Net: NetName=NetA12_3 Pin=DB1-28
Removed Pin From Net: NetName=NetA12_7 Pin=DB1-29
Removed Pin From Net: NetName=NetA13_3 Pin=DB1-30
Removed Pin From Net: NetName=NetA13_7 Pin=DB1-31
Removed Pin From Net: NetName=NetA14_3 Pin=DB1-32
Removed Pin From Net: NetName=NetA14_7 Pin=DB1-33
Removed Pin From Net: NetName=NetA15_3 Pin=DB1-34
Removed Pin From Net: NetName=NetA15_7 Pin=DB1-35
Removed Pin From Net: NetName=NetA16_3 Pin=DB1-36
Removed Pin From Net: NetName=NetA16_7 Pin=DB1-37
Removed Pin From Net: NetName=C32 Pin=R118-1
Added Pin To Net: NetName=C1 Pin=A9-2
Added Pin To Net: NetName=C2 Pin=A9-4
Added Pin To Net: NetName=C3 Pin=A9-6
Added Pin To Net: NetName=C4 Pin=A9-8
Added Pin To Net: NetName=C5 Pin=A10-2
Added Pin To Net: NetName=C6 Pin=A10-4
Added Pin To Net: NetName=C7 Pin=A10-6
Added Pin To Net: NetName=C8 Pin=A10-8
Added Pin To Net: NetName=C9 Pin=A11-2
Added Pin To Net: NetName=C10 Pin=A11-4
Added Pin To Net: NetName=C11 Pin=A11-6
Added Pin To Net: NetName=C12 Pin=A11-8
Added Pin To Net: NetName=C13 Pin=A12-2
Added Pin To Net: NetName=C14 Pin=A12-4
Added Pin To Net: NetName=C15 Pin=A12-6
Added Pin To Net: NetName=C16 Pin=A12-8
Added Pin To Net: NetName=C17 Pin=A13-2
Added Pin To Net: NetName=C18 Pin=A13-4
Added Pin To Net: NetName=C19 Pin=A13-6
Added Pin To Net: NetName=C20 Pin=A13-8
Added Pin To Net: NetName=C21 Pin=A14-2
Added Pin To Net: NetName=C22 Pin=A14-4
Added Pin To Net: NetName=C23 Pin=A14-6
Added Pin To Net: NetName=C24 Pin=A14-8
Added Pin To Net: NetName=C25 Pin=A15-2
Added Pin To Net: NetName=C26 Pin=A15-4
Added Pin To Net: NetName=C27 Pin=A15-6
Added Pin To Net: NetName=C28 Pin=A15-8
Added Pin To Net: NetName=C29 Pin=A16-2
Added Pin To Net: NetName=C30 Pin=A16-4
Added Pin To Net: NetName=C31 Pin=A16-6
Added Pin To Net: NetName=C32 Pin=A16-8
Added Pin To Net: NetName=NetA9_3 Pin=DB1-4
Added Pin To Net: NetName=NetA9_7 Pin=DB1-5
Added Pin To Net: NetName=NetA10_3 Pin=DB1-6
Added Pin To Net: NetName=NetA10_7 Pin=DB1-7
Added Pin To Net: NetName=NetA11_3 Pin=DB1-8
Added Pin To Net: NetName=NetA11_7 Pin=DB1-9
Added Pin To Net: NetName=NetA12_3 Pin=DB1-10
Added Pin To Net: NetName=NetA12_7 Pin=DB1-11
Added Pin To Net: NetName=NetA13_3 Pin=DB1-12
Added Pin To Net: NetName=NetA13_7 Pin=DB1-13
Added Pin To Net: NetName=NetA14_3 Pin=DB1-14
Added Pin To Net: NetName=NetA14_7 Pin=DB1-15
Added Pin To Net: NetName=NetA15_3 Pin=DB1-16
Added Pin To Net: NetName=NetA15_7 Pin=DB1-17
Added Pin To Net: NetName=NetA16_3 Pin=DB1-18
Added Pin To Net: NetName=NetA16_7 Pin=DB1-19
Added Pin To Net: NetName=NetA9_1 Pin=DB1-22
Added Pin To Net: NetName=NetA9_5 Pin=DB1-23
Added Pin To Net: NetName=NetA10_1 Pin=DB1-24
Added Pin To Net: NetName=NetA10_5 Pin=DB1-25
Added Pin To Net: NetName=NetA11_1 Pin=DB1-26
Added Pin To Net: NetName=NetA11_5 Pin=DB1-27
Added Pin To Net: NetName=NetA12_1 Pin=DB1-28
Added Pin To Net: NetName=NetA12_5 Pin=DB1-29
Added Pin To Net: NetName=NetA13_1 Pin=DB1-30
Added Pin To Net: NetName=NetA13_5 Pin=DB1-31
Added Pin To Net: NetName=NetA14_1 Pin=DB1-32
Added Pin To Net: NetName=NetA14_5 Pin=DB1-33
Added Pin To Net: NetName=NetA15_1 Pin=DB1-34
Added Pin To Net: NetName=NetA15_5 Pin=DB1-35
Added Pin To Net: NetName=NetA16_1 Pin=DB1-36
Added Pin To Net: NetName=NetA16_5 Pin=DB1-37
Added Pin To Net: NetName=C0 Pin=R118-1
Added Pin To Net: NetName=NetDB1_3 Pin=DB1-3
Added Pin To Net: NetName=NetDB1_3 Pin=R118-2
Added Net: Name=NetDB1_3
