Removed Pin From Net: NetName=CL1 Pin=C2_DI1-2
Removed Pin From Net: NetName=CH1 Pin=C2_DI2-2
Removed Pin From Net: NetName=CH2 Pin=C2_DI3-2
Removed Pin From Net: NetName=CH3 Pin=C2_DI4-2
Removed Pin From Net: NetName=CH4 Pin=C2_DI5-2
Removed Pin From Net: NetName=CH5 Pin=C2_DI6-2
Removed Pin From Net: NetName=CH6 Pin=C2_DI7-2
Removed Pin From Net: NetName=CH7 Pin=C2_DI8-2
Removed Pin From Net: NetName=CH8 Pin=C2_DI9-2
Removed Pin From Net: NetName=CH9 Pin=C2_DI10-2
Removed Pin From Net: NetName=CH10 Pin=C2_DI11-2
Removed Pin From Net: NetName=CH11 Pin=C2_DI12-2
Removed Pin From Net: NetName=CH12 Pin=C2_DI13-2
Removed Pin From Net: NetName=CH13 Pin=C2_DI14-2
Removed Pin From Net: NetName=CH14 Pin=C2_DI15-2
Removed Pin From Net: NetName=CH15 Pin=C2_DI16-2
Removed Pin From Net: NetName=CH16 Pin=C2_DI17-2
Removed Pin From Net: NetName=CH17 Pin=C2_DI18-2
Removed Pin From Net: NetName=CH18 Pin=C2_DI19-2
Removed Pin From Net: NetName=CH19 Pin=C2_DI20-2
Removed Pin From Net: NetName=CH20 Pin=C2_DI21-2
Removed Pin From Net: NetName=CH21 Pin=C2_DI22-2
Removed Pin From Net: NetName=CH22 Pin=C2_DI23-2
Removed Pin From Net: NetName=CH23 Pin=C2_DI24-2
Removed Pin From Net: NetName=CH24 Pin=C2_DI25-2
Removed Pin From Net: NetName=CH25 Pin=C2_DI26-2
Removed Pin From Net: NetName=CH26 Pin=C2_DI27-2
Removed Pin From Net: NetName=CH27 Pin=C2_DI28-2
Removed Pin From Net: NetName=CH28 Pin=C2_DI29-2
Removed Pin From Net: NetName=CH29 Pin=C2_DI30-2
Removed Pin From Net: NetName=CH30 Pin=C2_DI31-2
Removed Pin From Net: NetName=CH31 Pin=C2_DI32-2
Removed Pin From Net: NetName=CL1 Pin=DB-1
Removed Pin From Net: NetName=CH2 Pin=DB-2
Removed Pin From Net: NetName=CH4 Pin=DB-3
Removed Pin From Net: NetName=CH6 Pin=DB-4
Removed Pin From Net: NetName=CH8 Pin=DB-5
Removed Pin From Net: NetName=CH10 Pin=DB-6
Removed Pin From Net: NetName=CH12 Pin=DB-7
Removed Pin From Net: NetName=CH14 Pin=DB-8
Removed Pin From Net: NetName=CH16 Pin=DB-9
Removed Pin From Net: NetName=CH18 Pin=DB-10
Removed Pin From Net: NetName=CH20 Pin=DB-11
Removed Pin From Net: NetName=CH22 Pin=DB-12
Removed Pin From Net: NetName=CH24 Pin=DB-13
Removed Pin From Net: NetName=CH26 Pin=DB-14
Removed Pin From Net: NetName=CH28 Pin=DB-15
Removed Pin From Net: NetName=CH30 Pin=DB-16
Removed Pin From Net: NetName=CH32 Pin=DB-17
Removed Pin From Net: NetName=CH1 Pin=DB-20
Removed Pin From Net: NetName=CH3 Pin=DB-21
Removed Pin From Net: NetName=CH5 Pin=DB-22
Removed Pin From Net: NetName=CH7 Pin=DB-23
Removed Pin From Net: NetName=CH9 Pin=DB-24
Removed Pin From Net: NetName=CH11 Pin=DB-25
Removed Pin From Net: NetName=CH13 Pin=DB-26
Removed Pin From Net: NetName=CH15 Pin=DB-27
Removed Pin From Net: NetName=CH17 Pin=DB-28
Removed Pin From Net: NetName=CH19 Pin=DB-29
Removed Pin From Net: NetName=CH21 Pin=DB-30
Removed Pin From Net: NetName=CH23 Pin=DB-31
Removed Pin From Net: NetName=CH25 Pin=DB-32
Removed Pin From Net: NetName=CH27 Pin=DB-33
Removed Pin From Net: NetName=CH29 Pin=DB-34
Removed Pin From Net: NetName=CH31 Pin=DB-35
Removed Pin From Net: NetName=CL1 Pin=DB-38
Removed Pin From Net: NetName=CL1 Pin=DB-39
Removed Pin From Net: NetName=CL1 Pin=R1_DI1-2
Removed Pin From Net: NetName=CH1 Pin=R1_DI2-2
Removed Pin From Net: NetName=CH2 Pin=R1_DI3-2
Removed Pin From Net: NetName=CH3 Pin=R1_DI4-2
Removed Pin From Net: NetName=CH4 Pin=R1_DI5-2
Removed Pin From Net: NetName=CH5 Pin=R1_DI6-2
Removed Pin From Net: NetName=CH6 Pin=R1_DI7-2
Removed Pin From Net: NetName=CH7 Pin=R1_DI8-2
Removed Pin From Net: NetName=CH8 Pin=R1_DI9-2
Removed Pin From Net: NetName=CH9 Pin=R1_DI10-2
Removed Pin From Net: NetName=CH10 Pin=R1_DI11-2
Removed Pin From Net: NetName=CH11 Pin=R1_DI12-2
Removed Pin From Net: NetName=CH12 Pin=R1_DI13-2
Removed Pin From Net: NetName=CH13 Pin=R1_DI14-2
Removed Pin From Net: NetName=CH14 Pin=R1_DI15-2
Removed Pin From Net: NetName=CH15 Pin=R1_DI16-2
Removed Pin From Net: NetName=CH16 Pin=R1_DI17-2
Removed Pin From Net: NetName=CH17 Pin=R1_DI18-2
Removed Pin From Net: NetName=CH18 Pin=R1_DI19-2
Removed Pin From Net: NetName=CH19 Pin=R1_DI20-2
Removed Pin From Net: NetName=CH20 Pin=R1_DI21-2
Removed Pin From Net: NetName=CH21 Pin=R1_DI22-2
Removed Pin From Net: NetName=CH22 Pin=R1_DI23-2
Removed Pin From Net: NetName=CH23 Pin=R1_DI24-2
Removed Pin From Net: NetName=CH24 Pin=R1_DI25-2
Removed Pin From Net: NetName=CH25 Pin=R1_DI26-2
Removed Pin From Net: NetName=CH26 Pin=R1_DI27-2
Removed Pin From Net: NetName=CH27 Pin=R1_DI28-2
Removed Pin From Net: NetName=CH28 Pin=R1_DI29-2
Removed Pin From Net: NetName=CH29 Pin=R1_DI30-2
Removed Pin From Net: NetName=CH30 Pin=R1_DI31-2
Removed Pin From Net: NetName=CH31 Pin=R1_DI32-2
Added Component: Designator=D1_DI1(SOT23_N)
Added Component: Designator=D1_DI2(SOT23_N)
Added Component: Designator=D1_DI3(SOT23_N)
Added Component: Designator=D1_DI4(SOT23_N)
Added Component: Designator=D1_DI5(SOT23_N)
Added Component: Designator=D1_DI6(SOT23_N)
Added Component: Designator=D1_DI7(SOT23_N)
Added Component: Designator=D1_DI8(SOT23_N)
Added Component: Designator=D1_DI9(SOT23_N)
Added Component: Designator=D1_DI10(SOT23_N)
Added Component: Designator=D1_DI11(SOT23_N)
Added Component: Designator=D1_DI12(SOT23_N)
Added Component: Designator=D1_DI13(SOT23_N)
Added Component: Designator=D1_DI14(SOT23_N)
Added Component: Designator=D1_DI15(SOT23_N)
Added Component: Designator=D1_DI16(SOT23_N)
Added Component: Designator=D1_DI17(SOT23_N)
Added Component: Designator=D1_DI18(SOT23_N)
Added Component: Designator=D1_DI19(SOT23_N)
Added Component: Designator=D1_DI20(SOT23_N)
Added Component: Designator=D1_DI21(SOT23_N)
Added Component: Designator=D1_DI22(SOT23_N)
Added Component: Designator=D1_DI23(SOT23_N)
Added Component: Designator=D1_DI24(SOT23_N)
Added Component: Designator=D1_DI25(SOT23_N)
Added Component: Designator=D1_DI26(SOT23_N)
Added Component: Designator=D1_DI27(SOT23_N)
Added Component: Designator=D1_DI28(SOT23_N)
Added Component: Designator=D1_DI29(SOT23_N)
Added Component: Designator=D1_DI30(SOT23_N)
Added Component: Designator=D1_DI31(SOT23_N)
Added Component: Designator=D1_DI32(SOT23_N)
Added Pin To Net: NetName=NetC3_DI1_2 Pin=D1_DI1-1
Added Pin To Net: NetName=NetC3_DI1_1 Pin=D1_DI1-2
Added Pin To Net: NetName=NetC3_DI1_1 Pin=D1_DI1-3
Added Pin To Net: NetName=NetC3_DI2_2 Pin=D1_DI2-1
Added Pin To Net: NetName=NetC3_DI2_1 Pin=D1_DI2-2
Added Pin To Net: NetName=NetC3_DI2_1 Pin=D1_DI2-3
Added Pin To Net: NetName=NetC3_DI3_2 Pin=D1_DI3-1
Added Pin To Net: NetName=NetC3_DI3_1 Pin=D1_DI3-2
Added Pin To Net: NetName=NetC3_DI3_1 Pin=D1_DI3-3
Added Pin To Net: NetName=NetC3_DI4_2 Pin=D1_DI4-1
Added Pin To Net: NetName=NetC3_DI4_1 Pin=D1_DI4-2
Added Pin To Net: NetName=NetC3_DI4_1 Pin=D1_DI4-3
Added Pin To Net: NetName=NetC3_DI5_2 Pin=D1_DI5-1
Added Pin To Net: NetName=NetC3_DI5_1 Pin=D1_DI5-2
Added Pin To Net: NetName=NetC3_DI5_1 Pin=D1_DI5-3
Added Pin To Net: NetName=NetC3_DI6_2 Pin=D1_DI6-1
Added Pin To Net: NetName=NetC3_DI6_1 Pin=D1_DI6-2
Added Pin To Net: NetName=NetC3_DI6_1 Pin=D1_DI6-3
Added Pin To Net: NetName=NetC3_DI7_2 Pin=D1_DI7-1
Added Pin To Net: NetName=NetC3_DI7_1 Pin=D1_DI7-2
Added Pin To Net: NetName=NetC3_DI7_1 Pin=D1_DI7-3
Added Pin To Net: NetName=NetC3_DI8_2 Pin=D1_DI8-1
Added Pin To Net: NetName=NetC3_DI8_1 Pin=D1_DI8-2
Added Pin To Net: NetName=NetC3_DI8_1 Pin=D1_DI8-3
Added Pin To Net: NetName=NetC3_DI9_2 Pin=D1_DI9-1
Added Pin To Net: NetName=NetC3_DI9_1 Pin=D1_DI9-2
Added Pin To Net: NetName=NetC3_DI9_1 Pin=D1_DI9-3
Added Pin To Net: NetName=NetC3_DI10_2 Pin=D1_DI10-1
Added Pin To Net: NetName=NetC3_DI10_1 Pin=D1_DI10-2
Added Pin To Net: NetName=NetC3_DI10_1 Pin=D1_DI10-3
Added Pin To Net: NetName=NetC3_DI11_2 Pin=D1_DI11-1
Added Pin To Net: NetName=NetC3_DI11_1 Pin=D1_DI11-2
Added Pin To Net: NetName=NetC3_DI11_1 Pin=D1_DI11-3
Added Pin To Net: NetName=NetC3_DI12_2 Pin=D1_DI12-1
Added Pin To Net: NetName=NetC3_DI12_1 Pin=D1_DI12-2
Added Pin To Net: NetName=NetC3_DI12_1 Pin=D1_DI12-3
Added Pin To Net: NetName=NetC3_DI13_2 Pin=D1_DI13-1
Added Pin To Net: NetName=NetC3_DI13_1 Pin=D1_DI13-2
Added Pin To Net: NetName=NetC3_DI13_1 Pin=D1_DI13-3
Added Pin To Net: NetName=NetC3_DI14_2 Pin=D1_DI14-1
Added Pin To Net: NetName=NetC3_DI14_1 Pin=D1_DI14-2
Added Pin To Net: NetName=NetC3_DI14_1 Pin=D1_DI14-3
Added Pin To Net: NetName=NetC3_DI15_2 Pin=D1_DI15-1
Added Pin To Net: NetName=NetC3_DI15_1 Pin=D1_DI15-2
Added Pin To Net: NetName=NetC3_DI15_1 Pin=D1_DI15-3
Added Pin To Net: NetName=NetC3_DI16_2 Pin=D1_DI16-1
Added Pin To Net: NetName=NetC3_DI16_1 Pin=D1_DI16-2
Added Pin To Net: NetName=NetC3_DI16_1 Pin=D1_DI16-3
Added Pin To Net: NetName=NetC3_DI17_2 Pin=D1_DI17-1
Added Pin To Net: NetName=NetC3_DI17_1 Pin=D1_DI17-2
Added Pin To Net: NetName=NetC3_DI17_1 Pin=D1_DI17-3
Added Pin To Net: NetName=NetC3_DI18_2 Pin=D1_DI18-1
Added Pin To Net: NetName=NetC3_DI18_1 Pin=D1_DI18-2
Added Pin To Net: NetName=NetC3_DI18_1 Pin=D1_DI18-3
Added Pin To Net: NetName=NetC3_DI19_2 Pin=D1_DI19-1
Added Pin To Net: NetName=NetC3_DI19_1 Pin=D1_DI19-2
Added Pin To Net: NetName=NetC3_DI19_1 Pin=D1_DI19-3
Added Pin To Net: NetName=NetC3_DI20_2 Pin=D1_DI20-1
Added Pin To Net: NetName=NetC3_DI20_1 Pin=D1_DI20-2
Added Pin To Net: NetName=NetC3_DI20_1 Pin=D1_DI20-3
Added Pin To Net: NetName=NetC3_DI21_2 Pin=D1_DI21-1
Added Pin To Net: NetName=NetC3_DI21_1 Pin=D1_DI21-2
Added Pin To Net: NetName=NetC3_DI21_1 Pin=D1_DI21-3
Added Pin To Net: NetName=NetC3_DI22_2 Pin=D1_DI22-1
Added Pin To Net: NetName=NetC3_DI22_1 Pin=D1_DI22-2
Added Pin To Net: NetName=NetC3_DI22_1 Pin=D1_DI22-3
Added Pin To Net: NetName=NetC3_DI23_2 Pin=D1_DI23-1
Added Pin To Net: NetName=NetC3_DI23_1 Pin=D1_DI23-2
Added Pin To Net: NetName=NetC3_DI23_1 Pin=D1_DI23-3
Added Pin To Net: NetName=NetC3_DI24_2 Pin=D1_DI24-1
Added Pin To Net: NetName=NetC3_DI24_1 Pin=D1_DI24-2
Added Pin To Net: NetName=NetC3_DI24_1 Pin=D1_DI24-3
Added Pin To Net: NetName=NetC3_DI25_2 Pin=D1_DI25-1
Added Pin To Net: NetName=NetC3_DI25_1 Pin=D1_DI25-2
Added Pin To Net: NetName=NetC3_DI25_1 Pin=D1_DI25-3
Added Pin To Net: NetName=NetC3_DI26_2 Pin=D1_DI26-1
Added Pin To Net: NetName=NetC3_DI26_1 Pin=D1_DI26-2
Added Pin To Net: NetName=NetC3_DI26_1 Pin=D1_DI26-3
Added Pin To Net: NetName=NetC3_DI27_2 Pin=D1_DI27-1
Added Pin To Net: NetName=NetC3_DI27_1 Pin=D1_DI27-2
Added Pin To Net: NetName=NetC3_DI27_1 Pin=D1_DI27-3
Added Pin To Net: NetName=NetC3_DI28_2 Pin=D1_DI28-1
Added Pin To Net: NetName=NetC3_DI28_1 Pin=D1_DI28-2
Added Pin To Net: NetName=NetC3_DI28_1 Pin=D1_DI28-3
Added Pin To Net: NetName=NetC3_DI29_2 Pin=D1_DI29-1
Added Pin To Net: NetName=NetC3_DI29_1 Pin=D1_DI29-2
Added Pin To Net: NetName=NetC3_DI29_1 Pin=D1_DI29-3
Added Pin To Net: NetName=NetC3_DI30_2 Pin=D1_DI30-1
Added Pin To Net: NetName=NetC3_DI30_1 Pin=D1_DI30-2
Added Pin To Net: NetName=NetC3_DI30_1 Pin=D1_DI30-3
Added Pin To Net: NetName=NetC3_DI31_2 Pin=D1_DI31-1
Added Pin To Net: NetName=NetC3_DI31_1 Pin=D1_DI31-2
Added Pin To Net: NetName=NetC3_DI31_1 Pin=D1_DI31-3
Added Pin To Net: NetName=NetC3_DI32_2 Pin=D1_DI32-1
Added Pin To Net: NetName=NetC3_DI32_1 Pin=D1_DI32-2
Added Pin To Net: NetName=NetC3_DI32_1 Pin=D1_DI32-3
Change Net Name : Old Net Name=CL1 New Net Name=GND_1
Added Pin To Net: NetName=CL1 Pin=C2_DI1-2
Added Pin To Net: NetName=CL1 Pin=R1_DI1-2
Added Net: Name=CL1
Added Pin To Net: NetName=CL2 Pin=C2_DI2-2
Added Pin To Net: NetName=CL2 Pin=R1_DI2-2
Added Net: Name=CL2
Added Pin To Net: NetName=CL3 Pin=C2_DI3-2
Added Pin To Net: NetName=CL3 Pin=R1_DI3-2
Added Net: Name=CL3
Added Pin To Net: NetName=CL4 Pin=C2_DI4-2
Added Pin To Net: NetName=CL4 Pin=R1_DI4-2
Added Net: Name=CL4
Added Pin To Net: NetName=CL5 Pin=C2_DI5-2
Added Pin To Net: NetName=CL5 Pin=R1_DI5-2
Added Net: Name=CL5
Added Pin To Net: NetName=CL6 Pin=C2_DI6-2
Added Pin To Net: NetName=CL6 Pin=R1_DI6-2
Added Net: Name=CL6
Added Pin To Net: NetName=CL7 Pin=C2_DI7-2
Added Pin To Net: NetName=CL7 Pin=R1_DI7-2
Added Net: Name=CL7
Added Pin To Net: NetName=CL8 Pin=C2_DI8-2
Added Pin To Net: NetName=CL8 Pin=R1_DI8-2
Added Net: Name=CL8
Added Pin To Net: NetName=CL9 Pin=C2_DI9-2
Added Pin To Net: NetName=CL9 Pin=R1_DI9-2
Added Net: Name=CL9
Added Pin To Net: NetName=CL10 Pin=C2_DI10-2
Added Pin To Net: NetName=CL10 Pin=R1_DI10-2
Added Net: Name=CL10
Added Pin To Net: NetName=CL11 Pin=C2_DI11-2
Added Pin To Net: NetName=CL11 Pin=R1_DI11-2
Added Net: Name=CL11
Added Pin To Net: NetName=CL12 Pin=C2_DI12-2
Added Pin To Net: NetName=CL12 Pin=R1_DI12-2
Added Net: Name=CL12
Added Pin To Net: NetName=CL13 Pin=C2_DI13-2
Added Pin To Net: NetName=CL13 Pin=R1_DI13-2
Added Net: Name=CL13
Added Pin To Net: NetName=CL14 Pin=C2_DI14-2
Added Pin To Net: NetName=CL14 Pin=R1_DI14-2
Added Net: Name=CL14
Added Pin To Net: NetName=CL15 Pin=C2_DI15-2
Added Pin To Net: NetName=CL15 Pin=R1_DI15-2
Added Net: Name=CL15
Added Pin To Net: NetName=CL16 Pin=C2_DI16-2
Added Pin To Net: NetName=CL16 Pin=R1_DI16-2
Added Net: Name=CL16
Added Pin To Net: NetName=CL17 Pin=C2_DI17-2
Added Pin To Net: NetName=CL17 Pin=R1_DI17-2
Added Net: Name=CL17
Added Pin To Net: NetName=CL18 Pin=C2_DI18-2
Added Pin To Net: NetName=CL18 Pin=R1_DI18-2
Added Net: Name=CL18
Added Pin To Net: NetName=CL19 Pin=C2_DI19-2
Added Pin To Net: NetName=CL19 Pin=R1_DI19-2
Added Net: Name=CL19
Added Pin To Net: NetName=CL20 Pin=C2_DI20-2
Added Pin To Net: NetName=CL20 Pin=R1_DI20-2
Added Net: Name=CL20
Added Pin To Net: NetName=CL21 Pin=C2_DI21-2
Added Pin To Net: NetName=CL21 Pin=R1_DI21-2
Added Net: Name=CL21
Added Pin To Net: NetName=CL22 Pin=C2_DI22-2
Added Pin To Net: NetName=CL22 Pin=R1_DI22-2
Added Net: Name=CL22
Added Pin To Net: NetName=CL23 Pin=C2_DI23-2
Added Pin To Net: NetName=CL23 Pin=R1_DI23-2
Added Net: Name=CL23
Added Pin To Net: NetName=CL24 Pin=C2_DI24-2
Added Pin To Net: NetName=CL24 Pin=R1_DI24-2
Added Net: Name=CL24
Added Pin To Net: NetName=CL25 Pin=C2_DI25-2
Added Pin To Net: NetName=CL25 Pin=R1_DI25-2
Added Net: Name=CL25
Added Pin To Net: NetName=CL26 Pin=C2_DI26-2
Added Pin To Net: NetName=CL26 Pin=R1_DI26-2
Added Net: Name=CL26
Added Pin To Net: NetName=CL27 Pin=C2_DI27-2
Added Pin To Net: NetName=CL27 Pin=R1_DI27-2
Added Net: Name=CL27
Added Pin To Net: NetName=CL28 Pin=C2_DI28-2
Added Pin To Net: NetName=CL28 Pin=R1_DI28-2
Added Net: Name=CL28
Added Pin To Net: NetName=CL29 Pin=C2_DI29-2
Added Pin To Net: NetName=CL29 Pin=R1_DI29-2
Added Net: Name=CL29
Added Pin To Net: NetName=CL30 Pin=C2_DI30-2
Added Pin To Net: NetName=CL30 Pin=R1_DI30-2
Added Net: Name=CL30
Added Pin To Net: NetName=CL31 Pin=C2_DI31-2
Added Pin To Net: NetName=CL31 Pin=R1_DI31-2
Added Net: Name=CL31
Added Pin To Net: NetName=CL32 Pin=C2_DI32-2
Added Pin To Net: NetName=CL32 Pin=R1_DI32-2
Added Net: Name=CL32
Added Member To Class: ClassName=DI1 Member=Component D1_DI1 (D1) TVS-sot23-3
Added Member To Class: ClassName=DI2 Member=Component D1_DI2 (D1) TVS-sot23-3
Added Member To Class: ClassName=DI3 Member=Component D1_DI3 (D1) TVS-sot23-3
Added Member To Class: ClassName=DI4 Member=Component D1_DI4 (D1) TVS-sot23-3
Added Member To Class: ClassName=DI5 Member=Component D1_DI5 (D1) TVS-sot23-3
Added Member To Class: ClassName=DI6 Member=Component D1_DI6 (D1) TVS-sot23-3
Added Member To Class: ClassName=DI7 Member=Component D1_DI7 (D1) TVS-sot23-3
Added Member To Class: ClassName=DI8 Member=Component D1_DI8 (D1) TVS-sot23-3
Added Member To Class: ClassName=DI9 Member=Component D1_DI9 (D1) TVS-sot23-3
Added Member To Class: ClassName=DI10 Member=Component D1_DI10 (D1) TVS-sot23-3
Added Member To Class: ClassName=DI11 Member=Component D1_DI11 (D1) TVS-sot23-3
Added Member To Class: ClassName=DI12 Member=Component D1_DI12 (D1) TVS-sot23-3
Added Member To Class: ClassName=DI13 Member=Component D1_DI13 (D1) TVS-sot23-3
Added Member To Class: ClassName=DI14 Member=Component D1_DI14 (D1) TVS-sot23-3
Added Member To Class: ClassName=DI15 Member=Component D1_DI15 (D1) TVS-sot23-3
Added Member To Class: ClassName=DI16 Member=Component D1_DI16 (D1) TVS-sot23-3
Added Member To Class: ClassName=DI17 Member=Component D1_DI17 (D1) TVS-sot23-3
Added Member To Class: ClassName=DI18 Member=Component D1_DI18 (D1) TVS-sot23-3
Added Member To Class: ClassName=DI19 Member=Component D1_DI19 (D1) TVS-sot23-3
Added Member To Class: ClassName=DI20 Member=Component D1_DI20 (D1) TVS-sot23-3
Added Member To Class: ClassName=DI21 Member=Component D1_DI21 (D1) TVS-sot23-3
Added Member To Class: ClassName=DI22 Member=Component D1_DI22 (D1) TVS-sot23-3
Added Member To Class: ClassName=DI23 Member=Component D1_DI23 (D1) TVS-sot23-3
Added Member To Class: ClassName=DI24 Member=Component D1_DI24 (D1) TVS-sot23-3
Added Member To Class: ClassName=DI25 Member=Component D1_DI25 (D1) TVS-sot23-3
Added Member To Class: ClassName=DI26 Member=Component D1_DI26 (D1) TVS-sot23-3
Added Member To Class: ClassName=DI27 Member=Component D1_DI27 (D1) TVS-sot23-3
Added Member To Class: ClassName=DI28 Member=Component D1_DI28 (D1) TVS-sot23-3
Added Member To Class: ClassName=DI29 Member=Component D1_DI29 (D1) TVS-sot23-3
Added Member To Class: ClassName=DI30 Member=Component D1_DI30 (D1) TVS-sot23-3
Added Member To Class: ClassName=DI31 Member=Component D1_DI31 (D1) TVS-sot23-3
Added Member To Class: ClassName=DI32 Member=Component D1_DI32 (D1) TVS-sot23-3
Added Member To Class: ClassName=CL[1..32] Member=Element[2]: CL
Added Member To Class: ClassName=CL[1..32] Member=Element[3]: CL
Added Member To Class: ClassName=CL[1..32] Member=Element[4]: CL
Added Member To Class: ClassName=CL[1..32] Member=Element[5]: CL
Added Member To Class: ClassName=CL[1..32] Member=Element[6]: CL
Added Member To Class: ClassName=CL[1..32] Member=Element[7]: CL
Added Member To Class: ClassName=CL[1..32] Member=Element[8]: CL
Added Member To Class: ClassName=CL[1..32] Member=Element[9]: CL
Added Member To Class: ClassName=CL[1..32] Member=Element[10]: CL
Added Member To Class: ClassName=CL[1..32] Member=Element[11]: CL
Added Member To Class: ClassName=CL[1..32] Member=Element[12]: CL
Added Member To Class: ClassName=CL[1..32] Member=Element[13]: CL
Added Member To Class: ClassName=CL[1..32] Member=Element[14]: CL
Added Member To Class: ClassName=CL[1..32] Member=Element[15]: CL
Added Member To Class: ClassName=CL[1..32] Member=Element[16]: CL
Added Member To Class: ClassName=CL[1..32] Member=Element[17]: CL
Added Member To Class: ClassName=CL[1..32] Member=Element[18]: CL
Added Member To Class: ClassName=CL[1..32] Member=Element[19]: CL
Added Member To Class: ClassName=CL[1..32] Member=Element[20]: CL
Added Member To Class: ClassName=CL[1..32] Member=Element[21]: CL
Added Member To Class: ClassName=CL[1..32] Member=Element[22]: CL
Added Member To Class: ClassName=CL[1..32] Member=Element[23]: CL
Added Member To Class: ClassName=CL[1..32] Member=Element[24]: CL
Added Member To Class: ClassName=CL[1..32] Member=Element[25]: CL
Added Member To Class: ClassName=CL[1..32] Member=Element[26]: CL
Added Member To Class: ClassName=CL[1..32] Member=Element[27]: CL
Added Member To Class: ClassName=CL[1..32] Member=Element[28]: CL
Added Member To Class: ClassName=CL[1..32] Member=Element[29]: CL
Added Member To Class: ClassName=CL[1..32] Member=Element[30]: CL
Added Member To Class: ClassName=CL[1..32] Member=Element[31]: CL
Added Member To Class: ClassName=CL[1..32] Member=Element[32]: CL
