Removed Pin From Net: NetName=CL1 Pin=R15_DI1-2
Removed Pin From Net: NetName=NetC22_DI2_2 Pin=R15_DI2-1
Removed Pin From Net: NetName=NetC22_DI3_2 Pin=R15_DI3-1
Removed Pin From Net: NetName=NetC22_DI4_2 Pin=R15_DI4-1
Removed Pin From Net: NetName=CL5 Pin=R15_DI5-2
Removed Pin From Net: NetName=NetC22_DI6_2 Pin=R15_DI6-1
Removed Pin From Net: NetName=NetC22_DI7_2 Pin=R15_DI7-1
Removed Pin From Net: NetName=CL8 Pin=R15_DI8-2
Removed Pin From Net: NetName=NetC22_DI1_1 Pin=R17_DI1-1
Removed Pin From Net: NetName=NetC22_DI2_1 Pin=R17_DI2-1
Removed Pin From Net: NetName=CH3 Pin=R17_DI3-2
Removed Pin From Net: NetName=CH4 Pin=R17_DI4-2
Removed Pin From Net: NetName=NetC22_DI5_1 Pin=R17_DI5-1
Removed Pin From Net: NetName=NetC22_DI6_1 Pin=R17_DI6-1
Removed Pin From Net: NetName=CH7 Pin=R17_DI7-2
Removed Pin From Net: NetName=CH8 Pin=R17_DI8-2
Removed Member From Class: ClassName=DI1 Member=R15_DI1
Removed Member From Class: ClassName=DI2 Member=R15_DI2
Removed Member From Class: ClassName=DI3 Member=R15_DI3
Removed Member From Class: ClassName=DI4 Member=R15_DI4
Removed Member From Class: ClassName=DI5 Member=R15_DI5
Removed Member From Class: ClassName=DI6 Member=R15_DI6
Removed Member From Class: ClassName=DI7 Member=R15_DI7
Removed Member From Class: ClassName=DI8 Member=R15_DI8
Removed Member From Class: ClassName=DI1 Member=R17_DI1
Removed Member From Class: ClassName=DI2 Member=R17_DI2
Removed Member From Class: ClassName=DI3 Member=R17_DI3
Removed Member From Class: ClassName=DI4 Member=R17_DI4
Removed Member From Class: ClassName=DI5 Member=R17_DI5
Removed Member From Class: ClassName=DI6 Member=R17_DI6
Removed Member From Class: ClassName=DI7 Member=R17_DI7
Removed Member From Class: ClassName=DI8 Member=R17_DI8
Added Pin To Net: NetName=NetC22_DI1_1 Pin=C20_DI1-1
Added Pin To Net: NetName=NetC22_DI2_1 Pin=C20_DI2-1
Added Pin To Net: NetName=NetC22_DI2_2 Pin=C20_DI2-2
Added Pin To Net: NetName=NetC22_DI3_2 Pin=C20_DI3-2
Added Pin To Net: NetName=NetC22_DI4_2 Pin=C20_DI4-2
Added Pin To Net: NetName=NetC22_DI5_1 Pin=C20_DI5-1
Added Pin To Net: NetName=NetC22_DI6_1 Pin=C20_DI6-1
Added Pin To Net: NetName=NetC22_DI6_2 Pin=C20_DI6-2
Added Pin To Net: NetName=NetC22_DI7_2 Pin=C20_DI7-2
Added Pin To Net: NetName=NetC22_DI1_1 Pin=C21_DI1-1
Added Pin To Net: NetName=NetC22_DI2_1 Pin=C21_DI2-1
Added Pin To Net: NetName=NetC22_DI2_2 Pin=C21_DI2-2
Added Pin To Net: NetName=NetC22_DI3_2 Pin=C21_DI3-2
Added Pin To Net: NetName=NetC22_DI4_2 Pin=C21_DI4-2
Added Pin To Net: NetName=NetC22_DI5_1 Pin=C21_DI5-1
Added Pin To Net: NetName=NetC22_DI6_1 Pin=C21_DI6-1
Added Pin To Net: NetName=NetC22_DI6_2 Pin=C21_DI6-2
Added Pin To Net: NetName=NetC22_DI7_2 Pin=C21_DI7-2
Added Pin To Net: NetName=CL1 Pin=C22_DI1-2
Added Pin To Net: NetName=CH3 Pin=C22_DI3-1
Added Pin To Net: NetName=CH4 Pin=C22_DI4-1
Added Pin To Net: NetName=CL5 Pin=C22_DI5-2
Added Pin To Net: NetName=CH7 Pin=C22_DI7-1
Added Pin To Net: NetName=CH8 Pin=C22_DI8-1
Added Pin To Net: NetName=CL8 Pin=C22_DI8-2
Added Pin To Net: NetName=CL1 Pin=D1_DI1-1
Added Pin To Net: NetName=CH3 Pin=D1_DI3-2
Added Pin To Net: NetName=CH4 Pin=D1_DI4-2
Added Pin To Net: NetName=CL5 Pin=D1_DI5-1
Added Pin To Net: NetName=CH7 Pin=D1_DI7-2
Added Pin To Net: NetName=CL8 Pin=D1_DI8-1
Added Pin To Net: NetName=CH8 Pin=D1_DI8-2
Added Pin To Net: NetName=CL1 Pin=R16_DI1-2
Added Pin To Net: NetName=CL5 Pin=R16_DI5-2
Added Pin To Net: NetName=CL8 Pin=R16_DI8-2
Added Pin To Net: NetName=CH3 Pin=R18_DI3-2
Added Pin To Net: NetName=CH4 Pin=R18_DI4-2
Added Pin To Net: NetName=CH7 Pin=R18_DI7-2
Added Pin To Net: NetName=CH8 Pin=R18_DI8-2
Added Pin To Net: NetName=NetC22_DI2_1 Pin=U2-8
Added Pin To Net: NetName=NetC22_DI2_2 Pin=U2-9
Added Pin To Net: NetName=NetC22_DI3_2 Pin=U3-9
Added Pin To Net: NetName=NetC22_DI5_1 Pin=U4-8
Added Pin To Net: NetName=NetC22_DI7_2 Pin=U5-9
Added Pin To Net: NetName=NetC22_DI6_1 Pin=U6-8
Added Pin To Net: NetName=NetC22_DI6_2 Pin=U6-9
Added Pin To Net: NetName=NetC22_DI4_2 Pin=U7-9
Added Pin To Net: NetName=NetC22_DI1_1 Pin=U8-8
Change Net Name : Old Net Name=NetC22_DI1_1 New Net Name=CH1
Change Net Name : Old Net Name=NetC22_DI2_1 New Net Name=CH2
Change Net Name : Old Net Name=NetC22_DI2_2 New Net Name=CL2
Change Net Name : Old Net Name=NetC22_DI3_2 New Net Name=CL3
Change Net Name : Old Net Name=NetC22_DI4_2 New Net Name=CL4
Change Net Name : Old Net Name=NetC22_DI5_1 New Net Name=CH5
Change Net Name : Old Net Name=NetC22_DI6_1 New Net Name=CH6
Change Net Name : Old Net Name=NetC22_DI6_2 New Net Name=CL6
Change Net Name : Old Net Name=NetC22_DI7_2 New Net Name=CL7
