Removed Pin From Net: NetName=GND_0 Pin=C35-1
Removed Pin From Net: NetName=24V Pin=C35-2
Removed Pin From Net: NetName=NetC600_1 Pin=C600-1
Removed Pin From Net: NetName=GND_1 Pin=C600-2
Removed Pin From Net: NetName=-5V_1 Pin=C610-1
Removed Pin From Net: NetName=GND_1 Pin=C610-2
Removed Pin From Net: NetName=NetR35_1 Pin=R35-1
Removed Pin From Net: NetName=GND_1 Pin=R35-2
Removed Member From Class: ClassName=U_电源 Member=C35
Added Component: Designator=C70(C1210)
Added Component: Designator=C600(3216)
Added Component: Designator=C610(3216)
Added Component: Designator=R35(0805R)
Added Pin To Net: NetName=GND_0 Pin=C70-1
Added Pin To Net: NetName=24V Pin=C70-2
Added Pin To Net: NetName=NetC600_1 Pin=C600-1
Added Pin To Net: NetName=GND_1 Pin=C600-2
Added Pin To Net: NetName=-5V_1 Pin=C610-1
Added Pin To Net: NetName=GND_1 Pin=C610-2
Added Pin To Net: NetName=NetR35_1 Pin=R35-1
Added Pin To Net: NetName=GND_1 Pin=R35-2
Added Member To Class: ClassName=U_电源 Member=Component C70 Cap
