Removed Pin From Net: NetName=AGND_2 Pin=C6-2
Removed Pin From Net: NetName=AGND_2 Pin=C7-2
Removed Pin From Net: NetName=AGND_2 Pin=U21-2
Added Component: Designator=C5(0805C)
Added Component: Designator=C103(0805C)
Added Component: Designator=C207(AXIAL-0.3)
Added Component: Designator=R180(0805R)
Added Component: Designator=R181(0805R)
Added Pin To Net: NetName=AGND_2 Pin=C5-1
Added Pin To Net: NetName=+6V_2 Pin=C5-2
Added Pin To Net: NetName=DGND_2 Pin=C6-2
Added Pin To Net: NetName=DGND_2 Pin=C7-2
Added Pin To Net: NetName=+AVCC_2 Pin=C103-1
Added Pin To Net: NetName=AGND_2 Pin=C103-2
Added Pin To Net: NetName=AVCC_2 Pin=C110-2
Added Pin To Net: NetName=AVCC_2 Pin=C118-2
Added Pin To Net: NetName=AVCC_2 Pin=C119-2
Added Pin To Net: NetName=AVCC_2 Pin=C120-2
Added Pin To Net: NetName=AVCC_2 Pin=C125-2
Added Pin To Net: NetName=AVCC_2 Pin=C127-2
Added Pin To Net: NetName=AVCC_2 Pin=C130-2
Added Pin To Net: NetName=AVCC_2 Pin=C131-2
Added Pin To Net: NetName=+AVCC_2 Pin=C207-2
Added Pin To Net: NetName=+DVCC_2 Pin=R180-1
Added Pin To Net: NetName=+AVCC_2 Pin=R181-2
Added Pin To Net: NetName=DGND_2 Pin=U21-2
Added Pin To Net: NetName=AVCC_2 Pin=U23-5
Added Pin To Net: NetName=AVCC_2 Pin=U24-5
Added Pin To Net: NetName=AVCC_2 Pin=U25-5
Added Pin To Net: NetName=AVCC_2 Pin=U26-5
Change Net Name : Old Net Name=+DVCC_2 New Net Name=NetC6_1
Change Net Name : Old Net Name=AVCC_2 New Net Name=+5V_2
Added Pin To Net: NetName=+DVCC_2 Pin=C207-1
Added Pin To Net: NetName=+DVCC_2 Pin=R180-2
Added Pin To Net: NetName=+DVCC_2 Pin=R181-1
Added Net: Name=+DVCC_2
Added Member To Class: ClassName=U_电源 Member=Component C5 1uF
Added Member To Class: ClassName=U_电源 Member=Component C103 1uF
Added Member To Class: ClassName=U_电源 Member=Component C207 1uF
Added Member To Class: ClassName=U_电源 Member=Component R180 Res2
Added Member To Class: ClassName=U_电源 Member=Component R181 Res2
