Removed Pin From Net: NetName=3.3V Pin=C179-2
Removed Pin From Net: NetName=3.3V Pin=C180-2
Removed Pin From Net: NetName=3.3V Pin=C181-2
Removed Pin From Net: NetName=3.3V Pin=C182-2
Removed Pin From Net: NetName=3.3V Pin=C183-2
Removed Pin From Net: NetName=5V Pin=C184-2
Removed Pin From Net: NetName=5V Pin=C185-2
Removed Pin From Net: NetName=5V Pin=M1-1
Removed Pin From Net: NetName=5V Pin=P6-1
Removed Pin From Net: NetName=5V Pin=P7-1
Removed Pin From Net: NetName=5V Pin=R157-2
Removed Pin From Net: NetName=5V Pin=R158-2
Removed Pin From Net: NetName=5V Pin=R159-2
Removed Pin From Net: NetName=5V Pin=R160-2
Removed Pin From Net: NetName=GND Pin=U19-0
Removed Pin From Net: NetName=3.3V Pin=U32-5
Removed Pin From Net: NetName=3.3V Pin=U33-5
Removed Pin From Net: NetName=3.3V Pin=U34-5
Removed Pin From Net: NetName=3.3V Pin=U35-5
Removed Pin From Net: NetName=3.3V Pin=U36-5
Added Pin To Net: NetName=5V_0 Pin=C179-2
Added Pin To Net: NetName=5V_0 Pin=C180-2
Added Pin To Net: NetName=5V_0 Pin=C181-2
Added Pin To Net: NetName=5V_0 Pin=C182-2
Added Pin To Net: NetName=5V_0 Pin=C183-2
Added Pin To Net: NetName=5V_0 Pin=C184-2
Added Pin To Net: NetName=5V_0 Pin=C185-2
Added Pin To Net: NetName=5V_0 Pin=M1-1
Added Pin To Net: NetName=5V_0 Pin=P6-1
Added Pin To Net: NetName=5V_0 Pin=P7-1
Added Pin To Net: NetName=5V_0 Pin=R157-2
Added Pin To Net: NetName=5V_0 Pin=R158-2
Added Pin To Net: NetName=5V_0 Pin=R159-2
Added Pin To Net: NetName=5V_0 Pin=R160-2
Added Pin To Net: NetName=5V_0 Pin=U32-5
Added Pin To Net: NetName=5V_0 Pin=U33-5
Added Pin To Net: NetName=5V_0 Pin=U34-5
Added Pin To Net: NetName=5V_0 Pin=U35-5
Added Pin To Net: NetName=5V_0 Pin=U36-5
