Removed Pin From Net: NetName=GND_1 Pin=C1_DI21-2
Removed Pin From Net: NetName=GND_1 Pin=C1_DI22-2
Removed Pin From Net: NetName=GND_1 Pin=C1_DI23-2
Removed Pin From Net: NetName=GND_1 Pin=C1_DI24-2
Removed Pin From Net: NetName=GND_1 Pin=C1_DI25-2
Removed Pin From Net: NetName=GND_1 Pin=C1_DI26-2
Removed Pin From Net: NetName=GND_1 Pin=C1_DI27-2
Removed Pin From Net: NetName=GND_1 Pin=C1_DI28-2
Removed Pin From Net: NetName=GND_1 Pin=C1_DI29-2
Removed Pin From Net: NetName=GND_1 Pin=C1_DI30-2
Removed Pin From Net: NetName=GND_1 Pin=C1_DI31-2
Removed Pin From Net: NetName=GND_1 Pin=C1_DI32-2
Removed Pin From Net: NetName=GND_1 Pin=C5_DI21-1
Removed Pin From Net: NetName=GND_1 Pin=C5_DI22-1
Removed Pin From Net: NetName=GND_1 Pin=C5_DI23-1
Removed Pin From Net: NetName=GND_1 Pin=C5_DI24-1
Removed Pin From Net: NetName=GND_1 Pin=C5_DI25-1
Removed Pin From Net: NetName=GND_1 Pin=C5_DI26-1
Removed Pin From Net: NetName=GND_1 Pin=C5_DI27-1
Removed Pin From Net: NetName=GND_1 Pin=C5_DI28-1
Removed Pin From Net: NetName=GND_1 Pin=C5_DI29-1
Removed Pin From Net: NetName=GND_1 Pin=C5_DI30-1
Removed Pin From Net: NetName=GND_1 Pin=C5_DI31-1
Removed Pin From Net: NetName=GND_1 Pin=C5_DI32-1
Removed Pin From Net: NetName=GND_1 Pin=C6_DI21-1
Removed Pin From Net: NetName=-5V_1 Pin=C6_DI21-2
Removed Pin From Net: NetName=GND_1 Pin=C6_DI22-1
Removed Pin From Net: NetName=-5V_1 Pin=C6_DI22-2
Removed Pin From Net: NetName=GND_1 Pin=C6_DI23-1
Removed Pin From Net: NetName=-5V_1 Pin=C6_DI23-2
Removed Pin From Net: NetName=GND_1 Pin=C6_DI24-1
Removed Pin From Net: NetName=-5V_1 Pin=C6_DI24-2
Removed Pin From Net: NetName=GND_1 Pin=C6_DI25-1
Removed Pin From Net: NetName=-5V_1 Pin=C6_DI25-2
Removed Pin From Net: NetName=GND_1 Pin=C6_DI26-1
Removed Pin From Net: NetName=-5V_1 Pin=C6_DI26-2
Removed Pin From Net: NetName=GND_1 Pin=C6_DI27-1
Removed Pin From Net: NetName=-5V_1 Pin=C6_DI27-2
Removed Pin From Net: NetName=GND_1 Pin=C6_DI28-1
Removed Pin From Net: NetName=-5V_1 Pin=C6_DI28-2
Removed Pin From Net: NetName=GND_1 Pin=C6_DI29-1
Removed Pin From Net: NetName=-5V_1 Pin=C6_DI29-2
Removed Pin From Net: NetName=GND_1 Pin=C6_DI30-1
Removed Pin From Net: NetName=-5V_1 Pin=C6_DI30-2
Removed Pin From Net: NetName=GND_1 Pin=C6_DI31-1
Removed Pin From Net: NetName=-5V_1 Pin=C6_DI31-2
Removed Pin From Net: NetName=GND_1 Pin=C6_DI32-1
Removed Pin From Net: NetName=-5V_1 Pin=C6_DI32-2
Removed Pin From Net: NetName=GND_1 Pin=C8_DI21-1
Removed Pin From Net: NetName=GND_1 Pin=C8_DI22-1
Removed Pin From Net: NetName=GND_1 Pin=C8_DI23-1
Removed Pin From Net: NetName=GND_1 Pin=C8_DI24-1
Removed Pin From Net: NetName=GND_1 Pin=C8_DI25-1
Removed Pin From Net: NetName=GND_1 Pin=C8_DI26-1
Removed Pin From Net: NetName=GND_1 Pin=C8_DI27-1
Removed Pin From Net: NetName=GND_1 Pin=C8_DI28-1
Removed Pin From Net: NetName=GND_1 Pin=C8_DI29-1
Removed Pin From Net: NetName=GND_1 Pin=C8_DI30-1
Removed Pin From Net: NetName=GND_1 Pin=C8_DI31-1
Removed Pin From Net: NetName=GND_1 Pin=C8_DI32-1
Removed Pin From Net: NetName=GND_1 Pin=C9_DI21-1
Removed Pin From Net: NetName=GND_1 Pin=C9_DI22-1
Removed Pin From Net: NetName=GND_1 Pin=C9_DI23-1
Removed Pin From Net: NetName=GND_1 Pin=C9_DI24-1
Removed Pin From Net: NetName=GND_1 Pin=C9_DI25-1
Removed Pin From Net: NetName=GND_1 Pin=C9_DI26-1
Removed Pin From Net: NetName=GND_1 Pin=C9_DI27-1
Removed Pin From Net: NetName=GND_1 Pin=C9_DI28-1
Removed Pin From Net: NetName=GND_1 Pin=C9_DI29-1
Removed Pin From Net: NetName=GND_1 Pin=C9_DI30-1
Removed Pin From Net: NetName=GND_1 Pin=C9_DI31-1
Removed Pin From Net: NetName=GND_1 Pin=C9_DI32-1
Removed Pin From Net: NetName=GND_1 Pin=C10_DI21-1
Removed Pin From Net: NetName=+5V_1 Pin=C10_DI21-2
Removed Pin From Net: NetName=GND_1 Pin=C10_DI22-1
Removed Pin From Net: NetName=+5V_1 Pin=C10_DI22-2
Removed Pin From Net: NetName=GND_1 Pin=C10_DI23-1
Removed Pin From Net: NetName=+5V_1 Pin=C10_DI23-2
Removed Pin From Net: NetName=GND_1 Pin=C10_DI24-1
Removed Pin From Net: NetName=+5V_1 Pin=C10_DI24-2
Removed Pin From Net: NetName=GND_1 Pin=C10_DI25-1
Removed Pin From Net: NetName=+5V_1 Pin=C10_DI25-2
Removed Pin From Net: NetName=GND_1 Pin=C10_DI26-1
Removed Pin From Net: NetName=+5V_1 Pin=C10_DI26-2
Removed Pin From Net: NetName=GND_1 Pin=C10_DI27-1
Removed Pin From Net: NetName=+5V_1 Pin=C10_DI27-2
Removed Pin From Net: NetName=GND_1 Pin=C10_DI28-1
Removed Pin From Net: NetName=+5V_1 Pin=C10_DI28-2
Removed Pin From Net: NetName=GND_1 Pin=C10_DI29-1
Removed Pin From Net: NetName=+5V_1 Pin=C10_DI29-2
Removed Pin From Net: NetName=GND_1 Pin=C10_DI30-1
Removed Pin From Net: NetName=+5V_1 Pin=C10_DI30-2
Removed Pin From Net: NetName=GND_1 Pin=C10_DI31-1
Removed Pin From Net: NetName=+5V_1 Pin=C10_DI31-2
Removed Pin From Net: NetName=GND_1 Pin=C10_DI32-1
Removed Pin From Net: NetName=+5V_1 Pin=C10_DI32-2
Removed Pin From Net: NetName=GND_1 Pin=R7_DI21-1
Removed Pin From Net: NetName=GND_1 Pin=R7_DI22-1
Removed Pin From Net: NetName=GND_1 Pin=R7_DI23-1
Removed Pin From Net: NetName=GND_1 Pin=R7_DI24-1
Removed Pin From Net: NetName=GND_1 Pin=R7_DI25-1
Removed Pin From Net: NetName=GND_1 Pin=R7_DI26-1
Removed Pin From Net: NetName=GND_1 Pin=R7_DI27-1
Removed Pin From Net: NetName=GND_1 Pin=R7_DI28-1
Removed Pin From Net: NetName=GND_1 Pin=R7_DI29-1
Removed Pin From Net: NetName=GND_1 Pin=R7_DI30-1
Removed Pin From Net: NetName=GND_1 Pin=R7_DI31-1
Removed Pin From Net: NetName=GND_1 Pin=R7_DI32-1
Removed Pin From Net: NetName=-5V_1 Pin=U1_DI21-2
Removed Pin From Net: NetName=GND_1 Pin=U1_DI21-3
Removed Pin From Net: NetName=+5V_1 Pin=U1_DI21-7
Removed Pin From Net: NetName=-5V_1 Pin=U1_DI22-2
Removed Pin From Net: NetName=GND_1 Pin=U1_DI22-3
Removed Pin From Net: NetName=+5V_1 Pin=U1_DI22-7
Removed Pin From Net: NetName=-5V_1 Pin=U1_DI23-2
Removed Pin From Net: NetName=GND_1 Pin=U1_DI23-3
Removed Pin From Net: NetName=+5V_1 Pin=U1_DI23-7
Removed Pin From Net: NetName=-5V_1 Pin=U1_DI24-2
Removed Pin From Net: NetName=GND_1 Pin=U1_DI24-3
Removed Pin From Net: NetName=+5V_1 Pin=U1_DI24-7
Removed Pin From Net: NetName=-5V_1 Pin=U1_DI25-2
Removed Pin From Net: NetName=GND_1 Pin=U1_DI25-3
Removed Pin From Net: NetName=+5V_1 Pin=U1_DI25-7
Removed Pin From Net: NetName=-5V_1 Pin=U1_DI26-2
Removed Pin From Net: NetName=GND_1 Pin=U1_DI26-3
Removed Pin From Net: NetName=+5V_1 Pin=U1_DI26-7
Removed Pin From Net: NetName=-5V_1 Pin=U1_DI27-2
Removed Pin From Net: NetName=GND_1 Pin=U1_DI27-3
Removed Pin From Net: NetName=+5V_1 Pin=U1_DI27-7
Removed Pin From Net: NetName=-5V_1 Pin=U1_DI28-2
Removed Pin From Net: NetName=GND_1 Pin=U1_DI28-3
Removed Pin From Net: NetName=+5V_1 Pin=U1_DI28-7
Removed Pin From Net: NetName=-5V_1 Pin=U1_DI29-2
Removed Pin From Net: NetName=GND_1 Pin=U1_DI29-3
Removed Pin From Net: NetName=+5V_1 Pin=U1_DI29-7
Removed Pin From Net: NetName=-5V_1 Pin=U1_DI30-2
Removed Pin From Net: NetName=GND_1 Pin=U1_DI30-3
Removed Pin From Net: NetName=+5V_1 Pin=U1_DI30-7
Removed Pin From Net: NetName=-5V_1 Pin=U1_DI31-2
Removed Pin From Net: NetName=GND_1 Pin=U1_DI31-3
Removed Pin From Net: NetName=+5V_1 Pin=U1_DI31-7
Removed Pin From Net: NetName=-5V_1 Pin=U1_DI32-2
Removed Pin From Net: NetName=GND_1 Pin=U1_DI32-3
Removed Pin From Net: NetName=+5V_1 Pin=U1_DI32-7
Removed Member From Class: ClassName=CH[1..32] Member=CH21
Removed Member From Class: ClassName=CH[1..32] Member=CH22
Removed Member From Class: ClassName=CH[1..32] Member=CH23
Removed Member From Class: ClassName=CH[1..32] Member=CH24
Removed Member From Class: ClassName=CH[1..32] Member=CH25
Removed Member From Class: ClassName=CH[1..32] Member=CH26
Removed Member From Class: ClassName=CH[1..32] Member=CH27
Removed Member From Class: ClassName=CH[1..32] Member=CH28
Removed Member From Class: ClassName=CH[1..32] Member=CH29
Removed Member From Class: ClassName=CH[1..32] Member=CH30
Removed Member From Class: ClassName=CH[1..32] Member=CH31
Removed Member From Class: ClassName=CH[1..32] Member=CH32
Removed Member From Class: ClassName=CL[1..32] Member=CL21
Removed Member From Class: ClassName=CL[1..32] Member=CL22
Removed Member From Class: ClassName=CL[1..32] Member=CL23
Removed Member From Class: ClassName=CL[1..32] Member=CL24
Removed Member From Class: ClassName=CL[1..32] Member=CL25
Removed Member From Class: ClassName=CL[1..32] Member=CL26
Removed Member From Class: ClassName=CL[1..32] Member=CL27
Removed Member From Class: ClassName=CL[1..32] Member=CL28
Removed Member From Class: ClassName=CL[1..32] Member=CL29
Removed Member From Class: ClassName=CL[1..32] Member=CL30
Removed Member From Class: ClassName=CL[1..32] Member=CL31
Removed Member From Class: ClassName=CL[1..32] Member=CL32
Removed Member From Class: ClassName=OUT[1..32] Member=OUT21
Removed Member From Class: ClassName=OUT[1..32] Member=OUT22
Removed Member From Class: ClassName=OUT[1..32] Member=OUT23
Removed Member From Class: ClassName=OUT[1..32] Member=OUT24
Removed Member From Class: ClassName=OUT[1..32] Member=OUT25
Removed Member From Class: ClassName=OUT[1..32] Member=OUT26
Removed Member From Class: ClassName=OUT[1..32] Member=OUT27
Removed Member From Class: ClassName=OUT[1..32] Member=OUT28
Removed Member From Class: ClassName=OUT[1..32] Member=OUT29
Removed Member From Class: ClassName=OUT[1..32] Member=OUT30
Removed Member From Class: ClassName=OUT[1..32] Member=OUT31
Removed Member From Class: ClassName=OUT[1..32] Member=OUT32
Added Component: Designator=J1(DSUB1.385-2H25A)
Change Class Name : Old Net Name=CH[1..32] New Net Name=CH[1..20]
Change Class Name : Old Net Name=CL[1..32] New Net Name=CL[1..20]
Change Class Name : Old Net Name=OUT[1..32] New Net Name=OUT[1..20]
Added Class: Name=µÁ≥ÿµÁ—πºÏ≤‚
Change Room Name: Old Name=DI22 New Name=µÁ≥ÿµÁ—πºÏ≤‚
Change Room Scope: Old Scope=InComponentClass('DI22') New Scope=InComponentClass('µÁ≥ÿµÁ—πºÏ≤‚')
