Removed Pin From Net: NetName=NetC19_DI8_1 Pin=C19-1
Removed Pin From Net: NetName=AGND_1 Pin=C19-2
Removed Pin From Net: NetName=CH8 Pin=C20-1
Removed Pin From Net: NetName=CL8 Pin=C20-2
Removed Pin From Net: NetName=CH8 Pin=C21-1
Removed Pin From Net: NetName=CL8 Pin=C21-2
Removed Pin From Net: NetName=NetC22_DI8_1 Pin=C22-1
Removed Pin From Net: NetName=NetC22_DI8_2 Pin=C22-2
Removed Pin From Net: NetName=NetC23_DI8_1 Pin=C23-1
Removed Pin From Net: NetName=NetC19_DI8_1 Pin=C23-2
Removed Pin From Net: NetName=AGND_1 Pin=C24-1
Removed Pin From Net: NetName=NetC23_DI8_1 Pin=C24-2
Removed Pin From Net: NetName=AGND_1 Pin=C27-1
Removed Pin From Net: NetName=NetC27_DI8_2 Pin=C27-2
Removed Pin From Net: NetName=AGND_1 Pin=C28-1
Removed Pin From Net: NetName=OUT8 Pin=C28-2
Removed Pin From Net: NetName=NetC22_DI8_2 Pin=D1-1
Removed Pin From Net: NetName=NetC22_DI8_1 Pin=D1-2
Removed Pin From Net: NetName=NetC22_DI8_2 Pin=R15-1
Removed Pin From Net: NetName=CL8 Pin=R15-2
Removed Pin From Net: NetName=NetC19_DI8_1 Pin=R16-1
Removed Pin From Net: NetName=NetC22_DI8_2 Pin=R16-2
Removed Pin From Net: NetName=NetC22_DI8_1 Pin=R17-1
Removed Pin From Net: NetName=CH8 Pin=R17-2
Removed Pin From Net: NetName=NetC23_DI8_1 Pin=R18-1
Removed Pin From Net: NetName=NetC22_DI8_1 Pin=R18-2
Removed Pin From Net: NetName=NetR19_DI8_1 Pin=R19-1
Removed Pin From Net: NetName=NetR19_DI8_2 Pin=R19-2
Removed Pin From Net: NetName=OUT8 Pin=R20-1
Removed Pin From Net: NetName=NetR19_DI8_1 Pin=R20-2
Removed Pin From Net: NetName=AGND_1 Pin=R21-1
Removed Pin From Net: NetName=NetR19_DI8_1 Pin=R21-2
Removed Pin From Net: NetName=NetC23_DI8_1 Pin=U17-1
Removed Pin From Net: NetName=-5V_1 Pin=U17-2
Removed Pin From Net: NetName=AGND_1 Pin=U17-3
Removed Pin From Net: NetName=NetC27_DI8_2 Pin=U17-4
Removed Pin From Net: NetName=NetR19_DI8_1 Pin=U17-5
Removed Pin From Net: NetName=NetR19_DI8_2 Pin=U17-6
Removed Pin From Net: NetName=+5V_1 Pin=U17-7
Removed Pin From Net: NetName=NetC19_DI8_1 Pin=U17-8
Removed Member From Class: ClassName=DI8 Member=C20
Removed Member From Class: ClassName=DI8 Member=C21
Removed Member From Class: ClassName=DI8 Member=C27
Removed Member From Class: ClassName=DI8 Member=C28
Removed Member From Class: ClassName=DI8 Member=D1
Removed Member From Class: ClassName=DI8 Member=R15
Removed Member From Class: ClassName=DI8 Member=R16
Removed Member From Class: ClassName=DI8 Member=R17
Removed Member From Class: ClassName=DI8 Member=R19
Removed Member From Class: ClassName=DI8 Member=R20
Removed Member From Class: ClassName=DI8 Member=R21
Removed Member From Class: ClassName=DI8 Member=U17
Change Component Designator: OldDesignator=C134 NewDesignator=C134_DI8
Added Component: Designator=C3(0805C)
Added Component: Designator=C5(0805C)
Added Component: Designator=C19_DI8(0805C)
Added Component: Designator=C20_DI8(0805C)
Added Component: Designator=C21_DI8(0805C)
Added Component: Designator=C22_DI8(0805C)
Added Component: Designator=C23_DI8(0805C)
Added Component: Designator=C24_DI8(0805C)
Added Component: Designator=C27_DI8(0805C)
Added Component: Designator=C28_DI8(0805C)
Added Component: Designator=D1_DI8(SMA)
Added Component: Designator=R15_DI8(0805R)
Added Component: Designator=R16_DI8(0805R)
Added Component: Designator=R17_DI8(0805R)
Added Component: Designator=R18_DI8(0805R)
Added Component: Designator=R19_DI8(0805R)
Added Component: Designator=R20_DI8(0805R)
Added Component: Designator=R21_DI8(0805R)
Added Component: Designator=R174(0805R)
Added Component: Designator=R176(0805R)
Added Component: Designator=U17_DI8(MSOP8)
Added Pin To Net: NetName=GND Pin=C3-1
Added Pin To Net: NetName=3.3V Pin=C3-2
Added Pin To Net: NetName=GND Pin=C5-1
Added Pin To Net: NetName=3.3V Pin=C5-2
Added Pin To Net: NetName=NetC19_DI8_1 Pin=C19_DI8-1
Added Pin To Net: NetName=AGND_1 Pin=C19_DI8-2
Added Pin To Net: NetName=CH8 Pin=C20_DI8-1
Added Pin To Net: NetName=CL8 Pin=C20_DI8-2
Added Pin To Net: NetName=CH8 Pin=C21_DI8-1
Added Pin To Net: NetName=CL8 Pin=C21_DI8-2
Added Pin To Net: NetName=NetC22_DI8_1 Pin=C22_DI8-1
Added Pin To Net: NetName=NetC22_DI8_2 Pin=C22_DI8-2
Added Pin To Net: NetName=NetC23_DI8_1 Pin=C23_DI8-1
Added Pin To Net: NetName=NetC19_DI8_1 Pin=C23_DI8-2
Added Pin To Net: NetName=AGND_1 Pin=C24_DI8-1
Added Pin To Net: NetName=NetC23_DI8_1 Pin=C24_DI8-2
Added Pin To Net: NetName=AGND_1 Pin=C27_DI8-1
Added Pin To Net: NetName=NetC27_DI8_2 Pin=C27_DI8-2
Added Pin To Net: NetName=AGND_1 Pin=C28_DI8-1
Added Pin To Net: NetName=OUT8 Pin=C28_DI8-2
Added Pin To Net: NetName=NetC22_DI8_2 Pin=D1_DI8-1
Added Pin To Net: NetName=NetC22_DI8_1 Pin=D1_DI8-2
Added Pin To Net: NetName=NetC22_DI8_2 Pin=R15_DI8-1
Added Pin To Net: NetName=CL8 Pin=R15_DI8-2
Added Pin To Net: NetName=NetC19_DI8_1 Pin=R16_DI8-1
Added Pin To Net: NetName=NetC22_DI8_2 Pin=R16_DI8-2
Added Pin To Net: NetName=NetC22_DI8_1 Pin=R17_DI8-1
Added Pin To Net: NetName=CH8 Pin=R17_DI8-2
Added Pin To Net: NetName=NetC23_DI8_1 Pin=R18_DI8-1
Added Pin To Net: NetName=NetC22_DI8_1 Pin=R18_DI8-2
Added Pin To Net: NetName=NetR19_DI8_1 Pin=R19_DI8-1
Added Pin To Net: NetName=NetR19_DI8_2 Pin=R19_DI8-2
Added Pin To Net: NetName=OUT8 Pin=R20_DI8-1
Added Pin To Net: NetName=NetR19_DI8_1 Pin=R20_DI8-2
Added Pin To Net: NetName=AGND_1 Pin=R21_DI8-1
Added Pin To Net: NetName=NetR19_DI8_1 Pin=R21_DI8-2
Added Pin To Net: NetName=3.3V Pin=R174-2
Added Pin To Net: NetName=5V_0 Pin=R176-2
Added Pin To Net: NetName=NetC23_DI8_1 Pin=U17_DI8-1
Added Pin To Net: NetName=-5V_1 Pin=U17_DI8-2
Added Pin To Net: NetName=AGND_1 Pin=U17_DI8-3
Added Pin To Net: NetName=NetC27_DI8_2 Pin=U17_DI8-4
Added Pin To Net: NetName=NetR19_DI8_1 Pin=U17_DI8-5
Added Pin To Net: NetName=NetR19_DI8_2 Pin=U17_DI8-6
Added Pin To Net: NetName=+5V_1 Pin=U17_DI8-7
Added Pin To Net: NetName=NetC19_DI8_1 Pin=U17_DI8-8
Added Pin To Net: NetName=3.3V Pin=U19-30
Added Pin To Net: NetName=GND Pin=U19-31
Added Pin To Net: NetName=GND Pin=U19-36
Added Pin To Net: NetName=3.3V Pin=U19-37
Added Pin To Net: NetName=NetR174_1 Pin=R174-1
Added Pin To Net: NetName=NetR174_1 Pin=U19-55
Added Net: Name=NetR174_1
Added Pin To Net: NetName=NetR176_1 Pin=R176-1
Added Pin To Net: NetName=NetR176_1 Pin=U19-54
Added Net: Name=NetR176_1
Added Member To Class: ClassName=U_数字部分 Member=Component C3 Cap
Added Member To Class: ClassName=U_数字部分 Member=Component C5 Cap
Added Member To Class: ClassName=DI8 Member=Component C19_DI8 (C19) Cap
Added Member To Class: ClassName=DI8 Member=Component C20_DI8 (C20) Cap
Added Member To Class: ClassName=DI8 Member=Component C21_DI8 (C21) Cap
Added Member To Class: ClassName=DI8 Member=Component C22_DI8 (C22) Cap
Added Member To Class: ClassName=DI8 Member=Component C23_DI8 (C23) Cap
Added Member To Class: ClassName=DI8 Member=Component C24_DI8 (C24) Cap
Added Member To Class: ClassName=DI8 Member=Component C27_DI8 (C27) Cap
Added Member To Class: ClassName=DI8 Member=Component C28_DI8 (C28) Cap
Added Member To Class: ClassName=DI8 Member=Component D1_DI8 (D1) Diode
Added Member To Class: ClassName=DI8 Member=Component R15_DI8 (R15) Res2
Added Member To Class: ClassName=DI8 Member=Component R16_DI8 (R16) Res2
Added Member To Class: ClassName=DI8 Member=Component R17_DI8 (R17) Res2
Added Member To Class: ClassName=DI8 Member=Component R18_DI8 (R18) Res2
Added Member To Class: ClassName=DI8 Member=Component R19_DI8 (R19) Res2
Added Member To Class: ClassName=DI8 Member=Component R20_DI8 (R20) Res2
Added Member To Class: ClassName=DI8 Member=Component R21_DI8 (R21) Res2
Added Member To Class: ClassName=U_数字部分 Member=Component R174 620
Added Member To Class: ClassName=U_数字部分 Member=Component R176 620
Added Member To Class: ClassName=DI8 Member=Component U17_DI8 (U17) AD628
