Removed Pin From Net: NetName=MCLR Pin=J4-1
Removed Pin From Net: NetName=GND Pin=J4-3
Removed Pin From Net: NetName=RB0 Pin=J4-4
Removed Pin From Net: NetName=RB1 Pin=J4-5
Removed Member From Class: ClassName=U_数字部分 Member=J4
Added Component: Designator=P6(HDR1X4)
Added Component: Designator=P7(HDR1X4)
Added Component: Designator=P8(HDR1X6)
Added Pin To Net: NetName=NetP3_5 Pin=M1-6
Added Pin To Net: NetName=NetP3_3 Pin=M1-7
Added Pin To Net: NetName=5V Pin=P6-1
Added Pin To Net: NetName=GND Pin=P6-2
Added Pin To Net: NetName=5V Pin=P7-1
Added Pin To Net: NetName=GND Pin=P7-2
Added Pin To Net: NetName=URX2 Pin=P7-3
Added Pin To Net: NetName=UTX2 Pin=P7-4
Added Pin To Net: NetName=MCLR Pin=P8-1
Added Pin To Net: NetName=GND Pin=P8-3
Added Pin To Net: NetName=RB0 Pin=P8-4
Added Pin To Net: NetName=RB1 Pin=P8-5
Change Net Name : Old Net Name=NetP3_3 New Net Name=NetM1_7
Change Net Name : Old Net Name=NetP3_5 New Net Name=NetM1_6
Added Pin To Net: NetName=NetP8_2 Pin=P8-2
Added Pin To Net: NetName=NetP8_2 Pin=R22-1
Added Net: Name=NetP8_2
Added Pin To Net: NetName=U5RX Pin=P6-3
Added Pin To Net: NetName=U5RX Pin=U19-40
Added Net: Name=U5RX
Added Pin To Net: NetName=U5TX Pin=P6-4
Added Pin To Net: NetName=U5TX Pin=U19-39
Added Net: Name=U5TX
Added Member To Class: ClassName=U_数字部分 Member=Component P6 Header 4
Added Member To Class: ClassName=U_数字部分 Member=Component P7 Header 4
Added Member To Class: ClassName=U_数字部分 Member=Component P8 Header 6
