Removed Pin From Net: NetName=GND_1 Pin=C92_SW1-2
Removed Pin From Net: NetName=GND_1 Pin=C92_SW2-2
Removed Pin From Net: NetName=GND_1 Pin=C92_SW3-2
Removed Pin From Net: NetName=GND_1 Pin=C92_SW4-2
Removed Pin From Net: NetName=GND_1 Pin=C92_SW5-2
Removed Pin From Net: NetName=GND_1 Pin=C92_SW6-2
Removed Pin From Net: NetName=GND_1 Pin=C92_SW7-2
Removed Pin From Net: NetName=GND_1 Pin=C92_SW8-2
Removed Pin From Net: NetName=GND_1 Pin=C93_SW1-2
Removed Pin From Net: NetName=GND_1 Pin=C93_SW2-2
Removed Pin From Net: NetName=GND_1 Pin=C93_SW3-2
Removed Pin From Net: NetName=GND_1 Pin=C93_SW4-2
Removed Pin From Net: NetName=GND_1 Pin=C93_SW5-2
Removed Pin From Net: NetName=GND_1 Pin=C93_SW6-2
Removed Pin From Net: NetName=GND_1 Pin=C93_SW7-2
Removed Pin From Net: NetName=GND_1 Pin=C93_SW8-2
Removed Pin From Net: NetName=GND_1 Pin=C94_SW1-2
Removed Pin From Net: NetName=GND_1 Pin=C94_SW2-2
Removed Pin From Net: NetName=GND_1 Pin=C94_SW3-2
Removed Pin From Net: NetName=GND_1 Pin=C94_SW4-2
Removed Pin From Net: NetName=GND_1 Pin=C94_SW5-2
Removed Pin From Net: NetName=GND_1 Pin=C94_SW6-2
Removed Pin From Net: NetName=GND_1 Pin=C94_SW7-2
Removed Pin From Net: NetName=GND_1 Pin=C94_SW8-2
Removed Pin From Net: NetName=GND_1 Pin=C95_SW1-2
Removed Pin From Net: NetName=GND_1 Pin=C95_SW2-2
Removed Pin From Net: NetName=GND_1 Pin=C95_SW3-2
Removed Pin From Net: NetName=GND_1 Pin=C95_SW4-2
Removed Pin From Net: NetName=GND_1 Pin=C95_SW5-2
Removed Pin From Net: NetName=GND_1 Pin=C95_SW6-2
Removed Pin From Net: NetName=GND_1 Pin=C95_SW7-2
Removed Pin From Net: NetName=GND_1 Pin=C95_SW8-2
Removed Pin From Net: NetName=GND_1 Pin=C96_SW1-2
Removed Pin From Net: NetName=GND_1 Pin=C96_SW2-2
Removed Pin From Net: NetName=GND_1 Pin=C96_SW3-2
Removed Pin From Net: NetName=GND_1 Pin=C96_SW4-2
Removed Pin From Net: NetName=GND_1 Pin=C96_SW5-2
Removed Pin From Net: NetName=GND_1 Pin=C96_SW6-2
Removed Pin From Net: NetName=GND_1 Pin=C96_SW7-2
Removed Pin From Net: NetName=GND_1 Pin=C96_SW8-2
Removed Pin From Net: NetName=40V Pin=S91_SW1-1
Removed Pin From Net: NetName=GND_1 Pin=S91_SW1-2
Removed Pin From Net: NetName=40V Pin=S91_SW2-1
Removed Pin From Net: NetName=GND_1 Pin=S91_SW2-2
Removed Pin From Net: NetName=40V Pin=S91_SW3-1
Removed Pin From Net: NetName=GND_1 Pin=S91_SW3-2
Removed Pin From Net: NetName=40V Pin=S91_SW4-1
Removed Pin From Net: NetName=GND_1 Pin=S91_SW4-2
Removed Pin From Net: NetName=40V Pin=S91_SW5-1
Removed Pin From Net: NetName=GND_1 Pin=S91_SW5-2
Removed Pin From Net: NetName=40V Pin=S91_SW6-1
Removed Pin From Net: NetName=GND_1 Pin=S91_SW6-2
Removed Pin From Net: NetName=40V Pin=S91_SW7-1
Removed Pin From Net: NetName=GND_1 Pin=S91_SW7-2
Removed Pin From Net: NetName=40V Pin=S91_SW8-1
Removed Pin From Net: NetName=GND_1 Pin=S91_SW8-2
Removed Pin From Net: NetName=GND_1 Pin=U1_SW1-5
Removed Pin From Net: NetName=GND_1 Pin=U1_SW1-6
Removed Pin From Net: NetName=40V Pin=U1_SW1-16
Removed Pin From Net: NetName=GND_1 Pin=U1_SW2-5
Removed Pin From Net: NetName=GND_1 Pin=U1_SW2-6
Removed Pin From Net: NetName=40V Pin=U1_SW2-16
Removed Pin From Net: NetName=GND_1 Pin=U1_SW3-5
Removed Pin From Net: NetName=GND_1 Pin=U1_SW3-6
Removed Pin From Net: NetName=40V Pin=U1_SW3-16
Removed Pin From Net: NetName=GND_1 Pin=U1_SW4-5
Removed Pin From Net: NetName=GND_1 Pin=U1_SW4-6
Removed Pin From Net: NetName=40V Pin=U1_SW4-16
Removed Pin From Net: NetName=GND_1 Pin=U1_SW5-5
Removed Pin From Net: NetName=GND_1 Pin=U1_SW5-6
Removed Pin From Net: NetName=40V Pin=U1_SW5-16
Removed Pin From Net: NetName=GND_1 Pin=U1_SW6-5
Removed Pin From Net: NetName=GND_1 Pin=U1_SW6-6
Removed Pin From Net: NetName=40V Pin=U1_SW6-16
Removed Pin From Net: NetName=GND_1 Pin=U1_SW7-5
Removed Pin From Net: NetName=GND_1 Pin=U1_SW7-6
Removed Pin From Net: NetName=40V Pin=U1_SW7-16
Removed Pin From Net: NetName=GND_1 Pin=U1_SW8-5
Removed Pin From Net: NetName=GND_1 Pin=U1_SW8-6
Removed Pin From Net: NetName=40V Pin=U1_SW8-16
Change Component Designator: OldDesignator=C81_DI1 NewDesignator=C3_DI1
Change Component Designator: OldDesignator=C81_DI2 NewDesignator=C3_DI2
Change Component Designator: OldDesignator=C81_DI3 NewDesignator=C3_DI3
Change Component Designator: OldDesignator=C81_DI4 NewDesignator=C3_DI4
Change Component Designator: OldDesignator=C81_DI5 NewDesignator=C3_DI5
Change Component Designator: OldDesignator=C81_DI6 NewDesignator=C3_DI6
Change Component Designator: OldDesignator=C81_DI7 NewDesignator=C3_DI7
Change Component Designator: OldDesignator=C81_DI8 NewDesignator=C3_DI8
Change Component Designator: OldDesignator=C81_DI9 NewDesignator=C3_DI9
Change Component Designator: OldDesignator=C81_DI10 NewDesignator=C3_DI10
Change Component Designator: OldDesignator=C81_DI11 NewDesignator=C3_DI11
Change Component Designator: OldDesignator=C81_DI12 NewDesignator=C3_DI12
Change Component Designator: OldDesignator=C81_DI13 NewDesignator=C3_DI13
Change Component Designator: OldDesignator=C81_DI14 NewDesignator=C3_DI14
Change Component Designator: OldDesignator=C81_DI15 NewDesignator=C3_DI15
Change Component Designator: OldDesignator=C81_DI16 NewDesignator=C3_DI16
Change Component Designator: OldDesignator=C82_DI1 NewDesignator=C4_DI1
Change Component Designator: OldDesignator=C82_DI2 NewDesignator=C4_DI2
Change Component Designator: OldDesignator=C82_DI3 NewDesignator=C4_DI3
Change Component Designator: OldDesignator=C82_DI4 NewDesignator=C4_DI4
Change Component Designator: OldDesignator=C82_DI5 NewDesignator=C4_DI5
Change Component Designator: OldDesignator=C82_DI6 NewDesignator=C4_DI6
Change Component Designator: OldDesignator=C82_DI7 NewDesignator=C4_DI7
Change Component Designator: OldDesignator=C82_DI8 NewDesignator=C4_DI8
Change Component Designator: OldDesignator=C82_DI9 NewDesignator=C4_DI9
Change Component Designator: OldDesignator=C82_DI10 NewDesignator=C4_DI10
Change Component Designator: OldDesignator=C82_DI11 NewDesignator=C4_DI11
Change Component Designator: OldDesignator=C82_DI12 NewDesignator=C4_DI12
Change Component Designator: OldDesignator=C82_DI13 NewDesignator=C4_DI13
Change Component Designator: OldDesignator=C82_DI14 NewDesignator=C4_DI14
Change Component Designator: OldDesignator=C82_DI15 NewDesignator=C4_DI15
Change Component Designator: OldDesignator=C82_DI16 NewDesignator=C4_DI16
Change Component Designator: OldDesignator=C83_DI1 NewDesignator=C5_DI1
Change Component Designator: OldDesignator=C83_DI2 NewDesignator=C5_DI2
Change Component Designator: OldDesignator=C83_DI3 NewDesignator=C5_DI3
Change Component Designator: OldDesignator=C83_DI4 NewDesignator=C5_DI4
Change Component Designator: OldDesignator=C83_DI5 NewDesignator=C5_DI5
Change Component Designator: OldDesignator=C83_DI6 NewDesignator=C5_DI6
Change Component Designator: OldDesignator=C83_DI7 NewDesignator=C5_DI7
Change Component Designator: OldDesignator=C83_DI8 NewDesignator=C5_DI8
Change Component Designator: OldDesignator=C83_DI9 NewDesignator=C5_DI9
Change Component Designator: OldDesignator=C83_DI10 NewDesignator=C5_DI10
Change Component Designator: OldDesignator=C83_DI11 NewDesignator=C5_DI11
Change Component Designator: OldDesignator=C83_DI12 NewDesignator=C5_DI12
Change Component Designator: OldDesignator=C83_DI13 NewDesignator=C5_DI13
Change Component Designator: OldDesignator=C83_DI14 NewDesignator=C5_DI14
Change Component Designator: OldDesignator=C83_DI15 NewDesignator=C5_DI15
Change Component Designator: OldDesignator=C83_DI16 NewDesignator=C5_DI16
Change Component Designator: OldDesignator=C84_DI1 NewDesignator=C6_DI1
Change Component Designator: OldDesignator=C84_DI2 NewDesignator=C6_DI2
Change Component Designator: OldDesignator=C84_DI3 NewDesignator=C6_DI3
Change Component Designator: OldDesignator=C84_DI4 NewDesignator=C6_DI4
Change Component Designator: OldDesignator=C84_DI5 NewDesignator=C6_DI5
Change Component Designator: OldDesignator=C84_DI6 NewDesignator=C6_DI6
Change Component Designator: OldDesignator=C84_DI7 NewDesignator=C6_DI7
Change Component Designator: OldDesignator=C84_DI8 NewDesignator=C6_DI8
Change Component Designator: OldDesignator=C84_DI9 NewDesignator=C6_DI9
Change Component Designator: OldDesignator=C84_DI10 NewDesignator=C6_DI10
Change Component Designator: OldDesignator=C84_DI11 NewDesignator=C6_DI11
Change Component Designator: OldDesignator=C84_DI12 NewDesignator=C6_DI12
Change Component Designator: OldDesignator=C84_DI13 NewDesignator=C6_DI13
Change Component Designator: OldDesignator=C84_DI14 NewDesignator=C6_DI14
Change Component Designator: OldDesignator=C84_DI15 NewDesignator=C6_DI15
Change Component Designator: OldDesignator=C84_DI16 NewDesignator=C6_DI16
Change Component Designator: OldDesignator=C85_DI1 NewDesignator=C7_DI1
Change Component Designator: OldDesignator=C85_DI2 NewDesignator=C7_DI2
Change Component Designator: OldDesignator=C85_DI3 NewDesignator=C7_DI3
Change Component Designator: OldDesignator=C85_DI4 NewDesignator=C7_DI4
Change Component Designator: OldDesignator=C85_DI5 NewDesignator=C7_DI5
Change Component Designator: OldDesignator=C85_DI6 NewDesignator=C7_DI6
Change Component Designator: OldDesignator=C85_DI7 NewDesignator=C7_DI7
Change Component Designator: OldDesignator=C85_DI8 NewDesignator=C7_DI8
Change Component Designator: OldDesignator=C85_DI9 NewDesignator=C7_DI9
Change Component Designator: OldDesignator=C85_DI10 NewDesignator=C7_DI10
Change Component Designator: OldDesignator=C85_DI11 NewDesignator=C7_DI11
Change Component Designator: OldDesignator=C85_DI12 NewDesignator=C7_DI12
Change Component Designator: OldDesignator=C85_DI13 NewDesignator=C7_DI13
Change Component Designator: OldDesignator=C85_DI14 NewDesignator=C7_DI14
Change Component Designator: OldDesignator=C85_DI15 NewDesignator=C7_DI15
Change Component Designator: OldDesignator=C85_DI16 NewDesignator=C7_DI16
Change Component Designator: OldDesignator=C86_DI1 NewDesignator=C8_DI1
Change Component Designator: OldDesignator=C86_DI2 NewDesignator=C8_DI2
Change Component Designator: OldDesignator=C86_DI3 NewDesignator=C8_DI3
Change Component Designator: OldDesignator=C86_DI4 NewDesignator=C8_DI4
Change Component Designator: OldDesignator=C86_DI5 NewDesignator=C8_DI5
Change Component Designator: OldDesignator=C86_DI6 NewDesignator=C8_DI6
Change Component Designator: OldDesignator=C86_DI7 NewDesignator=C8_DI7
Change Component Designator: OldDesignator=C86_DI8 NewDesignator=C8_DI8
Change Component Designator: OldDesignator=C86_DI9 NewDesignator=C8_DI9
Change Component Designator: OldDesignator=C86_DI10 NewDesignator=C8_DI10
Change Component Designator: OldDesignator=C86_DI11 NewDesignator=C8_DI11
Change Component Designator: OldDesignator=C86_DI12 NewDesignator=C8_DI12
Change Component Designator: OldDesignator=C86_DI13 NewDesignator=C8_DI13
Change Component Designator: OldDesignator=C86_DI14 NewDesignator=C8_DI14
Change Component Designator: OldDesignator=C86_DI15 NewDesignator=C8_DI15
Change Component Designator: OldDesignator=C86_DI16 NewDesignator=C8_DI16
Change Component Designator: OldDesignator=C87_DI1 NewDesignator=C9_DI1
Change Component Designator: OldDesignator=C87_DI2 NewDesignator=C9_DI2
Change Component Designator: OldDesignator=C87_DI3 NewDesignator=C9_DI3
Change Component Designator: OldDesignator=C87_DI4 NewDesignator=C9_DI4
Change Component Designator: OldDesignator=C87_DI5 NewDesignator=C9_DI5
Change Component Designator: OldDesignator=C87_DI6 NewDesignator=C9_DI6
Change Component Designator: OldDesignator=C87_DI7 NewDesignator=C9_DI7
Change Component Designator: OldDesignator=C87_DI8 NewDesignator=C9_DI8
Change Component Designator: OldDesignator=C87_DI9 NewDesignator=C9_DI9
Change Component Designator: OldDesignator=C87_DI10 NewDesignator=C9_DI10
Change Component Designator: OldDesignator=C87_DI11 NewDesignator=C9_DI11
Change Component Designator: OldDesignator=C87_DI12 NewDesignator=C9_DI12
Change Component Designator: OldDesignator=C87_DI13 NewDesignator=C9_DI13
Change Component Designator: OldDesignator=C87_DI14 NewDesignator=C9_DI14
Change Component Designator: OldDesignator=C87_DI15 NewDesignator=C9_DI15
Change Component Designator: OldDesignator=C87_DI16 NewDesignator=C9_DI16
Change Component Designator: OldDesignator=C88_DI1 NewDesignator=C10_DI1
Change Component Designator: OldDesignator=C88_DI2 NewDesignator=C10_DI2
Change Component Designator: OldDesignator=C88_DI3 NewDesignator=C10_DI3
Change Component Designator: OldDesignator=C88_DI4 NewDesignator=C10_DI4
Change Component Designator: OldDesignator=C88_DI5 NewDesignator=C10_DI5
Change Component Designator: OldDesignator=C88_DI6 NewDesignator=C10_DI6
Change Component Designator: OldDesignator=C88_DI7 NewDesignator=C10_DI7
Change Component Designator: OldDesignator=C88_DI8 NewDesignator=C10_DI8
Change Component Designator: OldDesignator=C88_DI9 NewDesignator=C10_DI9
Change Component Designator: OldDesignator=C88_DI10 NewDesignator=C10_DI10
Change Component Designator: OldDesignator=C88_DI11 NewDesignator=C10_DI11
Change Component Designator: OldDesignator=C88_DI12 NewDesignator=C10_DI12
Change Component Designator: OldDesignator=C88_DI13 NewDesignator=C10_DI13
Change Component Designator: OldDesignator=C88_DI14 NewDesignator=C10_DI14
Change Component Designator: OldDesignator=C88_DI15 NewDesignator=C10_DI15
Change Component Designator: OldDesignator=C88_DI16 NewDesignator=C10_DI16
Change Component Designator: OldDesignator=C89_DI1 NewDesignator=C11_DI1
Change Component Designator: OldDesignator=C89_DI2 NewDesignator=C11_DI2
Change Component Designator: OldDesignator=C89_DI3 NewDesignator=C11_DI3
Change Component Designator: OldDesignator=C89_DI4 NewDesignator=C11_DI4
Change Component Designator: OldDesignator=C89_DI5 NewDesignator=C11_DI5
Change Component Designator: OldDesignator=C89_DI6 NewDesignator=C11_DI6
Change Component Designator: OldDesignator=C89_DI7 NewDesignator=C11_DI7
Change Component Designator: OldDesignator=C89_DI8 NewDesignator=C11_DI8
Change Component Designator: OldDesignator=C89_DI9 NewDesignator=C11_DI9
Change Component Designator: OldDesignator=C89_DI10 NewDesignator=C11_DI10
Change Component Designator: OldDesignator=C89_DI11 NewDesignator=C11_DI11
Change Component Designator: OldDesignator=C89_DI12 NewDesignator=C11_DI12
Change Component Designator: OldDesignator=C89_DI13 NewDesignator=C11_DI13
Change Component Designator: OldDesignator=C89_DI14 NewDesignator=C11_DI14
Change Component Designator: OldDesignator=C89_DI15 NewDesignator=C11_DI15
Change Component Designator: OldDesignator=C89_DI16 NewDesignator=C11_DI16
Added Component: Designator=U1(SSOP20)
Added Component: Designator=U2(SSOP20)
Added Component: Designator=U3(SSOP20)
Added Component: Designator=U4(SSOP20)
Added Component: Designator=U5(SSOP20)
Added Component: Designator=U6(SSOP20)
Added Component: Designator=U7(SSOP20)
Added Component: Designator=U8(SSOP20)
Change Net Name : Old Net Name=NetC81_DI1_1 New Net Name=NetC3_DI1_1
Change Net Name : Old Net Name=NetC81_DI2_1 New Net Name=NetC3_DI2_1
Change Net Name : Old Net Name=NetC81_DI3_1 New Net Name=NetC3_DI3_1
Change Net Name : Old Net Name=NetC81_DI4_1 New Net Name=NetC3_DI4_1
Change Net Name : Old Net Name=NetC81_DI5_1 New Net Name=NetC3_DI5_1
Change Net Name : Old Net Name=NetC81_DI6_1 New Net Name=NetC3_DI6_1
Change Net Name : Old Net Name=NetC81_DI7_1 New Net Name=NetC3_DI7_1
Change Net Name : Old Net Name=NetC81_DI8_1 New Net Name=NetC3_DI8_1
Change Net Name : Old Net Name=NetC81_DI9_1 New Net Name=NetC3_DI9_1
Change Net Name : Old Net Name=NetC81_DI10_1 New Net Name=NetC3_DI10_1
Change Net Name : Old Net Name=NetC81_DI11_1 New Net Name=NetC3_DI11_1
Change Net Name : Old Net Name=NetC81_DI12_1 New Net Name=NetC3_DI12_1
Change Net Name : Old Net Name=NetC81_DI13_1 New Net Name=NetC3_DI13_1
Change Net Name : Old Net Name=NetC81_DI14_1 New Net Name=NetC3_DI14_1
Change Net Name : Old Net Name=NetC81_DI15_1 New Net Name=NetC3_DI15_1
Change Net Name : Old Net Name=NetC81_DI16_1 New Net Name=NetC3_DI16_1
Change Net Name : Old Net Name=NetC83_DI1_1 New Net Name=NetC5_DI1_1
Change Net Name : Old Net Name=NetC83_DI1_2 New Net Name=NetC5_DI1_2
Change Net Name : Old Net Name=NetC83_DI2_1 New Net Name=NetC5_DI2_1
Change Net Name : Old Net Name=NetC83_DI2_2 New Net Name=NetC5_DI2_2
Change Net Name : Old Net Name=NetC83_DI3_1 New Net Name=NetC5_DI3_1
Change Net Name : Old Net Name=NetC83_DI3_2 New Net Name=NetC5_DI3_2
Change Net Name : Old Net Name=NetC83_DI4_1 New Net Name=NetC5_DI4_1
Change Net Name : Old Net Name=NetC83_DI4_2 New Net Name=NetC5_DI4_2
Change Net Name : Old Net Name=NetC83_DI5_1 New Net Name=NetC5_DI5_1
Change Net Name : Old Net Name=NetC83_DI5_2 New Net Name=NetC5_DI5_2
Change Net Name : Old Net Name=NetC83_DI6_1 New Net Name=NetC5_DI6_1
Change Net Name : Old Net Name=NetC83_DI6_2 New Net Name=NetC5_DI6_2
Change Net Name : Old Net Name=NetC83_DI7_1 New Net Name=NetC5_DI7_1
Change Net Name : Old Net Name=NetC83_DI7_2 New Net Name=NetC5_DI7_2
Change Net Name : Old Net Name=NetC83_DI8_1 New Net Name=NetC5_DI8_1
Change Net Name : Old Net Name=NetC83_DI8_2 New Net Name=NetC5_DI8_2
Change Net Name : Old Net Name=NetC83_DI9_1 New Net Name=NetC5_DI9_1
Change Net Name : Old Net Name=NetC83_DI9_2 New Net Name=NetC5_DI9_2
Change Net Name : Old Net Name=NetC83_DI10_1 New Net Name=NetC5_DI10_1
Change Net Name : Old Net Name=NetC83_DI10_2 New Net Name=NetC5_DI10_2
Change Net Name : Old Net Name=NetC83_DI11_1 New Net Name=NetC5_DI11_1
Change Net Name : Old Net Name=NetC83_DI11_2 New Net Name=NetC5_DI11_2
Change Net Name : Old Net Name=NetC83_DI12_1 New Net Name=NetC5_DI12_1
Change Net Name : Old Net Name=NetC83_DI12_2 New Net Name=NetC5_DI12_2
Change Net Name : Old Net Name=NetC83_DI13_1 New Net Name=NetC5_DI13_1
Change Net Name : Old Net Name=NetC83_DI13_2 New Net Name=NetC5_DI13_2
Change Net Name : Old Net Name=NetC83_DI14_1 New Net Name=NetC5_DI14_1
Change Net Name : Old Net Name=NetC83_DI14_2 New Net Name=NetC5_DI14_2
Change Net Name : Old Net Name=NetC83_DI15_1 New Net Name=NetC5_DI15_1
Change Net Name : Old Net Name=NetC83_DI15_2 New Net Name=NetC5_DI15_2
Change Net Name : Old Net Name=NetC83_DI16_1 New Net Name=NetC5_DI16_1
Change Net Name : Old Net Name=NetC83_DI16_2 New Net Name=NetC5_DI16_2
Change Net Name : Old Net Name=NetC84_DI1_1 New Net Name=NetC6_DI1_1
Change Net Name : Old Net Name=NetC84_DI2_1 New Net Name=NetC6_DI2_1
Change Net Name : Old Net Name=NetC84_DI3_1 New Net Name=NetC6_DI3_1
Change Net Name : Old Net Name=NetC84_DI4_1 New Net Name=NetC6_DI4_1
Change Net Name : Old Net Name=NetC84_DI5_1 New Net Name=NetC6_DI5_1
Change Net Name : Old Net Name=NetC84_DI6_1 New Net Name=NetC6_DI6_1
Change Net Name : Old Net Name=NetC84_DI7_1 New Net Name=NetC6_DI7_1
Change Net Name : Old Net Name=NetC84_DI8_1 New Net Name=NetC6_DI8_1
Change Net Name : Old Net Name=NetC84_DI9_1 New Net Name=NetC6_DI9_1
Change Net Name : Old Net Name=NetC84_DI10_1 New Net Name=NetC6_DI10_1
Change Net Name : Old Net Name=NetC84_DI11_1 New Net Name=NetC6_DI11_1
Change Net Name : Old Net Name=NetC84_DI12_1 New Net Name=NetC6_DI12_1
Change Net Name : Old Net Name=NetC84_DI13_1 New Net Name=NetC6_DI13_1
Change Net Name : Old Net Name=NetC84_DI14_1 New Net Name=NetC6_DI14_1
Change Net Name : Old Net Name=NetC84_DI15_1 New Net Name=NetC6_DI15_1
Change Net Name : Old Net Name=NetC84_DI16_1 New Net Name=NetC6_DI16_1
Change Net Name : Old Net Name=NetC88_DI1_2 New Net Name=NetC10_DI1_2
Change Net Name : Old Net Name=NetC88_DI2_2 New Net Name=NetC10_DI2_2
Change Net Name : Old Net Name=NetC88_DI3_2 New Net Name=NetC10_DI3_2
Change Net Name : Old Net Name=NetC88_DI4_2 New Net Name=NetC10_DI4_2
Change Net Name : Old Net Name=NetC88_DI5_2 New Net Name=NetC10_DI5_2
Change Net Name : Old Net Name=NetC88_DI6_2 New Net Name=NetC10_DI6_2
Change Net Name : Old Net Name=NetC88_DI7_2 New Net Name=NetC10_DI7_2
Change Net Name : Old Net Name=NetC88_DI8_2 New Net Name=NetC10_DI8_2
Change Net Name : Old Net Name=NetC88_DI9_2 New Net Name=NetC10_DI9_2
Change Net Name : Old Net Name=NetC88_DI10_2 New Net Name=NetC10_DI10_2
Change Net Name : Old Net Name=NetC88_DI11_2 New Net Name=NetC10_DI11_2
Change Net Name : Old Net Name=NetC88_DI12_2 New Net Name=NetC10_DI12_2
Change Net Name : Old Net Name=NetC88_DI13_2 New Net Name=NetC10_DI13_2
Change Net Name : Old Net Name=NetC88_DI14_2 New Net Name=NetC10_DI14_2
Change Net Name : Old Net Name=NetC88_DI15_2 New Net Name=NetC10_DI15_2
Change Net Name : Old Net Name=NetC88_DI16_2 New Net Name=NetC10_DI16_2
Added Member To Class: ClassName=µÁ≥ÿµÁ—πºÏ≤‚ Member=Component U1 ADG5234
Added Member To Class: ClassName=µÁ≥ÿµÁ—πºÏ≤‚ Member=Component U2 ADG5234
Added Member To Class: ClassName=µÁ≥ÿµÁ—πºÏ≤‚ Member=Component U3 ADG5234
Added Member To Class: ClassName=µÁ≥ÿµÁ—πºÏ≤‚ Member=Component U4 ADG5234
Added Member To Class: ClassName=µÁ≥ÿµÁ—πºÏ≤‚ Member=Component U5 ADG5234
Added Member To Class: ClassName=µÁ≥ÿµÁ—πºÏ≤‚ Member=Component U6 ADG5234
Added Member To Class: ClassName=µÁ≥ÿµÁ—πºÏ≤‚ Member=Component U7 ADG5234
Added Member To Class: ClassName=µÁ≥ÿµÁ—πºÏ≤‚ Member=Component U8 ADG5234
Change Room Name: Old Name=SW1 New Name=µÁ≥ÿµÁ—πºÏ≤‚
Change Room Scope: Old Scope=InComponentClass('SW1') New Scope=InComponentClass('µÁ≥ÿµÁ—πºÏ≤‚')
