Removed Pin From Net: NetName=CL1 Pin=C10_DI1-1
Removed Pin From Net: NetName=+5V_1 Pin=C10_DI1-2
Removed Pin From Net: NetName=CL1 Pin=C10_DI2-1
Removed Pin From Net: NetName=+5V_1 Pin=C10_DI2-2
Removed Pin From Net: NetName=CL1 Pin=C10_DI3-1
Removed Pin From Net: NetName=+5V_1 Pin=C10_DI3-2
Removed Pin From Net: NetName=CL1 Pin=C10_DI4-1
Removed Pin From Net: NetName=+5V_1 Pin=C10_DI4-2
Removed Pin From Net: NetName=CL1 Pin=C10_DI5-1
Removed Pin From Net: NetName=+5V_1 Pin=C10_DI5-2
Removed Pin From Net: NetName=CL1 Pin=C10_DI6-1
Removed Pin From Net: NetName=+5V_1 Pin=C10_DI6-2
Removed Pin From Net: NetName=CL1 Pin=C10_DI7-1
Removed Pin From Net: NetName=+5V_1 Pin=C10_DI7-2
Removed Pin From Net: NetName=CL1 Pin=C10_DI8-1
Removed Pin From Net: NetName=+5V_1 Pin=C10_DI8-2
Removed Pin From Net: NetName=CL1 Pin=C10_DI9-1
Removed Pin From Net: NetName=+5V_1 Pin=C10_DI9-2
Removed Pin From Net: NetName=CL1 Pin=C10_DI10-1
Removed Pin From Net: NetName=+5V_1 Pin=C10_DI10-2
Removed Pin From Net: NetName=CL1 Pin=C10_DI11-1
Removed Pin From Net: NetName=+5V_1 Pin=C10_DI11-2
Removed Pin From Net: NetName=CL1 Pin=C10_DI12-1
Removed Pin From Net: NetName=+5V_1 Pin=C10_DI12-2
Removed Pin From Net: NetName=CL1 Pin=C10_DI13-1
Removed Pin From Net: NetName=+5V_1 Pin=C10_DI13-2
Removed Pin From Net: NetName=CL1 Pin=C10_DI14-1
Removed Pin From Net: NetName=+5V_1 Pin=C10_DI14-2
Removed Pin From Net: NetName=CL1 Pin=C10_DI15-1
Removed Pin From Net: NetName=+5V_1 Pin=C10_DI15-2
Removed Pin From Net: NetName=CL1 Pin=C10_DI16-1
Removed Pin From Net: NetName=+5V_1 Pin=C10_DI16-2
Removed Pin From Net: NetName=CL1 Pin=C10_DI17-1
Removed Pin From Net: NetName=+5V_1 Pin=C10_DI17-2
Removed Pin From Net: NetName=CL1 Pin=C10_DI18-1
Removed Pin From Net: NetName=+5V_1 Pin=C10_DI18-2
Removed Pin From Net: NetName=CL1 Pin=C10_DI19-1
Removed Pin From Net: NetName=+5V_1 Pin=C10_DI19-2
Removed Pin From Net: NetName=CL1 Pin=C10_DI20-1
Removed Pin From Net: NetName=+5V_1 Pin=C10_DI20-2
Removed Pin From Net: NetName=CL1 Pin=C10_DI21-1
Removed Pin From Net: NetName=+5V_1 Pin=C10_DI21-2
Removed Pin From Net: NetName=CL1 Pin=C10_DI22-1
Removed Pin From Net: NetName=+5V_1 Pin=C10_DI22-2
Removed Pin From Net: NetName=CL1 Pin=C10_DI23-1
Removed Pin From Net: NetName=+5V_1 Pin=C10_DI23-2
Removed Pin From Net: NetName=CL1 Pin=C10_DI24-1
Removed Pin From Net: NetName=+5V_1 Pin=C10_DI24-2
Removed Pin From Net: NetName=CL1 Pin=C10_DI25-1
Removed Pin From Net: NetName=+5V_1 Pin=C10_DI25-2
Removed Pin From Net: NetName=CL1 Pin=C10_DI26-1
Removed Pin From Net: NetName=+5V_1 Pin=C10_DI26-2
Removed Pin From Net: NetName=CL1 Pin=C10_DI27-1
Removed Pin From Net: NetName=+5V_1 Pin=C10_DI27-2
Removed Pin From Net: NetName=CL1 Pin=C10_DI28-1
Removed Pin From Net: NetName=+5V_1 Pin=C10_DI28-2
Removed Pin From Net: NetName=CL1 Pin=C10_DI29-1
Removed Pin From Net: NetName=+5V_1 Pin=C10_DI29-2
Removed Pin From Net: NetName=CL1 Pin=C10_DI30-1
Removed Pin From Net: NetName=+5V_1 Pin=C10_DI30-2
Removed Pin From Net: NetName=CL1 Pin=C10_DI31-1
Removed Pin From Net: NetName=+5V_1 Pin=C10_DI31-2
Removed Pin From Net: NetName=CL1 Pin=C10_DI32-1
Removed Pin From Net: NetName=+5V_1 Pin=C10_DI32-2
Removed Pin From Net: NetName=CL1 Pin=R7_DI1-1
Removed Pin From Net: NetName=NetR5_DI1_1 Pin=R7_DI1-2
Removed Pin From Net: NetName=CL1 Pin=R7_DI2-1
Removed Pin From Net: NetName=NetR5_DI2_1 Pin=R7_DI2-2
Removed Pin From Net: NetName=CL1 Pin=R7_DI3-1
Removed Pin From Net: NetName=NetR5_DI3_1 Pin=R7_DI3-2
Removed Pin From Net: NetName=CL1 Pin=R7_DI4-1
Removed Pin From Net: NetName=NetR5_DI4_1 Pin=R7_DI4-2
Removed Pin From Net: NetName=CL1 Pin=R7_DI5-1
Removed Pin From Net: NetName=NetR5_DI5_1 Pin=R7_DI5-2
Removed Pin From Net: NetName=CL1 Pin=R7_DI6-1
Removed Pin From Net: NetName=NetR5_DI6_1 Pin=R7_DI6-2
Removed Pin From Net: NetName=CL1 Pin=R7_DI7-1
Removed Pin From Net: NetName=NetR5_DI7_1 Pin=R7_DI7-2
Removed Pin From Net: NetName=CL1 Pin=R7_DI8-1
Removed Pin From Net: NetName=NetR5_DI8_1 Pin=R7_DI8-2
Removed Pin From Net: NetName=CL1 Pin=R7_DI9-1
Removed Pin From Net: NetName=NetR5_DI9_1 Pin=R7_DI9-2
Removed Pin From Net: NetName=CL1 Pin=R7_DI10-1
Removed Pin From Net: NetName=NetR5_DI10_1 Pin=R7_DI10-2
Removed Pin From Net: NetName=CL1 Pin=R7_DI11-1
Removed Pin From Net: NetName=NetR5_DI11_1 Pin=R7_DI11-2
Removed Pin From Net: NetName=CL1 Pin=R7_DI12-1
Removed Pin From Net: NetName=NetR5_DI12_1 Pin=R7_DI12-2
Removed Pin From Net: NetName=CL1 Pin=R7_DI13-1
Removed Pin From Net: NetName=NetR5_DI13_1 Pin=R7_DI13-2
Removed Pin From Net: NetName=CL1 Pin=R7_DI14-1
Removed Pin From Net: NetName=NetR5_DI14_1 Pin=R7_DI14-2
Removed Pin From Net: NetName=CL1 Pin=R7_DI15-1
Removed Pin From Net: NetName=NetR5_DI15_1 Pin=R7_DI15-2
Removed Pin From Net: NetName=CL1 Pin=R7_DI16-1
Removed Pin From Net: NetName=NetR5_DI16_1 Pin=R7_DI16-2
Removed Pin From Net: NetName=CL1 Pin=R7_DI17-1
Removed Pin From Net: NetName=NetR5_DI17_1 Pin=R7_DI17-2
Removed Pin From Net: NetName=CL1 Pin=R7_DI18-1
Removed Pin From Net: NetName=NetR5_DI18_1 Pin=R7_DI18-2
Removed Pin From Net: NetName=CL1 Pin=R7_DI19-1
Removed Pin From Net: NetName=NetR5_DI19_1 Pin=R7_DI19-2
Removed Pin From Net: NetName=CL1 Pin=R7_DI20-1
Removed Pin From Net: NetName=NetR5_DI20_1 Pin=R7_DI20-2
Removed Pin From Net: NetName=CL1 Pin=R7_DI21-1
Removed Pin From Net: NetName=NetR5_DI21_1 Pin=R7_DI21-2
Removed Pin From Net: NetName=CL1 Pin=R7_DI22-1
Removed Pin From Net: NetName=NetR5_DI22_1 Pin=R7_DI22-2
Removed Pin From Net: NetName=CL1 Pin=R7_DI23-1
Removed Pin From Net: NetName=NetR5_DI23_1 Pin=R7_DI23-2
Removed Pin From Net: NetName=CL1 Pin=R7_DI24-1
Removed Pin From Net: NetName=NetR5_DI24_1 Pin=R7_DI24-2
Removed Pin From Net: NetName=CL1 Pin=R7_DI25-1
Removed Pin From Net: NetName=NetR5_DI25_1 Pin=R7_DI25-2
Removed Pin From Net: NetName=CL1 Pin=R7_DI26-1
Removed Pin From Net: NetName=NetR5_DI26_1 Pin=R7_DI26-2
Removed Pin From Net: NetName=CL1 Pin=R7_DI27-1
Removed Pin From Net: NetName=NetR5_DI27_1 Pin=R7_DI27-2
Removed Pin From Net: NetName=CL1 Pin=R7_DI28-1
Removed Pin From Net: NetName=NetR5_DI28_1 Pin=R7_DI28-2
Removed Pin From Net: NetName=CL1 Pin=R7_DI29-1
Removed Pin From Net: NetName=NetR5_DI29_1 Pin=R7_DI29-2
Removed Pin From Net: NetName=CL1 Pin=R7_DI30-1
Removed Pin From Net: NetName=NetR5_DI30_1 Pin=R7_DI30-2
Removed Pin From Net: NetName=CL1 Pin=R7_DI31-1
Removed Pin From Net: NetName=NetR5_DI31_1 Pin=R7_DI31-2
Removed Pin From Net: NetName=CL1 Pin=R7_DI32-1
Removed Pin From Net: NetName=NetR5_DI32_1 Pin=R7_DI32-2
Removed Member From Class: ClassName=DI1 Member=C10_DI1
Removed Member From Class: ClassName=DI2 Member=C10_DI2
Removed Member From Class: ClassName=DI3 Member=C10_DI3
Removed Member From Class: ClassName=DI4 Member=C10_DI4
Removed Member From Class: ClassName=DI5 Member=C10_DI5
Removed Member From Class: ClassName=DI6 Member=C10_DI6
Removed Member From Class: ClassName=DI7 Member=C10_DI7
Removed Member From Class: ClassName=DI8 Member=C10_DI8
Removed Member From Class: ClassName=DI9 Member=C10_DI9
Removed Member From Class: ClassName=DI10 Member=C10_DI10
Removed Member From Class: ClassName=DI11 Member=C10_DI11
Removed Member From Class: ClassName=DI12 Member=C10_DI12
Removed Member From Class: ClassName=DI13 Member=C10_DI13
Removed Member From Class: ClassName=DI14 Member=C10_DI14
Removed Member From Class: ClassName=DI15 Member=C10_DI15
Removed Member From Class: ClassName=DI16 Member=C10_DI16
Removed Member From Class: ClassName=DI17 Member=C10_DI17
Removed Member From Class: ClassName=DI18 Member=C10_DI18
Removed Member From Class: ClassName=DI19 Member=C10_DI19
Removed Member From Class: ClassName=DI20 Member=C10_DI20
Removed Member From Class: ClassName=DI21 Member=C10_DI21
Removed Member From Class: ClassName=DI22 Member=C10_DI22
Removed Member From Class: ClassName=DI23 Member=C10_DI23
Removed Member From Class: ClassName=DI24 Member=C10_DI24
Removed Member From Class: ClassName=DI25 Member=C10_DI25
Removed Member From Class: ClassName=DI26 Member=C10_DI26
Removed Member From Class: ClassName=DI27 Member=C10_DI27
Removed Member From Class: ClassName=DI28 Member=C10_DI28
Removed Member From Class: ClassName=DI29 Member=C10_DI29
Removed Member From Class: ClassName=DI30 Member=C10_DI30
Removed Member From Class: ClassName=DI31 Member=C10_DI31
Removed Member From Class: ClassName=DI32 Member=C10_DI32
Removed Member From Class: ClassName=DI1 Member=R7_DI1
Removed Member From Class: ClassName=DI2 Member=R7_DI2
Removed Member From Class: ClassName=DI3 Member=R7_DI3
Removed Member From Class: ClassName=DI4 Member=R7_DI4
Removed Member From Class: ClassName=DI5 Member=R7_DI5
Removed Member From Class: ClassName=DI6 Member=R7_DI6
Removed Member From Class: ClassName=DI7 Member=R7_DI7
Removed Member From Class: ClassName=DI8 Member=R7_DI8
Removed Member From Class: ClassName=DI9 Member=R7_DI9
Removed Member From Class: ClassName=DI10 Member=R7_DI10
Removed Member From Class: ClassName=DI11 Member=R7_DI11
Removed Member From Class: ClassName=DI12 Member=R7_DI12
Removed Member From Class: ClassName=DI13 Member=R7_DI13
Removed Member From Class: ClassName=DI14 Member=R7_DI14
Removed Member From Class: ClassName=DI15 Member=R7_DI15
Removed Member From Class: ClassName=DI16 Member=R7_DI16
Removed Member From Class: ClassName=DI17 Member=R7_DI17
Removed Member From Class: ClassName=DI18 Member=R7_DI18
Removed Member From Class: ClassName=DI19 Member=R7_DI19
Removed Member From Class: ClassName=DI20 Member=R7_DI20
Removed Member From Class: ClassName=DI21 Member=R7_DI21
Removed Member From Class: ClassName=DI22 Member=R7_DI22
Removed Member From Class: ClassName=DI23 Member=R7_DI23
Removed Member From Class: ClassName=DI24 Member=R7_DI24
Removed Member From Class: ClassName=DI25 Member=R7_DI25
Removed Member From Class: ClassName=DI26 Member=R7_DI26
Removed Member From Class: ClassName=DI27 Member=R7_DI27
Removed Member From Class: ClassName=DI28 Member=R7_DI28
Removed Member From Class: ClassName=DI29 Member=R7_DI29
Removed Member From Class: ClassName=DI30 Member=R7_DI30
Removed Member From Class: ClassName=DI31 Member=R7_DI31
Removed Member From Class: ClassName=DI32 Member=R7_DI32
