Added Component: Designator=U12(SSOP20)
Added Component: Designator=U13(SOT-23-5)
Added Component: Designator=U14(SOT-23-5)
Added Pin To Net: NetName=NetR25_2 Pin=U12-1
Added Pin To Net: NetName=GND Pin=U12-2
Added Pin To Net: NetName=5V_0 Pin=U12-3
Added Pin To Net: NetName=NetR29_2 Pin=U12-4
Added Pin To Net: NetName=5V_0 Pin=U12-9
Added Pin To Net: NetName=GND Pin=U12-10
Added Pin To Net: NetName=GND_1 Pin=U12-11
Added Pin To Net: NetName=NetR28_1 Pin=U12-12
Added Pin To Net: NetName=NetR26_2 Pin=U12-17
Added Pin To Net: NetName=NetC39_2 Pin=U12-18
Added Pin To Net: NetName=GND_1 Pin=U12-19
Added Pin To Net: NetName=+6V_1 Pin=U12-20
Added Pin To Net: NetName=+6V_1 Pin=U13-1
Added Pin To Net: NetName=GND_1 Pin=U13-2
Added Pin To Net: NetName=+6V_1 Pin=U13-3
Added Pin To Net: NetName=+5V_1 Pin=U13-5
Added Pin To Net: NetName=GND_1 Pin=U14-1
Added Pin To Net: NetName=-6V_1 Pin=U14-2
Added Pin To Net: NetName=-6V_1 Pin=U14-3
Added Pin To Net: NetName=-5V_1 Pin=U14-5
Added Member To Class: ClassName=U_电源 Member=Component U12 ADUM3471
Added Member To Class: ClassName=U_电源 Member=Component U13 ADP7118
Added Member To Class: ClassName=U_电源 Member=Component U14 ADP7182
