Removed Member From Class: ClassName=µÁ≥ÿµÁ—πºÏ≤‚ Member=J1
Added Pin To Net: NetName=GND_1 Pin=U1-9
Added Pin To Net: NetName=C1 Pin=U1-7
Added Net: Name=C1
Added Pin To Net: NetName=C2 Pin=U1-4
Added Net: Name=C2
Added Pin To Net: NetName=C3 Pin=U1-2
Added Net: Name=C3
Added Pin To Net: NetName=C4 Pin=U1-19
Added Net: Name=C4
Added Pin To Net: NetName=C5 Pin=U1-17
Added Net: Name=C5
Added Pin To Net: NetName=C6 Pin=U1-14
Added Net: Name=C6
Added Pin To Net: NetName=C7 Pin=U1-12
Added Net: Name=C7
Added Net: Name=C8
Added Net: Name=C9
Added Net: Name=C10
Added Net: Name=C11
Added Net: Name=C12
Added Net: Name=C13
Added Net: Name=C14
Added Net: Name=C15
Added Net: Name=C16
Added Net: Name=C17
Added Net: Name=C18
Added Net: Name=C19
Added Net: Name=C20
Added Net: Name=C21
Added Net: Name=C22
Added Net: Name=C23
Added Net: Name=C24
Added Net: Name=C25
Added Net: Name=C26
Added Net: Name=C27
Added Net: Name=C28
Added Net: Name=C29
Added Net: Name=C30
Added Net: Name=C31
Added Net: Name=C32
Added Room: Name=µÁ≥ÿµÁ—πºÏ≤‚
