Removed Pin From Net: NetName=GND_1 Pin=C13-2
Removed Pin From Net: NetName=GND_1 Pin=C14-2
Removed Pin From Net: NetName=GND_1 Pin=DB1-39
Added Component: Designator=C157(0805C)
Added Component: Designator=C158(0805C)
Added Component: Designator=C159(0805C)
Added Component: Designator=C160(0805C)
Added Component: Designator=C161(0805C)
Added Component: Designator=C162(0805C)
Added Component: Designator=C163(0805C)
Added Component: Designator=C164(0805C)
Added Component: Designator=C165(0805C)
Added Component: Designator=C166(0805C)
Added Component: Designator=C167(0805C)
Added Component: Designator=C168(0805C)
Added Component: Designator=C169(0805C)
Added Component: Designator=C170(0805C)
Added Component: Designator=C171(0805C)
Added Component: Designator=C172(0805C)
Added Pin To Net: NetName=AGND_1 Pin=C13-2
Added Pin To Net: NetName=AGND_1 Pin=C14-2
Added Pin To Net: NetName=AGND_1 Pin=C157-2
Added Pin To Net: NetName=AGND_1 Pin=C158-2
Added Pin To Net: NetName=AGND_1 Pin=C159-2
Added Pin To Net: NetName=AGND_1 Pin=C160-2
Added Pin To Net: NetName=AGND_1 Pin=C161-2
Added Pin To Net: NetName=AGND_1 Pin=C162-2
Added Pin To Net: NetName=AGND_1 Pin=C163-2
Added Pin To Net: NetName=AGND_1 Pin=C164-2
Added Pin To Net: NetName=AGND_1 Pin=C165-2
Added Pin To Net: NetName=AGND_1 Pin=C166-2
Added Pin To Net: NetName=AGND_1 Pin=C167-2
Added Pin To Net: NetName=AGND_1 Pin=C168-2
Added Pin To Net: NetName=AGND_1 Pin=C169-2
Added Pin To Net: NetName=AGND_1 Pin=C170-2
Added Pin To Net: NetName=AGND_1 Pin=C171-2
Added Pin To Net: NetName=AGND_1 Pin=C172-2
Added Pin To Net: NetName=AGND_1 Pin=DB1-39
Added Pin To Net: NetName=AGND_1 Pin=U2-15
Added Pin To Net: NetName=AGND_1 Pin=U3-15
Added Pin To Net: NetName=AGND_1 Pin=U4-15
Added Pin To Net: NetName=AGND_1 Pin=U5-15
Added Pin To Net: NetName=AGND_1 Pin=U6-15
Added Pin To Net: NetName=AGND_1 Pin=U7-15
Added Pin To Net: NetName=AGND_1 Pin=U8-15
Added Pin To Net: NetName=AGND_1 Pin=U9-15
Added Pin To Net: NetName=40V Pin=C157-1
Added Pin To Net: NetName=40V Pin=C158-1
Added Pin To Net: NetName=40V Pin=C159-1
Added Pin To Net: NetName=40V Pin=C160-1
Added Pin To Net: NetName=40V Pin=C161-1
Added Pin To Net: NetName=40V Pin=C162-1
Added Pin To Net: NetName=40V Pin=C163-1
Added Pin To Net: NetName=40V Pin=C164-1
Added Pin To Net: NetName=40V Pin=C165-1
Added Pin To Net: NetName=40V Pin=C166-1
Added Pin To Net: NetName=40V Pin=C167-1
Added Pin To Net: NetName=40V Pin=C168-1
Added Pin To Net: NetName=40V Pin=C169-1
Added Pin To Net: NetName=40V Pin=C170-1
Added Pin To Net: NetName=40V Pin=C171-1
Added Pin To Net: NetName=40V Pin=C172-1
Added Pin To Net: NetName=40V Pin=U2-14
Added Pin To Net: NetName=40V Pin=U3-14
Added Pin To Net: NetName=40V Pin=U4-14
Added Pin To Net: NetName=40V Pin=U5-14
Added Pin To Net: NetName=40V Pin=U6-14
Added Pin To Net: NetName=40V Pin=U7-14
Added Pin To Net: NetName=40V Pin=U8-14
Added Pin To Net: NetName=40V Pin=U9-14
Added Net: Name=40V
Added Member To Class: ClassName=U_µÁ≥ÿµÁ—πºÏ≤‚ Member=Component C157 Cap
Added Member To Class: ClassName=U_µÁ≥ÿµÁ—πºÏ≤‚ Member=Component C158 Cap
Added Member To Class: ClassName=U_µÁ≥ÿµÁ—πºÏ≤‚ Member=Component C159 Cap
Added Member To Class: ClassName=U_µÁ≥ÿµÁ—πºÏ≤‚ Member=Component C160 Cap
Added Member To Class: ClassName=U_µÁ≥ÿµÁ—πºÏ≤‚ Member=Component C161 Cap
Added Member To Class: ClassName=U_µÁ≥ÿµÁ—πºÏ≤‚ Member=Component C162 Cap
Added Member To Class: ClassName=U_µÁ≥ÿµÁ—πºÏ≤‚ Member=Component C163 Cap
Added Member To Class: ClassName=U_µÁ≥ÿµÁ—πºÏ≤‚ Member=Component C164 Cap
Added Member To Class: ClassName=U_µÁ≥ÿµÁ—πºÏ≤‚ Member=Component C165 Cap
Added Member To Class: ClassName=U_µÁ≥ÿµÁ—πºÏ≤‚ Member=Component C166 Cap
Added Member To Class: ClassName=U_µÁ≥ÿµÁ—πºÏ≤‚ Member=Component C167 Cap
Added Member To Class: ClassName=U_µÁ≥ÿµÁ—πºÏ≤‚ Member=Component C168 Cap
Added Member To Class: ClassName=U_µÁ≥ÿµÁ—πºÏ≤‚ Member=Component C169 Cap
Added Member To Class: ClassName=U_µÁ≥ÿµÁ—πºÏ≤‚ Member=Component C170 Cap
Added Member To Class: ClassName=U_µÁ≥ÿµÁ—πºÏ≤‚ Member=Component C171 Cap
Added Member To Class: ClassName=U_µÁ≥ÿµÁ—πºÏ≤‚ Member=Component C172 Cap
