Change Component Designator: OldDesignator=C1_DI1 NewDesignator=C49_DI1
Change Component Designator: OldDesignator=C1_DI2 NewDesignator=C49_DI2
Change Component Designator: OldDesignator=C1_DI3 NewDesignator=C49_DI3
Change Component Designator: OldDesignator=C1_DI4 NewDesignator=C49_DI4
Change Component Designator: OldDesignator=C1_DI5 NewDesignator=C49_DI5
Change Component Designator: OldDesignator=C1_DI6 NewDesignator=C49_DI6
Change Component Designator: OldDesignator=C1_DI7 NewDesignator=C49_DI7
Change Component Designator: OldDesignator=C1_DI8 NewDesignator=C49_DI8
Change Component Designator: OldDesignator=C1_DI9 NewDesignator=C49_DI9
Change Component Designator: OldDesignator=C1_DI10 NewDesignator=C49_DI10
Change Component Designator: OldDesignator=C1_DI11 NewDesignator=C49_DI11
Change Component Designator: OldDesignator=C1_DI12 NewDesignator=C49_DI12
Change Component Designator: OldDesignator=C1_DI13 NewDesignator=C49_DI13
Change Component Designator: OldDesignator=C1_DI14 NewDesignator=C49_DI14
Change Component Designator: OldDesignator=C1_DI15 NewDesignator=C49_DI15
Change Component Designator: OldDesignator=C1_DI16 NewDesignator=C49_DI16
Change Component Designator: OldDesignator=C2_DI1 NewDesignator=C50_DI1
Change Component Designator: OldDesignator=C2_DI2 NewDesignator=C50_DI2
Change Component Designator: OldDesignator=C2_DI3 NewDesignator=C50_DI3
Change Component Designator: OldDesignator=C2_DI4 NewDesignator=C50_DI4
Change Component Designator: OldDesignator=C2_DI5 NewDesignator=C50_DI5
Change Component Designator: OldDesignator=C2_DI6 NewDesignator=C50_DI6
Change Component Designator: OldDesignator=C2_DI7 NewDesignator=C50_DI7
Change Component Designator: OldDesignator=C2_DI8 NewDesignator=C50_DI8
Change Component Designator: OldDesignator=C2_DI9 NewDesignator=C50_DI9
Change Component Designator: OldDesignator=C2_DI10 NewDesignator=C50_DI10
Change Component Designator: OldDesignator=C2_DI11 NewDesignator=C50_DI11
Change Component Designator: OldDesignator=C2_DI12 NewDesignator=C50_DI12
Change Component Designator: OldDesignator=C2_DI13 NewDesignator=C50_DI13
Change Component Designator: OldDesignator=C2_DI14 NewDesignator=C50_DI14
Change Component Designator: OldDesignator=C2_DI15 NewDesignator=C50_DI15
Change Component Designator: OldDesignator=C2_DI16 NewDesignator=C50_DI16
Change Component Designator: OldDesignator=C3_DI1 NewDesignator=C51_DI1
Change Component Designator: OldDesignator=C3_DI2 NewDesignator=C51_DI2
Change Component Designator: OldDesignator=C3_DI3 NewDesignator=C51_DI3
Change Component Designator: OldDesignator=C3_DI4 NewDesignator=C51_DI4
Change Component Designator: OldDesignator=C3_DI5 NewDesignator=C51_DI5
Change Component Designator: OldDesignator=C3_DI6 NewDesignator=C51_DI6
Change Component Designator: OldDesignator=C3_DI7 NewDesignator=C51_DI7
Change Component Designator: OldDesignator=C3_DI8 NewDesignator=C51_DI8
Change Component Designator: OldDesignator=C3_DI9 NewDesignator=C51_DI9
Change Component Designator: OldDesignator=C3_DI10 NewDesignator=C51_DI10
Change Component Designator: OldDesignator=C3_DI11 NewDesignator=C51_DI11
Change Component Designator: OldDesignator=C3_DI12 NewDesignator=C51_DI12
Change Component Designator: OldDesignator=C3_DI13 NewDesignator=C51_DI13
Change Component Designator: OldDesignator=C3_DI14 NewDesignator=C51_DI14
Change Component Designator: OldDesignator=C3_DI15 NewDesignator=C51_DI15
Change Component Designator: OldDesignator=C3_DI16 NewDesignator=C51_DI16
Change Component Designator: OldDesignator=C4_DI1 NewDesignator=C52_DI1
Change Component Designator: OldDesignator=C4_DI2 NewDesignator=C52_DI2
Change Component Designator: OldDesignator=C4_DI3 NewDesignator=C52_DI3
Change Component Designator: OldDesignator=C4_DI4 NewDesignator=C52_DI4
Change Component Designator: OldDesignator=C4_DI5 NewDesignator=C52_DI5
Change Component Designator: OldDesignator=C4_DI6 NewDesignator=C52_DI6
Change Component Designator: OldDesignator=C4_DI7 NewDesignator=C52_DI7
Change Component Designator: OldDesignator=C4_DI8 NewDesignator=C52_DI8
Change Component Designator: OldDesignator=C4_DI9 NewDesignator=C52_DI9
Change Component Designator: OldDesignator=C4_DI10 NewDesignator=C52_DI10
Change Component Designator: OldDesignator=C4_DI11 NewDesignator=C52_DI11
Change Component Designator: OldDesignator=C4_DI12 NewDesignator=C52_DI12
Change Component Designator: OldDesignator=C4_DI13 NewDesignator=C52_DI13
Change Component Designator: OldDesignator=C4_DI14 NewDesignator=C52_DI14
Change Component Designator: OldDesignator=C4_DI15 NewDesignator=C52_DI15
Change Component Designator: OldDesignator=C4_DI16 NewDesignator=C52_DI16
Change Component Designator: OldDesignator=C5_DI1 NewDesignator=C53_DI1
Change Component Designator: OldDesignator=C5_DI2 NewDesignator=C53_DI2
Change Component Designator: OldDesignator=C5_DI3 NewDesignator=C53_DI3
Change Component Designator: OldDesignator=C5_DI4 NewDesignator=C53_DI4
Change Component Designator: OldDesignator=C5_DI5 NewDesignator=C53_DI5
Change Component Designator: OldDesignator=C5_DI6 NewDesignator=C53_DI6
Change Component Designator: OldDesignator=C5_DI7 NewDesignator=C53_DI7
Change Component Designator: OldDesignator=C5_DI8 NewDesignator=C53_DI8
Change Component Designator: OldDesignator=C5_DI9 NewDesignator=C53_DI9
Change Component Designator: OldDesignator=C5_DI10 NewDesignator=C53_DI10
Change Component Designator: OldDesignator=C5_DI11 NewDesignator=C53_DI11
Change Component Designator: OldDesignator=C5_DI12 NewDesignator=C53_DI12
Change Component Designator: OldDesignator=C5_DI13 NewDesignator=C53_DI13
Change Component Designator: OldDesignator=C5_DI14 NewDesignator=C53_DI14
Change Component Designator: OldDesignator=C5_DI15 NewDesignator=C53_DI15
Change Component Designator: OldDesignator=C5_DI16 NewDesignator=C53_DI16
Change Component Designator: OldDesignator=C6_DI1 NewDesignator=C55_DI1
Change Component Designator: OldDesignator=C6_DI2 NewDesignator=C55_DI2
Change Component Designator: OldDesignator=C6_DI3 NewDesignator=C55_DI3
Change Component Designator: OldDesignator=C6_DI4 NewDesignator=C55_DI4
Change Component Designator: OldDesignator=C6_DI5 NewDesignator=C55_DI5
Change Component Designator: OldDesignator=C6_DI6 NewDesignator=C55_DI6
Change Component Designator: OldDesignator=C6_DI7 NewDesignator=C55_DI7
Change Component Designator: OldDesignator=C6_DI8 NewDesignator=C55_DI8
Change Component Designator: OldDesignator=C6_DI9 NewDesignator=C55_DI9
Change Component Designator: OldDesignator=C6_DI10 NewDesignator=C55_DI10
Change Component Designator: OldDesignator=C6_DI11 NewDesignator=C55_DI11
Change Component Designator: OldDesignator=C6_DI12 NewDesignator=C55_DI12
Change Component Designator: OldDesignator=C6_DI13 NewDesignator=C55_DI13
Change Component Designator: OldDesignator=C6_DI14 NewDesignator=C55_DI14
Change Component Designator: OldDesignator=C6_DI15 NewDesignator=C55_DI15
Change Component Designator: OldDesignator=C6_DI16 NewDesignator=C55_DI16
Change Component Designator: OldDesignator=C8_DI1 NewDesignator=C56_DI1
Change Component Designator: OldDesignator=C8_DI2 NewDesignator=C56_DI2
Change Component Designator: OldDesignator=C8_DI3 NewDesignator=C56_DI3
Change Component Designator: OldDesignator=C8_DI4 NewDesignator=C56_DI4
Change Component Designator: OldDesignator=C8_DI5 NewDesignator=C56_DI5
Change Component Designator: OldDesignator=C8_DI6 NewDesignator=C56_DI6
Change Component Designator: OldDesignator=C8_DI7 NewDesignator=C56_DI7
Change Component Designator: OldDesignator=C8_DI8 NewDesignator=C56_DI8
Change Component Designator: OldDesignator=C8_DI9 NewDesignator=C56_DI9
Change Component Designator: OldDesignator=C8_DI10 NewDesignator=C56_DI10
Change Component Designator: OldDesignator=C8_DI11 NewDesignator=C56_DI11
Change Component Designator: OldDesignator=C8_DI12 NewDesignator=C56_DI12
Change Component Designator: OldDesignator=C8_DI13 NewDesignator=C56_DI13
Change Component Designator: OldDesignator=C8_DI14 NewDesignator=C56_DI14
Change Component Designator: OldDesignator=C8_DI15 NewDesignator=C56_DI15
Change Component Designator: OldDesignator=C8_DI16 NewDesignator=C56_DI16
Change Component Designator: OldDesignator=C9_DI1 NewDesignator=C57_DI1
Change Component Designator: OldDesignator=C9_DI2 NewDesignator=C57_DI2
Change Component Designator: OldDesignator=C9_DI3 NewDesignator=C57_DI3
Change Component Designator: OldDesignator=C9_DI4 NewDesignator=C57_DI4
Change Component Designator: OldDesignator=C9_DI5 NewDesignator=C57_DI5
Change Component Designator: OldDesignator=C9_DI6 NewDesignator=C57_DI6
Change Component Designator: OldDesignator=C9_DI7 NewDesignator=C57_DI7
Change Component Designator: OldDesignator=C9_DI8 NewDesignator=C57_DI8
Change Component Designator: OldDesignator=C9_DI9 NewDesignator=C57_DI9
Change Component Designator: OldDesignator=C9_DI10 NewDesignator=C57_DI10
Change Component Designator: OldDesignator=C9_DI11 NewDesignator=C57_DI11
Change Component Designator: OldDesignator=C9_DI12 NewDesignator=C57_DI12
Change Component Designator: OldDesignator=C9_DI13 NewDesignator=C57_DI13
Change Component Designator: OldDesignator=C9_DI14 NewDesignator=C57_DI14
Change Component Designator: OldDesignator=C9_DI15 NewDesignator=C57_DI15
Change Component Designator: OldDesignator=C9_DI16 NewDesignator=C57_DI16
Change Component Designator: OldDesignator=C10_DI1 NewDesignator=C54_DI1
Change Component Designator: OldDesignator=C10_DI2 NewDesignator=C54_DI2
Change Component Designator: OldDesignator=C10_DI3 NewDesignator=C54_DI3
Change Component Designator: OldDesignator=C10_DI4 NewDesignator=C54_DI4
Change Component Designator: OldDesignator=C10_DI5 NewDesignator=C54_DI5
Change Component Designator: OldDesignator=C10_DI6 NewDesignator=C54_DI6
Change Component Designator: OldDesignator=C10_DI7 NewDesignator=C54_DI7
Change Component Designator: OldDesignator=C10_DI8 NewDesignator=C54_DI8
Change Component Designator: OldDesignator=C10_DI9 NewDesignator=C54_DI9
Change Component Designator: OldDesignator=C10_DI10 NewDesignator=C54_DI10
Change Component Designator: OldDesignator=C10_DI11 NewDesignator=C54_DI11
Change Component Designator: OldDesignator=C10_DI12 NewDesignator=C54_DI12
Change Component Designator: OldDesignator=C10_DI13 NewDesignator=C54_DI13
Change Component Designator: OldDesignator=C10_DI14 NewDesignator=C54_DI14
Change Component Designator: OldDesignator=C10_DI15 NewDesignator=C54_DI15
Change Component Designator: OldDesignator=C10_DI16 NewDesignator=C54_DI16
Change Component Designator: OldDesignator=DB NewDesignator=DB1
Change Component Designator: OldDesignator=U1 NewDesignator=U6
Change Component Designator: OldDesignator=U1_DI1 NewDesignator=U9_DI1
Change Component Designator: OldDesignator=U1_DI2 NewDesignator=U9_DI2
Change Component Designator: OldDesignator=U1_DI3 NewDesignator=U9_DI3
Change Component Designator: OldDesignator=U1_DI4 NewDesignator=U9_DI4
Change Component Designator: OldDesignator=U1_DI5 NewDesignator=U9_DI5
Change Component Designator: OldDesignator=U1_DI6 NewDesignator=U9_DI6
Change Component Designator: OldDesignator=U1_DI7 NewDesignator=U9_DI7
Change Component Designator: OldDesignator=U1_DI8 NewDesignator=U9_DI8
Change Component Designator: OldDesignator=U1_DI9 NewDesignator=U9_DI9
Change Component Designator: OldDesignator=U1_DI10 NewDesignator=U9_DI10
Change Component Designator: OldDesignator=U1_DI11 NewDesignator=U9_DI11
Change Component Designator: OldDesignator=U1_DI12 NewDesignator=U9_DI12
Change Component Designator: OldDesignator=U1_DI13 NewDesignator=U9_DI13
Change Component Designator: OldDesignator=U1_DI14 NewDesignator=U9_DI14
Change Component Designator: OldDesignator=U1_DI15 NewDesignator=U9_DI15
Change Component Designator: OldDesignator=U1_DI16 NewDesignator=U9_DI16
Change Component Designator: OldDesignator=U2 NewDesignator=U7
Change Component Designator: OldDesignator=U3 NewDesignator=U8
Change Component Designator: OldDesignator=U4 NewDesignator=U2
Change Component Designator: OldDesignator=U5 NewDesignator=U1
Change Component Designator: OldDesignator=U6 NewDesignator=U5
Change Component Designator: OldDesignator=U7 NewDesignator=U4
Change Component Designator: OldDesignator=U8 NewDesignator=U3
Added Component: Designator=C1(0603AC)
Added Component: Designator=C2(0603AC)
Added Component: Designator=C3(0603AC)
Added Component: Designator=C4(0603AC)
Added Component: Designator=C5(0603AC)
Added Component: Designator=C6(0603AC)
Added Component: Designator=C7(0603AC)
Added Component: Designator=C8(0603AC)
Added Component: Designator=C9(0603AC)
Added Component: Designator=C10(0603AC)
Added Component: Designator=C11(0603AC)
Added Component: Designator=C12(0603AC)
Added Component: Designator=C13(0603AC)
Added Component: Designator=C14(0603AC)
Added Component: Designator=C15(0603AC)
Added Component: Designator=C16(0603AC)
Added Component: Designator=C17(0603AC)
Added Component: Designator=C18(0603AC)
Added Component: Designator=C19(0603AC)
Added Component: Designator=C20(0603AC)
Added Component: Designator=C21(0603AC)
Added Component: Designator=C22(0603AC)
Added Component: Designator=C23(0603AC)
Added Component: Designator=C24(0603AC)
Added Component: Designator=C25(0603AC)
Added Component: Designator=C26(0603AC)
Added Component: Designator=C27(0603AC)
Added Component: Designator=C28(0603AC)
Added Component: Designator=C29(0603AC)
Added Component: Designator=C30(0603AC)
Added Component: Designator=C31(0603AC)
Added Component: Designator=C32(0603AC)
Added Component: Designator=C33(0603AC)
Added Component: Designator=C34(0603AC)
Added Component: Designator=C35(0603AC)
Added Component: Designator=C36(0603AC)
Added Component: Designator=C37(0603AC)
Added Component: Designator=C38(0603AC)
Added Component: Designator=C39(0603AC)
Added Component: Designator=C40(0603AC)
Added Component: Designator=C41(0603AC)
Added Component: Designator=C42(0603AC)
Added Component: Designator=C43(0603AC)
Added Component: Designator=C44(0603AC)
Added Component: Designator=C45(0603AC)
Added Component: Designator=C46(0603AC)
Added Component: Designator=C47(0603AC)
Added Component: Designator=C48(0603AC)
Added Pin To Net: NetName=GND_1 Pin=C1-1
Added Pin To Net: NetName=C16 Pin=C1-2
Added Pin To Net: NetName=GND_1 Pin=C2-1
Added Pin To Net: NetName=GND_1 Pin=C2-2
Added Pin To Net: NetName=GND_1 Pin=C3-2
Added Pin To Net: NetName=GND_1 Pin=C4-2
Added Pin To Net: NetName=GND_1 Pin=C5-1
Added Pin To Net: NetName=C15 Pin=C5-2
Added Pin To Net: NetName=GND_1 Pin=C6-1
Added Pin To Net: NetName=C18 Pin=C6-2
Added Pin To Net: NetName=GND_1 Pin=C7-1
Added Pin To Net: NetName=C14 Pin=C7-2
Added Pin To Net: NetName=GND_1 Pin=C8-1
Added Pin To Net: NetName=C19 Pin=C8-2
Added Pin To Net: NetName=GND_1 Pin=C9-1
Added Pin To Net: NetName=C13 Pin=C9-2
Added Pin To Net: NetName=GND_1 Pin=C10-1
Added Pin To Net: NetName=C20 Pin=C10-2
Added Pin To Net: NetName=GND_1 Pin=C11-1
Added Pin To Net: NetName=C12 Pin=C11-2
Added Pin To Net: NetName=GND_1 Pin=C12-1
Added Pin To Net: NetName=C21 Pin=C12-2
Added Pin To Net: NetName=GND_1 Pin=C13-2
Added Pin To Net: NetName=GND_1 Pin=C14-2
Added Pin To Net: NetName=GND_1 Pin=C15-1
Added Pin To Net: NetName=C11 Pin=C15-2
Added Pin To Net: NetName=GND_1 Pin=C16-1
Added Pin To Net: NetName=C22 Pin=C16-2
Added Pin To Net: NetName=GND_1 Pin=C17-1
Added Pin To Net: NetName=C10 Pin=C17-2
Added Pin To Net: NetName=GND_1 Pin=C18-1
Added Pin To Net: NetName=C23 Pin=C18-2
Added Pin To Net: NetName=GND_1 Pin=C19-1
Added Pin To Net: NetName=C9 Pin=C19-2
Added Pin To Net: NetName=GND_1 Pin=C20-1
Added Pin To Net: NetName=C24 Pin=C20-2
Added Pin To Net: NetName=GND_1 Pin=C21-1
Added Pin To Net: NetName=C8 Pin=C21-2
Added Pin To Net: NetName=GND_1 Pin=C22-1
Added Pin To Net: NetName=C25 Pin=C22-2
Added Pin To Net: NetName=GND_1 Pin=C23-2
Added Pin To Net: NetName=GND_1 Pin=C24-2
Added Pin To Net: NetName=GND_1 Pin=C25-2
Added Pin To Net: NetName=GND_1 Pin=C26-2
Added Pin To Net: NetName=GND_1 Pin=C27-1
Added Pin To Net: NetName=C7 Pin=C27-2
Added Pin To Net: NetName=GND_1 Pin=C28-1
Added Pin To Net: NetName=C26 Pin=C28-2
Added Pin To Net: NetName=GND_1 Pin=C29-2
Added Pin To Net: NetName=GND_1 Pin=C30-2
Added Pin To Net: NetName=GND_1 Pin=C31-1
Added Pin To Net: NetName=C6 Pin=C31-2
Added Pin To Net: NetName=GND_1 Pin=C32-1
Added Pin To Net: NetName=C27 Pin=C32-2
Added Pin To Net: NetName=GND_1 Pin=C33-1
Added Pin To Net: NetName=C5 Pin=C33-2
Added Pin To Net: NetName=GND_1 Pin=C34-1
Added Pin To Net: NetName=C28 Pin=C34-2
Added Pin To Net: NetName=GND_1 Pin=C35-1
Added Pin To Net: NetName=C4 Pin=C35-2
Added Pin To Net: NetName=GND_1 Pin=C36-1
Added Pin To Net: NetName=C29 Pin=C36-2
Added Pin To Net: NetName=GND_1 Pin=C37-1
Added Pin To Net: NetName=C3 Pin=C37-2
Added Pin To Net: NetName=GND_1 Pin=C38-1
Added Pin To Net: NetName=C30 Pin=C38-2
Added Pin To Net: NetName=GND_1 Pin=C39-2
Added Pin To Net: NetName=GND_1 Pin=C40-2
Added Pin To Net: NetName=GND_1 Pin=C41-1
Added Pin To Net: NetName=C2 Pin=C41-2
Added Pin To Net: NetName=GND_1 Pin=C42-1
Added Pin To Net: NetName=C31 Pin=C42-2
Added Pin To Net: NetName=GND_1 Pin=C43-2
Added Pin To Net: NetName=GND_1 Pin=C44-2
Added Pin To Net: NetName=GND_1 Pin=C45-2
Added Pin To Net: NetName=GND_1 Pin=C46-2
Added Pin To Net: NetName=GND_1 Pin=C47-1
Added Pin To Net: NetName=C1 Pin=C47-2
Added Pin To Net: NetName=GND_1 Pin=C48-1
Added Pin To Net: NetName=C32 Pin=C48-2
Added Pin To Net: NetName=GND_1 Pin=DB1-29
Added Pin To Net: NetName=GND_1 Pin=U1-5
Added Pin To Net: NetName=GND_1 Pin=U1-6
Added Pin To Net: NetName=GND_1 Pin=U1-7
Added Pin To Net: NetName=GND_1 Pin=U2-5
Added Pin To Net: NetName=GND_1 Pin=U2-6
Added Pin To Net: NetName=GND_1 Pin=U3-5
Added Pin To Net: NetName=GND_1 Pin=U3-6
Added Pin To Net: NetName=GND_1 Pin=U4-5
Added Pin To Net: NetName=GND_1 Pin=U4-6
Added Pin To Net: NetName=GND_1 Pin=U5-5
Added Pin To Net: NetName=GND_1 Pin=U5-6
Added Pin To Net: NetName=GND_1 Pin=U6-5
Added Pin To Net: NetName=GND_1 Pin=U6-6
Added Pin To Net: NetName=GND_1 Pin=U7-5
Added Pin To Net: NetName=GND_1 Pin=U7-6
Added Pin To Net: NetName=GND_1 Pin=U8-5
Added Pin To Net: NetName=GND_1 Pin=U8-6
Change Net Name : Old Net Name=GND_1 New Net Name=C17
Change Net Name : Old Net Name=NetC1_DI1_1 New Net Name=NetC49_DI1_1
Change Net Name : Old Net Name=NetC1_DI2_1 New Net Name=NetC49_DI2_1
Change Net Name : Old Net Name=NetC1_DI3_1 New Net Name=NetC49_DI3_1
Change Net Name : Old Net Name=NetC1_DI4_1 New Net Name=NetC49_DI4_1
Change Net Name : Old Net Name=NetC1_DI5_1 New Net Name=NetC49_DI5_1
Change Net Name : Old Net Name=NetC1_DI6_1 New Net Name=NetC49_DI6_1
Change Net Name : Old Net Name=NetC1_DI7_1 New Net Name=NetC49_DI7_1
Change Net Name : Old Net Name=NetC1_DI8_1 New Net Name=NetC49_DI8_1
Change Net Name : Old Net Name=NetC1_DI9_1 New Net Name=NetC49_DI9_1
Change Net Name : Old Net Name=NetC1_DI10_1 New Net Name=NetC49_DI10_1
Change Net Name : Old Net Name=NetC1_DI11_1 New Net Name=NetC49_DI11_1
Change Net Name : Old Net Name=NetC1_DI12_1 New Net Name=NetC49_DI12_1
Change Net Name : Old Net Name=NetC1_DI13_1 New Net Name=NetC49_DI13_1
Change Net Name : Old Net Name=NetC1_DI14_1 New Net Name=NetC49_DI14_1
Change Net Name : Old Net Name=NetC1_DI15_1 New Net Name=NetC49_DI15_1
Change Net Name : Old Net Name=NetC1_DI16_1 New Net Name=NetC49_DI16_1
Change Net Name : Old Net Name=NetC3_DI1_1 New Net Name=NetC51_DI1_1
Change Net Name : Old Net Name=NetC3_DI1_2 New Net Name=NetC51_DI1_2
Change Net Name : Old Net Name=NetC3_DI2_1 New Net Name=NetC51_DI2_1
Change Net Name : Old Net Name=NetC3_DI2_2 New Net Name=NetC51_DI2_2
Change Net Name : Old Net Name=NetC3_DI3_1 New Net Name=NetC51_DI3_1
Change Net Name : Old Net Name=NetC3_DI3_2 New Net Name=NetC51_DI3_2
Change Net Name : Old Net Name=NetC3_DI4_1 New Net Name=NetC51_DI4_1
Change Net Name : Old Net Name=NetC3_DI4_2 New Net Name=NetC51_DI4_2
Change Net Name : Old Net Name=NetC3_DI5_1 New Net Name=NetC51_DI5_1
Change Net Name : Old Net Name=NetC3_DI5_2 New Net Name=NetC51_DI5_2
Change Net Name : Old Net Name=NetC3_DI6_1 New Net Name=NetC51_DI6_1
Change Net Name : Old Net Name=NetC3_DI6_2 New Net Name=NetC51_DI6_2
Change Net Name : Old Net Name=NetC3_DI7_1 New Net Name=NetC51_DI7_1
Change Net Name : Old Net Name=NetC3_DI7_2 New Net Name=NetC51_DI7_2
Change Net Name : Old Net Name=NetC3_DI8_1 New Net Name=NetC51_DI8_1
Change Net Name : Old Net Name=NetC3_DI8_2 New Net Name=NetC51_DI8_2
Change Net Name : Old Net Name=NetC3_DI9_1 New Net Name=NetC51_DI9_1
Change Net Name : Old Net Name=NetC3_DI9_2 New Net Name=NetC51_DI9_2
Change Net Name : Old Net Name=NetC3_DI10_1 New Net Name=NetC51_DI10_1
Change Net Name : Old Net Name=NetC3_DI10_2 New Net Name=NetC51_DI10_2
Change Net Name : Old Net Name=NetC3_DI11_1 New Net Name=NetC51_DI11_1
Change Net Name : Old Net Name=NetC3_DI11_2 New Net Name=NetC51_DI11_2
Change Net Name : Old Net Name=NetC3_DI12_1 New Net Name=NetC51_DI12_1
Change Net Name : Old Net Name=NetC3_DI12_2 New Net Name=NetC51_DI12_2
Change Net Name : Old Net Name=NetC3_DI13_1 New Net Name=NetC51_DI13_1
Change Net Name : Old Net Name=NetC3_DI13_2 New Net Name=NetC51_DI13_2
Change Net Name : Old Net Name=NetC3_DI14_1 New Net Name=NetC51_DI14_1
Change Net Name : Old Net Name=NetC3_DI14_2 New Net Name=NetC51_DI14_2
Change Net Name : Old Net Name=NetC3_DI15_1 New Net Name=NetC51_DI15_1
Change Net Name : Old Net Name=NetC3_DI15_2 New Net Name=NetC51_DI15_2
Change Net Name : Old Net Name=NetC3_DI16_1 New Net Name=NetC51_DI16_1
Change Net Name : Old Net Name=NetC3_DI16_2 New Net Name=NetC51_DI16_2
Change Net Name : Old Net Name=NetC4_DI1_1 New Net Name=NetC52_DI1_1
Change Net Name : Old Net Name=NetC4_DI2_1 New Net Name=NetC52_DI2_1
Change Net Name : Old Net Name=NetC4_DI3_1 New Net Name=NetC52_DI3_1
Change Net Name : Old Net Name=NetC4_DI4_1 New Net Name=NetC52_DI4_1
Change Net Name : Old Net Name=NetC4_DI5_1 New Net Name=NetC52_DI5_1
Change Net Name : Old Net Name=NetC4_DI6_1 New Net Name=NetC52_DI6_1
Change Net Name : Old Net Name=NetC4_DI7_1 New Net Name=NetC52_DI7_1
Change Net Name : Old Net Name=NetC4_DI8_1 New Net Name=NetC52_DI8_1
Change Net Name : Old Net Name=NetC4_DI9_1 New Net Name=NetC52_DI9_1
Change Net Name : Old Net Name=NetC4_DI10_1 New Net Name=NetC52_DI10_1
Change Net Name : Old Net Name=NetC4_DI11_1 New Net Name=NetC52_DI11_1
Change Net Name : Old Net Name=NetC4_DI12_1 New Net Name=NetC52_DI12_1
Change Net Name : Old Net Name=NetC4_DI13_1 New Net Name=NetC52_DI13_1
Change Net Name : Old Net Name=NetC4_DI14_1 New Net Name=NetC52_DI14_1
Change Net Name : Old Net Name=NetC4_DI15_1 New Net Name=NetC52_DI15_1
Change Net Name : Old Net Name=NetC4_DI16_1 New Net Name=NetC52_DI16_1
Change Net Name : Old Net Name=NetC8_DI1_2 New Net Name=NetC56_DI1_2
Change Net Name : Old Net Name=NetC8_DI2_2 New Net Name=NetC56_DI2_2
Change Net Name : Old Net Name=NetC8_DI3_2 New Net Name=NetC56_DI3_2
Change Net Name : Old Net Name=NetC8_DI4_2 New Net Name=NetC56_DI4_2
Change Net Name : Old Net Name=NetC8_DI5_2 New Net Name=NetC56_DI5_2
Change Net Name : Old Net Name=NetC8_DI6_2 New Net Name=NetC56_DI6_2
Change Net Name : Old Net Name=NetC8_DI7_2 New Net Name=NetC56_DI7_2
Change Net Name : Old Net Name=NetC8_DI8_2 New Net Name=NetC56_DI8_2
Change Net Name : Old Net Name=NetC8_DI9_2 New Net Name=NetC56_DI9_2
Change Net Name : Old Net Name=NetC8_DI10_2 New Net Name=NetC56_DI10_2
Change Net Name : Old Net Name=NetC8_DI11_2 New Net Name=NetC56_DI11_2
Change Net Name : Old Net Name=NetC8_DI12_2 New Net Name=NetC56_DI12_2
Change Net Name : Old Net Name=NetC8_DI13_2 New Net Name=NetC56_DI13_2
Change Net Name : Old Net Name=NetC8_DI14_2 New Net Name=NetC56_DI14_2
Change Net Name : Old Net Name=NetC8_DI15_2 New Net Name=NetC56_DI15_2
Change Net Name : Old Net Name=NetC8_DI16_2 New Net Name=NetC56_DI16_2
Added Pin To Net: NetName=40V Pin=C3-1
Added Pin To Net: NetName=40V Pin=C4-1
Added Pin To Net: NetName=40V Pin=C13-1
Added Pin To Net: NetName=40V Pin=C14-1
Added Pin To Net: NetName=40V Pin=C23-1
Added Pin To Net: NetName=40V Pin=C24-1
Added Pin To Net: NetName=40V Pin=C25-1
Added Pin To Net: NetName=40V Pin=C26-1
Added Pin To Net: NetName=40V Pin=C29-1
Added Pin To Net: NetName=40V Pin=C30-1
Added Pin To Net: NetName=40V Pin=C39-1
Added Pin To Net: NetName=40V Pin=C40-1
Added Pin To Net: NetName=40V Pin=C43-1
Added Pin To Net: NetName=40V Pin=C44-1
Added Pin To Net: NetName=40V Pin=C45-1
Added Pin To Net: NetName=40V Pin=C46-1
Added Pin To Net: NetName=40V Pin=U1-16
Added Pin To Net: NetName=40V Pin=U2-16
Added Pin To Net: NetName=40V Pin=U3-16
Added Pin To Net: NetName=40V Pin=U4-16
Added Pin To Net: NetName=40V Pin=U5-16
Added Pin To Net: NetName=40V Pin=U6-16
Added Pin To Net: NetName=40V Pin=U7-16
Added Pin To Net: NetName=40V Pin=U8-16
Added Net: Name=40V
Added Member To Class: ClassName=µÁ≥ÿµÁ—πºÏ≤‚ Member=Component C1 Cap
Added Member To Class: ClassName=µÁ≥ÿµÁ—πºÏ≤‚ Member=Component C2 Cap
Added Member To Class: ClassName=µÁ≥ÿµÁ—πºÏ≤‚ Member=Component C3 Cap
Added Member To Class: ClassName=µÁ≥ÿµÁ—πºÏ≤‚ Member=Component C4 Cap
Added Member To Class: ClassName=µÁ≥ÿµÁ—πºÏ≤‚ Member=Component C5 Cap
Added Member To Class: ClassName=µÁ≥ÿµÁ—πºÏ≤‚ Member=Component C6 Cap
Added Member To Class: ClassName=µÁ≥ÿµÁ—πºÏ≤‚ Member=Component C7 Cap
Added Member To Class: ClassName=µÁ≥ÿµÁ—πºÏ≤‚ Member=Component C8 Cap
Added Member To Class: ClassName=µÁ≥ÿµÁ—πºÏ≤‚ Member=Component C9 Cap
Added Member To Class: ClassName=µÁ≥ÿµÁ—πºÏ≤‚ Member=Component C10 Cap
Added Member To Class: ClassName=µÁ≥ÿµÁ—πºÏ≤‚ Member=Component C11 Cap
Added Member To Class: ClassName=µÁ≥ÿµÁ—πºÏ≤‚ Member=Component C12 Cap
Added Member To Class: ClassName=µÁ≥ÿµÁ—πºÏ≤‚ Member=Component C13 Cap
Added Member To Class: ClassName=µÁ≥ÿµÁ—πºÏ≤‚ Member=Component C14 Cap
Added Member To Class: ClassName=µÁ≥ÿµÁ—πºÏ≤‚ Member=Component C15 Cap
Added Member To Class: ClassName=µÁ≥ÿµÁ—πºÏ≤‚ Member=Component C16 Cap
Added Member To Class: ClassName=µÁ≥ÿµÁ—πºÏ≤‚ Member=Component C17 Cap
Added Member To Class: ClassName=µÁ≥ÿµÁ—πºÏ≤‚ Member=Component C18 Cap
Added Member To Class: ClassName=µÁ≥ÿµÁ—πºÏ≤‚ Member=Component C19 Cap
Added Member To Class: ClassName=µÁ≥ÿµÁ—πºÏ≤‚ Member=Component C20 Cap
Added Member To Class: ClassName=µÁ≥ÿµÁ—πºÏ≤‚ Member=Component C21 Cap
Added Member To Class: ClassName=µÁ≥ÿµÁ—πºÏ≤‚ Member=Component C22 Cap
Added Member To Class: ClassName=µÁ≥ÿµÁ—πºÏ≤‚ Member=Component C23 Cap
Added Member To Class: ClassName=µÁ≥ÿµÁ—πºÏ≤‚ Member=Component C24 Cap
Added Member To Class: ClassName=µÁ≥ÿµÁ—πºÏ≤‚ Member=Component C25 Cap
Added Member To Class: ClassName=µÁ≥ÿµÁ—πºÏ≤‚ Member=Component C26 Cap
Added Member To Class: ClassName=µÁ≥ÿµÁ—πºÏ≤‚ Member=Component C27 Cap
Added Member To Class: ClassName=µÁ≥ÿµÁ—πºÏ≤‚ Member=Component C28 Cap
Added Member To Class: ClassName=µÁ≥ÿµÁ—πºÏ≤‚ Member=Component C29 Cap
Added Member To Class: ClassName=µÁ≥ÿµÁ—πºÏ≤‚ Member=Component C30 Cap
Added Member To Class: ClassName=µÁ≥ÿµÁ—πºÏ≤‚ Member=Component C31 Cap
Added Member To Class: ClassName=µÁ≥ÿµÁ—πºÏ≤‚ Member=Component C32 Cap
Added Member To Class: ClassName=µÁ≥ÿµÁ—πºÏ≤‚ Member=Component C33 Cap
Added Member To Class: ClassName=µÁ≥ÿµÁ—πºÏ≤‚ Member=Component C34 Cap
Added Member To Class: ClassName=µÁ≥ÿµÁ—πºÏ≤‚ Member=Component C35 Cap
Added Member To Class: ClassName=µÁ≥ÿµÁ—πºÏ≤‚ Member=Component C36 Cap
Added Member To Class: ClassName=µÁ≥ÿµÁ—πºÏ≤‚ Member=Component C37 Cap
Added Member To Class: ClassName=µÁ≥ÿµÁ—πºÏ≤‚ Member=Component C38 Cap
Added Member To Class: ClassName=µÁ≥ÿµÁ—πºÏ≤‚ Member=Component C39 Cap
Added Member To Class: ClassName=µÁ≥ÿµÁ—πºÏ≤‚ Member=Component C40 Cap
Added Member To Class: ClassName=µÁ≥ÿµÁ—πºÏ≤‚ Member=Component C41 Cap
Added Member To Class: ClassName=µÁ≥ÿµÁ—πºÏ≤‚ Member=Component C42 Cap
Added Member To Class: ClassName=µÁ≥ÿµÁ—πºÏ≤‚ Member=Component C43 Cap
Added Member To Class: ClassName=µÁ≥ÿµÁ—πºÏ≤‚ Member=Component C44 Cap
Added Member To Class: ClassName=µÁ≥ÿµÁ—πºÏ≤‚ Member=Component C45 Cap
Added Member To Class: ClassName=µÁ≥ÿµÁ—πºÏ≤‚ Member=Component C46 Cap
Added Member To Class: ClassName=µÁ≥ÿµÁ—πºÏ≤‚ Member=Component C47 Cap
Added Member To Class: ClassName=µÁ≥ÿµÁ—πºÏ≤‚ Member=Component C48 Cap
Added Room: Name=µÁ≥ÿµÁ—πºÏ≤‚
