Added Component: Designator=C29(3216)
Added Component: Designator=C30(1812)
Added Component: Designator=C31(3216)
Added Component: Designator=C32(1812)
Added Component: Designator=C33(1812)
Added Component: Designator=C34(1812)
Added Component: Designator=C35(1812)
Added Component: Designator=C36(1812)
Added Component: Designator=C37(1812)
Added Component: Designator=C38(1812)
Added Component: Designator=C39(1812)
Added Component: Designator=C40(1812)
Added Component: Designator=C41(1812)
Added Component: Designator=C42(1812)
Added Component: Designator=C43(0805)
Added Component: Designator=C44(0805)
Added Component: Designator=C45(0805)
Added Component: Designator=C46(SMD-EC-F10)
Added Component: Designator=C47(SMD-EC-F10)
Added Component: Designator=C48(0805C)
Added Component: Designator=C49(0805C)
Added Component: Designator=C50(1812)
Added Component: Designator=C51(1812)
Added Component: Designator=C52(1812)
Added Component: Designator=C53(1812)
Added Component: Designator=C54(1812)
Added Component: Designator=C55(1812)
Added Component: Designator=C56(1812)
Added Component: Designator=D2(FB1206)
Added Component: Designator=D3(FB1206)
Added Component: Designator=D4(FB1206)
Added Component: Designator=D5(SMB)
Added Component: Designator=D6(SMA)
Added Component: Designator=D7(FB1206)
Added Component: Designator=F1(1812-PPTC)
Added Component: Designator=L1(0402-A)
Added Component: Designator=L2(0402-A)
Added Component: Designator=L3(RH127)
Added Component: Designator=P1(DC-005A)
Added Component: Designator=P2(HT3.96-2P)
Added Component: Designator=R22(0805R)
Added Component: Designator=R23(0805R)
Added Component: Designator=R24(FB1206)
Added Component: Designator=R25(0805R)
Added Component: Designator=R26(0805R)
Added Component: Designator=R27(0805R)
Added Component: Designator=R28(0805R)
Added Component: Designator=R29(0805R)
Added Component: Designator=R31(0805)
Added Component: Designator=R32(0805)
Added Component: Designator=R33(0805)
Added Component: Designator=R34(0805)
Added Component: Designator=T1(±‰—π∆˜)
Added Component: Designator=U11(SO-8)
Added Component: Designator=U15(TPS54360)
Added Pin To Net: NetName=AGND_1 Pin=C29-2
Added Pin To Net: NetName=AGND_1 Pin=C30-1
Added Pin To Net: NetName=AGND_1 Pin=C31-2
Added Pin To Net: NetName=AGND_1 Pin=C32-1
Added Pin To Net: NetName=GND Pin=C33-1
Added Pin To Net: NetName=GND_1 Pin=C34-1
Added Pin To Net: NetName=GND_1 Pin=C35-2
Added Pin To Net: NetName=GND Pin=C36-1
Added Pin To Net: NetName=GND Pin=C37-1
Added Pin To Net: NetName=GND Pin=C38-1
Added Pin To Net: NetName=GND_1 Pin=C39-1
Added Pin To Net: NetName=GND Pin=C40-2
Added Pin To Net: NetName=GND Pin=C41-2
Added Pin To Net: NetName=GND Pin=C43-2
Added Pin To Net: NetName=GND Pin=C44-2
Added Pin To Net: NetName=GND Pin=C45-2
Added Pin To Net: NetName=GND Pin=C46-2
Added Pin To Net: NetName=GND Pin=C47-2
Added Pin To Net: NetName=GND Pin=C48-1
Added Pin To Net: NetName=GND Pin=C49-1
Added Pin To Net: NetName=GND Pin=C50-1
Added Pin To Net: NetName=GND Pin=C51-1
Added Pin To Net: NetName=GND Pin=C52-1
Added Pin To Net: NetName=GND Pin=C53-1
Added Pin To Net: NetName=GND Pin=C54-1
Added Pin To Net: NetName=GND Pin=C55-1
Added Pin To Net: NetName=GND Pin=C56-1
Added Pin To Net: NetName=GND Pin=D5-1
Added Pin To Net: NetName=GND Pin=D6-1
Added Pin To Net: NetName=GND Pin=P1-1
Added Pin To Net: NetName=GND Pin=P2-1
Added Pin To Net: NetName=AVCC_1 Pin=R22-2
Added Pin To Net: NetName=REFIN Pin=R23-1
Added Pin To Net: NetName=GND_1 Pin=R27-2
Added Pin To Net: NetName=GND_1 Pin=R28-2
Added Pin To Net: NetName=GND Pin=R32-1
Added Pin To Net: NetName=GND Pin=R33-1
Added Pin To Net: NetName=GND_1 Pin=T1-5
Added Pin To Net: NetName=GND_1 Pin=T1-5
Added Pin To Net: NetName=AGND_1 Pin=U11-4
Added Pin To Net: NetName=GND Pin=U15-7
Added Pin To Net: NetName=GND Pin=U15-9
Added Pin To Net: NetName=+6V_1 Pin=C34-2
Added Pin To Net: NetName=+6V_1 Pin=L1-2
Added Pin To Net: NetName=+6V_1 Pin=R26-1
Added Net: Name=+6V_1
Added Pin To Net: NetName=-6V_1 Pin=C35-1
Added Pin To Net: NetName=-6V_1 Pin=L2-2
Added Net: Name=-6V_1
Added Pin To Net: NetName=5V_0 Pin=C36-2
Added Pin To Net: NetName=5V_0 Pin=C40-1
Added Pin To Net: NetName=5V_0 Pin=C41-1
Added Pin To Net: NetName=5V_0 Pin=C53-2
Added Pin To Net: NetName=5V_0 Pin=C54-2
Added Pin To Net: NetName=5V_0 Pin=C55-2
Added Pin To Net: NetName=5V_0 Pin=C56-2
Added Pin To Net: NetName=5V_0 Pin=T1-2
Added Pin To Net: NetName=5V_0 Pin=T1-2
Added Net: Name=5V_0
Added Pin To Net: NetName=6V_0 Pin=C43-1
Added Pin To Net: NetName=6V_0 Pin=C50-2
Added Pin To Net: NetName=6V_0 Pin=C51-2
Added Pin To Net: NetName=6V_0 Pin=C52-2
Added Pin To Net: NetName=6V_0 Pin=L3-2
Added Pin To Net: NetName=6V_0 Pin=R31-2
Added Net: Name=6V_0
Added Pin To Net: NetName=24V Pin=C48-2
Added Pin To Net: NetName=24V Pin=C49-2
Added Pin To Net: NetName=24V Pin=R24-2
Added Pin To Net: NetName=24V Pin=U15-2
Added Net: Name=24V
Added Pin To Net: NetName=NetC29_1 Pin=C29-1
Added Pin To Net: NetName=NetC29_1 Pin=C30-2
Added Pin To Net: NetName=NetC29_1 Pin=R22-1
Added Pin To Net: NetName=NetC29_1 Pin=U11-2
Added Net: Name=NetC29_1
Added Pin To Net: NetName=NetC31_1 Pin=C31-1
Added Pin To Net: NetName=NetC31_1 Pin=C32-2
Added Pin To Net: NetName=NetC31_1 Pin=R23-2
Added Pin To Net: NetName=NetC31_1 Pin=U11-6
Added Net: Name=NetC31_1
Added Pin To Net: NetName=NetC33_2 Pin=C33-2
Added Pin To Net: NetName=NetC33_2 Pin=R29-1
Added Net: Name=NetC33_2
Added Pin To Net: NetName=NetC37_2 Pin=C37-2
Added Pin To Net: NetName=NetC37_2 Pin=F1-2
Added Pin To Net: NetName=NetC37_2 Pin=R24-1
Added Net: Name=NetC37_2
Added Pin To Net: NetName=NetC38_2 Pin=C38-2
Added Pin To Net: NetName=NetC38_2 Pin=R25-1
Added Net: Name=NetC38_2
Added Pin To Net: NetName=NetC39_2 Pin=C39-2
Added Net: Name=NetC39_2
Added Pin To Net: NetName=NetC42_1 Pin=C42-1
Added Pin To Net: NetName=NetC42_1 Pin=U15-1
Added Net: Name=NetC42_1
Added Pin To Net: NetName=NetC42_2 Pin=C42-2
Added Pin To Net: NetName=NetC42_2 Pin=D6-2
Added Pin To Net: NetName=NetC42_2 Pin=L3-1
Added Pin To Net: NetName=NetC42_2 Pin=U15-8
Added Net: Name=NetC42_2
Added Pin To Net: NetName=NetC44_1 Pin=C44-1
Added Pin To Net: NetName=NetC44_1 Pin=R34-2
Added Pin To Net: NetName=NetC44_1 Pin=U15-6
Added Net: Name=NetC44_1
Added Pin To Net: NetName=NetC45_1 Pin=C45-1
Added Pin To Net: NetName=NetC45_1 Pin=R34-1
Added Net: Name=NetC45_1
Added Pin To Net: NetName=NetD2_1 Pin=D2-1
Added Pin To Net: NetName=NetD2_1 Pin=D3-1
Added Pin To Net: NetName=NetD2_1 Pin=L2-1
Added Net: Name=NetD2_1
Added Pin To Net: NetName=NetD2_2 Pin=D2-2
Added Pin To Net: NetName=NetD2_2 Pin=D4-1
Added Pin To Net: NetName=NetD2_2 Pin=T1-4
Added Net: Name=NetD2_2
Added Pin To Net: NetName=NetD3_2 Pin=D3-2
Added Pin To Net: NetName=NetD3_2 Pin=D7-1
Added Pin To Net: NetName=NetD3_2 Pin=T1-6
Added Net: Name=NetD3_2
Added Pin To Net: NetName=NetD4_2 Pin=D4-2
Added Pin To Net: NetName=NetD4_2 Pin=D7-2
Added Pin To Net: NetName=NetD4_2 Pin=L1-1
Added Net: Name=NetD4_2
Added Pin To Net: NetName=NetR25_2 Pin=R25-2
Added Pin To Net: NetName=NetR25_2 Pin=T1-3
Added Net: Name=NetR25_2
Added Pin To Net: NetName=NetR26_2 Pin=R26-2
Added Pin To Net: NetName=NetR26_2 Pin=R27-1
Added Net: Name=NetR26_2
Added Pin To Net: NetName=NetR28_1 Pin=R28-1
Added Net: Name=NetR28_1
Added Pin To Net: NetName=NetR29_2 Pin=R29-2
Added Pin To Net: NetName=NetR29_2 Pin=T1-1
Added Net: Name=NetR29_2
Added Pin To Net: NetName=NetR31_1 Pin=R31-1
Added Pin To Net: NetName=NetR31_1 Pin=R33-2
Added Pin To Net: NetName=NetR31_1 Pin=U15-5
Added Net: Name=NetR31_1
Added Pin To Net: NetName=NetR32_2 Pin=R32-2
Added Pin To Net: NetName=NetR32_2 Pin=U15-4
Added Net: Name=NetR32_2
Added Pin To Net: NetName=VIN Pin=C46-1
Added Pin To Net: NetName=VIN Pin=C47-1
Added Pin To Net: NetName=VIN Pin=D5-2
Added Pin To Net: NetName=VIN Pin=F1-1
Added Pin To Net: NetName=VIN Pin=P1-3
Added Pin To Net: NetName=VIN Pin=P2-2
Added Net: Name=VIN
Change Class Name : Old Net Name=µÁ≥ÿµÁ—πºÏ≤‚ New Net Name=U_µÁ≥ÿµÁ—πºÏ≤‚
Added Class: Name=U_µÁ‘¥
Added Member To Class: ClassName=U_µÁ≥ÿµÁ—πºÏ≤‚ Member=Component C29 Cap Pol1
Added Member To Class: ClassName=U_µÁ≥ÿµÁ—πºÏ≤‚ Member=Component C30 Cap
Added Member To Class: ClassName=U_µÁ≥ÿµÁ—πºÏ≤‚ Member=Component C31 Cap Pol1
Added Member To Class: ClassName=U_µÁ≥ÿµÁ—πºÏ≤‚ Member=Component C32 Cap
Added Member To Class: ClassName=U_µÁ≥ÿµÁ—πºÏ≤‚ Member=Component R2 Res2
Added Member To Class: ClassName=U_µÁ≥ÿµÁ—πºÏ≤‚ Member=Component R12 Res2
Added Member To Class: ClassName=U_µÁ≥ÿµÁ—πºÏ≤‚ Member=Component R13 Res2
Added Member To Class: ClassName=U_µÁ≥ÿµÁ—πºÏ≤‚ Member=Component R14 Res2
Added Member To Class: ClassName=U_µÁ≥ÿµÁ—πºÏ≤‚ Member=Component R22 Res2
Added Member To Class: ClassName=U_µÁ≥ÿµÁ—πºÏ≤‚ Member=Component R23 Res2
Added Member To Class: ClassName=U_µÁ≥ÿµÁ—πºÏ≤‚ Member=Component U8 ADI4-1SW
Added Member To Class: ClassName=U_µÁ≥ÿµÁ—πºÏ≤‚ Member=Component U11 REF5025
Added Room: Name=U_µÁ≥ÿµÁ—πºÏ≤‚
Added Room: Name=U_µÁ‘¥
