Removed Pin From Net: NetName=NetC3_DI1_2 Pin=D1_DI1-1
Removed Pin From Net: NetName=NetC3_DI1_1 Pin=D1_DI1-3
Removed Pin From Net: NetName=NetC3_DI2_2 Pin=D1_DI2-1
Removed Pin From Net: NetName=NetC3_DI2_1 Pin=D1_DI2-3
Removed Pin From Net: NetName=NetC3_DI3_2 Pin=D1_DI3-1
Removed Pin From Net: NetName=NetC3_DI3_1 Pin=D1_DI3-3
Removed Pin From Net: NetName=NetC3_DI4_2 Pin=D1_DI4-1
Removed Pin From Net: NetName=NetC3_DI4_1 Pin=D1_DI4-3
Removed Pin From Net: NetName=NetC3_DI5_2 Pin=D1_DI5-1
Removed Pin From Net: NetName=NetC3_DI5_1 Pin=D1_DI5-3
Removed Pin From Net: NetName=NetC3_DI6_2 Pin=D1_DI6-1
Removed Pin From Net: NetName=NetC3_DI6_1 Pin=D1_DI6-3
Removed Pin From Net: NetName=NetC3_DI7_2 Pin=D1_DI7-1
Removed Pin From Net: NetName=NetC3_DI7_1 Pin=D1_DI7-3
Removed Pin From Net: NetName=NetC3_DI8_2 Pin=D1_DI8-1
Removed Pin From Net: NetName=NetC3_DI8_1 Pin=D1_DI8-3
Removed Pin From Net: NetName=NetC3_DI9_2 Pin=D1_DI9-1
Removed Pin From Net: NetName=NetC3_DI9_1 Pin=D1_DI9-3
Removed Pin From Net: NetName=NetC3_DI10_2 Pin=D1_DI10-1
Removed Pin From Net: NetName=NetC3_DI10_1 Pin=D1_DI10-3
Removed Pin From Net: NetName=NetC3_DI11_2 Pin=D1_DI11-1
Removed Pin From Net: NetName=NetC3_DI11_1 Pin=D1_DI11-3
Removed Pin From Net: NetName=NetC3_DI12_2 Pin=D1_DI12-1
Removed Pin From Net: NetName=NetC3_DI12_1 Pin=D1_DI12-3
Removed Pin From Net: NetName=NetC3_DI13_2 Pin=D1_DI13-1
Removed Pin From Net: NetName=NetC3_DI13_1 Pin=D1_DI13-3
Removed Pin From Net: NetName=NetC3_DI14_2 Pin=D1_DI14-1
Removed Pin From Net: NetName=NetC3_DI14_1 Pin=D1_DI14-3
Removed Pin From Net: NetName=NetC3_DI15_2 Pin=D1_DI15-1
Removed Pin From Net: NetName=NetC3_DI15_1 Pin=D1_DI15-3
Removed Pin From Net: NetName=NetC3_DI16_2 Pin=D1_DI16-1
Removed Pin From Net: NetName=NetC3_DI16_1 Pin=D1_DI16-3
Removed Pin From Net: NetName=NetC3_DI17_2 Pin=D1_DI17-1
Removed Pin From Net: NetName=NetC3_DI17_1 Pin=D1_DI17-3
Removed Pin From Net: NetName=NetC3_DI18_2 Pin=D1_DI18-1
Removed Pin From Net: NetName=NetC3_DI18_1 Pin=D1_DI18-3
Removed Pin From Net: NetName=NetC3_DI19_2 Pin=D1_DI19-1
Removed Pin From Net: NetName=NetC3_DI19_1 Pin=D1_DI19-3
Removed Pin From Net: NetName=NetC3_DI20_2 Pin=D1_DI20-1
Removed Pin From Net: NetName=NetC3_DI20_1 Pin=D1_DI20-3
Removed Pin From Net: NetName=NetC3_DI21_2 Pin=D1_DI21-1
Removed Pin From Net: NetName=NetC3_DI21_1 Pin=D1_DI21-3
Removed Pin From Net: NetName=NetC3_DI22_2 Pin=D1_DI22-1
Removed Pin From Net: NetName=NetC3_DI22_1 Pin=D1_DI22-3
Removed Pin From Net: NetName=NetC3_DI23_2 Pin=D1_DI23-1
Removed Pin From Net: NetName=NetC3_DI23_1 Pin=D1_DI23-3
Removed Pin From Net: NetName=NetC3_DI24_2 Pin=D1_DI24-1
Removed Pin From Net: NetName=NetC3_DI24_1 Pin=D1_DI24-3
Removed Pin From Net: NetName=NetC3_DI25_2 Pin=D1_DI25-1
Removed Pin From Net: NetName=NetC3_DI25_1 Pin=D1_DI25-3
Removed Pin From Net: NetName=NetC3_DI26_2 Pin=D1_DI26-1
Removed Pin From Net: NetName=NetC3_DI26_1 Pin=D1_DI26-3
Removed Pin From Net: NetName=NetC3_DI27_2 Pin=D1_DI27-1
Removed Pin From Net: NetName=NetC3_DI27_1 Pin=D1_DI27-3
Removed Pin From Net: NetName=NetC3_DI28_2 Pin=D1_DI28-1
Removed Pin From Net: NetName=NetC3_DI28_1 Pin=D1_DI28-3
Removed Pin From Net: NetName=NetC3_DI29_2 Pin=D1_DI29-1
Removed Pin From Net: NetName=NetC3_DI29_1 Pin=D1_DI29-3
Removed Pin From Net: NetName=NetC3_DI30_2 Pin=D1_DI30-1
Removed Pin From Net: NetName=NetC3_DI30_1 Pin=D1_DI30-3
Removed Pin From Net: NetName=NetC3_DI31_2 Pin=D1_DI31-1
Removed Pin From Net: NetName=NetC3_DI31_1 Pin=D1_DI31-3
Removed Pin From Net: NetName=NetC3_DI32_2 Pin=D1_DI32-1
Removed Pin From Net: NetName=NetC3_DI32_1 Pin=D1_DI32-3
Removed Member From Class: ClassName=DI1 Member=D1_DI1
Removed Member From Class: ClassName=DI2 Member=D1_DI2
Removed Member From Class: ClassName=DI3 Member=D1_DI3
Removed Member From Class: ClassName=DI4 Member=D1_DI4
Removed Member From Class: ClassName=DI5 Member=D1_DI5
Removed Member From Class: ClassName=DI6 Member=D1_DI6
Removed Member From Class: ClassName=DI7 Member=D1_DI7
Removed Member From Class: ClassName=DI8 Member=D1_DI8
Removed Member From Class: ClassName=DI9 Member=D1_DI9
Removed Member From Class: ClassName=DI10 Member=D1_DI10
Removed Member From Class: ClassName=DI11 Member=D1_DI11
Removed Member From Class: ClassName=DI12 Member=D1_DI12
Removed Member From Class: ClassName=DI13 Member=D1_DI13
Removed Member From Class: ClassName=DI14 Member=D1_DI14
Removed Member From Class: ClassName=DI15 Member=D1_DI15
Removed Member From Class: ClassName=DI16 Member=D1_DI16
Removed Member From Class: ClassName=DI17 Member=D1_DI17
Removed Member From Class: ClassName=DI18 Member=D1_DI18
Removed Member From Class: ClassName=DI19 Member=D1_DI19
Removed Member From Class: ClassName=DI20 Member=D1_DI20
Removed Member From Class: ClassName=DI21 Member=D1_DI21
Removed Member From Class: ClassName=DI22 Member=D1_DI22
Removed Member From Class: ClassName=DI23 Member=D1_DI23
Removed Member From Class: ClassName=DI24 Member=D1_DI24
Removed Member From Class: ClassName=DI25 Member=D1_DI25
Removed Member From Class: ClassName=DI26 Member=D1_DI26
Removed Member From Class: ClassName=DI27 Member=D1_DI27
Removed Member From Class: ClassName=DI28 Member=D1_DI28
Removed Member From Class: ClassName=DI29 Member=D1_DI29
Removed Member From Class: ClassName=DI30 Member=D1_DI30
Removed Member From Class: ClassName=DI31 Member=D1_DI31
Removed Member From Class: ClassName=DI32 Member=D1_DI32
Added Component: Designator=*_DI1(SOT-23_N)
Added Component: Designator=*_DI2(SOT-23_N)
Added Component: Designator=*_DI3(SOT-23_N)
Added Component: Designator=*_DI4(SOT-23_N)
Added Component: Designator=*_DI5(SOT-23_N)
Added Component: Designator=*_DI6(SOT-23_N)
Added Component: Designator=*_DI7(SOT-23_N)
Added Component: Designator=*_DI8(SOT-23_N)
Added Component: Designator=*_DI9(SOT-23_N)
Added Component: Designator=*_DI10(SOT-23_N)
Added Component: Designator=*_DI11(SOT-23_N)
Added Component: Designator=*_DI12(SOT-23_N)
Added Component: Designator=*_DI13(SOT-23_N)
Added Component: Designator=*_DI14(SOT-23_N)
Added Component: Designator=*_DI15(SOT-23_N)
Added Component: Designator=*_DI16(SOT-23_N)
Added Component: Designator=*_DI17(SOT-23_N)
Added Component: Designator=*_DI18(SOT-23_N)
Added Component: Designator=*_DI19(SOT-23_N)
Added Component: Designator=*_DI20(SOT-23_N)
Added Component: Designator=*_DI21(SOT-23_N)
Added Component: Designator=*_DI22(SOT-23_N)
Added Component: Designator=*_DI23(SOT-23_N)
Added Component: Designator=*_DI24(SOT-23_N)
Added Component: Designator=*_DI25(SOT-23_N)
Added Component: Designator=*_DI26(SOT-23_N)
Added Component: Designator=*_DI27(SOT-23_N)
Added Component: Designator=*_DI28(SOT-23_N)
Added Component: Designator=*_DI29(SOT-23_N)
Added Component: Designator=*_DI30(SOT-23_N)
Added Component: Designator=*_DI31(SOT-23_N)
Added Component: Designator=*_DI32(SOT-23_N)
Added Pin To Net: NetName=NetC3_DI1_2 Pin=*_DI1-1
Added Pin To Net: NetName=NetC3_DI1_1 Pin=*_DI1-2
Added Pin To Net: NetName=NetC3_DI1_1 Pin=*_DI1-3
Added Pin To Net: NetName=NetC3_DI2_2 Pin=*_DI2-1
Added Pin To Net: NetName=NetC3_DI2_1 Pin=*_DI2-2
Added Pin To Net: NetName=NetC3_DI2_1 Pin=*_DI2-3
Added Pin To Net: NetName=NetC3_DI3_2 Pin=*_DI3-1
Added Pin To Net: NetName=NetC3_DI3_1 Pin=*_DI3-2
Added Pin To Net: NetName=NetC3_DI3_1 Pin=*_DI3-3
Added Pin To Net: NetName=NetC3_DI4_2 Pin=*_DI4-1
Added Pin To Net: NetName=NetC3_DI4_1 Pin=*_DI4-2
Added Pin To Net: NetName=NetC3_DI4_1 Pin=*_DI4-3
Added Pin To Net: NetName=NetC3_DI5_2 Pin=*_DI5-1
Added Pin To Net: NetName=NetC3_DI5_1 Pin=*_DI5-2
Added Pin To Net: NetName=NetC3_DI5_1 Pin=*_DI5-3
Added Pin To Net: NetName=NetC3_DI6_2 Pin=*_DI6-1
Added Pin To Net: NetName=NetC3_DI6_1 Pin=*_DI6-2
Added Pin To Net: NetName=NetC3_DI6_1 Pin=*_DI6-3
Added Pin To Net: NetName=NetC3_DI7_2 Pin=*_DI7-1
Added Pin To Net: NetName=NetC3_DI7_1 Pin=*_DI7-2
Added Pin To Net: NetName=NetC3_DI7_1 Pin=*_DI7-3
Added Pin To Net: NetName=NetC3_DI8_2 Pin=*_DI8-1
Added Pin To Net: NetName=NetC3_DI8_1 Pin=*_DI8-2
Added Pin To Net: NetName=NetC3_DI8_1 Pin=*_DI8-3
Added Pin To Net: NetName=NetC3_DI9_2 Pin=*_DI9-1
Added Pin To Net: NetName=NetC3_DI9_1 Pin=*_DI9-2
Added Pin To Net: NetName=NetC3_DI9_1 Pin=*_DI9-3
Added Pin To Net: NetName=NetC3_DI10_2 Pin=*_DI10-1
Added Pin To Net: NetName=NetC3_DI10_1 Pin=*_DI10-2
Added Pin To Net: NetName=NetC3_DI10_1 Pin=*_DI10-3
Added Pin To Net: NetName=NetC3_DI11_2 Pin=*_DI11-1
Added Pin To Net: NetName=NetC3_DI11_1 Pin=*_DI11-2
Added Pin To Net: NetName=NetC3_DI11_1 Pin=*_DI11-3
Added Pin To Net: NetName=NetC3_DI12_2 Pin=*_DI12-1
Added Pin To Net: NetName=NetC3_DI12_1 Pin=*_DI12-2
Added Pin To Net: NetName=NetC3_DI12_1 Pin=*_DI12-3
Added Pin To Net: NetName=NetC3_DI13_2 Pin=*_DI13-1
Added Pin To Net: NetName=NetC3_DI13_1 Pin=*_DI13-2
Added Pin To Net: NetName=NetC3_DI13_1 Pin=*_DI13-3
Added Pin To Net: NetName=NetC3_DI14_2 Pin=*_DI14-1
Added Pin To Net: NetName=NetC3_DI14_1 Pin=*_DI14-2
Added Pin To Net: NetName=NetC3_DI14_1 Pin=*_DI14-3
Added Pin To Net: NetName=NetC3_DI15_2 Pin=*_DI15-1
Added Pin To Net: NetName=NetC3_DI15_1 Pin=*_DI15-2
Added Pin To Net: NetName=NetC3_DI15_1 Pin=*_DI15-3
Added Pin To Net: NetName=NetC3_DI16_2 Pin=*_DI16-1
Added Pin To Net: NetName=NetC3_DI16_1 Pin=*_DI16-2
Added Pin To Net: NetName=NetC3_DI16_1 Pin=*_DI16-3
Added Pin To Net: NetName=NetC3_DI17_2 Pin=*_DI17-1
Added Pin To Net: NetName=NetC3_DI17_1 Pin=*_DI17-2
Added Pin To Net: NetName=NetC3_DI17_1 Pin=*_DI17-3
Added Pin To Net: NetName=NetC3_DI18_2 Pin=*_DI18-1
Added Pin To Net: NetName=NetC3_DI18_1 Pin=*_DI18-2
Added Pin To Net: NetName=NetC3_DI18_1 Pin=*_DI18-3
Added Pin To Net: NetName=NetC3_DI19_2 Pin=*_DI19-1
Added Pin To Net: NetName=NetC3_DI19_1 Pin=*_DI19-2
Added Pin To Net: NetName=NetC3_DI19_1 Pin=*_DI19-3
Added Pin To Net: NetName=NetC3_DI20_2 Pin=*_DI20-1
Added Pin To Net: NetName=NetC3_DI20_1 Pin=*_DI20-2
Added Pin To Net: NetName=NetC3_DI20_1 Pin=*_DI20-3
Added Pin To Net: NetName=NetC3_DI21_2 Pin=*_DI21-1
Added Pin To Net: NetName=NetC3_DI21_1 Pin=*_DI21-2
Added Pin To Net: NetName=NetC3_DI21_1 Pin=*_DI21-3
Added Pin To Net: NetName=NetC3_DI22_2 Pin=*_DI22-1
Added Pin To Net: NetName=NetC3_DI22_1 Pin=*_DI22-2
Added Pin To Net: NetName=NetC3_DI22_1 Pin=*_DI22-3
Added Pin To Net: NetName=NetC3_DI23_2 Pin=*_DI23-1
Added Pin To Net: NetName=NetC3_DI23_1 Pin=*_DI23-2
Added Pin To Net: NetName=NetC3_DI23_1 Pin=*_DI23-3
Added Pin To Net: NetName=NetC3_DI24_2 Pin=*_DI24-1
Added Pin To Net: NetName=NetC3_DI24_1 Pin=*_DI24-2
Added Pin To Net: NetName=NetC3_DI24_1 Pin=*_DI24-3
Added Pin To Net: NetName=NetC3_DI25_2 Pin=*_DI25-1
Added Pin To Net: NetName=NetC3_DI25_1 Pin=*_DI25-2
Added Pin To Net: NetName=NetC3_DI25_1 Pin=*_DI25-3
Added Pin To Net: NetName=NetC3_DI26_2 Pin=*_DI26-1
Added Pin To Net: NetName=NetC3_DI26_1 Pin=*_DI26-2
Added Pin To Net: NetName=NetC3_DI26_1 Pin=*_DI26-3
Added Pin To Net: NetName=NetC3_DI27_2 Pin=*_DI27-1
Added Pin To Net: NetName=NetC3_DI27_1 Pin=*_DI27-2
Added Pin To Net: NetName=NetC3_DI27_1 Pin=*_DI27-3
Added Pin To Net: NetName=NetC3_DI28_2 Pin=*_DI28-1
Added Pin To Net: NetName=NetC3_DI28_1 Pin=*_DI28-2
Added Pin To Net: NetName=NetC3_DI28_1 Pin=*_DI28-3
Added Pin To Net: NetName=NetC3_DI29_2 Pin=*_DI29-1
Added Pin To Net: NetName=NetC3_DI29_1 Pin=*_DI29-2
Added Pin To Net: NetName=NetC3_DI29_1 Pin=*_DI29-3
Added Pin To Net: NetName=NetC3_DI30_2 Pin=*_DI30-1
Added Pin To Net: NetName=NetC3_DI30_1 Pin=*_DI30-2
Added Pin To Net: NetName=NetC3_DI30_1 Pin=*_DI30-3
Added Pin To Net: NetName=NetC3_DI31_2 Pin=*_DI31-1
Added Pin To Net: NetName=NetC3_DI31_1 Pin=*_DI31-2
Added Pin To Net: NetName=NetC3_DI31_1 Pin=*_DI31-3
Added Pin To Net: NetName=NetC3_DI32_2 Pin=*_DI32-1
Added Pin To Net: NetName=NetC3_DI32_1 Pin=*_DI32-2
Added Pin To Net: NetName=NetC3_DI32_1 Pin=*_DI32-3
Change Net Name : Old Net Name=NetC3_DI1_1 New Net Name=Net*_DI1_2
Change Net Name : Old Net Name=NetC3_DI1_2 New Net Name=Net*_DI1_1
Change Net Name : Old Net Name=NetC3_DI2_1 New Net Name=Net*_DI2_2
Change Net Name : Old Net Name=NetC3_DI2_2 New Net Name=Net*_DI2_1
Change Net Name : Old Net Name=NetC3_DI3_1 New Net Name=Net*_DI3_2
Change Net Name : Old Net Name=NetC3_DI3_2 New Net Name=Net*_DI3_1
Change Net Name : Old Net Name=NetC3_DI4_1 New Net Name=Net*_DI4_2
Change Net Name : Old Net Name=NetC3_DI4_2 New Net Name=Net*_DI4_1
Change Net Name : Old Net Name=NetC3_DI5_1 New Net Name=Net*_DI5_2
Change Net Name : Old Net Name=NetC3_DI5_2 New Net Name=Net*_DI5_1
Change Net Name : Old Net Name=NetC3_DI6_1 New Net Name=Net*_DI6_2
Change Net Name : Old Net Name=NetC3_DI6_2 New Net Name=Net*_DI6_1
Change Net Name : Old Net Name=NetC3_DI7_1 New Net Name=Net*_DI7_2
Change Net Name : Old Net Name=NetC3_DI7_2 New Net Name=Net*_DI7_1
Change Net Name : Old Net Name=NetC3_DI8_1 New Net Name=Net*_DI8_2
Change Net Name : Old Net Name=NetC3_DI8_2 New Net Name=Net*_DI8_1
Change Net Name : Old Net Name=NetC3_DI9_1 New Net Name=Net*_DI9_2
Change Net Name : Old Net Name=NetC3_DI9_2 New Net Name=Net*_DI9_1
Change Net Name : Old Net Name=NetC3_DI10_1 New Net Name=Net*_DI10_2
Change Net Name : Old Net Name=NetC3_DI10_2 New Net Name=Net*_DI10_1
Change Net Name : Old Net Name=NetC3_DI11_1 New Net Name=Net*_DI11_2
Change Net Name : Old Net Name=NetC3_DI11_2 New Net Name=Net*_DI11_1
Change Net Name : Old Net Name=NetC3_DI12_1 New Net Name=Net*_DI12_2
Change Net Name : Old Net Name=NetC3_DI12_2 New Net Name=Net*_DI12_1
Change Net Name : Old Net Name=NetC3_DI13_1 New Net Name=Net*_DI13_2
Change Net Name : Old Net Name=NetC3_DI13_2 New Net Name=Net*_DI13_1
Change Net Name : Old Net Name=NetC3_DI14_1 New Net Name=Net*_DI14_2
Change Net Name : Old Net Name=NetC3_DI14_2 New Net Name=Net*_DI14_1
Change Net Name : Old Net Name=NetC3_DI15_1 New Net Name=Net*_DI15_2
Change Net Name : Old Net Name=NetC3_DI15_2 New Net Name=Net*_DI15_1
Change Net Name : Old Net Name=NetC3_DI16_1 New Net Name=Net*_DI16_2
Change Net Name : Old Net Name=NetC3_DI16_2 New Net Name=Net*_DI16_1
Change Net Name : Old Net Name=NetC3_DI17_1 New Net Name=Net*_DI17_2
Change Net Name : Old Net Name=NetC3_DI17_2 New Net Name=Net*_DI17_1
Change Net Name : Old Net Name=NetC3_DI18_1 New Net Name=Net*_DI18_2
Change Net Name : Old Net Name=NetC3_DI18_2 New Net Name=Net*_DI18_1
Change Net Name : Old Net Name=NetC3_DI19_1 New Net Name=Net*_DI19_2
Change Net Name : Old Net Name=NetC3_DI19_2 New Net Name=Net*_DI19_1
Change Net Name : Old Net Name=NetC3_DI20_1 New Net Name=Net*_DI20_2
Change Net Name : Old Net Name=NetC3_DI20_2 New Net Name=Net*_DI20_1
Change Net Name : Old Net Name=NetC3_DI21_1 New Net Name=Net*_DI21_2
Change Net Name : Old Net Name=NetC3_DI21_2 New Net Name=Net*_DI21_1
Change Net Name : Old Net Name=NetC3_DI22_1 New Net Name=Net*_DI22_2
Change Net Name : Old Net Name=NetC3_DI22_2 New Net Name=Net*_DI22_1
Change Net Name : Old Net Name=NetC3_DI23_1 New Net Name=Net*_DI23_2
Change Net Name : Old Net Name=NetC3_DI23_2 New Net Name=Net*_DI23_1
Change Net Name : Old Net Name=NetC3_DI24_1 New Net Name=Net*_DI24_2
Change Net Name : Old Net Name=NetC3_DI24_2 New Net Name=Net*_DI24_1
Change Net Name : Old Net Name=NetC3_DI25_1 New Net Name=Net*_DI25_2
Change Net Name : Old Net Name=NetC3_DI25_2 New Net Name=Net*_DI25_1
Change Net Name : Old Net Name=NetC3_DI26_1 New Net Name=Net*_DI26_2
Change Net Name : Old Net Name=NetC3_DI26_2 New Net Name=Net*_DI26_1
Change Net Name : Old Net Name=NetC3_DI27_1 New Net Name=Net*_DI27_2
Change Net Name : Old Net Name=NetC3_DI27_2 New Net Name=Net*_DI27_1
Change Net Name : Old Net Name=NetC3_DI28_1 New Net Name=Net*_DI28_2
Change Net Name : Old Net Name=NetC3_DI28_2 New Net Name=Net*_DI28_1
Change Net Name : Old Net Name=NetC3_DI29_1 New Net Name=Net*_DI29_2
Change Net Name : Old Net Name=NetC3_DI29_2 New Net Name=Net*_DI29_1
Change Net Name : Old Net Name=NetC3_DI30_1 New Net Name=Net*_DI30_2
Change Net Name : Old Net Name=NetC3_DI30_2 New Net Name=Net*_DI30_1
Change Net Name : Old Net Name=NetC3_DI31_1 New Net Name=Net*_DI31_2
Change Net Name : Old Net Name=NetC3_DI31_2 New Net Name=Net*_DI31_1
Change Net Name : Old Net Name=NetC3_DI32_1 New Net Name=Net*_DI32_2
Change Net Name : Old Net Name=NetC3_DI32_2 New Net Name=Net*_DI32_1
Added Member To Class: ClassName=DI1 Member=Component *_DI1 (*) TVS-sot23-3
Added Member To Class: ClassName=DI2 Member=Component *_DI2 (*) TVS-sot23-3
Added Member To Class: ClassName=DI3 Member=Component *_DI3 (*) TVS-sot23-3
Added Member To Class: ClassName=DI4 Member=Component *_DI4 (*) TVS-sot23-3
Added Member To Class: ClassName=DI5 Member=Component *_DI5 (*) TVS-sot23-3
Added Member To Class: ClassName=DI6 Member=Component *_DI6 (*) TVS-sot23-3
Added Member To Class: ClassName=DI7 Member=Component *_DI7 (*) TVS-sot23-3
Added Member To Class: ClassName=DI8 Member=Component *_DI8 (*) TVS-sot23-3
Added Member To Class: ClassName=DI9 Member=Component *_DI9 (*) TVS-sot23-3
Added Member To Class: ClassName=DI10 Member=Component *_DI10 (*) TVS-sot23-3
Added Member To Class: ClassName=DI11 Member=Component *_DI11 (*) TVS-sot23-3
Added Member To Class: ClassName=DI12 Member=Component *_DI12 (*) TVS-sot23-3
Added Member To Class: ClassName=DI13 Member=Component *_DI13 (*) TVS-sot23-3
Added Member To Class: ClassName=DI14 Member=Component *_DI14 (*) TVS-sot23-3
Added Member To Class: ClassName=DI15 Member=Component *_DI15 (*) TVS-sot23-3
Added Member To Class: ClassName=DI16 Member=Component *_DI16 (*) TVS-sot23-3
Added Member To Class: ClassName=DI17 Member=Component *_DI17 (*) TVS-sot23-3
Added Member To Class: ClassName=DI18 Member=Component *_DI18 (*) TVS-sot23-3
Added Member To Class: ClassName=DI19 Member=Component *_DI19 (*) TVS-sot23-3
Added Member To Class: ClassName=DI20 Member=Component *_DI20 (*) TVS-sot23-3
Added Member To Class: ClassName=DI21 Member=Component *_DI21 (*) TVS-sot23-3
Added Member To Class: ClassName=DI22 Member=Component *_DI22 (*) TVS-sot23-3
Added Member To Class: ClassName=DI23 Member=Component *_DI23 (*) TVS-sot23-3
Added Member To Class: ClassName=DI24 Member=Component *_DI24 (*) TVS-sot23-3
Added Member To Class: ClassName=DI25 Member=Component *_DI25 (*) TVS-sot23-3
Added Member To Class: ClassName=DI26 Member=Component *_DI26 (*) TVS-sot23-3
Added Member To Class: ClassName=DI27 Member=Component *_DI27 (*) TVS-sot23-3
Added Member To Class: ClassName=DI28 Member=Component *_DI28 (*) TVS-sot23-3
Added Member To Class: ClassName=DI29 Member=Component *_DI29 (*) TVS-sot23-3
Added Member To Class: ClassName=DI30 Member=Component *_DI30 (*) TVS-sot23-3
Added Member To Class: ClassName=DI31 Member=Component *_DI31 (*) TVS-sot23-3
Added Member To Class: ClassName=DI32 Member=Component *_DI32 (*) TVS-sot23-3
