Removed Pin From Net: NetName=+6V_2 Pin=C3-2
Removed Pin From Net: NetName=+6V_2 Pin=C4-2
Removed Pin From Net: NetName=DGND_2 Pin=C6-2
Removed Pin From Net: NetName=DGND_2 Pin=C7-2
Removed Pin From Net: NetName=+6V_2 Pin=U21-1
Removed Pin From Net: NetName=DGND_2 Pin=U21-2
Removed Pin From Net: NetName=+6V_2 Pin=U21-3
Added Pin To Net: NetName=DVCC_2 Pin=C6-1
Added Pin To Net: NetName=AGND_2 Pin=C6-2
Added Pin To Net: NetName=DVCC_2 Pin=C7-1
Added Pin To Net: NetName=AGND_2 Pin=C7-2
Added Pin To Net: NetName=+5V_2 Pin=C101-1
Added Pin To Net: NetName=+5V_2 Pin=C103-1
Added Pin To Net: NetName=DVCC_2 Pin=C207-1
Added Pin To Net: NetName=+5V_2 Pin=C207-2
Added Pin To Net: NetName=+6V_2 Pin=R180-1
Added Pin To Net: NetName=DVCC_2 Pin=R181-1
Added Pin To Net: NetName=+5V_2 Pin=R181-2
Added Pin To Net: NetName=AGND_2 Pin=U21-2
Added Pin To Net: NetName=DVCC_2 Pin=U21-5
Added Pin To Net: NetName=NetC3_2 Pin=C3-2
Added Pin To Net: NetName=NetC3_2 Pin=C4-2
Added Pin To Net: NetName=NetC3_2 Pin=R180-2
Added Pin To Net: NetName=NetC3_2 Pin=U21-1
Added Pin To Net: NetName=NetC3_2 Pin=U21-3
Added Net: Name=NetC3_2
