Removed Pin From Net: NetName=C3 Pin=U1-2
Removed Pin From Net: NetName=C2 Pin=U1-4
Removed Pin From Net: NetName=C7 Pin=U1-12
Removed Pin From Net: NetName=C6 Pin=U1-14
Removed Pin From Net: NetName=C5 Pin=U1-17
Removed Pin From Net: NetName=C4 Pin=U1-19
Added Component: Designator=U5(SSOP20)
Added Component: Designator=U6(SSOP20)
Added Component: Designator=U7(SSOP20)
Added Component: Designator=U8(SSOP20)
Added Pin To Net: NetName=C2 Pin=U1-2
Added Pin To Net: NetName=C1 Pin=U1-4
Added Pin To Net: NetName=C4 Pin=U1-12
Added Pin To Net: NetName=C3 Pin=U1-14
Added Pin To Net: NetName=C3 Pin=U1-17
Added Pin To Net: NetName=C2 Pin=U1-19
Added Pin To Net: NetName=C6 Pin=U2-2
Added Pin To Net: NetName=C5 Pin=U2-4
Added Pin To Net: NetName=C5 Pin=U2-7
Added Pin To Net: NetName=C4 Pin=U2-9
Added Pin To Net: NetName=C8 Pin=U2-12
Added Pin To Net: NetName=C7 Pin=U2-14
Added Pin To Net: NetName=C7 Pin=U2-17
Added Pin To Net: NetName=C6 Pin=U2-19
Added Pin To Net: NetName=C10 Pin=U3-2
Added Pin To Net: NetName=C9 Pin=U3-4
Added Pin To Net: NetName=C9 Pin=U3-7
Added Pin To Net: NetName=C8 Pin=U3-9
Added Pin To Net: NetName=C12 Pin=U3-12
Added Pin To Net: NetName=C11 Pin=U3-15
Added Pin To Net: NetName=C11 Pin=U3-17
Added Pin To Net: NetName=C10 Pin=U3-19
Added Pin To Net: NetName=C14 Pin=U4-2
Added Pin To Net: NetName=C13 Pin=U4-4
Added Pin To Net: NetName=C13 Pin=U4-7
Added Pin To Net: NetName=C12 Pin=U4-9
Added Pin To Net: NetName=C16 Pin=U4-12
Added Pin To Net: NetName=C15 Pin=U4-14
Added Pin To Net: NetName=C15 Pin=U4-17
Added Pin To Net: NetName=C14 Pin=U4-19
Added Pin To Net: NetName=C18 Pin=U5-2
Added Pin To Net: NetName=C17 Pin=U5-5
Added Pin To Net: NetName=C17 Pin=U5-7
Added Pin To Net: NetName=C16 Pin=U5-9
Added Pin To Net: NetName=C20 Pin=U5-12
Added Pin To Net: NetName=C19 Pin=U5-14
Added Pin To Net: NetName=C19 Pin=U5-17
Added Pin To Net: NetName=C18 Pin=U5-19
Added Pin To Net: NetName=C22 Pin=U6-2
Added Pin To Net: NetName=C21 Pin=U6-4
Added Pin To Net: NetName=C21 Pin=U6-7
Added Pin To Net: NetName=C20 Pin=U6-9
Added Pin To Net: NetName=C24 Pin=U6-12
Added Pin To Net: NetName=C23 Pin=U6-14
Added Pin To Net: NetName=C23 Pin=U6-17
Added Pin To Net: NetName=C22 Pin=U6-19
Added Pin To Net: NetName=C26 Pin=U7-2
Added Pin To Net: NetName=C25 Pin=U7-3
Added Pin To Net: NetName=C25 Pin=U7-7
Added Pin To Net: NetName=C24 Pin=U7-9
Added Pin To Net: NetName=C28 Pin=U7-12
Added Pin To Net: NetName=C27 Pin=U7-17
Added Pin To Net: NetName=C26 Pin=U7-19
Added Pin To Net: NetName=C30 Pin=U8-2
Added Pin To Net: NetName=C29 Pin=U8-4
Added Pin To Net: NetName=C29 Pin=U8-7
Added Pin To Net: NetName=C28 Pin=U8-9
Added Pin To Net: NetName=C32 Pin=U8-12
Added Pin To Net: NetName=C31 Pin=U8-14
Added Pin To Net: NetName=C31 Pin=U8-17
Added Pin To Net: NetName=C30 Pin=U8-19
Added Member To Class: ClassName=µÁ≥ÿµÁ—πºÏ≤‚ Member=Component U5 ADG5234
Added Member To Class: ClassName=µÁ≥ÿµÁ—πºÏ≤‚ Member=Component U6 ADG5234
Added Member To Class: ClassName=µÁ≥ÿµÁ—πºÏ≤‚ Member=Component U7 ADG5234
Added Member To Class: ClassName=µÁ≥ÿµÁ—πºÏ≤‚ Member=Component U8 ADG5234
Added Room: Name=µÁ≥ÿµÁ—πºÏ≤‚
