Removed Member From Class: ClassName=CL[1..8] Member=CH1
Removed Member From Class: ClassName=CL[1..8] Member=CH2
Removed Member From Class: ClassName=CL[1..8] Member=CH3
Removed Member From Class: ClassName=CL[1..8] Member=CH4
Removed Member From Class: ClassName=CL[1..8] Member=CH5
Removed Member From Class: ClassName=CL[1..8] Member=CH6
Removed Member From Class: ClassName=CH[1..8] Member=CL7
Removed Member From Class: ClassName=CH[1..8] Member=CL8
Added Pin To Net: NetName=C8 Pin=U2-4
Added Pin To Net: NetName=C7 Pin=U2-5
Added Pin To Net: NetName=C6 Pin=U2-6
Added Pin To Net: NetName=C5 Pin=U2-7
Added Pin To Net: NetName=C4 Pin=U2-10
Added Pin To Net: NetName=C5 Pin=U2-11
Added Pin To Net: NetName=C6 Pin=U2-12
Added Pin To Net: NetName=C7 Pin=U2-13
Added Member To Class: ClassName=CH[1..8] Member=Element[7]: CH
Added Member To Class: ClassName=CH[1..8] Member=Element[8]: CH
Added Member To Class: ClassName=CL[1..8] Member=Element[1]: CL
Added Member To Class: ClassName=CL[1..8] Member=Element[2]: CL
Added Member To Class: ClassName=CL[1..8] Member=Element[3]: CL
Added Member To Class: ClassName=CL[1..8] Member=Element[4]: CL
Added Member To Class: ClassName=CL[1..8] Member=Element[5]: CL
Added Member To Class: ClassName=CL[1..8] Member=Element[6]: CL
