Removed Pin From Net: NetName=5V_0 Pin=C53-2
Removed Pin From Net: NetName=5V_0 Pin=C54-2
Removed Pin From Net: NetName=5V_0 Pin=C55-2
Removed Pin From Net: NetName=5V_0 Pin=C58-2
Removed Pin From Net: NetName=5V_0 Pin=C59-2
Removed Pin From Net: NetName=5V_0 Pin=C60-2
Removed Pin From Net: NetName=5V Pin=C85-2
Removed Pin From Net: NetName=5V_0 Pin=U16-2
Removed Pin From Net: NetName=5V_0 Pin=U16-2
Removed Pin From Net: NetName=5V Pin=USB-1
Change Component Designator: OldDesignator=P5 NewDesignator=P3
Added Component: Designator=C88(1812)
Added Component: Designator=C89(0805C)
Added Component: Designator=C90(0805C)
Added Component: Designator=C91(0805C)
Added Component: Designator=C92(0805C)
Added Component: Designator=C93(0805C)
Added Component: Designator=P5(SIP03)
Added Pin To Net: NetName=GND Pin=C88-1
Added Pin To Net: NetName=GND Pin=C89-1
Added Pin To Net: NetName=GND Pin=C90-1
Added Pin To Net: NetName=GND Pin=C91-1
Added Pin To Net: NetName=GND Pin=C92-1
Added Pin To Net: NetName=GND Pin=C93-1
Added Pin To Net: NetName=5V_0 Pin=P5-2
Added Pin To Net: NetName=DC_5V Pin=C53-2
Added Pin To Net: NetName=DC_5V Pin=C54-2
Added Pin To Net: NetName=DC_5V Pin=C55-2
Added Pin To Net: NetName=DC_5V Pin=C58-2
Added Pin To Net: NetName=DC_5V Pin=C59-2
Added Pin To Net: NetName=DC_5V Pin=C60-2
Added Pin To Net: NetName=DC_5V Pin=P5-1
Added Pin To Net: NetName=DC_5V Pin=U16-2
Added Pin To Net: NetName=DC_5V Pin=U16-2
Added Net: Name=DC_5V
Added Pin To Net: NetName=USB_5V Pin=C85-2
Added Pin To Net: NetName=USB_5V Pin=C88-2
Added Pin To Net: NetName=USB_5V Pin=C89-2
Added Pin To Net: NetName=USB_5V Pin=C90-2
Added Pin To Net: NetName=USB_5V Pin=C91-2
Added Pin To Net: NetName=USB_5V Pin=C92-2
Added Pin To Net: NetName=USB_5V Pin=C93-2
Added Pin To Net: NetName=USB_5V Pin=P5-3
Added Pin To Net: NetName=USB_5V Pin=USB-1
Added Net: Name=USB_5V
Added Member To Class: ClassName=U_数字部分 Member=Component C88 Cap
Added Member To Class: ClassName=U_数字部分 Member=Component C89 Cap
Added Member To Class: ClassName=U_数字部分 Member=Component C90 Cap
Added Member To Class: ClassName=U_数字部分 Member=Component C91 Cap
Added Member To Class: ClassName=U_数字部分 Member=Component C92 Cap
Added Member To Class: ClassName=U_数字部分 Member=Component C93 Cap
Added Member To Class: ClassName=U_电源 Member=Component P5 Header 3
Added Room: Name=U_数字部分
Added Room: Name=U_电池电压检测
Added Room: Name=U_电源
