Removed Pin From Net: NetName=CONV Pin=R7-2
Removed Pin From Net: NetName=CONV Pin=R8-2
Removed Pin From Net: NetName=DO Pin=U1-24
Removed Pin From Net: NetName=DO Pin=U1-25
Removed Member From Class: ClassName=U_µÁ≥ÿµÁ—πºÏ≤‚ Member=R7
Removed Member From Class: ClassName=U_µÁ≥ÿµÁ—πºÏ≤‚ Member=R8
Added Component: Designator=R10(0805R)
Added Component: Designator=R11(0805R)
Added Pin To Net: NetName=DO Pin=R10-1
Added Pin To Net: NetName=DO Pin=R11-1
Added Pin To Net: NetName=CONV Pin=U1-9
Added Pin To Net: NetName=CONV Pin=U1-10
Added Pin To Net: NetName=DOUTA Pin=R10-2
Added Pin To Net: NetName=DOUTA Pin=U1-24
Added Net: Name=DOUTA
Added Pin To Net: NetName=DOUTB Pin=R11-2
Added Pin To Net: NetName=DOUTB Pin=U1-25
Added Net: Name=DOUTB
Added Member To Class: ClassName=U_µÁ≥ÿµÁ—πºÏ≤‚ Member=Component R10 Res2
Added Member To Class: ClassName=U_µÁ≥ÿµÁ—πºÏ≤‚ Member=Component R11 Res2
Added Room: Name=U_µÁ≥ÿµÁ—πºÏ≤‚
Added Room: Name=U_µÁ‘¥
