Removed Pin From Net: NetName=C17 Pin=C1-1
Removed Pin From Net: NetName=C16 Pin=C1-2
Removed Pin From Net: NetName=C17 Pin=C2-1
Removed Pin From Net: NetName=C17 Pin=C3-1
Removed Pin From Net: NetName=C16 Pin=C3-2
Removed Pin From Net: NetName=C17 Pin=C4-1
Removed Pin From Net: NetName=C17 Pin=C4-2
Removed Pin From Net: NetName=40V Pin=C5-1
Removed Pin From Net: NetName=C17 Pin=C5-2
Removed Pin From Net: NetName=40V Pin=C6-1
Removed Pin From Net: NetName=C17 Pin=C6-2
Removed Pin From Net: NetName=C17 Pin=C7-1
Removed Pin From Net: NetName=C15 Pin=C7-2
Removed Pin From Net: NetName=C17 Pin=C8-1
Removed Pin From Net: NetName=C18 Pin=C8-2
Removed Pin From Net: NetName=C17 Pin=C9-1
Removed Pin From Net: NetName=C15 Pin=C9-2
Removed Pin From Net: NetName=C17 Pin=C10-1
Removed Pin From Net: NetName=C18 Pin=C10-2
Removed Pin From Net: NetName=C17 Pin=C11-1
Removed Pin From Net: NetName=C14 Pin=C11-2
Removed Pin From Net: NetName=C17 Pin=C12-1
Removed Pin From Net: NetName=C19 Pin=C12-2
Removed Pin From Net: NetName=C17 Pin=C13-1
Removed Pin From Net: NetName=C14 Pin=C13-2
Removed Pin From Net: NetName=C17 Pin=C14-1
Removed Pin From Net: NetName=C19 Pin=C14-2
Removed Pin From Net: NetName=C17 Pin=C15-1
Removed Pin From Net: NetName=C13 Pin=C15-2
Removed Pin From Net: NetName=C17 Pin=C16-1
Removed Pin From Net: NetName=C20 Pin=C16-2
Removed Pin From Net: NetName=C17 Pin=C17-1
Removed Pin From Net: NetName=C13 Pin=C17-2
Removed Pin From Net: NetName=C17 Pin=C18-1
Removed Pin From Net: NetName=C20 Pin=C18-2
Removed Pin From Net: NetName=C17 Pin=C19-1
Removed Pin From Net: NetName=C12 Pin=C19-2
Removed Pin From Net: NetName=C17 Pin=C20-1
Removed Pin From Net: NetName=C21 Pin=C20-2
Removed Pin From Net: NetName=C17 Pin=C21-1
Removed Pin From Net: NetName=C12 Pin=C21-2
Removed Pin From Net: NetName=C17 Pin=C22-1
Removed Pin From Net: NetName=C21 Pin=C22-2
Removed Pin From Net: NetName=C17 Pin=C23-1
Removed Pin From Net: NetName=C11 Pin=C23-2
Removed Pin From Net: NetName=C17 Pin=C24-1
Removed Pin From Net: NetName=C22 Pin=C24-2
Removed Pin From Net: NetName=40V Pin=C25-1
Removed Pin From Net: NetName=C17 Pin=C25-2
Removed Pin From Net: NetName=40V Pin=C26-1
Removed Pin From Net: NetName=C17 Pin=C26-2
Removed Pin From Net: NetName=C17 Pin=C27-1
Removed Pin From Net: NetName=C11 Pin=C27-2
Removed Pin From Net: NetName=C17 Pin=C28-1
Removed Pin From Net: NetName=C22 Pin=C28-2
Removed Pin From Net: NetName=C17 Pin=C29-1
Removed Pin From Net: NetName=C10 Pin=C29-2
Removed Pin From Net: NetName=C17 Pin=C30-1
Removed Pin From Net: NetName=C23 Pin=C30-2
Removed Pin From Net: NetName=C17 Pin=C31-1
Removed Pin From Net: NetName=C10 Pin=C31-2
Removed Pin From Net: NetName=C17 Pin=C32-1
Removed Pin From Net: NetName=C23 Pin=C32-2
Removed Pin From Net: NetName=C17 Pin=C33-1
Removed Pin From Net: NetName=C9 Pin=C33-2
Removed Pin From Net: NetName=C17 Pin=C34-1
Removed Pin From Net: NetName=C24 Pin=C34-2
Removed Pin From Net: NetName=C17 Pin=C35-1
Removed Pin From Net: NetName=C9 Pin=C35-2
Removed Pin From Net: NetName=C17 Pin=C36-1
Removed Pin From Net: NetName=C24 Pin=C36-2
Removed Pin From Net: NetName=C17 Pin=C37-1
Removed Pin From Net: NetName=C8 Pin=C37-2
Removed Pin From Net: NetName=C17 Pin=C38-1
Removed Pin From Net: NetName=C25 Pin=C38-2
Removed Pin From Net: NetName=C17 Pin=C39-1
Removed Pin From Net: NetName=C8 Pin=C39-2
Removed Pin From Net: NetName=C17 Pin=C40-1
Removed Pin From Net: NetName=C25 Pin=C40-2
Removed Pin From Net: NetName=40V Pin=C41-1
Removed Pin From Net: NetName=C17 Pin=C41-2
Removed Pin From Net: NetName=40V Pin=C42-1
Removed Pin From Net: NetName=C17 Pin=C42-2
Removed Pin From Net: NetName=40V Pin=C43-1
Removed Pin From Net: NetName=C17 Pin=C43-2
Removed Pin From Net: NetName=40V Pin=C44-1
Removed Pin From Net: NetName=C17 Pin=C44-2
Removed Pin From Net: NetName=C17 Pin=C45-1
Removed Pin From Net: NetName=C7 Pin=C45-2
Removed Pin From Net: NetName=C17 Pin=C46-1
Removed Pin From Net: NetName=C26 Pin=C46-2
Removed Pin From Net: NetName=C17 Pin=C47-1
Removed Pin From Net: NetName=C7 Pin=C47-2
Removed Pin From Net: NetName=C17 Pin=C48-1
Removed Pin From Net: NetName=C26 Pin=C48-2
Removed Pin From Net: NetName=C17 Pin=C49-1
Removed Pin From Net: NetName=C6 Pin=C49-2
Removed Pin From Net: NetName=C17 Pin=C50-1
Removed Pin From Net: NetName=C27 Pin=C50-2
Removed Pin From Net: NetName=40V Pin=C51-1
Removed Pin From Net: NetName=C17 Pin=C51-2
Removed Pin From Net: NetName=40V Pin=C52-1
Removed Pin From Net: NetName=C17 Pin=C52-2
Removed Pin From Net: NetName=C17 Pin=C53-1
Removed Pin From Net: NetName=C6 Pin=C53-2
Removed Pin From Net: NetName=C17 Pin=C54-1
Removed Pin From Net: NetName=C27 Pin=C54-2
Removed Pin From Net: NetName=C17 Pin=C55-1
Removed Pin From Net: NetName=C5 Pin=C55-2
Removed Pin From Net: NetName=C17 Pin=C56-1
Removed Pin From Net: NetName=C28 Pin=C56-2
Removed Pin From Net: NetName=C17 Pin=C57-1
Removed Pin From Net: NetName=C5 Pin=C57-2
Removed Pin From Net: NetName=C17 Pin=C58-1
Removed Pin From Net: NetName=C28 Pin=C58-2
Removed Pin From Net: NetName=C17 Pin=C59-1
Removed Pin From Net: NetName=C4 Pin=C59-2
Removed Pin From Net: NetName=C17 Pin=C60-1
Removed Pin From Net: NetName=C29 Pin=C60-2
Removed Pin From Net: NetName=C17 Pin=C61-1
Removed Pin From Net: NetName=C4 Pin=C61-2
Removed Pin From Net: NetName=C17 Pin=C62-1
Removed Pin From Net: NetName=C29 Pin=C62-2
Removed Pin From Net: NetName=C17 Pin=C63-1
Removed Pin From Net: NetName=C3 Pin=C63-2
Removed Pin From Net: NetName=C17 Pin=C64-1
Removed Pin From Net: NetName=C30 Pin=C64-2
Removed Pin From Net: NetName=C17 Pin=C65-1
Removed Pin From Net: NetName=C3 Pin=C65-2
Removed Pin From Net: NetName=C17 Pin=C66-1
Removed Pin From Net: NetName=C30 Pin=C66-2
Removed Pin From Net: NetName=C17 Pin=C67-1
Removed Pin From Net: NetName=C2 Pin=C67-2
Removed Pin From Net: NetName=C17 Pin=C68-1
Removed Pin From Net: NetName=C31 Pin=C68-2
Removed Pin From Net: NetName=40V Pin=C69-1
Removed Pin From Net: NetName=C17 Pin=C69-2
Removed Pin From Net: NetName=40V Pin=C70-1
Removed Pin From Net: NetName=C17 Pin=C70-2
Removed Pin From Net: NetName=C17 Pin=C71-1
Removed Pin From Net: NetName=C2 Pin=C71-2
Removed Pin From Net: NetName=C17 Pin=C72-1
Removed Pin From Net: NetName=C31 Pin=C72-2
Removed Pin From Net: NetName=40V Pin=C73-1
Removed Pin From Net: NetName=C17 Pin=C73-2
Removed Pin From Net: NetName=40V Pin=C74-1
Removed Pin From Net: NetName=C17 Pin=C74-2
Removed Pin From Net: NetName=40V Pin=C75-1
Removed Pin From Net: NetName=C17 Pin=C75-2
Removed Pin From Net: NetName=40V Pin=C76-1
Removed Pin From Net: NetName=C17 Pin=C76-2
Removed Pin From Net: NetName=C17 Pin=C77-1
Removed Pin From Net: NetName=C1 Pin=C77-2
Removed Pin From Net: NetName=C17 Pin=C78-1
Removed Pin From Net: NetName=C32 Pin=C78-2
Removed Pin From Net: NetName=C17 Pin=C79-1
Removed Pin From Net: NetName=C1 Pin=C79-2
Removed Pin From Net: NetName=C17 Pin=C80-1
Removed Pin From Net: NetName=C32 Pin=C80-2
Removed Pin From Net: NetName=C17 Pin=DB1-29
Removed Pin From Net: NetName=C18 Pin=U1-2
Removed Pin From Net: NetName=C17 Pin=U1-5
Removed Pin From Net: NetName=C17 Pin=U1-6
Removed Pin From Net: NetName=C17 Pin=U1-7
Removed Pin From Net: NetName=C16 Pin=U1-9
Removed Pin From Net: NetName=C20 Pin=U1-12
Removed Pin From Net: NetName=C19 Pin=U1-14
Removed Pin From Net: NetName=40V Pin=U1-16
Removed Pin From Net: NetName=C19 Pin=U1-17
Removed Pin From Net: NetName=C18 Pin=U1-19
Removed Pin From Net: NetName=C14 Pin=U2-2
Removed Pin From Net: NetName=C13 Pin=U2-4
Removed Pin From Net: NetName=C17 Pin=U2-5
Removed Pin From Net: NetName=C17 Pin=U2-6
Removed Pin From Net: NetName=C13 Pin=U2-7
Removed Pin From Net: NetName=C12 Pin=U2-9
Removed Pin From Net: NetName=C16 Pin=U2-12
Removed Pin From Net: NetName=C15 Pin=U2-14
Removed Pin From Net: NetName=40V Pin=U2-16
Removed Pin From Net: NetName=C15 Pin=U2-17
Removed Pin From Net: NetName=C14 Pin=U2-19
Removed Pin From Net: NetName=C30 Pin=U3-2
Removed Pin From Net: NetName=C29 Pin=U3-4
Removed Pin From Net: NetName=C17 Pin=U3-5
Removed Pin From Net: NetName=C17 Pin=U3-6
Removed Pin From Net: NetName=C29 Pin=U3-7
Removed Pin From Net: NetName=C28 Pin=U3-9
Removed Pin From Net: NetName=C32 Pin=U3-12
Removed Pin From Net: NetName=C31 Pin=U3-14
Removed Pin From Net: NetName=40V Pin=U3-16
Removed Pin From Net: NetName=C31 Pin=U3-17
Removed Pin From Net: NetName=C30 Pin=U3-19
Removed Pin From Net: NetName=C26 Pin=U4-2
Removed Pin From Net: NetName=C25 Pin=U4-3
Removed Pin From Net: NetName=C17 Pin=U4-5
Removed Pin From Net: NetName=C17 Pin=U4-6
Removed Pin From Net: NetName=C25 Pin=U4-7
Removed Pin From Net: NetName=C24 Pin=U4-9
Removed Pin From Net: NetName=C28 Pin=U4-12
Removed Pin From Net: NetName=40V Pin=U4-16
Removed Pin From Net: NetName=C27 Pin=U4-17
Removed Pin From Net: NetName=C26 Pin=U4-19
Removed Pin From Net: NetName=C22 Pin=U5-2
Removed Pin From Net: NetName=C21 Pin=U5-4
Removed Pin From Net: NetName=C17 Pin=U5-5
Removed Pin From Net: NetName=C17 Pin=U5-6
Removed Pin From Net: NetName=C21 Pin=U5-7
Removed Pin From Net: NetName=C20 Pin=U5-9
Removed Pin From Net: NetName=C24 Pin=U5-12
Removed Pin From Net: NetName=C23 Pin=U5-14
Removed Pin From Net: NetName=40V Pin=U5-16
Removed Pin From Net: NetName=C23 Pin=U5-17
Removed Pin From Net: NetName=C22 Pin=U5-19
Removed Pin From Net: NetName=C2 Pin=U6-2
Removed Pin From Net: NetName=C1 Pin=U6-4
Removed Pin From Net: NetName=C17 Pin=U6-5
Removed Pin From Net: NetName=C17 Pin=U6-6
Removed Pin From Net: NetName=C1 Pin=U6-7
Removed Pin From Net: NetName=C17 Pin=U6-9
Removed Pin From Net: NetName=C4 Pin=U6-12
Removed Pin From Net: NetName=C3 Pin=U6-14
Removed Pin From Net: NetName=40V Pin=U6-16
Removed Pin From Net: NetName=C3 Pin=U6-17
Removed Pin From Net: NetName=C2 Pin=U6-19
Removed Pin From Net: NetName=C6 Pin=U7-2
Removed Pin From Net: NetName=C5 Pin=U7-4
Removed Pin From Net: NetName=C17 Pin=U7-5
Removed Pin From Net: NetName=C17 Pin=U7-6
Removed Pin From Net: NetName=C5 Pin=U7-7
Removed Pin From Net: NetName=C4 Pin=U7-9
Removed Pin From Net: NetName=C8 Pin=U7-12
Removed Pin From Net: NetName=C7 Pin=U7-14
Removed Pin From Net: NetName=40V Pin=U7-16
Removed Pin From Net: NetName=C7 Pin=U7-17
Removed Pin From Net: NetName=C6 Pin=U7-19
Removed Pin From Net: NetName=C10 Pin=U8-2
Removed Pin From Net: NetName=C9 Pin=U8-4
Removed Pin From Net: NetName=C17 Pin=U8-5
Removed Pin From Net: NetName=C17 Pin=U8-6
Removed Pin From Net: NetName=C9 Pin=U8-7
Removed Pin From Net: NetName=C8 Pin=U8-9
Removed Pin From Net: NetName=C12 Pin=U8-12
Removed Pin From Net: NetName=C11 Pin=U8-15
Removed Pin From Net: NetName=40V Pin=U8-16
Removed Pin From Net: NetName=C11 Pin=U8-17
Removed Pin From Net: NetName=C10 Pin=U8-19
Removed Member From Class: ClassName=µÁ≥ÿµÁ—πºÏ≤‚ Member=C5
Removed Member From Class: ClassName=µÁ≥ÿµÁ—πºÏ≤‚ Member=C6
Removed Member From Class: ClassName=µÁ≥ÿµÁ—πºÏ≤‚ Member=C7
Removed Member From Class: ClassName=µÁ≥ÿµÁ—πºÏ≤‚ Member=C8
Removed Member From Class: ClassName=µÁ≥ÿµÁ—πºÏ≤‚ Member=C11
Removed Member From Class: ClassName=µÁ≥ÿµÁ—πºÏ≤‚ Member=C12
Removed Member From Class: ClassName=µÁ≥ÿµÁ—πºÏ≤‚ Member=C15
Removed Member From Class: ClassName=µÁ≥ÿµÁ—πºÏ≤‚ Member=C16
Removed Member From Class: ClassName=µÁ≥ÿµÁ—πºÏ≤‚ Member=C19
Removed Member From Class: ClassName=µÁ≥ÿµÁ—πºÏ≤‚ Member=C20
Removed Member From Class: ClassName=µÁ≥ÿµÁ—πºÏ≤‚ Member=C23
Removed Member From Class: ClassName=µÁ≥ÿµÁ—πºÏ≤‚ Member=C24
Removed Member From Class: ClassName=µÁ≥ÿµÁ—πºÏ≤‚ Member=C25
Removed Member From Class: ClassName=µÁ≥ÿµÁ—πºÏ≤‚ Member=C26
Removed Member From Class: ClassName=µÁ≥ÿµÁ—πºÏ≤‚ Member=C29
Removed Member From Class: ClassName=µÁ≥ÿµÁ—πºÏ≤‚ Member=C30
Removed Member From Class: ClassName=µÁ≥ÿµÁ—πºÏ≤‚ Member=C33
Removed Member From Class: ClassName=µÁ≥ÿµÁ—πºÏ≤‚ Member=C34
Removed Member From Class: ClassName=µÁ≥ÿµÁ—πºÏ≤‚ Member=C37
Removed Member From Class: ClassName=µÁ≥ÿµÁ—πºÏ≤‚ Member=C38
Removed Member From Class: ClassName=µÁ≥ÿµÁ—πºÏ≤‚ Member=C41
Removed Member From Class: ClassName=µÁ≥ÿµÁ—πºÏ≤‚ Member=C42
Removed Member From Class: ClassName=µÁ≥ÿµÁ—πºÏ≤‚ Member=C43
Removed Member From Class: ClassName=µÁ≥ÿµÁ—πºÏ≤‚ Member=C44
Removed Member From Class: ClassName=µÁ≥ÿµÁ—πºÏ≤‚ Member=C45
Removed Member From Class: ClassName=µÁ≥ÿµÁ—πºÏ≤‚ Member=C46
Removed Member From Class: ClassName=µÁ≥ÿµÁ—πºÏ≤‚ Member=C49
Removed Member From Class: ClassName=µÁ≥ÿµÁ—πºÏ≤‚ Member=C50
Removed Member From Class: ClassName=µÁ≥ÿµÁ—πºÏ≤‚ Member=C51
Removed Member From Class: ClassName=µÁ≥ÿµÁ—πºÏ≤‚ Member=C52
Removed Member From Class: ClassName=µÁ≥ÿµÁ—πºÏ≤‚ Member=C53
Removed Member From Class: ClassName=µÁ≥ÿµÁ—πºÏ≤‚ Member=C54
Removed Member From Class: ClassName=µÁ≥ÿµÁ—πºÏ≤‚ Member=C55
Removed Member From Class: ClassName=µÁ≥ÿµÁ—πºÏ≤‚ Member=C56
Removed Member From Class: ClassName=µÁ≥ÿµÁ—πºÏ≤‚ Member=C57
Removed Member From Class: ClassName=µÁ≥ÿµÁ—πºÏ≤‚ Member=C58
Removed Member From Class: ClassName=µÁ≥ÿµÁ—πºÏ≤‚ Member=C59
Removed Member From Class: ClassName=µÁ≥ÿµÁ—πºÏ≤‚ Member=C60
Removed Member From Class: ClassName=µÁ≥ÿµÁ—πºÏ≤‚ Member=C61
Removed Member From Class: ClassName=µÁ≥ÿµÁ—πºÏ≤‚ Member=C62
Removed Member From Class: ClassName=µÁ≥ÿµÁ—πºÏ≤‚ Member=C63
Removed Member From Class: ClassName=µÁ≥ÿµÁ—πºÏ≤‚ Member=C64
Removed Member From Class: ClassName=µÁ≥ÿµÁ—πºÏ≤‚ Member=C65
Removed Member From Class: ClassName=µÁ≥ÿµÁ—πºÏ≤‚ Member=C66
Removed Member From Class: ClassName=µÁ≥ÿµÁ—πºÏ≤‚ Member=C67
Removed Member From Class: ClassName=µÁ≥ÿµÁ—πºÏ≤‚ Member=C68
Removed Member From Class: ClassName=µÁ≥ÿµÁ—πºÏ≤‚ Member=C69
Removed Member From Class: ClassName=µÁ≥ÿµÁ—πºÏ≤‚ Member=C70
Removed Member From Class: ClassName=µÁ≥ÿµÁ—πºÏ≤‚ Member=C71
Removed Member From Class: ClassName=µÁ≥ÿµÁ—πºÏ≤‚ Member=C72
Removed Member From Class: ClassName=µÁ≥ÿµÁ—πºÏ≤‚ Member=C73
Removed Member From Class: ClassName=µÁ≥ÿµÁ—πºÏ≤‚ Member=C74
Removed Member From Class: ClassName=µÁ≥ÿµÁ—πºÏ≤‚ Member=C75
Removed Member From Class: ClassName=µÁ≥ÿµÁ—πºÏ≤‚ Member=C76
Removed Member From Class: ClassName=µÁ≥ÿµÁ—πºÏ≤‚ Member=C77
Removed Member From Class: ClassName=µÁ≥ÿµÁ—πºÏ≤‚ Member=C78
Removed Member From Class: ClassName=µÁ≥ÿµÁ—πºÏ≤‚ Member=C79
Removed Member From Class: ClassName=µÁ≥ÿµÁ—πºÏ≤‚ Member=C80
Removed Member From Class: ClassName=µÁ≥ÿµÁ—πºÏ≤‚ Member=U1
Removed Member From Class: ClassName=µÁ≥ÿµÁ—πºÏ≤‚ Member=U2
Removed Member From Class: ClassName=µÁ≥ÿµÁ—πºÏ≤‚ Member=U3
Removed Member From Class: ClassName=µÁ≥ÿµÁ—πºÏ≤‚ Member=U4
Removed Member From Class: ClassName=µÁ≥ÿµÁ—πºÏ≤‚ Member=U5
Removed Member From Class: ClassName=µÁ≥ÿµÁ—πºÏ≤‚ Member=U6
Removed Member From Class: ClassName=µÁ≥ÿµÁ—πºÏ≤‚ Member=U7
Removed Member From Class: ClassName=µÁ≥ÿµÁ—πºÏ≤‚ Member=U8
Change Component Footprint: Designator=C1 Old Footprint=0603AC New Footprint=1812
Change Component Footprint: Designator=C2 Old Footprint=0603AC New Footprint=1812
Added Component: Designator=C90_S1(1812)
Added Component: Designator=C90_S2(1812)
Added Component: Designator=C90_S3(1812)
Added Component: Designator=C91_S1(0603AC)
Added Component: Designator=C91_S2(0603AC)
Added Component: Designator=C91_S3(0603AC)
Added Component: Designator=C92_S1(0603AC)
Added Component: Designator=C92_S2(0603AC)
Added Component: Designator=C92_S3(0603AC)
Added Component: Designator=C93_S1(0603AC)
Added Component: Designator=C93_S2(0603AC)
Added Component: Designator=C93_S3(0603AC)
Added Component: Designator=C94_S1(0603AC)
Added Component: Designator=C94_S2(0603AC)
Added Component: Designator=C94_S3(0603AC)
Added Component: Designator=C95_S1(0603AC)
Added Component: Designator=C95_S2(0603AC)
Added Component: Designator=C95_S3(0603AC)
Added Component: Designator=U1_S1(SSOP20)
Added Component: Designator=U1_S2(SSOP20)
Added Component: Designator=U1_S3(SSOP20)
Added Pin To Net: NetName=40V Pin=C1-1
Added Pin To Net: NetName=C17 Pin=C1-2
Added Pin To Net: NetName=40V Pin=C2-1
Added Pin To Net: NetName=40V Pin=C90_S1-1
Added Pin To Net: NetName=C17 Pin=C90_S1-2
Added Pin To Net: NetName=40V Pin=C90_S2-1
Added Pin To Net: NetName=C17 Pin=C90_S2-2
Added Pin To Net: NetName=40V Pin=C90_S3-1
Added Pin To Net: NetName=C17 Pin=C90_S3-2
Added Pin To Net: NetName=40V Pin=C91_S1-1
Added Pin To Net: NetName=C17 Pin=C91_S1-2
Added Pin To Net: NetName=40V Pin=C91_S2-1
Added Pin To Net: NetName=C17 Pin=C91_S2-2
Added Pin To Net: NetName=40V Pin=C91_S3-1
Added Pin To Net: NetName=C17 Pin=C91_S3-2
Added Pin To Net: NetName=C17 Pin=C92_S1-2
Added Pin To Net: NetName=C17 Pin=C92_S2-2
Added Pin To Net: NetName=C17 Pin=C92_S3-2
Added Pin To Net: NetName=C17 Pin=C93_S1-2
Added Pin To Net: NetName=C17 Pin=C93_S2-2
Added Pin To Net: NetName=C17 Pin=C93_S3-2
Added Pin To Net: NetName=C17 Pin=C94_S1-2
Added Pin To Net: NetName=C17 Pin=C94_S2-2
Added Pin To Net: NetName=C17 Pin=C94_S3-2
Added Pin To Net: NetName=C17 Pin=C95_S1-2
Added Pin To Net: NetName=C17 Pin=C95_S2-2
Added Pin To Net: NetName=C17 Pin=C95_S3-2
Added Pin To Net: NetName=40V Pin=DB1-1
Added Pin To Net: NetName=C17 Pin=U1_S1-5
Added Pin To Net: NetName=C17 Pin=U1_S1-6
Added Pin To Net: NetName=C17 Pin=U1_S1-9
Added Pin To Net: NetName=40V Pin=U1_S1-16
Added Pin To Net: NetName=C17 Pin=U1_S2-5
Added Pin To Net: NetName=C17 Pin=U1_S2-6
Added Pin To Net: NetName=C17 Pin=U1_S2-9
Added Pin To Net: NetName=40V Pin=U1_S2-16
Added Pin To Net: NetName=C17 Pin=U1_S3-5
Added Pin To Net: NetName=C17 Pin=U1_S3-6
Added Pin To Net: NetName=C17 Pin=U1_S3-9
Added Pin To Net: NetName=40V Pin=U1_S3-16
Change Net Name : Old Net Name=C17 New Net Name=GND_1
Added Pin To Net: NetName=C1_S1 Pin=C92_S1-1
Added Pin To Net: NetName=C1_S1 Pin=U1_S1-4
Added Pin To Net: NetName=C1_S1 Pin=U1_S1-7
Added Net: Name=C1_S1
Added Pin To Net: NetName=C1_S2 Pin=C92_S2-1
Added Pin To Net: NetName=C1_S2 Pin=U1_S2-4
Added Pin To Net: NetName=C1_S2 Pin=U1_S2-7
Added Net: Name=C1_S2
Added Pin To Net: NetName=C1_S3 Pin=C92_S3-1
Added Pin To Net: NetName=C1_S3 Pin=U1_S3-4
Added Pin To Net: NetName=C1_S3 Pin=U1_S3-7
Added Net: Name=C1_S3
Added Pin To Net: NetName=C2_S1 Pin=C93_S1-1
Added Pin To Net: NetName=C2_S1 Pin=U1_S1-2
Added Pin To Net: NetName=C2_S1 Pin=U1_S1-19
Added Net: Name=C2_S1
Added Pin To Net: NetName=C2_S2 Pin=C93_S2-1
Added Pin To Net: NetName=C2_S2 Pin=U1_S2-2
Added Pin To Net: NetName=C2_S2 Pin=U1_S2-19
Added Net: Name=C2_S2
Added Pin To Net: NetName=C2_S3 Pin=C93_S3-1
Added Pin To Net: NetName=C2_S3 Pin=U1_S3-2
Added Pin To Net: NetName=C2_S3 Pin=U1_S3-19
Added Net: Name=C2_S3
Added Pin To Net: NetName=C3_S1 Pin=C94_S1-1
Added Pin To Net: NetName=C3_S1 Pin=U1_S1-14
Added Pin To Net: NetName=C3_S1 Pin=U1_S1-17
Added Net: Name=C3_S1
Added Pin To Net: NetName=C3_S2 Pin=C94_S2-1
Added Pin To Net: NetName=C3_S2 Pin=U1_S2-14
Added Pin To Net: NetName=C3_S2 Pin=U1_S2-17
Added Net: Name=C3_S2
Added Pin To Net: NetName=C3_S3 Pin=C94_S3-1
Added Pin To Net: NetName=C3_S3 Pin=U1_S3-14
Added Pin To Net: NetName=C3_S3 Pin=U1_S3-17
Added Net: Name=C3_S3
Added Pin To Net: NetName=C4_S1 Pin=C95_S1-1
Added Pin To Net: NetName=C4_S1 Pin=U1_S1-12
Added Net: Name=C4_S1
Added Pin To Net: NetName=C4_S2 Pin=C95_S2-1
Added Pin To Net: NetName=C4_S2 Pin=U1_S2-12
Added Net: Name=C4_S2
Added Pin To Net: NetName=C4_S3 Pin=C95_S3-1
Added Pin To Net: NetName=C4_S3 Pin=U1_S3-12
Added Net: Name=C4_S3
Added Pin To Net: NetName=C17 Pin=DB1-29
Added Net: Name=C17
Added Pin To Net: NetName=D1_S1 Pin=U1_S1-8
Added Net: Name=D1_S1
Added Pin To Net: NetName=D1_S2 Pin=U1_S2-8
Added Net: Name=D1_S2
Added Pin To Net: NetName=D1_S3 Pin=U1_S3-8
Added Net: Name=D1_S3
Added Pin To Net: NetName=D2_S1 Pin=U1_S1-3
Added Net: Name=D2_S1
Added Pin To Net: NetName=D2_S2 Pin=U1_S2-3
Added Net: Name=D2_S2
Added Pin To Net: NetName=D2_S3 Pin=U1_S3-3
Added Net: Name=D2_S3
Added Pin To Net: NetName=D3_S1 Pin=U1_S1-18
Added Net: Name=D3_S1
Added Pin To Net: NetName=D3_S2 Pin=U1_S2-18
Added Net: Name=D3_S2
Added Pin To Net: NetName=D3_S3 Pin=U1_S3-18
Added Net: Name=D3_S3
Added Pin To Net: NetName=D4_S1 Pin=U1_S1-13
Added Net: Name=D4_S1
Added Pin To Net: NetName=D4_S2 Pin=U1_S2-13
Added Net: Name=D4_S2
Added Pin To Net: NetName=D4_S3 Pin=U1_S3-13
Added Net: Name=D4_S3
Added Class: Name=S1
Added Class: Name=S2
Added Class: Name=S3
Added Class: Name=ƒ£ƒ‚ø™πÿ
Added Room: Name=S1
Added Room: Name=S2
Added Room: Name=S3
Added Room: Name=µÁ≥ÿµÁ—πºÏ≤‚
